
Gurobi 7.0.1 (win64) logging started 02/03/18 13:33:14

Set parameter TimeLimit to value 3600
Set parameter Threads to value 4

Gurobi Optimizer version 7.0.1 build v7.0.1rc0 (win64)
Copyright (c) 2016, Gurobi Optimization, Inc.

Read LP format model from file waterstop_5_180114_2.lp
Reading time = 0.25 seconds
Objective: 39856 rows, 13992 columns, 214394 nonzeros
Optimize a model with 39856 rows, 13992 columns and 214394 nonzeros
Variable types: 90 continuous, 13902 integer (0 binary)
Coefficient statistics:
  Matrix range     [3e-01, 1e+02]
  Objective range  [1e+00, 1e+00]
  Bounds range     [1e+00, 1e+00]
  RHS range        [1e+00, 1e+02]
Presolve removed 15620 rows and 1546 columns
Presolve time: 1.15s
Presolved: 24236 rows, 12446 columns, 97256 nonzeros
Variable types: 56 continuous, 12390 integer (12390 binary)
Found heuristic solution: objective 777.7878788

Root relaxation: objective 0.000000e+00, 6843 iterations, 1.79 seconds
Total elapsed time = 5.30s
Total elapsed time = 10.42s

    Nodes    |    Current Node    |     Objective Bounds      |     Work
 Expl Unexpl |  Obj  Depth IntInf | Incumbent    BestBd   Gap | It/Node Time

     0     0    0.00000    0  172  777.78788    0.00000   100%     -   11s
H    0     0                     178.6363636    0.00000   100%     -   15s
     0     0    0.00000    0  219  178.63636    0.00000   100%     -   17s
     0     0    0.00000    0  225  178.63636    0.00000   100%     -   18s
     0     0    0.00000    0  249  178.63636    0.00000   100%     -   19s
     0     0    0.00000    0  234  178.63636    0.00000   100%     -   21s
     0     0    0.00000    0  106  178.63636    0.00000   100%     -   31s
     0     0    0.00000    0  116  178.63636    0.00000   100%     -   33s
     0     0    0.00000    0   82  178.63636    0.00000   100%     -   50s
     0     0    0.00000    0  116  178.63636    0.00000   100%     -   51s
     0     0    0.00000    0  102  178.63636    0.00000   100%     -   68s
     0     0    0.00000    0  141  178.63636    0.00000   100%     -   74s
H    0     0                     167.7878788    0.00000   100%     -   86s
     0     0    0.00000    0  119  167.78788    0.00000   100%     -   86s
H    0     0                     140.4848485    0.00000   100%     -   92s
H    0     0                     120.1818182    0.00000   100%     -   92s
     0     0    0.00000    0   86  120.18182    0.00000   100%     -  102s
     0     0    0.00000    0   86  120.18182    0.00000   100%     -  105s
     0     2    0.00000    0   86  120.18182    0.00000   100%     -  110s
     3     8    0.00000    2  124  120.18182    0.00000   100%  5019  116s
    27    28    0.00000    8  108  120.18182    0.00000   100%   944  121s
    40    41    0.00000   10  149  120.18182    0.00000   100%   844  127s
    62    63    0.00000   14  121  120.18182    0.00000   100%   808  139s
    74    76    0.00000   18  131  120.18182    0.00000   100%   779  142s
H  137   112                     119.5757576    0.00000   100%   623  142s
   138   139    0.00000   29   81  119.57576    0.00000   100%   624  148s
   206   210    0.00000   37  220  119.57576    0.00000   100%   656  155s
   305   304    0.00000   53  137  119.57576    0.00000   100%   622  161s
H  360   352                     115.4545455    0.00000   100%   648  161s
H  411   413                     111.0909091    0.00000   100%   592  168s
H  586   570                     110.3636364    0.00000   100%   495  182s
H  657   640                     108.2424242    0.00000   100%   480  182s
   658   633    0.00000   87  189  108.24242    0.00000   100%   480  190s
   768   719    0.00000  101  194  108.24242    0.00000   100%   492  200s
   938   881    0.00000  121  248  108.24242    0.00000   100%   462  227s
  1023   947    0.00000   95   86  108.24242    0.00000   100%   442  234s
  1025   948    0.00000   34   85  108.24242    0.00000   100%   441  254s
  1026   949    0.00000   93  125  108.24242    0.00000   100%   441  304s
  1027   950   12.76611  150  126  108.24242    0.00000   100%   441  305s
  1028   950    6.70117  113  198  108.24242    0.00000   100%   440  356s
  1030   952    0.00000   55  265  108.24242    0.00000   100%   439  407s
H 1031   904                      99.9090909    0.00000   100%   439  440s
H 1031   858                      98.7272727    0.00000   100%   439  440s
  1034   860    0.00000   32  199   98.72727    0.00000   100%   438  488s
H 1035   818                      97.7272727    0.00000   100%   437  526s
  1036   819    0.00000   51  222   97.72727    0.00000   100%   437  536s
H 1037   778                      72.9090909    0.00000   100%   436  574s
  1038   779   15.25735   22  209   72.90909    0.00000   100%   436  575s
H 1038   740                      72.3030303    0.00000   100%   436  576s
  1040   741    3.85479  135  237   72.30303    0.00000   100%   435  618s
H 1041   704                      72.3030299    0.00000   100%   435  654s
  1042   705    0.00000   32  257   72.30303    0.00000   100%   434  660s
  1043   705    0.00000   95  257   72.30303    0.00000   100%   434  694s
H 1043   670                      70.6060606    0.00000   100%   434  746s
  1045   675    0.00000   14  136   70.60606    0.00000   100%   779  833s
  1047   678    0.00000   15  139   70.60606    0.00000   100%   779  873s
  1051   681    0.00000   16  112   70.60606    0.00000   100%   784  892s
  1055   683    0.00000   16  499   70.60606    0.00000   100%   785  916s
  1059   686    0.00000   17   81   70.60606    0.00000   100%   789  924s
  1063   689    0.00000   17  344   70.60606    0.00000   100%   789  933s
  1067   691    0.00000   18  254   70.60606    0.00000   100%   793  943s
  1073   691    0.00000   18  226   70.60606    0.00000   100%   794  951s
  1077   696    0.00000   19  206   70.60606    0.00000   100%   794  959s
  1084   697    0.00000   20  196   70.60606    0.00000   100%   795  968s
  1091   706    0.00000   21  208   70.60606    0.00000   100%   801  980s
  1116   718    0.00000   23  219   70.60606    0.00000   100%   798 1008s
  1205   780    0.00000   29  125   70.60606    0.00000   100%   802 1051s
  1467   945    0.00000   54  109   70.60606    0.00000   100%   781 1076s
  1698  1060    1.00000   86  150   70.60606    0.00000   100%   728 1109s
  1933  1150     cutoff  144        70.60606    0.00000   100%   682 1124s
  2306  1294    8.27195   83  191   70.60606    0.00000   100%   598 1154s
  2383  1347   35.84443  129  161   70.60606    0.00000   100%   591 1180s
  2549  1422   21.43852  195  210   70.60606    0.00000   100%   573 1210s
  2648  1459   37.12510  201  182   70.60606    0.00000   100%   563 1225s
  2871  1510   13.93574   81  239   70.60606    0.00000   100%   534 1248s
H 3117  1627                      70.6060365    0.00000   100%   511 1248s
  3118  1645   10.06965   63  280   70.60604    0.00000   100%   511 1264s
  3473  1930   57.90358  150  200   70.60604    0.00000   100%   486 1279s
  3835  2260    0.00000   81  156   70.60604    0.00000   100%   457 1298s
  3980  2384    0.00000   64  146   70.60604    0.00000   100%   451 1314s
  4281  2623    0.87603   90  102   70.60604    0.00000   100%   445 1330s
  4774  2931    4.61264  151  149   70.60604    0.00000   100%   424 1347s
  5349  3379    6.88241  128  198   70.60604    0.00000   100%   392 1364s
  6182  4123   11.66171   99  147   70.60604    0.00000   100%   357 1379s
  6631  4497     cutoff  205        70.60604    0.00000   100%   345 1394s
  7192  4885   16.52880  113  171   70.60604    0.00000   100%   336 1412s
  7446  5034   26.38682   63  310   70.60604    0.00000   100%   332 1428s
H 8311  5753                      69.8181818    0.00000   100%   313 1445s
  8783  6112    0.00000   91  107   69.81818    0.00000   100%   309 1461s
  9463  6588   47.73384  127  101   69.81818    0.00000   100%   302 1478s
 10467  7411   14.27607  110  222   69.81818    0.00000   100%   285 1505s
 11042  7838    0.48737  126  151   69.81818    0.00000   100%   283 1523s
 11842  8476    5.93939  165  113   69.81818    0.00000   100%   277 1543s
 12462  8903   13.48374  147  183   69.81818    0.00000   100%   274 1560s
 13046  9363    5.12123  113  516   69.81818    0.00000   100%   269 1582s
 13328  9606   65.85539  174  134   69.81818    0.00000   100%   268 1612s
 13914 10083    2.69699  115  485   69.81818    0.00000   100%   263 1628s
 14431 10510   39.63024  105  213   69.81818    0.00000   100%   259 1645s
 15307 11218   50.14236  182  115   69.81818    0.00000   100%   254 1662s
 15582 11398    2.51350   81  378   69.81818    0.00000   100%   252 1678s
 16358 11954   26.23600  123  190   69.81818    0.00000   100%   250 1694s
 16821 12236   30.33333   96  188   69.81818    0.00000   100%   247 1722s
 17250 12529   24.37452  100  328   69.81818    0.00000   100%   247 1737s
 17925 13039    0.00000  106  125   69.81818    0.00000   100%   245 1753s
 18370 13397    0.00000  135  165   69.81818    0.00000   100%   244 1769s
 18581 13542    0.00000  160  165   69.81818    0.00000   100%   244 1785s
 19151 14043   50.51232  146  229   69.81818    0.00000   100%   242 1801s
 19656 14459    0.00000  109  102   69.81818    0.00000   100%   241 1837s
 19968 14742    6.17314  138  181   69.81818    0.00000   100%   242 1869s
 20393 15039    0.00000   95   91   69.81818    0.00000   100%   240 1885s
 21076 15625    1.46702   82   86   69.81818    0.00000   100%   239 2305s
 21078 15626    7.88305   49  137   69.81818    0.00000   100%   239 2321s
H21078 14844                      68.6060606    0.00000   100%   239 2380s
 21081 14846   34.65237  190  267   68.60606    0.00000   100%   239 2434s
 21082 14847   30.53566  154  245   68.60606    0.00000   100%   239 2436s
 21083 14848   59.27744  107  307   68.60606    0.00000   100%   239 2483s
 21084 14848    7.23232   91  297   68.60606    0.00000   100%   239 2485s
 21085 14849    4.62626   89  311   68.60606    0.00000   100%   239 2523s
 21086 14850   41.58610  191  309   68.60606    0.00000   100%   239 2526s
 21087 14850   26.44107  166  285   68.60606    0.00000   100%   239 2569s
 21088 14851   54.39896  160  312   68.60606    0.00000   100%   239 2572s
 21089 14852    0.00000   77  291   68.60606    0.00000   100%   239 2610s
 21091 14853   12.19351  138  263   68.60606    0.00000   100%   239 2648s
 21092 14854   41.75689  113  227   68.60606    0.00000   100%   239 2650s
 21093 14854    0.00000  106  254   68.60606    0.00000   100%   239 2688s
 21095 14856   13.29188   61  219   68.60606    0.00000   100%   239 2724s
 21096 14856    1.46702   82  224   68.60606    0.00000   100%   239 2725s
 21097 14857   56.42940  263  226   68.60606    0.00000   100%   239 2761s
 21098 14858    7.88305   49  226   68.60606    0.00000   100%   239 2791s
 21099 14858    0.91026  167  226   68.60606    0.00000   100%   239 2808s
 21100 14862    0.00000   26  177   68.60606    0.00000   100%   255 2888s
 21102 14865    0.00000   27  191   68.60606    0.00000   100%   255 2911s
 21106 14868    0.00000   28  168   68.60606    0.00000   100%   255 2922s
 21110 14871    0.00000   28  147   68.60606    0.00000   100%   255 2933s
 21114 14873    0.00000   29  143   68.60606    0.00000   100%   255 2943s
 21118 14876    0.00000   29  180   68.60606    0.00000   100%   255 2964s
 21122 14880    0.00000   30   89   68.60606    0.00000   100%   255 2982s
 21127 14880    0.00000   31  133   68.60606    0.00000   100%   256 2998s
 21131 14881    0.00000   31  467   68.60606    0.00000   100%   256 3018s
 21135 14883    0.00000   32   93   68.60606    0.00000   100%   256 3027s
 21140 14884    0.00000   33   90   68.60606    0.00000   100%   256 3034s
 21145 14890    0.00000   34  143   68.60606    0.00000   100%   256 3059s
 21168 14903    0.00000   39   88   68.60606    0.00000   100%   257 3095s
 21234 14948   15.22727   52   78   68.60606    0.00000   100%   258 3140s
 21378 15021    0.00000   74  118   68.60606    0.00000   100%   260 3178s
 21513 15086    0.00000  106   80   68.60606    0.00000   100%   261 3218s
H21634 14360                      67.6969697    0.00000   100%   261 3218s
 21635 14362 infeasible  153        67.69697    0.00000   100%   261 3259s
 21795 14403    0.00000   93   78   67.69697    0.00000   100%   261 3329s
 21924 14458    0.00000   95   94   67.69697    0.00000   100%   260 3383s
H22082 13763                      66.7575758    0.00000   100%   259 3383s
 22170 13837   30.60606  111   84   66.75758    0.00000   100%   260 3418s
 22479 13994 infeasible  253        66.75758    0.00000   100%   259 3438s
 22910 14185   18.87654  151   85   66.75758    0.00000   100%   258 3456s
 23289 14300   12.64167  109   58   66.75758    0.00000   100%   256 3482s
 23640 14281    0.69697   95   92   66.75758    0.00000   100%   255 3542s
 23890 14339    0.69697  230   92   66.75758    0.00000   100%   254 3569s
 24330 14524   24.54545  151   76   66.75758    0.00000   100%   251 3594s
 24781 14682   27.15152  134   45   66.75758    0.00000   100%   249 3600s

Cutting planes:
  Implied bound: 2
  Flow cover: 3
  Zero half: 16

Explored 24884 nodes (6367357 simplex iterations) in 3600.06 seconds
Thread count was 4 (of 20 available processors)

Solution count 10: 66.7576 67.697 68.6061 ... 97.7273
Pool objective bound 0

Time limit reached
Best objective 6.675757575758e+01, best bound 0.000000000000e+00, gap 100.0000%

Wrote result file 'waterstop_5_180114_2.sol'

