This is pTeXk, Version 3.1415926-p3.1.11 (utf8.sjis) (Web2C 2010/pretest) (format=platex 2010.5.24)  10 FEB 2012 22:05
 restricted \write18 enabled.
 %&-line parsing enabled.
**卒論.tex
(./卒論.tex
pLaTeX2e <2006/11/10>+0 (based on LaTeX2e <2009/09/24> patch level 0)
Babel <v3.8l> and hyphenation patterns for english, usenglishmax, ukenglish, ba
sque, bulgarian, coptic, welsh, czech, slovak, german, ngerman, danish, esperan
to, spanish, catalan, galician, estonian, farsi, finnish, french, irish, greek,
 monogreek, ancientgreek, croatian, hungarian, interlingua, ibycus, bahasa, ice
landic, italian, latin, mongolian, dutch, norsk, polish, portuguese, pinyin, ro
manian, russian, slovenian, samin, uppersorbian, serbian, swedish, turkish, ukr
ainian, dumylang, nohyphenation, loaded.
(c:/w32tex/share/texmf/tex/platex/base/jreport.cls
Document Class: jreport 2006/06/27 v1.6 Standard pLaTeX class
\c@@paper=\count81
(c:/w32tex/share/texmf/tex/platex/base/jsize12.clo
File: jsize12.clo 2006/06/27 v1.6 Standard pLaTeX file (size option)
)
\c@part=\count82
\c@chapter=\count83
\c@section=\count84
\c@subsection=\count85
\c@subsubsection=\count86
\c@paragraph=\count87
\c@subparagraph=\count88
\c@figure=\count89
\c@table=\count90
\abovecaptionskip=\skip41
\belowcaptionskip=\skip42
\symmincho=\mathgroup4
LaTeX Font Info:    Overwriting symbol font `mincho' in version `bold'
(Font)                  JY1/mc/m/n --> JY1/gt/m/n on input line 677.
\toclineskip=\dimen118
\@lnumwidth=\dimen119
\bibindent=\dimen120
\heisei=\count91
) (./graduatethesis.sty
(./mikibase.sty (c:/w32tex/share/texmf/tex/latex/tools/multicol.sty
Package: multicol 2008/12/05 v1.6h multicolumn formatting (FMi)
\c@tracingmulticols=\count92
\mult@box=\box41
\multicol@leftmargin=\dimen121
\c@unbalance=\count93
\c@collectmore=\count94
\doublecol@number=\count95
\multicoltolerance=\count96
\multicolpretolerance=\count97
\full@width=\dimen122
\page@free=\dimen123
\premulticols=\dimen124
\postmulticols=\dimen125
\multicolsep=\skip43
\multicolbaselineskip=\skip44
\partial@page=\box42
\last@line=\box43
\mult@rightbox=\box44
\mult@grightbox=\box45
\mult@gfirstbox=\box46
\mult@firstbox=\box47
\@tempa=\box48
\@tempa=\box49
\@tempa=\box50
\@tempa=\box51
\@tempa=\box52
\@tempa=\box53
\@tempa=\box54
\@tempa=\box55
\@tempa=\box56
\@tempa=\box57
\@tempa=\box58
\@tempa=\box59
\@tempa=\box60
\@tempa=\box61
\@tempa=\box62
\@tempa=\box63
\@tempa=\box64
\c@columnbadness=\count98
\c@finalcolumnbadness=\count99
\last@try=\dimen126
\multicolovershoot=\dimen127
\multicolundershoot=\dimen128
\mult@nat@firstbox=\box65
\colbreak@box=\box66
)
(c:/w32tex/share/texmf/tex/latex/dvips/epsf.sty
(c:/w32tex/share/texmf/tex/plain/dvips/epsf.tex
This is `epsf.tex' v2.7.3 <23 July 2005>
\epsffilein=\read1
\epsfframemargin=\dimen129
\epsfframethickness=\dimen130
\epsfrsize=\dimen131
\epsftmp=\dimen132
\epsftsize=\dimen133
\epsfxsize=\dimen134
\epsfysize=\dimen135
\pspoints=\dimen136
)) (c:/w32tex/share/texmf/tex/latex/graphics/graphics.sty
Package: graphics 2009/02/05 v1.0o Standard LaTeX Graphics (DPC,SPQR)

(c:/w32tex/share/texmf/tex/latex/graphics/trig.sty
Package: trig 1999/03/16 v1.09 sin cos tan (DPC)
)
(c:/w32tex/share/texmf/tex/latex/config/graphics.cfg)
Package graphics Info: Driver file: dvips.def on input line 91.

(c:/w32tex/share/texmf/tex/latex/graphics/dvips.def
File: dvips.def 1999/02/16 v3.0i Driver-dependant file (DPC,SPQR)
))
(c:/w32tex/share/texmf/tex/latex/misc/boxedminipage.sty)
(c:/w32tex/share/texmf/tex/latex/graphics/epsfig.sty
Package: epsfig 1999/02/16 v1.7a (e)psfig emulation (SPQR)

(c:/w32tex/share/texmf/tex/latex/graphics/graphicx.sty
Package: graphicx 1999/02/16 v1.0f Enhanced LaTeX Graphics (DPC,SPQR)

(c:/w32tex/share/texmf/tex/latex/graphics/keyval.sty
Package: keyval 1999/03/16 v1.13 key=value parser (DPC)
\KV@toks@=\toks15
)
\Gin@req@height=\dimen137
\Gin@req@width=\dimen138
)
\epsfxsize=\dimen139
\epsfysize=\dimen140
)
(c:/w32tex/share/texmf/tex/latex/amslatex/amsmath.sty
Package: amsmath 2000/07/18 v2.13 AMS math features
\@mathmargin=\skip45

For additional information on amsmath, use the `?' option.
(c:/w32tex/share/texmf/tex/latex/amslatex/amstext.sty
Package: amstext 2000/06/29 v2.01

(c:/w32tex/share/texmf/tex/latex/amslatex/amsgen.sty
File: amsgen.sty 1999/11/30 v2.0
\@emptytoks=\toks16
\ex@=\dimen141
))
(c:/w32tex/share/texmf/tex/latex/amslatex/amsbsy.sty
Package: amsbsy 1999/11/29 v1.2d
\pmbraise@=\dimen142
)
(c:/w32tex/share/texmf/tex/latex/amslatex/amsopn.sty
Package: amsopn 1999/12/14 v2.01 operator names
)
\inf@bad=\count100
LaTeX Info: Redefining \frac on input line 211.
\uproot@=\count101
\leftroot@=\count102
LaTeX Info: Redefining \overline on input line 307.
\classnum@=\count103
\DOTSCASE@=\count104
LaTeX Info: Redefining \ldots on input line 379.
LaTeX Info: Redefining \dots on input line 382.
LaTeX Info: Redefining \cdots on input line 467.
\Mathstrutbox@=\box67
\strutbox@=\box68
\big@size=\dimen143
LaTeX Font Info:    Redeclaring font encoding OML on input line 567.
LaTeX Font Info:    Redeclaring font encoding OMS on input line 568.
\macc@depth=\count105
\c@MaxMatrixCols=\count106
\dotsspace@=\muskip10
\c@parentequation=\count107
\dspbrk@lvl=\count108
\tag@help=\toks17
\row@=\count109
\column@=\count110
\maxfields@=\count111
\andhelp@=\toks18
\eqnshift@=\dimen144
\alignsep@=\dimen145
\tagshift@=\dimen146
\tagwidth@=\dimen147
\totwidth@=\dimen148
\lineht@=\dimen149
\@envbody=\toks19
\multlinegap=\skip46
\multlinetaggap=\skip47
\mathdisplay@stack=\toks20
LaTeX Info: Redefining \[ on input line 2666.
LaTeX Info: Redefining \] on input line 2667.
)
(c:/w32tex/share/texmf/tex/latex/amsfonts/amssymb.sty
Package: amssymb 2009/06/22 v3.00

(c:/w32tex/share/texmf/tex/latex/amsfonts/amsfonts.sty
Package: amsfonts 2009/06/22 v3.00 Basic AMSFonts support
\symAMSa=\mathgroup5
\symAMSb=\mathgroup6
LaTeX Font Info:    Overwriting math alphabet `\mathfrak' in version `bold'
(Font)                  U/euf/m/n --> U/euf/b/n on input line 96.
))
(c:/w32tex/share/texmf/tex/platex/base/ascmac.sty
(c:/w32tex/share/texmf/tex/platex/base/tascmac.sty
\@savetbaselineshift=\dimen150
\@saveybaselineshift=\dimen151
\scb@x=\box69
\scscb@x=\box70
\@bw=\dimen152
\@nbox=\box71
\@nbody=\box72
\@scw=\dimen153
\@itemh=\dimen154
\@iboxpos=\toks21
\@iboxstr=\box73
\@bwsp=\box74
\@@bwsp=\box75
\@bcal=\count112
\shaderule=\dimen155
))
(c:/w32tex/share/texmf/tex/latex/tools/enumerate.sty
Package: enumerate 1999/03/05 v3.00 enumerate extensions (DPC)
\@enLab=\toks22
) (./url.sty
\Urlmuskip=\muskip11
Package: url 1999/03/28  ver 1.5x  Verb mode for urls, etc.
))
(./subfigure.sty
Package: subfigure 1995/03/06 v2.0 subfigure package

Package: subfigure 1995/03/06 v2.0
\c@subfigure=\count113
\c@lofdepth=\count114
\c@subtable=\count115
\c@lotdepth=\count116
)

LaTeX Warning: You have requested package `graduatethesis',
               but the package provides `overcite'.

Package: overcite 1999/04/23  v 3.8
) (./listings.sty
Package: listings 2003/06/21 1.1 (Carsten Heinz)
\lst@mode=\count117
\lst@gtempboxa=\box76
\lst@token=\toks23
\lst@length=\count118
\lst@currlwidth=\dimen156
\lst@column=\count119
\lst@pos=\count120
\lst@lostspace=\dimen157
\lst@width=\dimen158
\lst@newlines=\count121
\lst@lineno=\count122
\c@lstlisting=\count123
\lst@maxwidth=\dimen159
 (./lstpatch.sty
File: lstpatch.sty 2003/08/13 1.1c (Carsten Heinz)
) (./lstmisc.sty
File: lstmisc.sty 2003/06/21 1.1 (Carsten Heinz)
\c@lstnumber=\count124
\lst@skipnumbers=\count125
\lst@framebox=\box77
) (./listings.cfg
File: listings.cfg 2003/08/13 1.1a listings configuration
))
(./jlisting.sty
Package: jlisting 2006/02/20 0.2 (Thor)
\lst@nextchar=\count126
\lst@inputfile=\read2
) (c:/w32tex/share/texmf/tex/latex/psnfss/pifont.sty
Package: pifont 2005/04/12 PSNFSS-v9.2a Pi font support (SPQR) 

(I search kanjifont definition file: . . ) (I search font definition file: . .
. . . . . )
LaTeX Font Info:    Try loading font information for U+pzd on input line 63.
 (c:/w32tex/share/texmf/tex/latex/psnfss/upzd.fd
File: upzd.fd 2001/06/04 font definitions for U/pzd.
)
(I search kanjifont definition file: . . ) (I search font definition file: . .
. . . . . )
LaTeX Font Info:    Try loading font information for U+psy on input line 64.
 (c:/w32tex/share/texmf/tex/latex/psnfss/upsy.fd
File: upsy.fd 2001/06/04 font definitions for U/psy.
)) (./cite.sty
LaTeX Info: Redefining \citen on input line 81.
LaTeX Info: Redefining \cite on input line 302.
LaTeX Info: Redefining \nocite on input line 373.
Package: cite 2010/09/10  v 5.3
)

LaTeX Warning: Unused global option(s):
    [showkeys].

(./卒論.aux

LaTeX Warning: Label `fig:fuusya2' multiply defined.


LaTeX Warning: Label `fig:fuusya2' multiply defined.


LaTeX Warning: Label `fig:one' multiply defined.


LaTeX Warning: Label `fig:two' multiply defined.


LaTeX Warning: Label `fig:henka' multiply defined.

)
\openout1 = `卒論.aux'.

LaTeX Font Info:    Checking defaults for OML/cmm/m/it on input line 17.
LaTeX Font Info:    ... okay on input line 17.
LaTeX Font Info:    Checking defaults for T1/cmr/m/n on input line 17.
LaTeX Font Info:    ... okay on input line 17.
LaTeX Font Info:    Checking defaults for OT1/cmr/m/n on input line 17.
LaTeX Font Info:    ... okay on input line 17.
LaTeX Font Info:    Checking defaults for OMS/cmsy/m/n on input line 17.
LaTeX Font Info:    ... okay on input line 17.
LaTeX Font Info:    Checking defaults for OMX/cmex/m/n on input line 17.
LaTeX Font Info:    ... okay on input line 17.
LaTeX Font Info:    Checking defaults for U/cmr/m/n on input line 17.
LaTeX Font Info:    ... okay on input line 17.
LaTeX Font Info:    Checking defaults for JY1/mc/m/n on input line 17.
LaTeX Font Info:    ... okay on input line 17.
LaTeX Font Info:    Checking defaults for JT1/mc/m/n on input line 17.
LaTeX Font Info:    ... okay on input line 17.
LaTeX Font Info:    Try loading font information for U+msa on input line 18.
 (c:/w32tex/share/texmf/tex/latex/amsfonts/umsa.fd
File: umsa.fd 2009/06/22 v3.00 AMS symbols A
)
LaTeX Font Info:    Try loading font information for U+msb on input line 18.

(c:/w32tex/share/texmf/tex/latex/amsfonts/umsb.fd
File: umsb.fd 2009/06/22 v3.00 AMS symbols B
) [1

]
LaTeX Font Info:    Font shape `JT1/mc/bx/n' in size <20.74> not available
(Font)              Font shape `JT1/gt/m/n' tried instead on input line 22.
LaTeX Font Info:    Font shape `JY1/mc/bx/n' in size <20.74> not available
(Font)              Font shape `JY1/gt/m/n' tried instead on input line 22.
 (./卒論.toc
LaTeX Font Info:    Font shape `JT1/mc/bx/n' in size <12> not available
(Font)              Font shape `JT1/gt/m/n' tried instead on input line 1.
LaTeX Font Info:    Font shape `JY1/mc/bx/n' in size <12> not available
(Font)              Font shape `JY1/gt/m/n' tried instead on input line 1.
)
\tf@toc=\write3
\openout3 = `卒論.toc'.

 [1]
[1]
LaTeX Font Info:    Font shape `JT1/mc/bx/n' in size <14.4> not available
(Font)              Font shape `JT1/gt/m/n' tried instead on input line 50.
LaTeX Font Info:    Font shape `JY1/mc/bx/n' in size <14.4> not available
(Font)              Font shape `JY1/gt/m/n' tried instead on input line 50.
LaTeX Font Info:    Try loading font information for OMS+cmr on input line 71.
 (c:/w32tex/share/texmf/tex/latex/base/omscmr.fd
File: omscmr.fd 1999/05/25 v2.5h Standard LaTeX font definitions
)
LaTeX Font Info:    Font shape `OMS/cmr/m/n' in size <12> not available
(Font)              Font shape `OMS/cmsy/m/n' tried instead on input line 71.
 [2]
File: fuusya1.eps Graphic file (type eps)
 <fuusya1.eps>
File: fuusya2.eps Graphic file (type eps)

<fuusya2.eps>

LaTeX Warning: `h' float specifier changed to `ht'.

[3]
File: fuusya3.eps Graphic file (type eps)
 <fuusya3.eps> [4]
File: seigyo1.eps Graphic file (type eps)
 <seigyo1.eps> [5]
File: seigyo2.eps Graphic file (type eps)
 <seigyo2.eps> [6] [7]
File: namari1.eps Graphic file (type eps)
 <namari1.eps>
File: namari2.eps Graphic file (type eps)

<namari2.eps>
Overfull \hbox (2.61108pt too wide) in paragraph at lines 293--307
[]$[]$ $[]$ 
 []

File: nas1.eps Graphic file (type eps)
<nas1.eps>
File: nas2.eps Graphic file (type eps)
 <nas2.eps>
Overfull \hbox (2.61108pt too wide) in paragraph at lines 333--347
[]$[]$ $[]$ 
 []


LaTeX Warning: `h' float specifier changed to `ht'.

[8]

LaTeX Font Warning: Font shape `JT1/mc/m/it' undefined
(Font)              using `JT1/mc/m/n' instead on input line 374.


LaTeX Font Warning: Font shape `JY1/mc/m/it' undefined
(Font)              using `JY1/mc/m/n' instead on input line 374.

[9]
File: yosoku.eps Graphic file (type eps)
 <yosoku.eps> [10]
File: sekai.eps Graphic file (type eps)
 <sekai.eps> [11] [12] [13] [14]
File: tree.eps Graphic file (type eps)
 <tree.eps>
File: kakuritsu1.eps Graphic file (type eps)

<kakuritsu1.eps>
Overfull \hbox (7.10881pt too wide) in paragraph at lines 546--547
 [] 
 []

File: kakuritsu2.eps Graphic file (type eps)
<kakuritsu2.eps>
Overfull \hbox (2.61108pt too wide) in paragraph at lines 544--558
[]$[]$ $[]$ 
 []


LaTeX Warning: `h' float specifier changed to `ht'.

[15]
File: henka.eps Graphic file (type eps)
 <henka.eps> [16]
File: WBG.eps Graphic file (type eps)
 <WBG.eps>

LaTeX Warning: `h' float specifier changed to `ht'.

[17] [18] [19]
File: henka.eps Graphic file (type eps)
 <henka.eps>
File: loss.eps Graphic file (type eps)
 <loss.eps>

LaTeX Warning: `h' float specifier changed to `ht'.

[20] [21] [22] [23]

LaTeX Warning: No positions in optional float specifier.
               Default added (so using `tbp') on input line 977.

File: stdout_C2_T3_data_m.eps Graphic file (type eps)
<stdout_C2_T3_data_m.eps>
Overfull \hbox (49.797pt too wide) in paragraph at lines 980--981
 [] 
 []

File: stdout_C2_T4_data_m.eps Graphic file (type eps)
<stdout_C2_T4_data_m.eps>
Overfull \hbox (49.797pt too wide) in paragraph at lines 987--988
 [] 
 []


Overfull \hbox (2.61108pt too wide) in paragraph at lines 978--992
[]$[]$ $[]$ 
 []


LaTeX Warning: No positions in optional float specifier.
               Default added (so using `tbp') on input line 994.

File: stdout_C2_T5_data_m.eps Graphic file (type eps)
<stdout_C2_T5_data_m.eps>
Overfull \hbox (49.797pt too wide) in paragraph at lines 997--998
 [] 
 []

File: stdout_C2_T6_data_m.eps Graphic file (type eps)
<stdout_C2_T6_data_m.eps>
Overfull \hbox (49.797pt too wide) in paragraph at lines 1004--1005
 [] 
 []


Overfull \hbox (2.61108pt too wide) in paragraph at lines 995--1009
[]$[]$ $[]$ 
 []


LaTeX Warning: No positions in optional float specifier.
               Default added (so using `tbp') on input line 1011.

File: stdout_C3_T3_data_m.eps Graphic file (type eps)
<stdout_C3_T3_data_m.eps>
Overfull \hbox (49.797pt too wide) in paragraph at lines 1014--1015
 [] 
 []

File: stdout_C3_T4_data_m.eps Graphic file (type eps)
<stdout_C3_T4_data_m.eps>
Overfull \hbox (49.797pt too wide) in paragraph at lines 1021--1022
 [] 
 []


Overfull \hbox (2.61108pt too wide) in paragraph at lines 1012--1026
[]$[]$ $[]$ 
 []


LaTeX Warning: No positions in optional float specifier.
               Default added (so using `tbp') on input line 1028.

File: stdout_C4_T3_data_m.eps Graphic file (type eps)
<stdout_C4_T3_data_m.eps>
Overfull \hbox (49.797pt too wide) in paragraph at lines 1031--1032
 [] 
 []

File: stdout_C4_T4_data_m.eps Graphic file (type eps)
<stdout_C4_T4_data_m.eps>
Overfull \hbox (49.797pt too wide) in paragraph at lines 1038--1039
 [] 
 []


Overfull \hbox (2.61108pt too wide) in paragraph at lines 1029--1043
[]$[]$ $[]$ 
 []

[24] [25] [26]

LaTeX Warning: No positions in optional float specifier.
               Default added (so using `tbp') on input line 1046.

[27] [28] [29]
Underfull \hbox (badness 10000) in paragraph at lines 1199--1200
[]\OT1/cmr/m/n/12 http://www.meidensha.co.jp/pages/tech/tech01/review-200903/ar
ticle-200903-
 []

[30] [31] (./卒論.aux)

LaTeX Font Warning: Some font shapes were not available, defaults substituted.


LaTeX Warning: There were multiply-defined labels.

 ) 
Here is how much of TeX's memory you used:
 3325 strings out of 494455
 41670 string characters out of 3174116
 103645 words of memory out of 1500000
 6577 multiletter control sequences out of 15000+200000
 19624 words of font info for 78 fonts, out of 3000000 for 9000
 678 hyphenation exceptions out of 8191
 44i,8n,42p,274b,600s stack positions out of 3000i,500n,5000p,500000b,5000s

Output written on 卒論.dvi (33 pages, 104380 bytes).
