
Gurobi 7.0.1 (win64) logging started 02/08/17 21:17:26

Set parameter TimeLimit to value 86400
Set parameter Threads to value 4

Gurobi Optimizer version 7.0.1 build v7.0.1rc0 (win64)
Copyright (c) 2016, Gurobi Optimization, Inc.

Read LP format model from file 60_without_pump_speed80.lp
Reading time = 0.34 seconds
Objective: 52020 rows, 18234 columns, 191100 nonzeros
Optimize a model with 52020 rows, 18234 columns and 191100 nonzeros
Variable types: 90 continuous, 18144 integer (0 binary)
Coefficient statistics:
  Matrix range     [2e-01, 5e+02]
  Objective range  [1e+00, 1e+00]
  Bounds range     [1e+00, 1e+00]
  RHS range        [1e+00, 5e+02]
Presolve removed 24822 rows and 4218 columns
Presolve time: 2.08s
Presolved: 27198 rows, 14016 columns, 108948 nonzeros
Variable types: 48 continuous, 13968 integer (13968 binary)

Root relaxation: objective 0.000000e+00, 3990 iterations, 1.50 seconds
Total elapsed time = 5.26s

    Nodes    |    Current Node    |     Objective Bounds      |     Work
 Expl Unexpl |  Obj  Depth IntInf | Incumbent    BestBd   Gap | It/Node Time

     0     0    0.00000    0   58          -    0.00000      -     -    6s
H    0     0                     184.8205128    0.00000   100%     -    7s
H    0     0                     110.2051282    0.00000   100%     -    7s
H    0     0                      87.7435897    0.00000   100%     -    7s
     0     0    0.00000    0  100   87.74359    0.00000   100%     -    8s
     0     0    0.00000    0   95   87.74359    0.00000   100%     -   10s
     0     0    0.00000    0  115   87.74359    0.00000   100%     -   11s
H    0     0                      74.9743590    0.00000   100%     -   13s
     0     0    0.00000    0  119   74.97436    0.00000   100%     -   13s
     0     0    0.00000    0   44   74.97436    0.00000   100%     -   18s
H    0     0                      73.8974359    0.00000   100%     -   19s
     0     0    0.00000    0   43   73.89744    0.00000   100%     -   19s
     0     0    0.00000    0   67   73.89744    0.00000   100%     -   22s
H    0     0                      70.4102564    0.00000   100%     -   24s
     0     0    0.00000    0   70   70.41026    0.00000   100%     -   24s
     0     0    0.00000    0   57   70.41026    0.00000   100%     -   31s
     0     0    0.00000    0  103   70.41026    0.00000   100%     -   32s
H    0     0                      51.2820513    0.00000   100%     -   39s
     0     0    0.00000    0   52   51.28205    0.00000   100%     -   39s
     0     0    0.00000    0   52   51.28205    0.00000   100%     -   39s
H    0     0                      45.9487179    0.00000   100%     -   43s
     0     2    0.00000    0   52   45.94872    0.00000   100%     -   44s
     3     8    0.00000    2   46   45.94872    0.00000   100%   674   45s
H   27    28                      40.4871795    0.00000   100%   616   49s
    36    35    0.00000    9   76   40.48718    0.00000   100%   559   50s
    87    89    0.00000   17   73   40.48718    0.00000   100%   546   55s
   132   124    3.87179   26   92   40.48718    0.00000   100%   626   60s
   218   210   11.88464   39   82   40.48718    0.00000   100%   592   66s
H  255   236                      33.8717949    0.00000   100%   548   66s
   347   298   31.33333   64   71   33.87179    0.00000   100%   512   74s
H  376   293                      29.9230769    0.00000   100%   533   74s
H  421   268                      26.3076923    0.00000   100%   491   76s
H  493   290                      26.2820513    0.00000   100%   472   79s
   525   307    6.07692    4   86   26.28205    0.00000   100%   483   88s
   553   326    8.71795   24   85   26.28205    0.00000   100%   489   91s
   618   372    9.80769   41  102   26.28205    0.00000   100%   478   95s
   663   398    9.92308   53   85   26.28205    0.00000   100%   480  100s
H  700   402                      25.4358974    0.00000   100%   467  100s
   832   508    0.00000    4   81   25.43590    0.00000   100%   447  106s
   884   547    0.00000   19   73   25.43590    0.00000   100%   477  115s
H  898   544                      23.7948718    0.00000   100%   478  115s
   911   550    3.88854   33   90   23.79487    0.00000   100%   483  120s
   997   608    5.94896   65   95   23.79487    0.00000   100%   492  125s
  1131   709   19.79109  144   52   23.79487    0.00000   100%   464  142s
  1133   710    8.48718   84   53   23.79487    0.00000   100%   463  148s
  1134   711   19.72150  143   52   23.79487    0.00000   100%   463  157s
  1135   712   23.34527  129   88   23.79487    0.00000   100%   462  160s
  1136   712    8.48718   22   65   23.79487    0.00000   100%   462  168s
  1137   713    0.00000    6  161   23.79487    0.00000   100%   461  172s
  1138   714    8.79777   41   64   23.79487    0.00000   100%   461  178s
  1139   714    5.94896   74  151   23.79487    0.00000   100%   460  181s
  1140   715   16.48718   51   78   23.79487    3.13228  86.8%   460  188s
  1141   716   20.16524   94  157   23.79487    5.00000  79.0%   460  191s
  1142   716   23.34962  127   65   23.79487    5.00000  79.0%   459  198s
  1143   717    8.48718   17  117   23.79487    5.00000  79.0%   459  200s
  1144   718   20.11695   90   90   23.79487    5.00000  79.0%   458  207s
  1146   719    7.00000   27   71   23.79487    5.00000  79.0%   458  216s
  1148   720   17.51841   52   98   23.79487    5.00000  79.0%   457  227s
  1150   722   14.01985  113   61   23.79487    5.00000  79.0%   456  234s
  1151   722   19.79109  144  128   23.79487    5.00000  79.0%   456  236s
  1152   723   21.87919   96   62   23.79487    5.00000  79.0%   455  240s
  1157   727    5.00000    6   60   23.79487    5.00000  79.0%   614  247s
  1158   728    8.79777   41   67   23.79487    5.00000  79.0%   614  258s
  1159   729    5.94896   74  130   23.79487    5.00000  79.0%   613  260s
  1160   729   16.48718   51   54   23.79487    5.00000  79.0%   613  266s
  1162   731   23.34962  127   66   23.79487    5.00000  79.0%   611  273s
  1163   731    8.48718   17  141   23.79487    5.00000  79.0%   611  276s
  1164   732   20.11695   90   80   23.79487    5.00000  79.0%   610  284s
  1165   733   10.37141   87  112   23.79487    5.00000  79.0%   610  286s
  1166   733    7.00000   27   57   23.79487    5.00000  79.0%   609  292s
  1167   734   13.21980   52  147   23.79487    5.00000  79.0%   609  295s
H 1167   697                      23.7948717    5.00000  79.0%   609  302s
  1170   699   14.01985  113   76   23.79487    5.00000  79.0%   607  329s
  1171   700   19.79109  144   95   23.79487    5.00000  79.0%   607  330s
  1172   700   21.87919   96   78   23.79487    5.00000  79.0%   606  339s
  1173   701    8.48718   84  100   23.79487    5.00000  79.0%   606  340s
  1174   702   19.72150  143   78   23.79487    5.00000  79.0%   605  349s
  1175   702   23.34527  129  148   23.79487    5.00000  79.0%   605  351s
  1176   703    8.48718   22  101   23.79487    5.00000  79.0%   604  359s
  1177   704    5.00000    6  101   23.79487    5.00000  79.0%   604  360s
  1178   704    8.79777   41  101   23.79487    5.00000  79.0%   603  365s
  1179   708    5.00000   27  112   23.79487    5.00000  79.0%   784  371s
  1181   709    5.00000   28  120   23.79487    5.00000  79.0%   784  376s
  1185   711    5.03788   29  165   23.79487    5.03788  78.8%   785  387s
  1193   710    5.06017   30  139   23.79487    5.06017  78.7%   783  395s
  1201   713    6.00000   31  127   23.79487    6.00000  74.8%   786  404s
  1206   713   11.94678   31  149   23.79487    6.00000  74.8%   787  409s
  1211   713    6.01792   32  142   23.79487    6.00000  74.8%   787  414s
  1215   715   12.25641   32   88   23.79487    6.09088  74.4%   787  417s
  1221   713    6.21685   33  127   23.79487    6.09088  74.4%   788  420s
  1233   717    6.21685   34  116   23.79487    6.21685  73.9%   787  425s
  1246   722    6.27435   35  119   23.79487    6.27435  73.6%   792  432s
  1254   723    6.30146   36  114   23.79487    6.30146  73.5%   794  435s
  1267   721    6.30146   37  133   23.79487    6.30146  73.5%   800  441s
  1278   724   21.00965   37  117   23.79487    6.30146  73.5%   804  445s
  1296   724    6.30146   39  125   23.79487    6.30146  73.5%   804  452s
  1305   728   13.14138   39   80   23.79487    6.30146  73.5%   804  473s
H 1307   693                      23.6153846    6.30146  73.3%   803  473s
  1309   691    6.30146   40  115   23.61538    6.30146  73.3%   802  476s
  1339   693   13.14138   42  111   23.61538    6.50000  72.5%   794  482s
  1352   701    7.53846   43  125   23.61538    6.50000  72.5%   793  487s
  1370   703   14.57104   43   87   23.61538    7.55956  68.0%   789  490s
  1408   706   10.53846   47  108   23.61538   10.53846  55.4%   789  498s
  1425   720   14.52991   48  121   23.61538   10.54615  55.3%   790  501s
  1454   719   10.54673   50   84   23.61538   10.54673  55.3%   784  505s
  1517   713   11.74359   54   47   23.61538   11.02564  53.3%   773  513s
  1556   713   12.94872   57   51   23.61538   11.02564  53.3%   770  517s
  1581   716   12.94872   60   69   23.61538   11.02564  53.3%   770  520s
  1611   714   12.94872   63   72   23.61538   11.02564  53.3%   764  525s
  1644   713   18.51881   67   93   23.61538   11.02564  53.3%   763  531s
  1669   716   13.43056   70   75   23.61538   11.02564  53.3%   764  535s
  1692   715   13.38508   74   97   23.61538   11.02564  53.3%   764  540s
  1740   713   13.50369   81   60   23.61538   11.02564  53.3%   758  546s
  1778   717   13.59704   84   60   23.61538   11.02564  53.3%   757  552s
  1808   718   11.74359   54   57   23.61538   11.02564  53.3%   761  557s
  1840   730   11.86105   55   56   23.61538   11.02564  53.3%   764  562s
  1883   729   20.76923   60   33   23.61538   11.02564  53.3%   759  567s
  1923   738     cutoff   64        23.61538   11.02564  53.3%   758  575s
  1965   742     cutoff   61        23.61538   11.02564  53.3%   757  581s
  2001   737   18.63990   64   84   23.61538   11.02564  53.3%   761  589s
  2059   737   18.61538   60   73   23.61538   11.02564  53.3%   757  594s
  2113   741   18.61744   70  109   23.61538   11.02564  53.3%   749  600s
  2160   745   12.35897   55   61   23.61538   11.02564  53.3%   750  606s
  2200   750   18.38462   67  104   23.61538   11.02564  53.3%   748  614s
  2237   753   19.01091   74   79   23.61538   12.25641  48.1%   750  622s
  2308   758   18.61538   63   60   23.61538   12.26339  48.1%   745  631s
  2383   765   18.96374   77   63   23.61538   12.26423  48.1%   737  639s
  2442   785   23.56559   57   85   23.61538   12.35897  47.7%   734  648s
  2503   794   19.47044   40  118   23.61538   12.41586  47.4%   734  657s
  2574   783   13.44149   63  105   23.61538   12.44170  47.3%   731  665s
  2648   806   16.42601   79   91   23.61538   12.57181  46.8%   728  674s
  2691   819   18.03663   88  101   23.61538   12.77617  45.9%   734  682s
  2753   810   20.83974   69   74   23.61538   12.94872  45.2%   738  695s
  2843   813   18.74359   62   65   23.61538   12.94872  45.2%   735  708s
  2967   817     cutoff   76        23.61538   13.35897  43.4%   726  720s
  3067   807   20.38974   63   84   23.61538   13.37207  43.4%   721  732s
  3171   821   21.28990   80   93   23.61538   13.37207  43.4%   717  747s
  3310   870     cutoff   53        23.61538   13.41916  43.2%   708  759s
  3409   907   15.97031   83   60   23.61538   13.41916  43.2%   706  774s
  3613   994   16.12651   86   82   23.61538   13.50141  42.8%   696  788s
  3751  1030   14.94892   77  134   23.61538   13.65878  42.2%   693  867s
  3833  1053   20.35610   47  115   23.61538   13.92091  41.1%   696  881s
  3972  1106   21.07520   49  125   23.61538   14.02564  40.6%   690  895s
  4103  1146   21.39284   61  129   23.61538   14.21207  39.8%   690  913s
  4210  1166   16.93902   52  137   23.61538   14.21207  39.8%   687  929s
  4321  1189     cutoff   54        23.61538   14.26508  39.6%   695  945s
  4463  1230   19.97436   52   94   23.61538   14.70150  37.7%   700  963s
  4586  1248   23.02259   92   84   23.61538   14.92163  36.8%   698  981s
  4773  1284   16.75212   67  120   23.61538   15.20513  35.6%   700 1003s
  4884  1299   23.16176   44  110   23.61538   15.25019  35.4%   703 1021s
  5058  1367   17.94340   65  193   23.61538   15.36443  34.9%   700 1047s
  5165  1371   18.69031   70   66   23.61538   15.60252  33.9%   702 1067s
  5323  1410   16.28878   63   83   23.61538   15.61538  33.9%   705 1096s
  5482  1387   17.50525   71   69   23.61538   15.61538  33.9%   710 1122s
  5743  1369   18.66667   62  107   23.61538   15.61538  33.9%   710 1146s
  5930  1374     cutoff   72        23.61538   15.68196  33.6%   725 1172s
  6022  1374     cutoff   72        23.61538   15.74359  33.3%   741 1200s
  6128  1371   16.79487   87   51   23.61538   15.74359  33.3%   749 1231s
  6285  1341 infeasible   52        23.61538   15.77957  33.2%   754 1260s
  6502  1329   15.94368   53  140   23.61538   15.77957  33.2%   755 1288s
  6738  1356     cutoff   80        23.61538   15.89087  32.7%   756 1375s
H 6739  1356                      23.6153846   15.89087  32.7%   756 1375s
  6810  1335     cutoff   52        23.61538   16.04080  32.1%   759 1406s
  7011  1307   19.27928   52  138   23.61538   16.33232  30.8%   768 1436s
  7202  1243   17.82074   68  128   23.61538   16.35897  30.7%   778 1452s
  7379  1192     cutoff   66        23.61538   16.57193  29.8%   784 1485s
  7637  1164   19.69814   44  160   23.61538   16.80335  28.8%   790 1518s
  7885  1142     cutoff   54        23.61538   17.46901  26.0%   797 1553s
  8216  1114     cutoff   96        23.61538   17.87874  24.3%   800 1588s
  8501  1099     cutoff   82        23.61538   18.12821  23.2%   805 1629s
  8735  1070   20.38540   68  135   23.61538   18.61538  21.2%   808 1657s
  8990  1037     cutoff   69        23.61538   18.62597  21.1%   807 1672s
  9171   974     cutoff   65        23.61538   18.74605  20.6%   810 1695s
  9368   906     cutoff   69        23.61538   19.14106  18.9%   814 1709s
  9531   836     cutoff   52        23.61538   19.24654  18.5%   816 1742s
  9754   787     cutoff   84        23.61538   19.35897  18.0%   822 1753s
  9855   707     cutoff   45        23.61538   19.64749  16.8%   824 1769s
  9988   633     cutoff   87        23.61538   19.75214  16.4%   825 1802s
 10178   565 infeasible   44        23.61538   19.92308  15.6%   827 1833s
 10417   500     cutoff   65        23.61538   20.23077  14.3%   826 1878s
 10709   454     cutoff   75        23.61538   20.61121  12.7%   828 1892s
 10891   396 infeasible   62        23.61538   20.74359  12.2%   827 1915s
 11066   321     cutoff   86        23.61538   21.12821  10.5%   826 1927s
 11205   245     cutoff   35        23.61538   21.46601  9.10%   825 1953s
 11428   177     cutoff   58        23.61538   21.72163  8.02%   824 1967s
 11594    98     cutoff   49        23.61538   21.77825  7.78%   822 1992s
 11767    18     cutoff   89        23.61538   22.61538  4.23%   821 2003s
 11906     0     cutoff   37        23.61538   23.28205  1.41%   819 2005s

Cutting planes:
  Gomory: 5
  Implied bound: 188
  Clique: 2
  MIR: 55
  Flow cover: 44
  Inf proof: 1
  Zero half: 4

Explored 11927 nodes (9841377 simplex iterations) in 2005.58 seconds
Thread count was 4 (of 20 available processors)

Solution count 10: 23.6154 23.6154 23.7949 ... 40.4872
Pool objective bound 23.6154

Optimal solution found (tolerance 1.00e-04)
Best objective 2.361538459644e+01, best bound 2.361538459644e+01, gap 0.0000%

Wrote result file '60_without_pump_speed80.sol'

