
Log started (V12.6.1.0) Tue Feb 06 20:31:28 2018

New value for extreme numerical caution emphasis: yes
New value for time limit in seconds: 10800

Problem 'MakeSchedule.lp' read.
Read time = 0.08 sec. (3.53 ticks)
Tried aggregator 2 times.
MIP Presolve eliminated 18582 rows and 590 columns.
MIP Presolve modified 18 coefficients.
Aggregator did 22 substitutions.
Reduced MIP has 3884 rows, 18811 columns, and 114145 nonzeros.
Reduced MIP has 18618 binaries, 193 generals, 0 SOSs, and 0 indicators.
Presolve time = 0.11 sec. (101.06 ticks)
Probing time = 0.05 sec. (7.88 ticks)
Tried aggregator 1 time.
Reduced MIP has 3884 rows, 18811 columns, and 114145 nonzeros.
Reduced MIP has 18618 binaries, 193 generals, 0 SOSs, and 0 indicators.
Presolve time = 0.06 sec. (50.21 ticks)
Probing time = 0.05 sec. (6.94 ticks)
Clique table members: 50157.
MIP emphasis: balance optimality and feasibility.
MIP search method: dynamic search.
Parallel mode: deterministic, using up to 4 threads.
Root relaxation solution time = 1.09 sec. (656.42 ticks)

        Nodes                                         Cuts/
   Node  Left     Objective  IInf  Best Integer    Best Bound    ItCnt     Gap

*     0+    0                          827.0000     -719.0000           186.94%
*     0+    0                          361.0000     -719.0000           299.17%
      0     0       15.0000  1320      361.0000       15.0000       12   95.84%
      0     0       23.5556   208      361.0000     Fract: 16       34   93.47%
      0     0       33.2222   465      361.0000     Cuts: 114     1248   90.80%
      0     0       33.2222   627      361.0000      Cuts: 14     2274   90.80%
*     0+    0                           67.0000       33.2222            50.41%
      0     2       33.2222   146       67.0000       33.2222     2274   50.41%
Elapsed time = 25.23 sec. (19389.84 ticks, tree = 0.00 MB, solutions = 3)
      2     4       35.2222   262       67.0000       33.2222     2980   50.41%
      3     5       36.5556   410       67.0000       35.4000     5591   47.16%
*     4+    4                           49.0000       35.4000            27.76%
     11    13       36.5556   382       49.0000       35.9556    13013   26.62%
     14    16       37.4444   205       49.0000       35.9556    23114   26.62%
     17    19       36.5556   410       49.0000       36.1222    28821   26.28%
     23    25       39.8889   293       49.0000       36.1222    40525   26.28%
     25    25       38.6111   239       49.0000       36.1222    47068   26.28%
     27    27       38.7778   300       49.0000       36.1222    55248   26.28%
     29    29       39.7222   240       49.0000       36.1222    61558   26.28%
     32    32       37.8889   458       49.0000       36.1222    69003   26.28%
Elapsed time = 46.09 sec. (32216.72 ticks, tree = 0.00 MB, solutions = 5)
     33    33       38.1667   382       49.0000       36.1222    71938   26.28%
     37    37       39.6667   330       49.0000       36.1222    81720   26.28%
     47    47       39.6667   341       49.0000       36.1222    94890   26.28%
     51    49       39.6667   388       49.0000       36.1222    98426   26.28%
     66    56       43.6667   318       49.0000       36.1222   108493   26.28%
     77    67       42.0556   528       49.0000       36.1222   115047   26.28%
     84    72       46.0000   301       49.0000       36.1222   121442   26.28%
     93    81       41.8889   296       49.0000       36.1222   129308   26.28%
    100    88       46.0000   307       49.0000       36.1222   140907   26.28%
    104    92       46.0000   362       49.0000       36.1222   144734   26.28%
Elapsed time = 78.81 sec. (46469.06 ticks, tree = 0.00 MB, solutions = 5)
    108    96       46.0000   414       49.0000       36.1222   150822   26.28%
    132   118       45.0000   441       49.0000       36.1222   173319   26.28%
    135   121       44.0667   509       49.0000       36.1222   178624   26.28%
    137   123       46.6667   405       49.0000       36.1222   179777   26.28%
    149   133       46.0000   431       49.0000       36.1222   187546   26.28%
    198   180       46.0000   584       49.0000       36.1222   214692   26.28%
    207   187       46.0000   517       49.0000       36.1222   222346   26.28%
    215   195       46.0000   485       49.0000       36.1222   229226   26.28%
    223   203       46.0000   527       49.0000       36.1222   232617   26.28%
    295   257       46.0000   523       49.0000       36.1222   251176   26.28%
Elapsed time = 116.86 sec. (63502.49 ticks, tree = 7.79 MB, solutions = 5)
    297   259       36.5556   532       49.0000       36.1222   255395   26.28%
    313   273       39.4444   668       49.0000       36.1222   260634   26.28%
    331   291       47.3333   586       49.0000       36.1222   267168   26.28%
    335   295       47.0000   588       49.0000       36.1222   270203   26.28%
    357   316       43.6667   719       49.0000       36.1222   276089   26.28%
    427   371       38.8889   646       49.0000       36.1222   290110   26.28%
    434   378       43.6667   753       49.0000       36.1222   294720   26.28%
    439   383       41.3889   434       49.0000       36.1222   299218   26.28%
    442   386       43.6667   689       49.0000       36.1222   303176   26.28%
    450   394       45.6667   724       49.0000       36.1222   308668   26.28%
Elapsed time = 143.52 sec. (76509.51 ticks, tree = 13.03 MB, solutions = 5)
    519   457       43.6667   659       49.0000       36.1222   325127   26.28%
    531   469       43.6667   650       49.0000       36.1222   329610   26.28%
    540   478       44.6667   488       49.0000       36.1222   336786   26.28%
    556   494       44.6667   596       49.0000       36.1222   340720   26.28%
    640   549       44.6667   578       49.0000       36.1222   361407   26.28%
    648   555       44.6667   665       49.0000       36.1222   366877   26.28%
    658   563       42.3333   625       49.0000       36.1222   374284   26.28%
    662   567       42.3333   549       49.0000       36.1222   379454   26.28%
    715   605       42.5000   655       49.0000       36.5556   403586   25.40%
    719   609       42.3333   659       49.0000       36.5556   410088   25.40%
Elapsed time = 180.64 sec. (92811.94 ticks, tree = 24.34 MB, solutions = 5)
    723   613       42.3333   630       49.0000       36.5556   416459   25.40%
    731   621       43.3333   706       49.0000       36.5556   425615   25.40%
    780   662       44.6667   575       49.0000       36.5556   447205   25.40%
    790   666       42.3333   640       49.0000       36.5556   451440   25.40%
    794   670       42.3333   685       49.0000       36.5556   455537   25.40%
    798   672       42.3333   619       49.0000       36.5556   459108   25.40%
    810   684       42.3333   647       49.0000       36.5556   465480   25.40%
    934   799       42.3333   697       49.0000       37.3889   491031   23.70%
    942   805       42.3333   632       49.0000       37.3889   494834   23.70%
    946   809       42.3333   649       49.0000       37.3889   497079   23.70%
Elapsed time = 212.08 sec. (107584.36 ticks, tree = 33.91 MB, solutions = 5)
    954   815       42.3333   724       49.0000       37.3889   500544   23.70%
    958   817       42.3333   645       49.0000       37.3889   503773   23.70%
   1103   901       45.0000   593       49.0000       37.4444   531114   23.58%
   1110   904       47.0000   483       49.0000       37.4444   535395   23.58%
   1114   908       38.1667   515       49.0000       37.4444   543378   23.58%
   1129   923       43.6667   632       49.0000       37.4444   558238   23.58%
   1137   931       44.4167   680       49.0000       37.4444   563457   23.58%
   1141   935       43.6667   653       49.0000       37.4444   567314   23.58%
   1155   949       43.6667   705       49.0000       37.4444   571850   23.58%
   1171   963       43.6667   730       49.0000       37.4444   575221   23.58%
Elapsed time = 237.47 sec. (121107.83 ticks, tree = 39.94 MB, solutions = 5)
   1183   975       43.6667   671       49.0000       37.4444   578744   23.58%
   1204   994       45.0000   522       49.0000       37.4444   584106   23.58%
   1226  1012       47.0000   579       49.0000       37.4444   591225   23.58%
   1230  1016       47.0000   674       49.0000       37.4444   595621   23.58%
   1281  1067       46.0000   597       49.0000       37.4444   610868   23.58%
   1282  1068       47.0000   719       49.0000       37.4444   612319   23.58%
   1294  1080       47.0000   710       49.0000       37.4444   618101   23.58%
   1302  1088       47.0000   704       49.0000       37.4444   624526   23.58%
   1314  1100       47.0000   745       49.0000       37.4444   629974   23.58%
   1457  1219       41.0556   315       49.0000       37.4444   660950   23.58%
Elapsed time = 271.69 sec. (137333.29 ticks, tree = 52.86 MB, solutions = 5)
   1465  1225       45.0556   454       49.0000       37.4444   663438   23.58%
   1485  1243       47.6667   584       49.0000       37.4444   672836   23.58%
   1491  1249       47.0000   753       49.0000       37.4444   677274   23.58%
   1495  1251       47.0000   726       49.0000       37.4444   682217   23.58%
   1503  1255       47.0000   688       49.0000       37.4444   686861   23.58%
   1507  1259       47.0000   674       49.0000       37.4444   690816   23.58%
   1586  1318       44.4167   645       49.0000       37.4444   711197   23.58%
   1594  1324       44.4167   662       49.0000       37.4444   716465   23.58%
   1597  1327       44.3333   486       49.0000       37.4444   721038   23.58%
   1601  1331       44.3333   555       49.0000       37.4444   723934   23.58%
Elapsed time = 298.41 sec. (149524.87 ticks, tree = 58.00 MB, solutions = 5)
   1621  1345       44.3333   620       49.0000       37.4444   732165   23.58%
   1634  1358       45.1667   747       49.0000       37.4444   746177   23.58%
   1654  1375       45.5000   823       49.0000       37.4444   753784   23.58%
   1729  1436       47.0000   484       49.0000       37.4444   771721   23.58%
   1746  1451       44.3333   743       49.0000       37.4444   774747   23.58%
   1754  1459       44.3333   556       49.0000       37.4444   778185   23.58%
   1762  1467       44.3333   582       49.0000       37.4444   782492   23.58%
   1770  1473       44.3333   644       49.0000       37.4444   785137   23.58%
   1786  1485       45.0000   668       49.0000       37.4444   791461   23.58%
   1940  1576       46.8889   486       49.0000       38.6111   834925   21.20%
Elapsed time = 333.69 sec. (165739.19 ticks, tree = 70.04 MB, solutions = 5)
   1972  1596       41.1111   312       49.0000       38.6111   852532   21.20%
   2000  1624       46.0000   509       49.0000       38.6111   868159   21.20%
   2114  1705       44.3333   591       49.0000       38.6111   901312   21.20%
   2144  1733       47.0000   593       49.0000       38.6111   916377   21.20%
   2311  1858       44.8181    87       49.0000       44.8181   967192    8.53%
   2316  1860       44.9545   144       49.0000       44.8957   974554    8.38%
   2326  1866       45.0000   338       49.0000       44.8957   987855    8.38%
   2332  1869       45.0000   134       49.0000       44.8957  1003299    8.38%
   2344  1813       45.0000   369       49.0000       44.8957  1014941    8.38%
   2355  1818       45.0000   246       49.0000       44.8957  1033039    8.38%
Elapsed time = 452.22 sec. (233716.31 ticks, tree = 92.22 MB, solutions = 5)
   2357  1819       45.0000   401       49.0000       44.8957  1046349    8.38%
   2365  1825       45.0000   155       49.0000       44.8957  1065244    8.38%
   2376  1829       46.0000   464       49.0000       44.8957  1088946    8.38%
   2389  1838       45.0000   505       49.0000       44.8957  1110154    8.38%
   2405  1825       47.0000   686       49.0000       44.8957  1126508    8.38%
   2421  1835       47.0000   555       49.0000       44.8957  1143441    8.38%
   2441  1846       47.0000   644       49.0000       44.8957  1162710    8.38%
   2449  1849       47.0000   680       49.0000       44.8957  1172427    8.38%
   2469  1844       47.0000   757       49.0000       44.8957  1198479    8.38%
   2481  1852       47.0000   631       49.0000       44.8957  1211722    8.38%
Elapsed time = 565.05 sec. (281384.78 ticks, tree = 89.60 MB, solutions = 5)
   2509  1857       46.0000   595       49.0000       44.8957  1241630    8.38%
   2524  1866       47.0000   721       49.0000       44.8957  1253364    8.38%
   2550  1852       46.0000   661       49.0000       44.8957  1270878    8.38%
   2580  1850       48.0000   510       49.0000       44.8957  1288190    8.38%
   2589  1853       47.0000   611       49.0000       44.8957  1303381    8.38%
   2622  1854       46.0000   675       49.0000       44.8957  1325876    8.38%
   2636  1861       47.0000   701       49.0000       44.8957  1334042    8.38%
   2668  1861       47.0000   648       49.0000       44.8957  1354618    8.38%
   2687  1872       45.0000   462       49.0000       44.8957  1370221    8.38%
   2727  1861       45.0000   502       49.0000       44.8957  1386744    8.38%
Elapsed time = 677.53 sec. (326799.12 ticks, tree = 89.71 MB, solutions = 5)
   2751  1865       45.0000   695       49.0000       44.8957  1400058    8.38%
   2818  1857       45.0000   632       49.0000       44.9889  1419119    8.19%
   2838  1843       45.0000   603       49.0000       44.9889  1429970    8.19%
   2878  1840       45.0000   633       49.0000       44.9889  1461245    8.19%
   2895  1849       45.0000   567       49.0000       44.9889  1481661    8.19%
   2933  1821       45.0000   592       49.0000       44.9889  1516780    8.19%
   2945  1830       45.0000   586       49.0000       44.9889  1530192    8.19%
   2970  1841       46.0000   436       49.0000       44.9889  1559429    8.19%
   2985  1852       45.0000   666       49.0000       44.9889  1575166    8.19%
   3015  1848       46.0000   563       49.0000       44.9889  1612056    8.19%
Elapsed time = 802.30 sec. (374437.76 ticks, tree = 85.62 MB, solutions = 5)
   3031  1851       46.0000   594       49.0000       44.9889  1628740    8.19%
   3062  1868       45.0000   802       49.0000       44.9889  1654361    8.19%
   3082  1872       45.0000   717       49.0000       44.9889  1665985    8.19%
   3156  1890       45.0000   642       49.0000       44.9889  1701110    8.19%
   3192  1900       45.0000   611       49.0000       44.9889  1725425    8.19%
   3244  1919       46.0000   579       49.0000       44.9889  1752007    8.19%
   3281  1938       45.5000   699       49.0000       44.9889  1767266    8.19%
   3297  1943       45.5000   723       49.0000       44.9889  1779524    8.19%
   3309  1941       45.5000   733       49.0000       44.9889  1786371    8.19%
   3448  1957       45.5000   779       49.0000       44.9889  1832471    8.19%
Elapsed time = 911.67 sec. (417198.73 ticks, tree = 90.01 MB, solutions = 5)
   3476  1966       45.5000   686       49.0000       44.9889  1843435    8.19%
   3524  1969       45.0000   625       49.0000       44.9889  1866469    8.19%
   3657  1978       46.0000   865       49.0000       45.0000  1911043    8.16%
   3681  1990       46.0000   809       49.0000       45.0000  1926281    8.16%
   3709  2007       46.0000   692       49.0000       45.0000  1943768    8.16%
   3807  2044       45.0000   662       49.0000       45.0000  1983235    8.16%
   3846  2064       45.0000   522       49.0000       45.0000  2004555    8.16%
   3892  2083       46.0000   589       49.0000       45.0000  2030605    8.16%
   3927  2103       46.0000   638       49.0000       45.0000  2054180    8.16%
   3965  2130       45.0000   550       49.0000       45.0000  2078404    8.16%
Elapsed time = 1008.08 sec. (457886.79 ticks, tree = 92.08 MB, solutions = 5)
   3993  2147       45.0000   619       49.0000       45.0000  2095203    8.16%
   4066  2191       45.0000   692       49.0000       45.0000  2127543    8.16%
   4110  2210       45.0000   665       49.0000       45.0000  2149163    8.16%
   4152  2230       45.0000   611       49.0000       45.0000  2165198    8.16%
   4263  2272       45.0000   572       49.0000       45.0000  2209714    8.16%
   4287  2287       45.0000   582       49.0000       45.0000  2224765    8.16%
   4315  2297       45.0000   672       49.0000       45.0000  2240000    8.16%
   4427  2361       47.1667   474       49.0000       45.0000  2273460    8.16%
   4520  2391       45.0000   308       49.0000       45.0000  2307453    8.16%
   4540  2401       45.0000   369       49.0000       45.0000  2326807    8.16%
Elapsed time = 1097.73 sec. (497766.35 ticks, tree = 84.41 MB, solutions = 5)
   4576  2422       45.0000   644       49.0000       45.0000  2348829    8.16%
   4681  2472       45.0000   418       49.0000       45.0000  2386663    8.16%
   4703  2485       47.0000   652       49.0000       45.0000  2402600    8.16%
   4736  2504       45.5000   538       49.0000       45.0000  2420680    8.16%
   4776  2531       45.5000   619       49.0000       45.0000  2442806    8.16%
   4812  2545       46.0000   767       49.0000       45.0000  2466572    8.16%
   4840  2559       46.0000   731       49.0000       45.0000  2481389    8.16%
   4856  2570       46.0000   681       49.0000       45.0000  2491276    8.16%
   4880  2582       46.0000   667       49.0000       45.0000  2507944    8.16%
   4989  2606       46.0000   667       49.0000       45.0000  2551017    8.16%
Elapsed time = 1193.66 sec. (540873.19 ticks, tree = 95.62 MB, solutions = 5)
   5034  2610       46.0000   531       49.0000       45.0000  2575562    8.16%
   5062  2625       46.0000   617       49.0000       45.0000  2593774    8.16%
   5075  2630       45.0000   678       49.0000       45.0000  2604186    8.16%
   5111  2650       46.1429   681       49.0000       45.0000  2621596    8.16%
   5225  2660       47.0000   615       49.0000       45.0000  2655327    8.16%
   5257  2661       47.0000   720       49.0000       45.0000  2667490    8.16%
   5285  2663       47.0000   641       49.0000       45.0000  2676828    8.16%
   5329  2666       47.0000   624       49.0000       45.0000  2684159    8.16%
   5442  2687       47.0000   467       49.0000       45.0000  2727535    8.16%
   5468  2697       46.0000   578       49.0000       45.0000  2744619    8.16%
Elapsed time = 1288.17 sec. (582270.01 ticks, tree = 96.76 MB, solutions = 5)
   5488  2710       46.0000   594       49.0000       45.0000  2755989    8.16%
   5570  2745       47.0000   553       49.0000       45.0000  2793832    8.16%
   5602  2755       48.0000   603       49.0000       45.0000  2812281    8.16%
   5728  2843       46.0000   679       49.0000       45.0000  2854264    8.16%
   5752  2859       46.0000   586       49.0000       45.0000  2864445    8.16%
   5768  2871       46.0000   742       49.0000       45.0000  2875871    8.16%
   5792  2885       46.0000   666       49.0000       45.0000  2883089    8.16%
   5808  2895       46.0000   722       49.0000       45.0000  2896620    8.16%
   5900  2977       48.0000   757       49.0000       45.0000  2953134    8.16%
   5920  2997       48.0000   709       49.0000       45.0000  2965465    8.16%
Elapsed time = 1389.22 sec. (626897.60 ticks, tree = 103.53 MB, solutions = 5)
   5940  3013       48.0000   689       49.0000       45.0000  2973023    8.16%
   5972  3043       48.0000   797       49.0000       45.0000  2988834    8.16%
   6040  3101       48.0000   597       49.0000       45.0000  3003054    8.16%
   6147  3186       46.0000   640       49.0000       45.0000  3045310    8.16%
   6177  3214       47.0000   727       49.0000       45.0000  3064290    8.16%
   6201  3234       47.0000   713       49.0000       45.0000  3078188    8.16%
   6237  3262       47.0000   762       49.0000       45.0000  3103082    8.16%
   6276  3297       46.0000   672       49.0000       45.0000  3127003    8.16%
   6334  3341       46.0000   620       49.0000       45.0000  3153000    8.16%
   6354  3356       46.0000   622       49.0000       45.0000  3167149    8.16%
Elapsed time = 1494.91 sec. (670799.54 ticks, tree = 120.51 MB, solutions = 5)
   6385  3381       46.0000   690       49.0000       45.0000  3189267    8.16%
   6409  3403       47.5000   816       49.0000       45.0000  3201120    8.16%
   6425  3416       48.0000   843       49.0000       45.0000  3213433    8.16%
   6573  3538       47.0000   561       49.0000       45.0000  3263450    8.16%
   6590  3555       48.0000   682       49.0000       45.0000  3280921    8.16%
   6618  3575       48.0000   634       49.0000       45.0000  3295262    8.16%
   6670  3621       48.0000   719       49.0000       45.0000  3308309    8.16%
   6730  3677       48.0000   585       49.0000       45.0000  3336733    8.16%
   6775  3712       48.0000   543       49.0000       45.0000  3356565    8.16%
   6900  3801       46.0000   706       49.0000       45.0000  3403842    8.16%
Elapsed time = 1597.67 sec. (714739.12 ticks, tree = 135.29 MB, solutions = 5)
   6936  3828       47.0000   771       49.0000       45.0000  3417982    8.16%
   6944  3836       47.0000   757       49.0000       45.0000  3426447    8.16%
   6960  3852       47.0000   799       49.0000       45.0000  3437756    8.16%
   6976  3860       50.0000   728       49.0000       45.0000  3451496    8.16%
   7211  4033       47.0000   727       49.0000       45.0000  3522090    8.16%
   7255  4068       45.0000   270       49.0000       45.0000  3535075    8.16%
   7299  4110       46.0000   277       49.0000       45.0000  3560631    8.16%
   7347  4154       46.0000   510       49.0000       45.0000  3576225    8.16%
   7371  4174       46.0000   578       49.0000       45.0000  3585589    8.16%
   7544  4306       45.0000   388       49.0000       45.0000  3652353    8.16%
Elapsed time = 1712.84 sec. (763681.69 ticks, tree = 160.60 MB, solutions = 5)
   7569  4331       46.0000   659       49.0000       45.0000  3671121    8.16%
   7585  4347       46.0000   677       49.0000       45.0000  3682896    8.16%
   7609  4369       46.0000   636       49.0000       45.0000  3696400    8.16%
   7629  4389       46.0000   576       49.0000       45.0000  3710958    8.16%
   7665  4419       46.0000   547       49.0000       45.0000  3725546    8.16%
   7842  4557       46.0000   582       49.0000       45.0000  3791835    8.16%
   7882  4595       46.0000   565       49.0000       45.0000  3807908    8.16%
   7910  4621       46.0000   579       49.0000       45.0000  3819637    8.16%
   7982  4689       46.0000   580       49.0000       45.0000  3832931    8.16%
   8038  4736       46.0000   468       49.0000       45.0000  3851676    8.16%
Elapsed time = 1820.55 sec. (807222.97 ticks, tree = 172.22 MB, solutions = 5)
   8106  4787       47.0000   386       49.0000       45.0000  3864224    8.16%
   8287  4951       48.0000   398       49.0000       45.0000  3914097    8.16%
   8381  5037       46.0000   426       49.0000       45.0000  3941842    8.16%
   8408  5058       46.0000   644       49.0000       45.0000  3954964    8.16%
   8448  5094       46.0000   601       49.0000       45.0000  3968342    8.16%
   8488  5130       46.0000   590       49.0000       45.0000  3985471    8.16%
   8524  5159       45.0000   353       49.0000       45.0000  4001171    8.16%
   8556  5186       46.0000   531       49.0000       45.0000  4013376    8.16%
   8588  5216       46.0000   518       49.0000       45.0000  4027010    8.16%
   8834  5402       45.0000   433       49.0000       45.0000  4092813    8.16%
Elapsed time = 1918.30 sec. (848454.39 ticks, tree = 213.13 MB, solutions = 5)
   8881  5449       46.0000   573       49.0000       45.0000  4110915    8.16%
   8921  5485       46.1667   581       49.0000       45.0000  4126803    8.16%
   8982  5546       46.1429   603       49.0000       45.0000  4150562    8.16%
   9033  5595       46.0000   554       49.0000       45.0000  4164490    8.16%
   9125  5666       48.0000   491       49.0000       45.0000  4179887    8.16%
   9229  5736       48.0000   449       49.0000       45.0000  4210618    8.16%
   9268  5769       46.0000   634       49.0000       45.0000  4232016    8.16%
   9378  5849       46.0000   683       49.0000       45.0000  4275209    8.16%
   9410  5876       48.0000   779       49.0000       45.0000  4290775    8.16%
   9446  5902       45.0000   434       49.0000       45.0000  4304640    8.16%
Elapsed time = 2016.48 sec. (889538.98 ticks, tree = 233.96 MB, solutions = 5)
   9474  5930       45.0000   506       49.0000       45.0000  4322374    8.16%
   9534  5986       46.0000   631       49.0000       45.0000  4337416    8.16%
   9558  6007       46.0000   579       49.0000       45.0000  4353714    8.16%
   9594  6043       46.0000   551       49.0000       45.0000  4372708    8.16%
   9638  6086       47.0000   625       49.0000       45.0000  4391549    8.16%
   9777  6207       46.0000   571       49.0000       45.0000  4433953    8.16%
   9813  6241       46.0000   471       49.0000       45.0000  4451041    8.16%
   9931  6355       46.0000   490       49.0000       45.0000  4477987    8.16%
  10041  6439       45.0000   490       49.0000       45.0000  4507949    8.16%
  10057  6455       46.0000   655       49.0000       45.0000  4525593    8.16%
Elapsed time = 2117.94 sec. (932112.07 ticks, tree = 251.05 MB, solutions = 5)
  10065  6463       46.0000   666       49.0000       45.0000  4535514    8.16%
  10081  6477       46.5000   687       49.0000       45.0000  4550182    8.16%
  10117  6504       45.0000   456       49.0000       45.0000  4568833    8.16%
  10385  6733       45.5000   544       49.0000       45.0000  4650167    8.16%
  10421  6766       47.0000   665       49.0000       45.0000  4662811    8.16%
  10457  6797       47.0000   677       49.0000       45.0000  4670382    8.16%
  10501  6835       47.0000   642       49.0000       45.0000  4677189    8.16%
  10557  6881       47.0000   578       49.0000       45.0000  4687950    8.16%
  10597  6900       47.0000   643       49.0000       45.0000  4697945    8.16%
  10633  6922       47.0000   534       49.0000       45.0000  4709651    8.16%
Elapsed time = 2215.98 sec. (975541.97 ticks, tree = 275.70 MB, solutions = 5)
  10697  6968       48.0000   380       49.0000       45.0000  4720676    8.16%
  10861  7078       46.5000   649       49.0000       45.0000  4779102    8.16%
  10889  7102       47.0000   679       49.0000       45.0000  4797851    8.16%
  10921  7130       47.0000   696       49.0000       45.0000  4813881    8.16%
  10973  7182       47.0000   616       49.0000       45.0000  4829784    8.16%
  11069  7264       47.0000   552       49.0000       45.0000  4849186    8.16%
  11129  7315       45.0000   514       49.0000       45.0000  4863200    8.16%
  11157  7341       45.0000   611       49.0000       45.0000  4870801    8.16%
  11185  7358       45.5000   791       49.0000       45.0000  4880057    8.16%
  11213  7382       46.0000   744       49.0000       45.0000  4898205    8.16%
Elapsed time = 2313.66 sec. (1017836.83 ticks, tree = 292.43 MB, solutions = 5)
  11474  7596       46.0000   677       49.0000       45.0000  5017440    8.16%
  11475  7597       45.0000   475       49.0000       45.0000  5017581    8.16%
  11507  7627       45.5000   665       49.0000       45.0000  5044898    8.16%
  11531  7651       46.0000   642       49.0000       45.0000  5060738    8.16%
  11571  7691       46.0000   737       49.0000       45.0000  5081195    8.16%
  11603  7719       46.0000   626       49.0000       45.0000  5096371    8.16%
  11639  7752       46.0000   645       49.0000       45.0000  5113022    8.16%
  11683  7793       46.0000   557       49.0000       45.0000  5130835    8.16%
  11826  7916       46.0000   620       49.0000       45.0000  5194357    8.16%
  11850  7938       46.0000   620       49.0000       45.0000  5210008    8.16%
Elapsed time = 2430.45 sec. (1067366.05 ticks, tree = 332.16 MB, solutions = 5)
  11882  7966       46.0000   654       49.0000       45.0000  5229680    8.16%
  11914  7998       46.0000   531       49.0000       45.0000  5244802    8.16%
  11970  8050       46.0000   480       49.0000       45.0000  5263902    8.16%
  12012  8086       47.0000   600       49.0000       45.0000  5279346    8.16%
  12072  8135       47.0000   560       49.0000       45.0000  5289433    8.16%
  12140  8194       48.0000   418       49.0000       45.0000  5300464    8.16%
  12204  8235       45.0000   176       49.0000       45.0000  5309546    8.16%
  12224  8247       45.5000   319       49.0000       45.0000  5316350    8.16%
  12397  8373       46.0000   377       49.0000       45.0000  5367307    8.16%
  12424  8400       46.0000   697       49.0000       45.0000  5389002    8.16%
Elapsed time = 2529.30 sec. (1107652.27 ticks, tree = 355.16 MB, solutions = 5)
  12469  8445       46.0000   671       49.0000       45.0000  5416296    8.16%
  12517  8491       46.0000   674       49.0000       45.0000  5438732    8.16%
  12565  8538       46.0000   672       49.0000       45.0000  5455056    8.16%
  12677  8639       47.0000   516       49.0000       45.0000  5479609    8.16%
  12737  8686       45.0000   587       49.0000       45.0000  5498877    8.16%
  12785  8730       46.0000   767       49.0000       45.0000  5522317    8.16%
  12797  8742       47.0000   825       49.0000       45.0000  5535957    8.16%
  12841  8780       48.0000   644       49.0000       45.0000  5555073    8.16%
  13052  8973       47.0000   537       49.0000       45.0000  5630818    8.16%
  13084  8997       45.0000   462       49.0000       45.0000  5644501    8.16%
Elapsed time = 2623.98 sec. (1147817.96 ticks, tree = 386.57 MB, solutions = 5)
  13116  9028       46.5000   623       49.0000       45.0000  5653383    8.16%
  13172  9073       48.0000   583       49.0000       45.0000  5666207    8.16%
  13216  9115       48.0000   594       49.0000       45.0000  5681659    8.16%
  13256  9153       48.0000   487       49.0000       45.0000  5696950    8.16%
  13324  9209       48.0000   467       49.0000       45.0000  5713246    8.16%
  13492  9358       46.0000   530       49.0000       45.0000  5785567    8.16%
  13521  9384       46.0000   637       49.0000       45.0000  5798832    8.16%
  13541  9398       46.0000   557       49.0000       45.0000  5808242    8.16%
  13577  9432       46.0000   519       49.0000       45.0000  5821974    8.16%
  13601  9454       46.1250   593       49.0000       45.0000  5833093    8.16%
Elapsed time = 2743.78 sec. (1200110.85 ticks, tree = 407.97 MB, solutions = 5)
  13649  9502       46.0000   497       49.0000       45.0000  5852315    8.16%
  13705  9548       46.0000   613       49.0000       45.0000  5861424    8.16%
  13737  9576       46.0000   495       49.0000       45.0000  5869659    8.16%
  13801  9626       47.2500   531       49.0000       45.0000  5885140    8.16%
  13853  9670       48.0000   490       49.0000       45.0000  5902917    8.16%
  13937  9738       45.5000   546       49.0000       45.0000  5932732    8.16%
  14082  9859       47.0000   695       49.0000       45.0000  6002261    8.16%
  14114  9889       47.0000   630       49.0000       45.0000  6017737    8.16%
  14166  9931       47.0000   564       49.0000       45.0000  6037109    8.16%
  14246  9994       47.0000   522       49.0000       45.0000  6051717    8.16%
Elapsed time = 2835.25 sec. (1239608.14 ticks, tree = 432.23 MB, solutions = 5)
  14320 10048       46.0000   361       49.0000       45.0000  6072181    8.16%
  14332 10058       45.5000   475       49.0000       45.0000  6075107    8.16%
  14368 10090       46.0000   459       49.0000       45.0000  6099618    8.16%
  14400 10114       46.0000   587       49.0000       45.0000  6113545    8.16%
  14626 10321       46.0000   645       49.0000       45.0000  6220577    8.16%
  14656 10351       46.0000   619       49.0000       45.0000  6236349    8.16%
  14688 10383       46.0000   592       49.0000       45.0000  6247992    8.16%
  14744 10437       46.0000   610       49.0000       45.0000  6264819    8.16%
  14808 10497       46.0000   526       49.0000       45.0000  6278833    8.16%
  14868 10548       46.0000   478       49.0000       45.0000  6290829    8.16%
Elapsed time = 2944.25 sec. (1286182.61 ticks, tree = 456.66 MB, solutions = 5)
  14936 10612       46.0000   427       49.0000       45.0000  6311002    8.16%
  14971 10639       46.0000   636       49.0000       45.0000  6327904    8.16%
  14983 10651       46.0000   706       49.0000       45.0000  6336690    8.16%
  15035 10699       46.0000   706       49.0000       45.0000  6349159    8.16%
  15315 10932       48.0000   599       49.0000       45.0000  6414123    8.16%
  15359 10971       48.0000   658       49.0000       45.0000  6426675    8.16%
  15427 11037       48.0000   639       49.0000       45.0000  6443979    8.16%
  15511 11112       48.0000   576       49.0000       45.0000  6459746    8.16%
  15541 11131       48.0000   684       49.0000       45.0000  6476864    8.16%
  15593 11165       45.0000   484       49.0000       45.0000  6484227    8.16%
Elapsed time = 3039.72 sec. (1326846.97 ticks, tree = 487.32 MB, solutions = 5)
  15613 11179       45.0000   585       49.0000       45.0000  6492404    8.16%
  15673 11225       46.0000   716       49.0000       45.0000  6506594    8.16%
  15709 11257       47.0000   720       49.0000       45.0000  6521289    8.16%
  15745 11289       47.0000   662       49.0000       45.0000  6539949    8.16%
  16003 11528       45.5000   526       49.0000       45.0000  6618065    8.16%
  16047 11565       46.0000   644       49.0000       45.0000  6634943    8.16%
  16095 11609       46.0000   633       49.0000       45.0000  6647970    8.16%
  16146 11655       46.0000   640       49.0000       45.0000  6663723    8.16%
  16218 11720       46.0000   533       49.0000       45.0000  6688094    8.16%
  16310 11800       46.0000   416       49.0000       45.0000  6717536    8.16%
Elapsed time = 3125.58 sec. (1366724.65 ticks, tree = 518.24 MB, solutions = 5)
  16372 11862       46.0000   609       49.0000       45.0000  6736122    8.16%
  16452 11920       46.0000   624       49.0000       45.0000  6764395    8.16%
  16498 11962       46.0000   655       49.0000       45.0000  6786415    8.16%
  16644 12086       47.0000   513       49.0000       45.0000  6843165    8.16%
  16679 12121       45.5000   557       49.0000       45.0000  6858882    8.16%
  16699 12139       45.5000   613       49.0000       45.0000  6866456    8.16%
  16751 12191       46.0000   660       49.0000       45.0000  6887237    8.16%
  16795 12233       46.0000   623       49.0000       45.0000  6899112    8.16%
  16863 12286       46.0000   530       49.0000       45.0000  6921098    8.16%
  16971 12381       48.0000   493       49.0000       45.0000  6967591    8.16%
Elapsed time = 3218.50 sec. (1408461.46 ticks, tree = 547.74 MB, solutions = 5)
  17024 12426       47.2500   599       49.0000       45.0000  6993538    8.16%
  17059 12459       46.2000   428       49.0000       45.0000  7006936    8.16%
  17091 12488       46.0000   469       49.0000       45.0000  7018356    8.16%
  17254 12637       46.0000   441       49.0000       45.0000  7058332    8.16%
  17330 12704       46.0000   543       49.0000       45.0000  7076609    8.16%
  17351 12721       45.5000   751       49.0000       45.0000  7087937    8.16%
  17391 12756       48.0000   804       49.0000       45.0000  7098483    8.16%
  17419 12778       48.0000   667       49.0000       45.0000  7108905    8.16%
  17471 12822       48.0000   738       49.0000       45.0000  7122344    8.16%
  17559 12881       48.0000   608       49.0000       45.0000  7136710    8.16%
Elapsed time = 3301.33 sec. (1448216.34 ticks, tree = 574.79 MB, solutions = 5)
  17664 12970       48.0000   696       49.0000       45.0000  7176697    8.16%
  17700 12998       45.0000   568       49.0000       45.0000  7188903    8.16%
  17924 13180       46.0000   708       49.0000       45.0000  7263930    8.16%
  17947 13203       46.0000   652       49.0000       45.0000  7284159    8.16%
  17967 13221       46.0000   668       49.0000       45.0000  7292985    8.16%
  18019 13270       46.0000   641       49.0000       45.0000  7307506    8.16%
  18095 13342       48.0000   668       49.0000       45.0000  7321333    8.16%
  18175 13414       48.0000   544       49.0000       45.0000  7339625    8.16%
  18311 13544       48.0000   418       49.0000       45.0000  7357926    8.16%
  18590 13753       47.0000   475       49.0000       45.0000  7410742    8.16%
Elapsed time = 3396.28 sec. (1488955.32 ticks, tree = 604.42 MB, solutions = 5)
  18642 13793       45.5000   545       49.0000       45.0000  7428474    8.16%
  18678 13825       46.0000   597       49.0000       45.0000  7445829    8.16%
  18904 14029       46.0000   658       49.0000       45.0000  7506652    8.16%
  18944 14059       46.0000   731       49.0000       45.0000  7516407    8.16%
  19000 14098       46.0000   541       49.0000       45.0000  7530312    8.16%
  19080 14158       48.0000   556       49.0000       45.0000  7544035    8.16%
  19192 14245       48.0000   422       49.0000       45.0000  7569654    8.16%
  19239 14289       48.0000   824       49.0000       45.0000  7586271    8.16%
  19255 14305       48.0000   710       49.0000       45.0000  7594856    8.16%
  19319 14351       48.0000   629       49.0000       45.0000  7610446    8.16%
Elapsed time = 3497.70 sec. (1530769.59 ticks, tree = 647.81 MB, solutions = 5)
  19506 14500       47.0000   536       49.0000       45.0000  7679787    8.16%
  19521 14513       47.0000   778       49.0000       45.0000  7692472    8.16%
  19541 14533       47.0000   774       49.0000       45.0000  7705670    8.16%
  19553 14545       47.0000   886       49.0000       45.0000  7714184    8.16%
  19565 14557       47.0000   804       49.0000       45.0000  7723926    8.16%
  19585 14571       47.0000   779       49.0000       45.0000  7732106    8.16%
  19633 14612       48.0000   850       49.0000       45.0000  7748526    8.16%
  19661 14636       48.0000   858       49.0000       45.0000  7760932    8.16%
  19713 14680       48.0000   756       49.0000       45.0000  7774773    8.16%
  20102 15025       45.5000   620       49.0000       45.0000  7879228    8.16%
Elapsed time = 3592.01 sec. (1572851.28 ticks, tree = 699.33 MB, solutions = 5)
  20121 15044       46.0000   635       49.0000       45.0000  7894549    8.16%
  20129 15052       46.0000   619       49.0000       45.0000  7898861    8.16%
  20161 15082       46.0000   601       49.0000       45.0000  7910257    8.16%
  20197 15114       46.0000   594       49.0000       45.0000  7921397    8.16%
  20229 15144       46.0000   552       49.0000       45.0000  7932143    8.16%
  20269 15179       46.8000   578       49.0000       45.0000  7949976    8.16%
  20321 15224       48.0000   487       49.0000       45.0000  7965164    8.16%
  20401 15279       48.0000   414       49.0000       45.0000  7982858    8.16%
  20778 15522       45.0000   475       49.0000       45.0000  8057099    8.16%
  20823 15550       47.0000   296       49.0000       45.0000  8073869    8.16%
Elapsed time = 3685.92 sec. (1612957.47 ticks, tree = 725.80 MB, solutions = 5)
  20850 15569       46.0000   679       49.0000       45.0000  8087095    8.16%
  20882 15599       46.0000   682       49.0000       45.0000  8100751    8.16%
  20926 15633       46.0000   658       49.0000       45.0000  8122367    8.16%
  20974 15675       47.0000   625       49.0000       45.0000  8142320    8.16%
  21062 15737       48.0000   435       49.0000       45.0000  8155636    8.16%
  21192 15841       47.0000   698       49.0000       45.0000  8214303    8.16%
  21212 15857       48.0000   720       49.0000       45.0000  8225521    8.16%
  21474 16037       45.0000   609       49.0000       45.0000  8290184    8.16%
  21494 16057       45.5000   647       49.0000       45.0000  8303700    8.16%
  21518 16081       47.0000   770       49.0000       45.0000  8315314    8.16%
Elapsed time = 3781.45 sec. (1654173.67 ticks, tree = 752.34 MB, solutions = 5)
  21546 16105       47.0000   722       49.0000       45.0000  8338667    8.16%
  21566 16124       47.1429   670       49.0000       45.0000  8353877    8.16%
  21634 16175       48.0000   686       49.0000       45.0000  8368633    8.16%
  21686 16219       48.0000   725       49.0000       45.0000  8378091    8.16%
  21734 16259       48.0000   665       49.0000       45.0000  8387507    8.16%
  21802 16315       48.0000   593       49.0000       45.0000  8397551    8.16%
  22107 16538       46.0000   743       49.0000       45.0000  8442594    8.16%
  22143 16568       47.0000   668       49.0000       45.0000  8460046    8.16%
  22177 16598       47.0000   595       49.0000       45.0000  8481125    8.16%
  22213 16630       47.0000   680       49.0000       45.0000  8498219    8.16%
Elapsed time = 3884.38 sec. (1695699.33 ticks, tree = 778.11 MB, solutions = 5)
  22253 16663       47.2500   615       49.0000       45.0000  8508949    8.16%
  22267 16675       47.0000   612       49.0000       45.0000  8515218    8.16%
  22343 16736       48.0000   528       49.0000       45.0000  8542518    8.16%
  22471 16848       48.0000   508       49.0000       45.0000  8575735    8.16%
  22653 17011       47.0000   349       49.0000       45.0000  8600472    8.16%
  22776 17116       46.0000   653       49.0000       45.0000  8622037    8.16%
  22836 17167       46.0000   603       49.0000       45.0000  8631883    8.16%
  22891 17213       47.5000   550       49.0000       45.0000  8642808    8.16%
  22931 17243       45.5000   623       49.0000       45.0000  8652608    8.16%
  22987 17287       46.0000   614       49.0000       45.0000  8680590    8.16%
Elapsed time = 3972.51 sec. (1735685.51 ticks, tree = 807.69 MB, solutions = 5)
  23012 17310       45.0000   693       49.0000       45.0000  8704501    8.16%
  23032 17330       46.5000   802       49.0000       45.0000  8721253    8.16%
  23080 17376       47.0000   699       49.0000       45.0000  8740059    8.16%
  23246 17520       47.0000   727       49.0000       45.0000  8794659    8.16%
  23262 17536       47.0000   677       49.0000       45.0000  8805399    8.16%
  23294 17562       45.0000   371       49.0000       45.0000  8814730    8.16%
  23334 17600       45.5000   601       49.0000       45.0000  8828394    8.16%
  23378 17642       46.0000   568       49.0000       45.0000  8836651    8.16%
  23422 17682       48.0000   612       49.0000       45.0000  8852982    8.16%
  23442 17700       48.0000   600       49.0000       45.0000  8858689    8.16%
Elapsed time = 4077.88 sec. (1780900.24 ticks, tree = 829.85 MB, solutions = 5)
  23546 17782       48.0000   571       49.0000       45.0000  8884089    8.16%
  23828 18026       46.0000   654       49.0000       45.0000  8964824    8.16%
  23856 18052       46.0000   716       49.0000       45.0000  8975334    8.16%
  23876 18070       46.0000   689       49.0000       45.0000  8986499    8.16%
  23924 18110       46.0000   628       49.0000       45.0000  9002328    8.16%
  24016 18182       48.0000   558       49.0000       45.0000  9025448    8.16%
  24116 18266       48.0000   466       49.0000       45.0000  9068866    8.16%
  24239 18372       47.0000   466       49.0000       45.0000  9109369    8.16%
  24323 18441       45.5000   390       49.0000       45.0000  9126052    8.16%
  24486 18580       46.0000   710       49.0000       45.0000  9172138    8.16%
Elapsed time = 4176.06 sec. (1823274.83 ticks, tree = 885.52 MB, solutions = 5)
  24514 18606       46.0000   731       49.0000       45.0000  9188933    8.16%
  24612 18694       46.0000   637       49.0000       45.0000  9218540    8.16%
  24724 18786       48.0000   553       49.0000       45.0000  9238063    8.16%
  24786 18832       47.0000   629       49.0000       45.0000  9251414    8.16%
  24822 18868       47.0000   617       49.0000       45.0000  9265927    8.16%
  24894 18936       47.0000   556       49.0000       45.0000  9294550    8.16%
* 24986+19010                           48.0000       45.0000             6.25%
  24986 19012       47.0000   480       48.0000       45.0000  9307609    6.25%
* 24987+19011                           47.0000       45.0000             4.26%
* 24989+19010                           47.0000       45.0000             4.26%
  24998  8395       45.0000   485       47.0000       45.0000  9320465    4.26%
  25030  8427       45.0000   649       47.0000       45.0000  9341401    4.26%
  25082  8475       46.0000   658       47.0000       45.0000  9371094    4.26%
Elapsed time = 4355.39 sec. (1924833.35 ticks, tree = 376.24 MB, solutions = 12)
  25118  8509       46.0000   650       47.0000       45.0000  9381960    4.26%
  25158  8541       46.0000   613       47.0000       45.0000  9393586    4.26%
  25198  8573       46.0000   635       47.0000       45.0000  9406361    4.26%
  25278  8637       46.0000   623       47.0000       45.0000  9418724    4.26%
  25785  9042       45.5000   618       47.0000       45.0000  9502425    4.26%
  25814  9069       46.0000   593       47.0000       45.0000  9515284    4.26%
  25838  9089       46.0000   653       47.0000       45.0000  9535181    4.26%
  25906  9149       46.0000   624       47.0000       45.0000  9555458    4.26%
  26002  9227       46.0000   584       47.0000       45.0000  9570111    4.26%
  26234  9429       46.0000   358       47.0000       45.0000  9587720    4.26%
Elapsed time = 4443.28 sec. (1965811.90 ticks, tree = 410.02 MB, solutions = 12)
  26301  9482       45.5000   619       47.0000       45.0000  9613643    4.26%
  26321  9498       45.5000   668       47.0000       45.0000  9627371    4.26%
  26667  9791       46.0000   699       47.0000       45.0000  9703103    4.26%
  26683  9803       46.0000   657       47.0000       45.0000  9711852    4.26%
  26754  9858       46.0000   674       47.0000       45.0000  9737882    4.26%
  26830  9920       46.0000   655       47.0000       45.0000  9752963    4.26%
  26870  9956       46.0000   627       47.0000       45.0000  9759982    4.26%
  27031 10097       46.0000   552       47.0000       45.0000  9789666    4.26%
  27135 10189       46.0000   471       47.0000       45.0000  9811325    4.26%
  27330 10358       46.0000   598       47.0000       45.0000  9836651    4.26%
Elapsed time = 4529.03 sec. (2008039.02 ticks, tree = 448.98 MB, solutions = 12)
  27474 10476       46.0000   575       47.0000       45.0000  9875354    4.26%
  27560 10542       45.5000   646       47.0000       45.0000  9896524    4.26%
  27588 10566       46.0000   645       47.0000       45.0000  9915877    4.26%
  27636 10608       46.0000   767       47.0000       45.0000  9927978    4.26%
  27688 10650       46.0000   648       47.0000       45.0000  9937279    4.26%
  27900 10834       46.0000   469       47.0000       45.0000  9951747    4.26%
  28044 10932       46.0000   540       47.0000       45.0000  9973125    4.26%
  28092 10978       46.0000   682       47.0000       45.0000  9997537    4.26%
  28173 11047       46.0000   700       47.0000       45.0000 10035639    4.26%
  28496 11295       46.0000   473       47.0000       45.0000 10096156    4.26%
Elapsed time = 4614.88 sec. (2048640.79 ticks, tree = 526.24 MB, solutions = 12)
  28555 11352       46.0000   574       47.0000       45.0000 10114489    4.26%
  28655 11444       46.0000   498       47.0000       45.0000 10127354    4.26%
  28759 11520       46.0000   491       47.0000       45.0000 10142165    4.26%
  28873 11610       46.0000   597       47.0000       45.0000 10175754    4.26%
  28897 11626       46.0000   600       47.0000       45.0000 10184016    4.26%
  28993 11684       46.0000   583       47.0000       45.0000 10200777    4.26%
  29117 11766       46.0000   386       47.0000       45.0000 10212726    4.26%
  29430 12011       45.1429   707       47.0000       45.0000 10270567    4.26%
  29478 12049       46.0000   588       47.0000       45.0000 10284038    4.26%
  29518 12083       46.0000   608       47.0000       45.0000 10295157    4.26%
Elapsed time = 4698.25 sec. (2088117.63 ticks, tree = 563.13 MB, solutions = 12)
  29546 12107       46.0000   629       47.0000       45.0000 10304127    4.26%
  29614 12157       46.0000   594       47.0000       45.0000 10319580    4.26%
  29725 12252       46.0000   737       47.0000       45.0000 10385755    4.26%
  29789 12306       46.0000   769       47.0000       45.0000 10397665    4.26%
  29913 12402       46.0000   577       47.0000       45.0000 10413188    4.26%
  30199 12634       46.0000   684       47.0000       45.0000 10474999    4.26%
  30231 12666       46.0000   520       47.0000       45.0000 10485119    4.26%
  30319 12732       46.0000   556       47.0000       45.0000 10510310    4.26%
  30456 12841       46.0000   544       47.0000       45.0000 10535190    4.26%
  30583 12924       45.0000   409       47.0000       45.0000 10558733    4.26%
Elapsed time = 4786.19 sec. (2130058.31 ticks, tree = 596.03 MB, solutions = 12)
  30607 12940       46.0000   604       47.0000       45.0000 10570246    4.26%
  30635 12968       46.0000   551       47.0000       45.0000 10583984    4.26%
  30659 12990       46.0000   659       47.0000       45.0000 10599238    4.26%
  31034 13279       46.0000   526       47.0000       45.0000 10668095    4.26%
  31074 13315       46.0000   570       47.0000       45.0000 10682335    4.26%
  31126 13357       46.0000   652       47.0000       45.0000 10697130    4.26%
  31260 13465       46.0000   641       47.0000       45.0000 10741249    4.26%
  31305 13502       46.0000   638       47.0000       45.0000 10754602    4.26%
  31401 13574       46.0000   595       47.0000       45.0000 10767243    4.26%
  31533 13690       46.0000   444       47.0000       45.0000 10792273    4.26%
Elapsed time = 4874.23 sec. (2171369.36 ticks, tree = 628.67 MB, solutions = 12)
  31878 13973       45.5000   626       47.0000       45.0000 10861239    4.26%
  31954 14041       46.0000   533       47.0000       45.0000 10876184    4.26%
  31994 14077       46.0000   675       47.0000       45.0000 10888449    4.26%
  32030 14109       46.0000   746       47.0000       45.0000 10896663    4.26%
  32086 14149       46.0000   633       47.0000       45.0000 10906343    4.26%
  32174 14219       46.0000   572       47.0000       45.0000 10928536    4.26%
  32270 14300       46.0000   481       47.0000       45.0000 10946712    4.26%
  32710 14672       46.0000   581       47.0000       45.0000 11048871    4.26%
  32753 14710       45.5000   740       47.0000       45.0000 11056517    4.26%
  32785 14737       46.0000   649       47.0000       45.0000 11064148    4.26%
Elapsed time = 4968.80 sec. (2215251.80 ticks, tree = 702.14 MB, solutions = 12)
  32817 14767       46.0000   610       47.0000       45.0000 11071167    4.26%
  32861 14799       46.0000   759       47.0000       45.0000 11077579    4.26%
  32893 14825       46.0000   524       47.0000       45.0000 11086028    4.26%
  32925 14849       46.0000   649       47.0000       45.0000 11093296    4.26%
  32977 14891       46.0000   599       47.0000       45.0000 11099324    4.26%
  33309 15113       46.0000   656       47.0000       45.0000 11164870    4.26%
  33384 15178       46.0000   620       47.0000       45.0000 11185725    4.26%
  33528 15304       46.0000   485       47.0000       45.0000 11206197    4.26%
  33597 15363       46.0000   629       47.0000       45.0000 11215636    4.26%
  33657 15413       46.0000   574       47.0000       45.0000 11228347    4.26%
Elapsed time = 5062.45 sec. (2256757.56 ticks, tree = 723.09 MB, solutions = 12)
  33801 15525       46.0000   531       47.0000       45.0000 11238045    4.26%
  34011 15691       46.0000   600       47.0000       45.0000 11278892    4.26%
  34279 15913       45.5000   631       47.0000       45.0000 11331917    4.26%
  34307 15939       45.5000   389       47.0000       45.0000 11343833    4.26%
  34339 15965       46.0000   464       47.0000       45.0000 11353328    4.26%
  34387 16007       46.0000   580       47.0000       45.0000 11365877    4.26%
  34562 16167       46.0000   517       47.0000       45.0000 11403669    4.26%
  34637 16236       46.0000   581       47.0000       45.0000 11413860    4.26%
  34701 16290       46.0000   595       47.0000       45.0000 11423180    4.26%
  34873 16428       46.0000   435       47.0000       45.0000 11445475    4.26%
Elapsed time = 5151.53 sec. (2296222.08 ticks, tree = 767.17 MB, solutions = 12)
  35016 16549       46.0000   466       47.0000       45.0000 11486221    4.26%
  35068 16593       46.0000   511       47.0000       45.0000 11498130    4.26%
  35129 16652       46.0000   570       47.0000       45.0000 11503990    4.26%
  35363 16858       46.0000   703       47.0000       45.0000 11562743    4.26%
  35395 16890       46.0000   696       47.0000       45.0000 11571222    4.26%
  35431 16926       46.0000   639       47.0000       45.0000 11578138    4.26%
  35771 17204       46.0000   711       47.0000       45.0000 11642509    4.26%
  35790 17219       46.0000   660       47.0000       45.0000 11652313    4.26%
  35818 17243       46.0000   577       47.0000       45.0000 11663564    4.26%
  35846 17269       46.0000   701       47.0000       45.0000 11681381    4.26%
Elapsed time = 5251.72 sec. (2342149.22 ticks, tree = 834.87 MB, solutions = 12)
  35880 17295       46.0000   693       47.0000       45.0000 11699309    4.26%
  35904 17315       46.0000   774       47.0000       45.0000 11706017    4.26%
  35956 17359       46.0000   721       47.0000       45.0000 11715330    4.26%
  36181 17540       46.0000   325       47.0000       45.0000 11754700    4.26%
  36288 17613       46.0000   553       47.0000       45.0000 11765988    4.26%
  36385 17672       46.0000   645       47.0000       45.0000 11784492    4.26%
  36433 17702       46.0000   599       47.0000       45.0000 11794090    4.26%
  36497 17750       46.0000   648       47.0000       45.0000 11803905    4.26%
  36537 17778        cutoff             47.0000       45.0000 11811142    4.26%
  36577 17808       45.5000   778       47.0000       45.0000 11817868    4.26%
Elapsed time = 5346.06 sec. (2382099.86 ticks, tree = 852.48 MB, solutions = 12)
  36649 17852       46.0000   617       47.0000       45.0000 11825693    4.26%
  37097 18228       46.0000   685       47.0000       45.0000 11946160    4.26%
  37121 18246       46.0000   723       47.0000       45.0000 11956123    4.26%
  37169 18290       46.0000   698       47.0000       45.0000 11973562    4.26%
  37225 18340       46.0000   592       47.0000       45.0000 11985886    4.26%
  37314 18419       46.0000   435       47.0000       45.0000 11997112    4.26%
  37442 18531       45.0000   477       47.0000       45.0000 12010555    4.26%
  37466 18555       45.0000   632       47.0000       45.0000 12018445    4.26%
  37670 18735       46.0000   812       47.0000       45.0000 12056959    4.26%
  37674 18739       46.0000   796       47.0000       45.0000 12064485    4.26%
Elapsed time = 5443.98 sec. (2425767.43 ticks, tree = 915.03 MB, solutions = 12)
  37682 18747       46.0000   782       47.0000       45.0000 12076081    4.26%
  37722 18785       46.0000   712       47.0000       45.0000 12102321    4.26%
  37786 18837       46.0000   615       47.0000       45.0000 12129924    4.26%
  37938 18964       46.0000   508       47.0000       45.0000 12152218    4.26%
  38229 19237       46.0000   686       47.0000       45.0000 12194083    4.26%
  38419 19391       46.0000   563       47.0000       45.0000 12234339    4.26%
  38431 19403       46.0000   624       47.0000       45.0000 12243279    4.26%
  38451 19421       46.0000   679       47.0000       45.0000 12254229    4.26%
  38487 19455       46.0000   582       47.0000       45.0000 12267687    4.26%
  38515 19481       46.0000   646       47.0000       45.0000 12279555    4.26%
Elapsed time = 5534.13 sec. (2468169.20 ticks, tree = 949.31 MB, solutions = 12)
  38567 19531       46.0000   655       47.0000       45.0000 12291487    4.26%
  38627 19577       46.0000   657       47.0000       45.0000 12301801    4.26%
  38803 19717       46.0000   705       47.0000       45.0000 12363844    4.26%
  38838 19742       46.0000   671       47.0000       45.0000 12383990    4.26%
  38862 19764       46.0000   625       47.0000       45.0000 12397449    4.26%
  38878 19778       46.0000   635       47.0000       45.0000 12408833    4.26%
  38910 19804       46.0000   704       47.0000       45.0000 12418327    4.26%
  38950 19838       46.0000   654       47.0000       45.0000 12429073    4.26%
  39189 20003       46.0000   766       47.0000       45.0000 12475848    4.26%
  39300 20055       46.0000   899       47.0000       45.0000 12500043    4.26%
Elapsed time = 5632.66 sec. (2513169.69 ticks, tree = 983.36 MB, solutions = 12)
  39332 20081       46.0000   679       47.0000       45.0000 12510943    4.26%
  39384 20125       46.0000   610       47.0000       45.0000 12531322    4.26%
  39444 20167       46.0000   555       47.0000       45.0000 12551332    4.26%
  39564 20251       46.0000   381       47.0000       45.0000 12569306    4.26%
  39768 20401       45.0000   516       47.0000       45.0000 12589984    4.26%
  40040 20614       45.5000   727       47.0000       45.0000 12643405    4.26%
  40111 20677       46.0000   621       47.0000       45.0000 12657960    4.26%
  40151 20711       46.0000   645       47.0000       45.0000 12670525    4.26%
  40194 20752       46.0000   619       47.0000       45.0000 12687913    4.26%
  40326 20866       46.0000   520       47.0000       45.0000 12722041    4.26%
Elapsed time = 5726.66 sec. (2555286.68 ticks, tree = 1014.86 MB, solutions = 12)
  40381 20915       46.0000   651       47.0000       45.0000 12738400    4.26%
  40413 20945       46.0000   651       47.0000       45.0000 12749373    4.26%
  40714 21188       45.0000   664       47.0000       45.0000 12813811    4.26%
  40754 21220       46.0000   776       47.0000       45.0000 12823120    4.26%
  40770 21232       46.0000   758       47.0000       45.0000 12834054    4.26%
  40802 21260       46.0000   764       47.0000       45.0000 12845360    4.26%
  40842 21290       46.0000   780       47.0000       45.0000 12855298    4.26%
  40978 21390       46.0000   625       47.0000       45.0000 12876147    4.26%
  41077 21481       46.0000   658       47.0000       45.0000 12913356    4.26%
  41536 21846       46.0000   584       47.0000       45.0000 12971082    4.26%
Elapsed time = 5816.39 sec. (2596587.23 ticks, tree = 1077.53 MB, solutions = 12)
  41548 21858       46.0000   519       47.0000       45.0000 12985998    4.26%
  41572 21880       46.0000   688       47.0000       45.0000 12998985    4.26%
  41612 21915       46.0000   733       47.0000       45.0000 13018696    4.26%
  41676 21971       46.0000   705       47.0000       45.0000 13041275    4.26%
  41800 22069       46.0000   565       47.0000       45.0000 13064792    4.26%
  41939 22184       46.0000   488       47.0000       45.0000 13102646    4.26%
  42142 22355       46.0000   467       47.0000       45.0000 13137113    4.26%
  42178 22389       46.0000   642       47.0000       45.0000 13149117    4.26%
  42214 22421       46.0000   564       47.0000       45.0000 13165419    4.26%
  42246 22445       46.0000   705       47.0000       45.0000 13182595    4.26%
Elapsed time = 5913.34 sec. (2639661.13 ticks, tree = 1103.42 MB, solutions = 12)
  42322 22515       46.0000   657       47.0000       45.0000 13200548    4.26%
  42562 22731       46.0000   441       47.0000       45.0000 13225935    4.26%
  42606 22761       45.5000   521       47.0000       45.0000 13238829    4.26%
  42836 22941       45.0000   503       47.0000       45.0000 13297572    4.26%
  42856 22961       45.0000   642       47.0000       45.0000 13313966    4.26%
  42868 22971       45.0000   714       47.0000       45.0000 13326373    4.26%
  42912 23011       45.5000   881       47.0000       45.0000 13350894    4.26%
  42932 23029       46.0000   744       47.0000       45.0000 13359729    4.26%
  42952 23049       46.0000   757       47.0000       45.0000 13373580    4.26%
  42972 23067       46.0000   670       47.0000       45.0000 13386906    4.26%
Elapsed time = 6003.69 sec. (2681282.54 ticks, tree = 1134.89 MB, solutions = 12)
  43455 23472       46.0000   650       47.0000       45.0000 13494715    4.26%
  43493 23504       46.0000   599       47.0000       45.0000 13508062    4.26%
  43533 23536       46.0000   578       47.0000       45.0000 13527460    4.26%
  44006 23943       46.0000   676       47.0000       45.0000 13634061    4.26%
  44070 23991       46.0000   561       47.0000       45.0000 13648219    4.26%
  44246 24125       46.0000   474       47.0000       45.0000 13671155    4.26%
  44296 24169       46.0000   602       47.0000       45.0000 13683247    4.26%
  44364 24219       46.0000   647       47.0000       45.0000 13694098    4.26%
  44456 24295       46.0000   537       47.0000       45.0000 13711287    4.26%
  44853 24626       45.0000   393       47.0000       45.0000 13796342    4.26%
Elapsed time = 6127.45 sec. (2739340.86 ticks, tree = 1217.67 MB, solutions = 12)
  44897 24666       46.0000   624       47.0000       45.0000 13806599    4.26%
  44973 24732       46.0000   616       47.0000       45.0000 13818225    4.26%
  45037 24780       46.0000   553       47.0000       45.0000 13828518    4.26%
  45151 24866       46.0000   528       47.0000       45.0000 13847287    4.26%
  45203 24904       46.0000   654       47.0000       45.0000 13854484    4.26%
  45363 25026       46.0000   474       47.0000       45.0000 13899486    4.26%
  45570 25199       46.0000   705       47.0000       45.0000 13946123    4.26%
  45597 25222       46.0000   727       47.0000       45.0000 13960424    4.26%
  45625 25244       46.0000   694       47.0000       45.0000 13970762    4.26%
  45649 25258       46.0000   772       47.0000       45.0000 13984493    4.26%
Elapsed time = 6217.55 sec. (2781373.78 ticks, tree = 1247.47 MB, solutions = 12)
  45677 25282       46.0000   746       47.0000       45.0000 13998756    4.26%
  45717 25312       46.0000   639       47.0000       45.0000 14016948    4.26%
  45861 25428       46.0000   540       47.0000       45.0000 14051144    4.26%
  46098 25627       46.0000   624       47.0000       45.0000 14129339    4.26%
  46227 25722       45.5000   604       47.0000       45.0000 14148280    4.26%
  46247 25738       46.0000   757       47.0000       45.0000 14155658    4.26%
  46328 25805       46.0000   495       47.0000       45.0000 14198592    4.26%
  46341 25818       46.0000   586       47.0000       45.0000 14208538    4.26%
  46369 25844       46.0000   672       47.0000       45.0000 14219899    4.26%
  46671 26078       45.0000   491       47.0000       45.0000 14288504    4.26%
Elapsed time = 6308.36 sec. (2824210.69 ticks, tree = 1293.33 MB, solutions = 12)
  46707 26110       45.5000   629       47.0000       45.0000 14306469    4.26%
  46783 26174       46.0000   608       47.0000       45.0000 14327803    4.26%
  46832 26211       46.0000   566       47.0000       45.0000 14334764    4.26%
  47016 26377       46.0000   352       47.0000       45.0000 14362032    4.26%
  47148 26471       46.0000   491       47.0000       45.0000 14377902    4.26%
  47212 26529       46.0000   538       47.0000       45.0000 14387319    4.26%
  47426 26711       45.5000   735       47.0000       45.0000 14453797    4.26%
  47440 26723       46.0000   757       47.0000       45.0000 14463348    4.26%
  47472 26751       46.0000   771       47.0000       45.0000 14476723    4.26%
  47504 26779       46.0000   680       47.0000       45.0000 14489507    4.26%
Elapsed time = 6392.50 sec. (2864230.76 ticks, tree = 1326.92 MB, solutions = 12)
  47580 26845       46.0000   589       47.0000       45.0000 14502079    4.26%
  47752 26987       46.0000   400       47.0000       45.0000 14520592    4.26%
  47946 27138       46.0000   677       47.0000       45.0000 14569991    4.26%
  47958 27144       46.0000   850       47.0000       45.0000 14585398    4.26%
  48107 27279       46.0000   704       47.0000       45.0000 14628402    4.26%
  48123 27295       46.0000   691       47.0000       45.0000 14639603    4.26%
  48155 27323       46.0000   750       47.0000       45.0000 14655976    4.26%
  48243 27397       46.0000   632       47.0000       45.0000 14674578    4.26%
  48395 27517       46.0000   465       47.0000       45.0000 14691055    4.26%
  48577 27661       46.0000   443       47.0000       45.0000 14714584    4.26%
Elapsed time = 6473.95 sec. (2905645.85 ticks, tree = 1356.30 MB, solutions = 12)
  48889 27925       46.0000   595       47.0000       45.0000 14774350    4.26%
  48921 27950       45.0000   522       47.0000       45.0000 14790819    4.26%
  48949 27978       46.0000   753       47.0000       45.0000 14805556    4.26%
  48989 28016       46.0000   642       47.0000       45.0000 14823076    4.26%
  49049 28072       46.0000   620       47.0000       45.0000 14835843    4.26%
  49113 28132       46.0000   584       47.0000       45.0000 14851083    4.26%
  49485 28450       46.0000   515       47.0000       45.0000 14936901    4.26%
  49492 28457       46.0000   643       47.0000       45.0000 14940312    4.26%
  49520 28481       46.0000   699       47.0000       45.0000 14946194    4.26%
  49584 28537       46.0000   630       47.0000       45.0000 14953658    4.26%
Elapsed time = 6603.72 sec. (2961937.88 ticks, tree = 1418.12 MB, solutions = 12)
  49956 28843       46.0000   584       47.0000       45.0000 15018267    4.26%
  49992 28879       46.0000   600       47.0000       45.0000 15033083    4.26%
  50097 28950       46.0000   488       47.0000       45.0000 15059001    4.26%
  50129 28974       46.0000   640       47.0000       45.0000 15070058    4.26%
  50193 29036       46.0000   699       47.0000       45.0000 15090827    4.26%
  50341 29158       46.0000   589       47.0000       45.0000 15116304    4.26%
  50539 29320       46.0000   649       47.0000       45.0000 15146459    4.26%
  50652 29415       45.5000   738       47.0000       45.0000 15184575    4.26%
  50692 29451       46.0000   715       47.0000       45.0000 15195120    4.26%
  50716 29475       46.0000   630       47.0000       45.0000 15205902    4.26%
Elapsed time = 6689.06 sec. (3002339.76 ticks, tree = 1467.88 MB, solutions = 12)
  50744 29501       46.0000   630       47.0000       45.0000 15214225    4.26%
  50784 29535       46.0000   574       47.0000       45.0000 15226152    4.26%
  50960 29687       46.0000   517       47.0000       45.0000 15246889    4.26%
  51164 29833       46.0000   335       47.0000       45.0000 15278232    4.26%
  51355 29986       46.0000   538       47.0000       45.0000 15330336    4.26%
  51394 30023       46.0000   654       47.0000       45.0000 15349144    4.26%
  51426 30053       46.0000   696       47.0000       45.0000 15363723    4.26%
  51570 30175       46.0000   579       47.0000       45.0000 15394319    4.26%
  51794 30341       45.0000   287       47.0000       45.0000 15420746    4.26%
  51858 30387       46.0000   548       47.0000       45.0000 15428357    4.26%
Elapsed time = 6782.83 sec. (3043566.41 ticks, tree = 1497.13 MB, solutions = 12)
  52096 30585       46.0000   660       47.0000       45.0000 15483112    4.26%
  52122 30609       46.0000   769       47.0000       45.0000 15487779    4.26%
  52499 30946       46.0000   551       47.0000       45.0000 15569299    4.26%
  52556 30991       46.0000   619       47.0000       45.0000 15586734    4.26%
  52673 31098       46.0000   598       47.0000       45.0000 15614459    4.26%
  52821 31212       46.0000   568       47.0000       45.0000 15632421    4.26%
  52873 31252       46.0000   514       47.0000       45.0000 15647937    4.26%
  52982 31344       46.0000   785       47.0000       45.0000 15687136    4.26%
  53066 31416       46.0000   632       47.0000       45.0000 15707963    4.26%
  53180 31524       46.0000   661       47.0000       45.0000 15749680    4.26%
Elapsed time = 6920.83 sec. (3103837.20 ticks, tree = 1578.28 MB, solutions = 12)
  53225 31557       46.0000   790       47.0000       45.0000 15759457    4.26%
  53241 31569       46.0000   724       47.0000       45.0000 15766961    4.26%
  53257 31583       46.0000   779       47.0000       45.0000 15777721    4.26%
  53273 31599       46.0000   626       47.0000       45.0000 15786920    4.26%
  53305 31621       46.0000   651       47.0000       45.0000 15795320    4.26%
  53691 31949       46.0000   514       47.0000       45.0000 15886038    4.26%
  53726 31980       46.0000   676       47.0000       45.0000 15901883    4.26%
  53766 32018       46.0000   689       47.0000       45.0000 15914017    4.26%
  53850 32086       46.0000   559       47.0000       45.0000 15927293    4.26%
  54046 32250       46.0000   351       47.0000       45.0000 15947130    4.26%
Elapsed time = 7037.44 sec. (3155507.00 ticks, tree = 1601.16 MB, solutions = 12)
  54229 32411       46.0000   801       47.0000       45.0000 16021202    4.26%
  54257 32429       46.0000   773       47.0000       45.0000 16031325    4.26%
  54305 32463       46.0000   689       47.0000       45.0000 16039350    4.26%
  54353 32481       45.0667   497       47.0000       45.0000 16051820    4.26%
  54409 32523       46.0000   768       47.0000       45.0000 16076578    4.26%
  54449 32551       46.0000   704       47.0000       45.0000 16088645    4.26%
  54625 32693       46.0000   607       47.0000       45.0000 16139936    4.26%
  54729 32777       46.0000   616       47.0000       45.0000 16151469    4.26%
  54824 32864       46.0000   640       47.0000       45.0000 16169945    4.26%
  54880 32906       46.0000   648       47.0000       45.0000 16180092    4.26%
Elapsed time = 7135.39 sec. (3195746.93 ticks, tree = 1639.89 MB, solutions = 12)
  54948 32964       46.0000   508       47.0000       45.0000 16204373    4.26%
  55168 33154       46.0000   330       47.0000       45.0000 16244840    4.26%
  55280 33232       46.0000   409       47.0000       45.0000 16278736    4.26%
  55424 33346       46.0000   421       47.0000       45.0000 16311185    4.26%
  55452 33374       46.0000   566       47.0000       45.0000 16323204    4.26%
  55487 33405       46.0000   729       47.0000       45.0000 16335979    4.26%
  55527 33443       46.0000   644       47.0000       45.0000 16349233    4.26%
  55579 33493       46.0000   603       47.0000       45.0000 16357996    4.26%
  55659 33567       46.0000   529       47.0000       45.0000 16366397    4.26%
  55779 33667       46.0000   459       47.0000       45.0000 16375649    4.26%
Elapsed time = 7225.63 sec. (3235845.99 ticks, tree = 1674.20 MB, solutions = 12)
  55962 33818       46.0000   617       47.0000       45.0000 16427533    4.26%
  55977 33829       45.5000   749       47.0000       45.0000 16448664    4.26%
  56009 33861       46.0000   817       47.0000       45.0000 16465043    4.26%
  56025 33867       46.0000   695       47.0000       45.0000 16474501    4.26%
  56085 33919       46.0000   689       47.0000       45.0000 16490920    4.26%
  56169 33981       46.0000   647       47.0000       45.0000 16507035    4.26%
  56572 34292       46.0000   630       47.0000       45.0000 16592156    4.26%
  56596 34314       46.0000   759       47.0000       45.0000 16600317    4.26%
  56632 34344       46.0000   701       47.0000       45.0000 16607836    4.26%
  56724 34416       46.0000   546       47.0000       45.0000 16641790    4.26%
Elapsed time = 7326.66 sec. (3278626.19 ticks, tree = 1724.97 MB, solutions = 12)
  56773 34457       46.0000   686       47.0000       45.0000 16655175    4.26%
  56787 34471       46.0000   818       47.0000       45.0000 16669915    4.26%
  56803 34483       46.0000   721       47.0000       45.0000 16685496    4.26%
  56929 34589       46.0000   697       47.0000       45.0000 16724036    4.26%
  56992 34646       46.0000   528       47.0000       45.0000 16748222    4.26%
  57080 34720       46.0000   463       47.0000       45.0000 16762941    4.26%
  57288 34878       46.0000   383       47.0000       45.0000 16787619    4.26%
  57313 34899       46.0000   650       47.0000       45.0000 16798582    4.26%
  57341 34919       46.0000   648       47.0000       45.0000 16811383    4.26%
  57534 35048       46.0000   626       47.0000       45.0000 16867317    4.26%
Elapsed time = 7426.27 sec. (3320338.91 ticks, tree = 1761.92 MB, solutions = 12)
  57590 35088       46.0000   701       47.0000       45.0000 16891341    4.26%
  57624 35122       46.0000   660       47.0000       45.0000 16903586    4.26%
  57656 35152       46.0000   603       47.0000       45.0000 16918673    4.26%
  57712 35202       46.0000   621       47.0000       45.0000 16940998    4.26%
  57790 35270       46.0000   656       47.0000       45.0000 16953159    4.26%
  58029 35461       46.0000   559       47.0000       45.0000 17025905    4.26%
  58091 35517       46.0000   611       47.0000       45.0000 17041079    4.26%
  58135 35555       46.0000   487       47.0000       45.0000 17054624    4.26%
  58181 35593       46.0000   452       47.0000       45.0000 17063676    4.26%
  58295 35671       46.0000   624       47.0000       45.0000 17086620    4.26%
Elapsed time = 7532.97 sec. (3362045.02 ticks, tree = 1783.98 MB, solutions = 12)
  58351 35711       46.0000   588       47.0000       45.0000 17102583    4.26%
  58451 35797       46.0000   561       47.0000       45.0000 17155445    4.26%
  58508 35842       46.0000   743       47.0000       45.0000 17176004    4.26%
  58516 35850       46.0000   705       47.0000       45.0000 17185777    4.26%
  58524 35858       46.0000   785       47.0000       45.0000 17195235    4.26%
  58536 35868       46.0000   820       47.0000       45.0000 17204675    4.26%
  58560 35886       46.0000   701       47.0000       45.0000 17212692    4.26%
  58608 35922       46.0000   748       47.0000       45.0000 17223675    4.26%
  59096 36334       46.0000   496       47.0000       45.0000 17335479    4.26%
  59136 36366       46.0000   666       47.0000       45.0000 17352272    4.26%
Elapsed time = 7615.00 sec. (3404672.04 ticks, tree = 1828.50 MB, solutions = 12)
  59211 36431       46.0000   559       47.0000       45.0000 17366709    4.26%
  59475 36647       46.0000   297       47.0000       45.0000 17410837    4.26%
  59713 36851       46.0000   675       47.0000       45.0000 17462945    4.26%
  59769 36895       46.0000   597       47.0000       45.0000 17476313    4.26%
  59962 37050       46.0000   588       47.0000       45.0000 17505940    4.26%
  60023 37103       46.0000   620       47.0000       45.0000 17524254    4.26%
  60043 37119       46.0000   574       47.0000       45.0000 17531066    4.26%
  60087 37155       46.0000   610       47.0000       45.0000 17544276    4.26%
  60324 37358       45.0000   638       47.0000       45.0000 17614270    4.26%
  60368 37398       46.0000   660       47.0000       45.0000 17636000    4.26%
Elapsed time = 7736.00 sec. (3459485.92 ticks, tree = 1883.26 MB, solutions = 12)
  60436 37460       46.0000   753       47.0000       45.0000 17647974    4.26%
  60600 37602       46.0000   497       47.0000       45.0000 17665430    4.26%
  60810 37792       46.0000   605       47.0000       45.0000 17717561    4.26%
  60826 37808       46.0000   610       47.0000       45.0000 17727978    4.26%
  61073 38021       46.0000   640       47.0000       45.0000 17781567    4.26%
  61143 38073        cutoff             47.0000       45.0000 17801854    4.26%
  61201 38115       46.0000   664       47.0000       45.0000 17815847    4.26%
  61389 38275       46.0000   466       47.0000       45.0000 17840448    4.26%
  61515 38355       46.0000   517       47.0000       45.0000 17852687    4.26%
  61547 38381       46.0000   622       47.0000       45.0000 17858650    4.26%
Elapsed time = 7827.83 sec. (3500865.23 ticks, tree = 1918.33 MB, solutions = 12)
  61599 38415       46.0000   629       47.0000       45.0000 17870095    4.26%
  61863 38651       46.0000   723       47.0000       45.0000 17943939    4.26%
  61875 38663       46.0000   613       47.0000       45.0000 17954107    4.26%
  61911 38691       46.0000   716       47.0000       45.0000 17965475    4.26%
  61947 38719       46.0000   651       47.0000       45.0000 17979040    4.26%
  62003 38763       46.0000   567       47.0000       45.0000 17995883    4.26%
  62095 38835       46.0000   574       47.0000       45.0000 18023770    4.26%
  62511 39197       46.0000   526       47.0000       45.0000 18123639    4.26%
  62543 39217       45.0000   352       47.0000       45.0000 18135406    4.26%
  62599 39263       46.0000   508       47.0000       45.0000 18150073    4.26%
Elapsed time = 7925.27 sec. (3544243.66 ticks, tree = 1962.40 MB, solutions = 12)
  62639 39297       46.0000   673       47.0000       45.0000 18159771    4.26%
  62707 39349       46.0000   646       47.0000       45.0000 18180235    4.26%
  62843 39463       46.0000   486       47.0000       45.0000 18209302    4.26%
  63040 39632       46.0000   585       47.0000       45.0000 18272222    4.26%
  63076 39662       46.0000   777       47.0000       45.0000 18282786    4.26%
  63120 39698       46.0000   679       47.0000       45.0000 18292224    4.26%
  63208 39776       46.0000   592       47.0000       45.0000 18309844    4.26%
  63304 39854       45.0000   364       47.0000       45.0000 18326619    4.26%
  63336 39880       45.5000   728       47.0000       45.0000 18335811    4.26%
  63356 39896       46.0000   737       47.0000       45.0000 18350962    4.26%
Elapsed time = 8012.94 sec. (3587470.51 ticks, tree = 1984.75 MB, solutions = 12)
  63683 40129       46.0000   843       47.0000       45.0000 18450034    4.26%
  63723 40169       46.0000   706       47.0000       45.0000 18469335    4.26%
  63735 40181       46.0000   693       47.0000       45.0000 18490539    4.26%
  63815 40255       46.0000   545       47.0000       45.0000 18511392    4.26%
  64005 40413       46.0000   434       47.0000       45.0000 18538851    4.26%
  64209 40577       45.0000   534       47.0000       45.0000 18594454    4.26%
  64297 40649       46.0000   787       47.0000       45.0000 18615935    4.26%
  64325 40671       46.0000   633       47.0000       45.0000 18631390    4.26%
  64346 40690       45.5000   770       47.0000       45.0000 18648207    4.26%
  64374 40712       45.0000   575       47.0000       45.0000 18671985    4.26%
Elapsed time = 8109.47 sec. (3630264.41 ticks, tree = 2037.82 MB, solutions = 12)
  64386 40724       46.0000   732       47.0000       45.0000 18686929    4.26%
  64398 40736       46.0000   836       47.0000       45.0000 18700920    4.26%
  64707 40994       46.0000   758       47.0000       45.0000 18798884    4.26%
  64733 41014       46.0000   744       47.0000       45.0000 18827690    4.26%
  64769 41050       46.0000   650       47.0000       45.0000 18850851    4.26%
  64841 41108       46.0000   585       47.0000       45.0000 18873831    4.26%
  65029 41252       46.0000   430       47.0000       45.0000 18896976    4.26%
  65196 41375       46.0000   601       47.0000       45.0000 18949986    4.26%
  65235 41414       46.0000   543       47.0000       45.0000 18968960    4.26%
  65303 41478       46.0000   574       47.0000       45.0000 18989420    4.26%
Elapsed time = 8217.70 sec. (3679216.34 ticks, tree = 2074.34 MB, solutions = 12)
Nodefile size = 26.58 MB (22.30 MB after compression)
  65411 41578       46.0000   520       47.0000       45.0000 19011730    4.26%
  65551 41690       46.0000   463       47.0000       45.0000 19028633    4.26%
  65671 41790       46.0000   468       47.0000       45.0000 19051991    4.26%
  65879 41970       46.0000   373       47.0000       45.0000 19078421    4.26%
  66061 42130       46.0000   480       47.0000       45.0000 19112955    4.26%
  66085 42148       46.0000   479       47.0000       45.0000 19122278    4.26%
  66121 42170       46.0000   615       47.0000       45.0000 19139447    4.26%
  66221 42258       46.0000   673       47.0000       45.0000 19166053    4.26%
  66357 42380       46.0000   410       47.0000       45.0000 19179407    4.26%
  66454 42453       46.0000   609       47.0000       45.0000 19232449    4.26%
Elapsed time = 8309.84 sec. (3719842.78 ticks, tree = 2112.24 MB, solutions = 12)
Nodefile size = 64.65 MB (54.24 MB after compression)
  66588 42569       46.0000   637       47.0000       45.0000 19277753    4.26%
  66621 42602       46.0000   678       47.0000       45.0000 19287371    4.26%
  66677 42654       46.0000   653       47.0000       45.0000 19300333    4.26%
  66813 42762       46.0000   466       47.0000       45.0000 19312351    4.26%
  66980 42889       46.0000   468       47.0000       45.0000 19342091    4.26%
  67020 42923       46.0000   581       47.0000       45.0000 19363025    4.26%
  67057 42952       46.0000   620       47.0000       45.0000 19390859    4.26%
  67281 43122       46.0000   496       47.0000       45.0000 19449185    4.26%
  67335 43164       46.0000   617       47.0000       45.0000 19462452    4.26%
  67455 43251       46.0000   493       47.0000       45.0000 19475856    4.26%
Elapsed time = 8396.44 sec. (3761045.61 ticks, tree = 2158.46 MB, solutions = 12)
Nodefile size = 111.05 MB (92.99 MB after compression)
  67602 43372       46.0000   710       47.0000       45.0000 19512597    4.26%
  67674 43422       45.0000   398       47.0000       45.0000 19521278    4.26%
  67710 43451       46.0000   599       47.0000       45.0000 19529833    4.26%
  67842 43557       46.0000   718       47.0000       45.0000 19587007    4.26%
  67862 43573       46.0000   723       47.0000       45.0000 19599358    4.26%
  67902 43609       46.0000   746       47.0000       45.0000 19615178    4.26%
  67946 43645       46.0000   736       47.0000       45.0000 19626529    4.26%
  68014 43701       46.0000   612       47.0000       45.0000 19642679    4.26%
  68110 43779       46.0000   587       47.0000       45.0000 19664117    4.26%
  68380 43997       46.0000   634       47.0000       45.0000 19724792    4.26%
Elapsed time = 8501.25 sec. (3803506.53 ticks, tree = 2204.72 MB, solutions = 12)
Nodefile size = 156.75 MB (131.13 MB after compression)
  68424 44033       46.0000   588       47.0000       45.0000 19744672    4.26%
  68484 44085       46.0000   621       47.0000       45.0000 19766502    4.26%
  68548 44133        cutoff             47.0000       45.0000 19781119    4.26%
  68688 44249        cutoff             47.0000       45.0000 19802713    4.26%
  68798 44337       46.0000   712       47.0000       45.0000 19828720    4.26%
  68854 44384       46.0000   681       47.0000       45.0000 19849706    4.26%
  69123 44569       46.0000   546       47.0000       45.0000 19895117    4.26%
  69167 44603       46.0000   572       47.0000       45.0000 19905897    4.26%
  69211 44639       46.0000   636       47.0000       45.0000 19919660    4.26%
  69257 44673       46.0000   732       47.0000       45.0000 19932134    4.26%
Elapsed time = 8596.03 sec. (3844927.47 ticks, tree = 2234.59 MB, solutions = 12)
Nodefile size = 186.94 MB (156.29 MB after compression)
  69309 44721       46.0000   534       47.0000       45.0000 19941402    4.26%
  69377 44779       46.0000   527       47.0000       45.0000 19950027    4.26%
  69546 44909       45.0000   607       47.0000       45.0000 19986015    4.26%
  69602 44955       46.0000   597       47.0000       45.0000 20003114    4.26%
  69631 44974       46.0000   596       47.0000       45.0000 20018255    4.26%
  69707 45036       46.0000   543       47.0000       45.0000 20042853    4.26%
  69823 45127       46.0000   413       47.0000       45.0000 20081564    4.26%
  70121 45339       46.0000   562       47.0000       45.0000 20133527    4.26%
  70154 45366       46.0000   569       47.0000       45.0000 20142191    4.26%
  70208 45414       46.0000   667       47.0000       45.0000 20163366    4.26%
Elapsed time = 8710.91 sec. (3891998.13 ticks, tree = 2274.86 MB, solutions = 12)
Nodefile size = 226.96 MB (189.63 MB after compression)
  70228 45432       46.0000   629       47.0000       45.0000 20173448    4.26%
  70268 45472       46.0000   604       47.0000       45.0000 20184906    4.26%
  70368 45556       46.0000   539       47.0000       45.0000 20200364    4.26%
  70530 45684       46.0000   665       47.0000       45.0000 20250896    4.26%
  70617 45753       46.0000   708       47.0000       45.0000 20290921    4.26%
  70633 45767       46.0000   739       47.0000       45.0000 20304944    4.26%
  70687 45805       45.5000   613       47.0000       45.0000 20316055    4.26%
  70715 45827       46.0000   587       47.0000       45.0000 20321781    4.26%
  70759 45859       46.0000   553       47.0000       45.0000 20330183    4.26%
  70982 46032       46.0000   693       47.0000       45.0000 20401514    4.26%
Elapsed time = 8821.67 sec. (3939541.18 ticks, tree = 2310.91 MB, solutions = 12)
Nodefile size = 263.16 MB (219.80 MB after compression)
  70998 46044       46.0000   697       47.0000       45.0000 20410831    4.26%
  71034 46078       46.0000   789       47.0000       45.0000 20424411    4.26%
  71122 46150       46.0000   685       47.0000       45.0000 20438513    4.26%
  71294 46285       46.0000   563       47.0000       45.0000 20475677    4.26%
  71412 46373       46.0000   634       47.0000       45.0000 20508497    4.26%
  71550 46481       45.0000   610       47.0000       45.0000 20555895    4.26%
  71575 46506       46.0000   626       47.0000       45.0000 20565861    4.26%
  71631 46554       46.0000   600       47.0000       45.0000 20574386    4.26%
  71678 46593       46.0000   665       47.0000       45.0000 20582587    4.26%
  71702 46615       46.0000   603       47.0000       45.0000 20591266    4.26%
Elapsed time = 8910.98 sec. (3979400.86 ticks, tree = 2334.82 MB, solutions = 12)
Nodefile size = 287.52 MB (240.06 MB after compression)
  71750 46653       46.0000   605       47.0000       45.0000 20597544    4.26%
  71837 46722       46.0000   729       47.0000       45.0000 20627887    4.26%
  71971 46806       46.0000   735       47.0000       45.0000 20675856    4.26%
  71987 46814       46.0000   709       47.0000       45.0000 20688566    4.26%
  72015 46836       46.0000   799       47.0000       45.0000 20700630    4.26%
  72051 46862       46.0000   667       47.0000       45.0000 20714903    4.26%
  72147 46934       46.0000   708       47.0000       45.0000 20734550    4.26%
  72239 47006        cutoff             47.0000       45.0000 20756888    4.26%
  72753 47408       46.0000   599       47.0000       45.0000 20841022    4.26%
  72785 47430       46.0000   524       47.0000       45.0000 20848959    4.26%
Elapsed time = 9013.47 sec. (4022517.92 ticks, tree = 2382.55 MB, solutions = 12)
Nodefile size = 334.57 MB (279.23 MB after compression)
  72849 47484       46.0000   574       47.0000       45.0000 20864591    4.26%
  72885 47514       46.0000   592       47.0000       45.0000 20872040    4.26%
  73109 47705       45.5000   358       47.0000       45.0000 20918697    4.26%
  73364 47896       45.0000   668       47.0000       45.0000 20968460    4.26%
  73403 47925       46.0000   597       47.0000       45.0000 20982283    4.26%
  73436 47950       46.0000   703       47.0000       45.0000 20997723    4.26%
  73448 47962       46.0000   792       47.0000       45.0000 21008065    4.26%
  73452 47966       46.0000   777       47.0000       45.0000 21010483    4.26%
  73718 48194       46.0000   844       47.0000       45.0000 21121378    4.26%
  73726 48202       46.0000   774       47.0000       45.0000 21135154    4.26%
Elapsed time = 9138.64 sec. (4074547.18 ticks, tree = 2423.50 MB, solutions = 12)
Nodefile size = 376.29 MB (313.91 MB after compression)
  73734 48210       46.0000   704       47.0000       45.0000 21146195    4.26%
  73774 48236       46.0000   678       47.0000       45.0000 21161752    4.26%
  73818 48272       46.0000   721       47.0000       45.0000 21177345    4.26%
  73882 48320       46.0000   711       47.0000       45.0000 21190617    4.26%
  73962 48386       46.0000   589       47.0000       45.0000 21204381    4.26%
  74192 48556       45.5000   555       47.0000       45.0000 21250872    4.26%
  74256 48608       46.0000   540       47.0000       45.0000 21267970    4.26%
  74336 48672       46.0000   650       47.0000       45.0000 21284460    4.26%
  74460 48782       46.0000   575       47.0000       45.0000 21347539    4.26%
  74533 48847       46.0000   517       47.0000       45.0000 21370934    4.26%
Elapsed time = 9229.53 sec. (4114828.28 ticks, tree = 2441.37 MB, solutions = 12)
Nodefile size = 393.90 MB (328.54 MB after compression)
  74649 48953       46.0000   445       47.0000       45.0000 21409477    4.26%
  75053 49307       45.0000   402       47.0000       45.0000 21546661    4.26%
  75077 49327       46.0000   573       47.0000       45.0000 21570480    4.26%
  75113 49361       46.0000   529       47.0000       45.0000 21586126    4.26%
  75165 49407       46.0000   537       47.0000       45.0000 21605296    4.26%
  75273 49483       46.0000   430       47.0000       45.0000 21657374    4.26%
  75377 49567       45.5000   416       47.0000       45.0000 21711228    4.26%
  75449 49627       46.0000   416       47.0000       45.0000 21746487    4.26%
  75678 49820       46.0000   469       47.0000       45.0000 21851525    4.26%
  75945 50037       45.5000   398       47.0000       45.0000 21982430    4.26%
Elapsed time = 9376.05 sec. (4166156.31 ticks, tree = 2479.29 MB, solutions = 12)
Nodefile size = 431.94 MB (360.08 MB after compression)
  76222 50266       46.0000   371       47.0000       45.0000 22159613    4.26%
  76770 50694       45.0000   407       47.0000       45.0000 22441688    4.26%
  77136 51012       45.0000   508       47.0000       45.0000 22628821    4.26%
  77543 51349       46.0000   649       47.0000       45.0000 22878717    4.26%
  77698 51480       46.0000   509       47.0000       45.0000 22971742    4.26%
  78337 52034       46.0000   358       47.0000       45.0000 23334265    4.26%
  78897 52486       46.0000   550       47.0000       45.0000 23667987    4.26%
  79083 52634       46.0000   692       47.0000       45.0000 23773728    4.26%
  79821 53243       45.0000   446       47.0000       45.0000 24185792    4.26%
  80297 53643       46.0000   512       47.0000       45.0000 24463531    4.26%
Elapsed time = 9719.05 sec. (4322426.66 ticks, tree = 2559.67 MB, solutions = 12)
Nodefile size = 512.15 MB (426.15 MB after compression)
  80697 53974       46.0000   455       47.0000       45.0000 24675192    4.26%
  80874 54118       46.0000   225       47.0000       45.0000 24777251    4.26%
  80944 54177       46.0000   500       47.0000       45.0000 24824454    4.26%
  81451 54589       46.0000    26       47.0000       45.0000 25065471    4.26%
  81809 54888       46.0000   448       47.0000       45.0000 25271587    4.26%
  81952 55012       46.0000   471       47.0000       45.0000 25381419    4.26%
  82250 55256       46.0000   636       47.0000       45.0000 25597141    4.26%
  82471 55455       46.0000   214       47.0000       45.0000 25723915    4.26%
  82735 55663       46.0000   361       47.0000       45.0000 25899103    4.26%
  83009 55883       46.0000   385       47.0000       45.0000 26064962    4.26%
Elapsed time = 10125.09 sec. (4484771.88 ticks, tree = 2634.67 MB, solutions = 12)
Nodefile size = 587.28 MB (487.72 MB after compression)
  83113 55953       46.0000   717       47.0000       45.0000 26161938    4.26%
  83281 56092       46.0000   591       47.0000       45.0000 26254449    4.26%
  83654 56373       46.0000   503       47.0000       45.0000 26361804    4.26%
  83773 56476       46.0000   692       47.0000       45.0000 26416876    4.26%
  84027 56700       46.0000   480       47.0000       45.0000 26489599    4.26%
  84334 56951       46.0000   636       47.0000       45.0000 26607888    4.26%
  84448 57048       46.0000   545       47.0000       45.0000 26652275    4.26%
  84825 57350       46.0000   506       47.0000       45.0000 26745354    4.26%
  85066 57537       46.0000   507       47.0000       45.0000 26821840    4.26%
  85310 57745       46.0000   688       47.0000       45.0000 26950960    4.26%
Elapsed time = 10569.75 sec. (4659636.55 ticks, tree = 2727.26 MB, solutions = 12)
Nodefile size = 679.90 MB (563.45 MB after compression)
  85442 57865       46.0000   557       47.0000       45.0000 26979429    4.26%
  85698 58083       46.0000   660       47.0000       45.0000 27075960    4.26%
  85935 58266       45.5000   434       47.0000       45.0000 27131603    4.26%
  86095 58410       46.0000   468       47.0000       45.0000 27202462    4.26%
  86450 58709       46.0000   656       47.0000       45.0000 27362612    4.26%

Clique cuts applied:  40
Zero-half cuts applied:  12
Lift and project cuts applied:  1
Gomory fractional cuts applied:  36

Root node processing (before b&c):
  Real time             =   25.13 sec. (19287.09 ticks)
Parallel b&c, 4 threads:
  Real time             = 10776.94 sec. (4736733.10 ticks)
  Sync time (average)   =  394.67 sec.
  Wait time (average)   =  397.11 sec.
                          ------------
Total (root+branch&cut) = 10802.06 sec. (4756020.20 ticks)

Solution pool: 12 solutions saved.

MIP - Time limit exceeded, integer feasible:  Objective = 4.7000000000e+001
Current MIP best bound = 4.5000000000e+001 (gap = 2, 4.26%)
Solution time = 10802.08 sec.  Iterations = 27555018  Nodes = 86810 (58992)
Deterministic time = 4756020.25 ticks  (440.29 ticks/sec)


Incumbent solution written to file 'MakeSchedule.sol'.
Freeing branch-and-bound tree with 43795 nodes
18000 nodes freed
35000 nodes freed
