This is e-pTeX, Version 3.14159265-p3.7-160201-2.6 (sjis) (TeX Live 2016/W32TeX) (preloaded format=platex 2016.5.15)  9 FEB 2017 22:08
entering extended mode
 restricted \write18 enabled.
 %&-line parsing enabled.
**./soturonn_all.tex
(./soturonn_all.tex
pLaTeX2e <2016/05/07> (based on LaTeX2e <2016/03/31>)
Babel <3.9r> and hyphenation patterns for 83 language(s) loaded.
(c:/ptex/share/texmf/tex/platex/base/jarticle.cls
Document Class: jarticle 2006/06/27 v1.6 Standard pLaTeX class
\c@@paper=\count81
(c:/ptex/share/texmf/tex/latex/base/fleqn.clo
File: fleqn.clo 2015/03/31 v1.1i Standard LaTeX option (flush left equations)
\mathindent=\dimen118
Applying: [2015/01/01] Make \[ robust on input line 50.
LaTeX Info: Redefining \[ on input line 51.
Already applied: [0000/00/00] Make \[ robust on input line 62.
Applying: [2015/01/01] Make \] robust on input line 74.
LaTeX Info: Redefining \] on input line 75.
Already applied: [0000/00/00] Make \] robust on input line 83.
)
(c:/ptex/share/texmf/tex/platex/base/jsize12.clo
File: jsize12.clo 2006/06/27 v1.6 Standard pLaTeX file (size option)
)
\c@part=\count82
\c@section=\count83
\c@subsection=\count84
\c@subsubsection=\count85
\c@paragraph=\count86
\c@subparagraph=\count87
\c@figure=\count88
\c@table=\count89
\abovecaptionskip=\skip41
\belowcaptionskip=\skip42
\symmincho=\mathgroup4
LaTeX Font Info:    Overwriting symbol font `mincho' in version `bold'
(Font)                  JY1/mc/m/n --> JY1/gt/m/n on input line 593.
\toclineskip=\dimen119
\@lnumwidth=\dimen120
\bibindent=\dimen121
\heisei=\count90
)
(c:/ptex/share/texmf/tex/latex/amsmath/amsmath.sty
Package: amsmath 2016/03/10 v2.15b AMS math features
\@mathmargin=\skip43

For additional information on amsmath, use the `?' option.
(c:/ptex/share/texmf/tex/latex/amsmath/amstext.sty
Package: amstext 2000/06/29 v2.01 AMS text

(c:/ptex/share/texmf/tex/latex/amsmath/amsgen.sty
File: amsgen.sty 1999/11/30 v2.0 generic functions
\@emptytoks=\toks15
\ex@=\dimen122
))
(c:/ptex/share/texmf/tex/latex/amsmath/amsbsy.sty
Package: amsbsy 1999/11/29 v1.2d Bold Symbols
\pmbraise@=\dimen123
)
(c:/ptex/share/texmf/tex/latex/amsmath/amsopn.sty
Package: amsopn 2016/03/08 v2.02 operator names
)
\inf@bad=\count91
LaTeX Info: Redefining \frac on input line 199.
\uproot@=\count92
\leftroot@=\count93
LaTeX Info: Redefining \overline on input line 297.
\classnum@=\count94
\DOTSCASE@=\count95
LaTeX Info: Redefining \ldots on input line 394.
LaTeX Info: Redefining \dots on input line 397.
LaTeX Info: Redefining \cdots on input line 518.
\Mathstrutbox@=\box41
\strutbox@=\box42
\big@size=\dimen124
LaTeX Font Info:    Redeclaring font encoding OML on input line 634.
LaTeX Font Info:    Redeclaring font encoding OMS on input line 635.
\macc@depth=\count96
\c@MaxMatrixCols=\count97
\dotsspace@=\muskip10
\c@parentequation=\count98
\dspbrk@lvl=\count99
\tag@help=\toks16
\row@=\count100
\column@=\count101
\maxfields@=\count102
\andhelp@=\toks17
\eqnshift@=\dimen125
\alignsep@=\dimen126
\tagshift@=\dimen127
\tagwidth@=\dimen128
\totwidth@=\dimen129
\lineht@=\dimen130
\@envbody=\toks18
\multlinegap=\skip44
\multlinetaggap=\skip45
\mathdisplay@stack=\toks19
LaTeX Info: Redefining \[ on input line 2739.
LaTeX Info: Redefining \] on input line 2740.
)
(c:/ptex/share/texmf/tex/latex/amsfonts/amsfonts.sty
Package: amsfonts 2013/01/14 v3.01 Basic AMSFonts support
\symAMSa=\mathgroup5
\symAMSb=\mathgroup6
LaTeX Font Info:    Overwriting math alphabet `\mathfrak' in version `bold'
(Font)                  U/euf/m/n --> U/euf/b/n on input line 106.
)
(c:/ptex/share/texmf/tex/platex/base/ascmac.sty
Package: ascmac 2016/04/15 v2.0b ascmac wrapper (community edition) 

(c:/ptex/share/texmf/tex/platex/base/tascmac.sty
Package: tascmac 2016/04/15 v2.0b ascmac package (community edition) 
\@savetbaselineshift=\dimen131
\@saveybaselineshift=\dimen132
\scb@x=\box43
\scscb@x=\box44
\@bw=\dimen133
\@nbox=\box45
\@nbody=\box46
\@scw=\dimen134
\@itemh=\dimen135
\@iboxpos=\toks20
\@iboxstr=\box47
\@bwsp=\box48
\@@bwsp=\box49
\@bcal=\count103
\shaderule=\dimen136
))
(c:/ptex/share/texmf/tex/latex/hyperref/hyperref.sty
Package: hyperref 2016/05/05 v6.83n Hypertext links for LaTeX

(c:/ptex/share/texmf/tex/generic/oberdiek/hobsub-hyperref.sty
Package: hobsub-hyperref 2012/05/28 v1.13 Bundle oberdiek, subset hyperref (HO)


(c:/ptex/share/texmf/tex/generic/oberdiek/hobsub-generic.sty
Package: hobsub-generic 2012/05/28 v1.13 Bundle oberdiek, subset generic (HO)
Package: hobsub 2012/05/28 v1.13 Construct package bundles (HO)
Package: infwarerr 2010/04/08 v1.3 Providing info/warning/error messages (HO)
Package: ltxcmds 2011/11/09 v1.22 LaTeX kernel commands for general use (HO)
Package: ifluatex 2010/03/01 v1.3 Provides the ifluatex switch (HO)
Package ifluatex Info: LuaTeX not detected.
Package: ifvtex 2010/03/01 v1.5 Detect VTeX and its facilities (HO)
Package ifvtex Info: VTeX not detected.
Package: intcalc 2007/09/27 v1.1 Expandable calculations with integers (HO)
Package: ifpdf 2016/05/14 v3.1 Provides the ifpdf switch
Package: etexcmds 2011/02/16 v1.5 Avoid name clashes with e-TeX commands (HO)
Package etexcmds Info: Could not find \expanded.
(etexcmds)             That can mean that you are not using pdfTeX 1.50 or
(etexcmds)             that some package has redefined \expanded.
(etexcmds)             In the latter case, load this package earlier.
Package: kvsetkeys 2012/04/25 v1.16 Key value parser (HO)
Package: kvdefinekeys 2011/04/07 v1.3 Define keys (HO)
Package: pdftexcmds 2016/05/10 v0.21 Utility functions of pdfTeX for LuaTeX (HO
)
Package pdftexcmds Info: LuaTeX not detected.
Package pdftexcmds Info: pdfTeX >= 1.30 not detected.
Package pdftexcmds Info: \pdf@primitive is available.
Package pdftexcmds Info: \pdf@ifprimitive is available.
Package pdftexcmds Info: \pdfdraftmode not found.
Package: pdfescape 2011/11/25 v1.13 Implements pdfTeX's escape features (HO)
Package: bigintcalc 2012/04/08 v1.3 Expandable calculations on big integers (HO
)
Package: bitset 2011/01/30 v1.1 Handle bit-vector datatype (HO)
Package: uniquecounter 2011/01/30 v1.2 Provide unlimited unique counter (HO)
)
Package hobsub Info: Skipping package `hobsub' (already loaded).
Package: letltxmacro 2010/09/02 v1.4 Let assignment for LaTeX macros (HO)
Package: hopatch 2012/05/28 v1.2 Wrapper for package hooks (HO)
Package: xcolor-patch 2011/01/30 xcolor patch
Package: atveryend 2011/06/30 v1.8 Hooks at the very end of document (HO)
Package atveryend Info: \enddocument detected (standard20110627).
Package: atbegshi 2011/10/05 v1.16 At begin shipout hook (HO)
Package: refcount 2011/10/16 v3.4 Data extraction from label references (HO)
Package: hycolor 2011/01/30 v1.7 Color options for hyperref/bookmark (HO)
)
(c:/ptex/share/texmf/tex/latex/graphics/keyval.sty
Package: keyval 2014/10/28 v1.15 key=value parser (DPC)
\KV@toks@=\toks21
)
(c:/ptex/share/texmf/tex/generic/ifxetex/ifxetex.sty
Package: ifxetex 2010/09/12 v0.6 Provides ifxetex conditional
)
(c:/ptex/share/texmf/tex/latex/oberdiek/auxhook.sty
Package: auxhook 2011/03/04 v1.3 Hooks for auxiliary files (HO)
)
(c:/ptex/share/texmf/tex/latex/oberdiek/kvoptions.sty
Package: kvoptions 2011/06/30 v3.11 Key value format for package options (HO)
)
\@linkdim=\dimen137
\Hy@linkcounter=\count104
\Hy@pagecounter=\count105

(c:/ptex/share/texmf/tex/latex/hyperref/pd1enc.def
File: pd1enc.def 2016/05/05 v6.83n Hyperref: PDFDocEncoding definition (HO)
)
\Hy@SavedSpaceFactor=\count106

(c:/ptex/share/texmf/tex/latex/config/hyperref.cfg
File: hyperref.cfg 2002/06/06 v1.2 hyperref configuration of TeXLive
)
Package hyperref Info: Hyper figures OFF on input line 4446.
Package hyperref Info: Link nesting OFF on input line 4451.
Package hyperref Info: Hyper index ON on input line 4454.
Package hyperref Info: Plain pages OFF on input line 4461.
Package hyperref Info: Backreferencing OFF on input line 4466.
Package hyperref Info: Implicit mode ON; LaTeX internals redefined.
Package hyperref Info: Bookmarks ON on input line 4691.
\c@Hy@tempcnt=\count107

(c:/ptex/share/texmf/tex/latex/url/url.sty
\Urlmuskip=\muskip11
Package: url 2013/09/16  ver 3.4  Verb mode for urls, etc.
)
LaTeX Info: Redefining \url on input line 5044.
\XeTeXLinkMargin=\dimen138
\Fld@menulength=\count108
\Field@Width=\dimen139
\Fld@charsize=\dimen140
Package hyperref Info: Hyper figures OFF on input line 6298.
Package hyperref Info: Link nesting OFF on input line 6303.
Package hyperref Info: Hyper index ON on input line 6306.
Package hyperref Info: backreferencing OFF on input line 6313.
Package hyperref Info: Link coloring OFF on input line 6318.
Package hyperref Info: Link coloring with OCG OFF on input line 6323.
Package hyperref Info: PDF/A mode OFF on input line 6328.
LaTeX Info: Redefining \ref on input line 6368.
LaTeX Info: Redefining \pageref on input line 6372.
\Hy@abspage=\count109
\c@Item=\count110
\c@Hfootnote=\count111
)

Package hyperref Message: Driver: hdvipdfm.

(c:/ptex/share/texmf/tex/latex/hyperref/hdvipdfm.def
File: hdvipdfm.def 2016/05/05 v6.83n Hyperref driver for dvipdfm
\pdfm@box=\box50
\c@Hy@AnnotLevel=\count112
\HyField@AnnotCount=\count113
\Fld@listcount=\count114
\c@bookmark@seq@number=\count115

(c:/ptex/share/texmf/tex/latex/oberdiek/rerunfilecheck.sty
Package: rerunfilecheck 2011/04/15 v1.7 Rerun checks for auxiliary files (HO)
Package uniquecounter Info: New unique counter `rerunfilecheck' on input line 2
82.
)
\Hy@SectionHShift=\skip46
)
(c:/ptex/share/texmf/tex/latex/comment/comment.sty
\CommentStream=\write3
 Excluding comment 'comment') (c:/ptex/share/texmf/tex/latex/graphics/graphicx.
sty
Package: graphicx 2014/10/28 v1.0g Enhanced LaTeX Graphics (DPC,SPQR)

(c:/ptex/share/texmf/tex/latex/graphics/graphics.sty
Package: graphics 2016/05/09 v1.0r Standard LaTeX Graphics (DPC,SPQR)

(c:/ptex/share/texmf/tex/latex/graphics/trig.sty
Package: trig 2016/01/03 v1.10 sin cos tan (DPC)
)
(c:/ptex/share/texmf/tex/latex/graphics-cfg/graphics.cfg
File: graphics.cfg 2016/01/02 v1.10 sample graphics configuration
)
Package graphics Info: Driver file: dvipdfmx.def on input line 96.

(c:/ptex/share/texmf/tex/latex/dvipdfmx-def/dvipdfmx.def
File: dvipdfmx.def 2016/04/06 v4.08 LaTeX color/graphics driver for dvipdfmx (T
eX Live/ChoF)
))
\Gin@req@height=\dimen141
\Gin@req@width=\dimen142
)
(c:/ptex/share/texmf/tex/latex/tools/array.sty
Package: array 2014/10/28 v2.4c Tabular extension package (FMi)
\col@sep=\dimen143
\extrarowheight=\dimen144
\NC@list=\toks22
\extratabsurround=\skip47
\backup@length=\skip48
)
(c:/ptex/share/texmf/tex/latex/booktabs/booktabs.sty
Package: booktabs 2016/04/27 v1.618033 publication quality tables
\heavyrulewidth=\dimen145
\lightrulewidth=\dimen146
\cmidrulewidth=\dimen147
\belowrulesep=\dimen148
\belowbottomsep=\dimen149
\aboverulesep=\dimen150
\abovetopsep=\dimen151
\cmidrulesep=\dimen152
\cmidrulekern=\dimen153
\defaultaddspace=\dimen154
\@cmidla=\count116
\@cmidlb=\count117
\@aboverulesep=\dimen155
\@belowrulesep=\dimen156
\@thisruleclass=\count118
\@lastruleclass=\count119
\@thisrulewidth=\dimen157
)
(c:/ptex/share/texmf/tex/latex/fancybox/fancybox.sty
Package: fancybox 2010/05/15 1.4

Style option: `fancybox' v1.4 <2010/05/15> (tvz)
\@fancybox=\box51
\shadowsize=\dimen158
\@Sbox=\box52
\do@VerbBox=\toks23
\the@fancyput=\toks24
\this@fancyput=\toks25
\EndVerbatimTokens=\toks26
\Verbatim@Outfile=\write4
\Verbatim@Infile=\read1
) (c:/ptex/share/texmf/tex/latex/here/here.sty)
(c:/ptex/share/texmf/tex/latex/float/float.sty
Package: float 2001/11/08 v1.3d Float enhancements (AL)
\c@float@type=\count120
\float@exts=\toks27
\float@box=\box53
\@float@everytoks=\toks28
\@floatcapt=\box54
)
(c:/ptex/share/texmf/tex/latex/slashbox/slashbox.sty
slashbox style by K.Yasuoka, May 1993.
\@slashboxa=\box55
\@slashboxb=\box56
\@slashboxc=\box57
\@slashboxwd=\count121
\@slashboxht=\count122
\@slashsepl=\dimen159
\@slashsepr=\dimen160
) (./soturonn_all.aux)
\openout1 = `soturonn_all.aux'.

LaTeX Font Info:    Checking defaults for OML/cmm/m/it on input line 33.
LaTeX Font Info:    ... okay on input line 33.
LaTeX Font Info:    Checking defaults for T1/cmr/m/n on input line 33.
LaTeX Font Info:    ... okay on input line 33.
LaTeX Font Info:    Checking defaults for OT1/cmr/m/n on input line 33.
LaTeX Font Info:    ... okay on input line 33.
LaTeX Font Info:    Checking defaults for OMS/cmsy/m/n on input line 33.
LaTeX Font Info:    ... okay on input line 33.
LaTeX Font Info:    Checking defaults for OMX/cmex/m/n on input line 33.
LaTeX Font Info:    ... okay on input line 33.
LaTeX Font Info:    Checking defaults for U/cmr/m/n on input line 33.
LaTeX Font Info:    ... okay on input line 33.
LaTeX Font Info:    Checking defaults for JY1/mc/m/n on input line 33.
LaTeX Font Info:    ... okay on input line 33.
LaTeX Font Info:    Checking defaults for JT1/mc/m/n on input line 33.
LaTeX Font Info:    ... okay on input line 33.
LaTeX Font Info:    Checking defaults for PD1/pdf/m/n on input line 33.
LaTeX Font Info:    ... okay on input line 33.
\AtBeginShipoutBox=\box58
Package hyperref Info: Link coloring OFF on input line 33.
 (c:/ptex/share/texmf/tex/latex/hyperref/nameref.sty
Package: nameref 2012/10/27 v2.43 Cross-referencing by name of section

(c:/ptex/share/texmf/tex/generic/oberdiek/gettitlestring.sty
Package: gettitlestring 2010/12/03 v1.4 Cleanup title references (HO)
)
\c@section@level=\count123
)
LaTeX Info: Redefining \ref on input line 33.
LaTeX Info: Redefining \pageref on input line 33.
LaTeX Info: Redefining \nameref on input line 33.

(./soturonn_all.out) (./soturonn_all.out)
\@outlinefile=\write5
\openout5 = `soturonn_all.out'.

LaTeX Font Info:    Font shape `JT1/mc/bx/n' in size <17.28> not available
(Font)              Font shape `JT1/gt/m/n' tried instead on input line 43.
LaTeX Font Info:    Font shape `JY1/mc/bx/n' in size <17.28> not available
(Font)              Font shape `JY1/gt/m/n' tried instead on input line 43.
LaTeX Font Info:    Font shape `JT1/mc/bx/n' in size <14.4> not available
(Font)              Font shape `JT1/gt/m/n' tried instead on input line 47.
LaTeX Font Info:    Font shape `JY1/mc/bx/n' in size <14.4> not available
(Font)              Font shape `JY1/gt/m/n' tried instead on input line 47.
 [1

] (./soturonn_all.toc
LaTeX Font Info:    Font shape `JT1/mc/bx/n' in size <12> not available
(Font)              Font shape `JT1/gt/m/n' tried instead on input line 1.
LaTeX Font Info:    Font shape `JY1/mc/bx/n' in size <12> not available
(Font)              Font shape `JY1/gt/m/n' tried instead on input line 1.
LaTeX Font Info:    Try loading font information for U+msa on input line 3.

(c:/ptex/share/texmf/tex/latex/amsfonts/umsa.fd
File: umsa.fd 2013/01/14 v3.01 AMS symbols A
)
LaTeX Font Info:    Try loading font information for U+msb on input line 3.

(c:/ptex/share/texmf/tex/latex/amsfonts/umsb.fd
File: umsb.fd 2013/01/14 v3.01 AMS symbols B
))
\tf@toc=\write6
\openout6 = `soturonn_all.toc'.

 [1]
LaTeX Font Info:    Try loading font information for OMS+cmr on input line 72.

(c:/ptex/share/texmf/tex/latex/base/omscmr.fd
File: omscmr.fd 2014/09/29 v2.5h Standard LaTeX font definitions
)
LaTeX Font Info:    Font shape `OMS/cmr/m/n' in size <12> not available
(Font)              Font shape `OMS/cmsy/m/n' tried instead on input line 72.
 [1]
Excluding 'comment' comment. [2] [3] [4]
File: nettowa-ku.pdf Graphic file (type pdf)
 <nettowa-ku.pdf>
File: ./zikuukan_zu.pdf Graphic file (type pdf)
 <./zikuukan_zu.pdf>
[5] [6] [7]
Overfull \hbox (2.77661pt too wide) in paragraph at lines 289--293
[]\JY1/mc/m/n/12 式 \OT1/cmr/m/n/12 ([]2[]) \JY1/mc/m/n/12 を理解するために具体
例を考える ： $\OML/cmm/m/it/12 V \OT1/cmr/m/n/12 := \OMS/cmsy/m/n/12 f\OML/cmm
/m/it/12 v[]; v[]; [] ; v[]\OMS/cmsy/m/n/12 g\OML/cmm/m/it/12 ; L \OT1/cmr/m/n/
12 := \OMS/cmsy/m/n/12 f\OT1/cmr/m/n/12 0\OML/cmm/m/it/12 ; \OT1/cmr/m/n/12 1\O
ML/cmm/m/it/12 ; [] ; t\OMS/cmsy/m/n/12 g\OML/cmm/m/it/12 ; P \OT1/cmr/m/n/12 :
=
 []

File: seiyaku2.pdf Graphic file (type pdf)
<seiyaku2.pdf> [8]
File: seiyaku3.pdf Graphic file (type pdf)
 <seiyaku3.pdf> [9]
File: seiyaku5.pdf Graphic file (type pdf)
 <seiyaku5.pdf>
File: seiyaku6.pdf Graphic file (type pdf)
 <seiyaku6.pdf> [10]
[11] [12] [13] [14]
File: umedamap.png Graphic file (type bmp)
 <umedamap.png>
File: zikken1_settizyunzyo_map.pdf Graphic file (type pdf)
 <zikken1_settizyunzyo_map.pdf> [15] [16]
File: zikkenn2_settizyunzyo_team4_map.pdf Graphic file (type pdf)

<zikkenn2_settizyunzyo_team4_map.pdf> [17] [18]
File: zikkenn2_settizyunzyo_team5_map.pdf Graphic file (type pdf)

<zikkenn2_settizyunzyo_team5_map.pdf> [19]
File: zikkenn2_settizyunzyo_team7_map.pdf Graphic file (type pdf)

<zikkenn2_settizyunzyo_team7_map.pdf> [20] [21]
File: 60_without_team_gurahu.pdf Graphic file (type pdf)
 <60_without_team_gurahu.pdf>
[22]
File: zikken3_settizyunzyo_settikaisi50_map.pdf Graphic file (type pdf)
 <zikken3_settizyunzyo_settikaisi50_map.pdf> [23]
File: zikken3_settizyunzyo_settikaisi70_map.pdf Graphic file (type pdf)

<zikken3_settizyunzyo_settikaisi70_map.pdf> [24] [25]
File: 60_without_settikaisi_gurahu.pdf Graphic file (type pdf)

<60_without_settikaisi_gurahu.pdf> [26]
File: zikken4_settizyunzyo_idousokudo50_map.pdf Graphic file (type pdf)

<zikken4_settizyunzyo_idousokudo50_map.pdf> [27] [28]
File: zikken4_settizyunzyo_idousokudo60_map.pdf Graphic file (type pdf)

<zikken4_settizyunzyo_idousokudo60_map.pdf> [29]
File: zikken4_settizyunzyo_idousokudo72_map.pdf Graphic file (type pdf)

<zikken4_settizyunzyo_idousokudo72_map.pdf> [30] [31]
File: 60_without_idousokudo_gurahu.pdf Graphic file (type pdf)

<60_without_idousokudo_gurahu.pdf> [32]
File: zikken5_settizyunzyo_settizikan5_map.pdf Graphic file (type pdf)

<zikken5_settizyunzyo_settizikan5_map.pdf> [33] [34] [35] [36] [37]
Underfull \hbox (badness 10000) in paragraph at lines 1310--1311
[]\JY1/mc/m/n/12 一般社団法人 ， 中部地域づくり協会 ， 平成 $\OT1/cmr/m/n/12 20
$ \JY1/mc/m/n/12 年 $\OT1/cmr/m/n/12 8$ \JY1/mc/m/n/12 月末豪雨
 []


Underfull \hbox (badness 7133) in paragraph at lines 1310--1311
\OT1/cmtt/m/n/12 http://www.ckk.or.jp/saigai/2012/208-11/208.html\OT1/cmr/m/n/1
2 ($2017$ \JY1/mc/m/n/12 年 $\OT1/cmr/m/n/12 2$ \JY1/mc/m/n/12 月 $\OT1/cmr/m/n
/12 9$ \JY1/mc/m/n/12 日
 []


Underfull \hbox (badness 1024) in paragraph at lines 1311--1312
[]\JY1/mc/m/n/12 国土交通省 ， 気象庁 ・ アメダスで見た短時間強雨発生回数の長期
変化について
 []


Overfull \hbox (32.03368pt too wide) in paragraph at lines 1314--1315
[]\OT1/cmtt/m/n/12 http://www.bousai.go.jp/kaigirep/chuobou/senmon/shutohinan/p
df/shiryo_1.pdf
 []

[38]
Overfull \hbox (108.57622pt too wide) in paragraph at lines 1319--1320
[]\JY1/mc/m/n/12 平成 $\OT1/cmr/m/n/12 12$ \JY1/mc/m/n/12 年 $\OT1/cmr/m/n/12 9
$ \JY1/mc/m/n/12 月の東海豪雨災害について \OT1/cmtt/m/n/12 http://www.giroj.or.
jp/disclosure/risk/risk58-1.pdf\OT1/cmr/m/n/12 ($2017$
 []

[39] [40]
Package atveryend Info: Empty hook `BeforeClearDocument' on input line 1387.
 [41]
Package atveryend Info: Empty hook `AfterLastShipout' on input line 1387.
 (./soturonn_all.aux)
Package atveryend Info: Empty hook `AtVeryEndDocument' on input line 1387.
Package atveryend Info: Executing hook `AtEndAfterFileList' on input line 1387.

Package rerunfilecheck Info: File `soturonn_all.out' has not changed.
(rerunfilecheck)             Checksum: 5F2DD0996E463E63278DA9D758042459;1452.
Package atveryend Info: Empty hook `AtVeryVeryEnd' on input line 1387.
 ) 
Here is how much of TeX's memory you used:
 5965 strings out of 493693
 86622 string characters out of 6151665
 184755 words of memory out of 5000000
 9407 multiletter control sequences out of 15000+600000
 16339 words of font info for 66 fonts, out of 8000000 for 9000
 929 hyphenation exceptions out of 8191
 29i,13n,28p,601b,472s stack positions out of 5000i,500n,10000p,500000b,80000s

Output written on soturonn_all.dvi (43 pages, 111324 bytes).
