\BOOKMARK [1][-]{section.1}{はじめに}{}% 1
\BOOKMARK [1][-]{section.2}{準備}{}% 2
\BOOKMARK [2][-]{subsection.2.1}{数理計画問題}{section.2}% 3
\BOOKMARK [2][-]{subsection.2.2}{ダイクストラ法}{section.2}% 4
\BOOKMARK [2][-]{subsection.2.3}{最適化ソルバ}{section.2}% 5
\BOOKMARK [1][-]{section.3}{研究の背景と目的}{}% 6
\BOOKMARK [2][-]{subsection.3.1}{背景}{section.3}% 7
\BOOKMARK [2][-]{subsection.3.2}{本研究の目的}{section.3}% 8
\BOOKMARK [1][-]{section.4}{止水板最適設置問題の定式化}{}% 9
\BOOKMARK [2][-]{subsection.4.1}{本研究の概要}{section.4}% 10
\BOOKMARK [2][-]{subsection.4.2}{本研究で扱うネットワーク}{section.4}% 11
\BOOKMARK [2][-]{subsection.4.3}{定式化}{section.4}% 12
\BOOKMARK [3][-]{subsubsection.4.3.1}{集合・パラメータ・変数}{subsection.4.3}% 13
\BOOKMARK [3][-]{subsubsection.4.3.2}{制約条件}{subsection.4.3}% 14
\BOOKMARK [3][-]{subsubsection.4.3.3}{目的関数}{subsection.4.3}% 15
\BOOKMARK [1][-]{section.5}{数値実験}{}% 16
\BOOKMARK [2][-]{subsection.5.1}{計算環境}{section.5}% 17
\BOOKMARK [2][-]{subsection.5.2}{実験 1}{section.5}% 18
\BOOKMARK [2][-]{subsection.5.3}{実験 2}{section.5}% 19
\BOOKMARK [2][-]{subsection.5.4}{実験 3}{section.5}% 20
\BOOKMARK [2][-]{subsection.5.5}{実験 4}{section.5}% 21
\BOOKMARK [2][-]{subsection.5.6}{実験 5}{section.5}% 22
\BOOKMARK [2][-]{subsection.5.7}{まとめ}{section.5}% 23
\BOOKMARK [1][-]{section.6}{おわりに}{}% 24
\BOOKMARK [1][-]{appendix.A}{本研究で作成したモデルファイル}{}% 25
