
Gurobi 7.0.1 (win64) logging started 12/06/17 13:42:44

Set parameter TimeLimit to value 86400
Set parameter Threads to value 4

Gurobi Optimizer version 7.0.1 build v7.0.1rc0 (win64)
Copyright (c) 2016, Gurobi Optimization, Inc.

Read LP format model from file whity.lp
Reading time = 0.03 seconds
Objective: 4428 rows, 1631 columns, 20796 nonzeros
Optimize a model with 4428 rows, 1631 columns and 20796 nonzeros
Variable types: 36 continuous, 1595 integer (0 binary)
Coefficient statistics:
  Matrix range     [7e-01, 5e+02]
  Objective range  [1e+00, 1e+00]
  Bounds range     [1e+00, 1e+00]
  RHS range        [1e+00, 5e+02]
Presolve removed 1832 rows and 268 columns
Presolve time: 0.10s
Presolved: 2596 rows, 1363 columns, 10248 nonzeros
Variable types: 21 continuous, 1342 integer (1342 binary)
Found heuristic solution: objective 405.9090909

Root relaxation: objective 0.000000e+00, 819 iterations, 0.03 seconds

    Nodes    |    Current Node    |     Objective Bounds      |     Work
 Expl Unexpl |  Obj  Depth IntInf | Incumbent    BestBd   Gap | It/Node Time

     0     0    0.00000    0   50  405.90909    0.00000   100%     -    0s
H    0     0                     239.7878788    0.00000   100%     -    0s
     0     0    0.25795    0  119  239.78788    0.25795   100%     -    0s
H    0     0                     178.9090909    0.25795   100%     -    0s
     0     0    8.58520    0   74  178.90909    8.58520  95.2%     -    0s
     0     0    8.72592    0   81  178.90909    8.72592  95.1%     -    0s
     0     0   15.64915    0   88  178.90909   15.64915  91.3%     -    1s
H    0     0                     171.6363636   15.64915  90.9%     -    1s
     0     0   17.94970    0   87  171.63636   17.94970  89.5%     -    1s
     0     0   20.54917    0  128  171.63636   20.54917  88.0%     -    1s
     0     0   20.81542    0  120  171.63636   20.81542  87.9%     -    1s
     0     0   22.94583    0  151  171.63636   22.94583  86.6%     -    1s
     0     0   23.70563    0  140  171.63636   23.70563  86.2%     -    1s
     0     0   26.02378    0  135  171.63636   26.02378  84.8%     -    1s
     0     0   26.06121    0  148  171.63636   26.06121  84.8%     -    1s
     0     0   26.66273    0  128  171.63636   26.66273  84.5%     -    1s
H    0     0                     158.3030303   26.66273  83.2%     -    1s
     0     0   26.75068    0  137  158.30303   26.75068  83.1%     -    1s
     0     0   27.78990    0  153  158.30303   27.78990  82.4%     -    1s
     0     0   27.89229    0  144  158.30303   27.89229  82.4%     -    1s
     0     0   28.57422    0  147  158.30303   28.57422  81.9%     -    1s
     0     0   28.73443    0  172  158.30303   28.73443  81.8%     -    1s
     0     0   29.15614    0  140  158.30303   29.15614  81.6%     -    1s
     0     0   29.20393    0  158  158.30303   29.20393  81.6%     -    1s
     0     0   29.82537    0  174  158.30303   29.82537  81.2%     -    1s
     0     0   29.97836    0  160  158.30303   29.97836  81.1%     -    2s
     0     0   30.37714    0  150  158.30303   30.37714  80.8%     -    2s
     0     0   30.44371    0  169  158.30303   30.44371  80.8%     -    2s
     0     0   30.52409    0  178  158.30303   30.52409  80.7%     -    2s
     0     0   30.52409    0  178  158.30303   30.52409  80.7%     -    2s
     0     2   30.52409    0  178  158.30303   30.52409  80.7%     -    2s
   394   289  101.88955   10   73  158.30303   33.35445  78.9%   101    5s
*  637   407              27     157.5151515   36.21620  77.0%  94.1    5s
  1069   617   93.49392   21  193  157.51515   38.35598  75.6%  81.5   10s
  1087   629   56.60969   26  259  157.51515   38.35598  75.6%  80.1   15s
  1153   671   38.35598   18  166  157.51515   38.35598  75.6%   110   20s
H 1369   728                     152.1515152   38.35598  74.8%   126   24s
  1385   739   52.33421   30  109  152.15152   38.35598  74.8%   126   25s
  2767  1137  123.08125   47   95  152.15152   48.89704  67.9%   111   30s
  4521  2016  119.96363   40   63  152.15152   56.27766  63.0%  94.3   35s
  6390  2921  145.84983   41   51  152.15152   62.07926  59.2%  86.2   40s
  8292  3780  119.07575   26  108  152.15152   68.27573  55.1%  82.0   45s
 10591  4584  146.47388   25   60  152.15152   73.48447  51.7%  77.1   50s
 12724  5233   96.02331   32  102  152.15152   81.88175  46.2%  74.4   55s
H14340  5924                     152.0909091   86.56695  43.1%  72.4   59s
H14341  5848                     149.0606061   86.70248  41.8%  72.4   59s
 14381  5824  119.09048   25   47  149.06061   87.20288  41.5%  72.3   60s
 17346  7160  129.37429   42   98  149.06061   94.55073  36.6%  69.7   65s
 20149  8244     cutoff   72       149.06061   99.10530  33.5%  67.4   70s
 20869  8475  124.51421   24   93  149.06061  100.45012  32.6%  66.9   96s
*22820  9073              35     148.6363636  102.63526  30.9%  65.5   99s
 23309  9244  134.30498   41   76  148.63636  103.34243  30.5%  65.2  100s
 26094  9821     cutoff   28       148.63636  106.22255  28.5%  63.7  105s
*26147  9777              33     148.0909091  106.22255  28.3%  63.6  105s
*26148  9566              34     146.0606061  106.22255  27.3%  63.6  105s
 29441 10024  144.09045   35   69  146.06061  109.93713  24.7%  62.2  110s
 32675 10336  122.76313   37   91  146.06061  113.03237  22.6%  61.0  115s
 35671 10372  129.35115   40   90  146.06061  115.91160  20.6%  60.2  120s
 38506 10193  140.43496   41   38  146.06061  118.37928  19.0%  59.8  125s
 41478  9844     cutoff   31       146.06061  121.32909  16.9%  59.3  130s
 44567  9277  128.25179   40   64  146.06061  124.11481  15.0%  58.8  135s
 47760  8394     cutoff   34       146.06061  127.08448  13.0%  58.4  140s
 51116  7107     cutoff   31       146.06061  130.26898  10.8%  57.8  145s
 54588  5281     cutoff   52       146.06061  133.68940  8.47%  57.2  150s
*56882  3795              38     146.0000000  136.10754  6.78%  56.7  152s
 57046  3655     cutoff   41       146.00000  136.23334  6.69%  56.7  155s

Cutting planes:
  Gomory: 3
  Implied bound: 106
  MIR: 109
  Flow cover: 74
  Zero half: 15

Explored 61487 nodes (3360607 simplex iterations) in 158.84 seconds
Thread count was 4 (of 20 available processors)

Solution count 10: 146 146.061 148.091 ... 171.636
Pool objective bound 146

Optimal solution found (tolerance 1.00e-04)
Best objective 1.460000000000e+02, best bound 1.460000000000e+02, gap 0.0000%

Wrote result file 'whity.sol'

