
Log started (V12.6.1.0) Wed Feb 07 00:04:11 2018

New value for time limit in seconds: 10800
New value for default parallel thread count: 1
Tried aggregator 3 times.
MIP Presolve eliminated 18122 rows and 1298 columns.
MIP Presolve modified 163 coefficients.
Aggregator did 31 substitutions.
Reduced MIP has 3765 rows, 17568 columns, and 106682 nonzeros.
Reduced MIP has 17370 binaries, 198 generals, 0 SOSs, and 0 indicators.
Presolve time = 0.22 sec. (108.33 ticks)
Found incumbent of value 3583.000000 after 0.52 sec. (212.99 ticks)
Probing time = 0.03 sec. (6.81 ticks)
Tried aggregator 1 time.
Reduced MIP has 3765 rows, 17568 columns, and 106682 nonzeros.
Reduced MIP has 17370 binaries, 198 generals, 0 SOSs, and 0 indicators.
Presolve time = 0.09 sec. (47.40 ticks)
Probing time = 0.02 sec. (5.90 ticks)
Clique table members: 46947.
MIP emphasis: balance optimality and feasibility.
MIP search method: dynamic search.
Parallel mode: none, using 1 thread.
Root relaxation solution time = 1.69 sec. (1124.91 ticks)

        Nodes                                         Cuts/
   Node  Left     Objective  IInf  Best Integer    Best Bound    ItCnt     Gap

*     0+    0                         3583.0000    -3279.0000           191.52%
      0     0       61.0000   662     3583.0000       61.0000     5056   98.30%
      0     0      103.2222   182     3583.0000      Cuts: 17     5141   97.12%
      0     0      144.3333   273     3583.0000      Cuts: 79     6186   95.97%
      0     0      144.3333   269     3583.0000       Cuts: 4     6494   95.97%
*     0+    0                          268.0000      144.3333            46.14%
*     0+    0                          228.0000      144.3333            36.70%
*     0+    0                          227.0000      144.3333            36.42%
*     0+    0                          226.0000      144.3333            36.14%
      0     0      144.3333   320      226.0000   ZeroHalf: 6     7014   36.14%
      0     2      144.3333   181      226.0000      144.3333     7014   36.14%
Elapsed time = 17.38 sec. (11303.18 ticks, tree = 0.00 MB, solutions = 5)
      2     4      154.3333   275      226.0000      154.3333     8208   31.71%
      3     5      154.3333   257      226.0000      154.3333     9158   31.71%
     10    12      184.3333   182      226.0000      154.3333    10199   31.71%
     13    15      194.3333   281      226.0000      154.3333    11578   31.71%
     14    16      194.3333   283      226.0000      154.3333    15561   31.71%
     16    18      194.3333   231      226.0000      154.3333    18172   31.71%
     19    19      194.3333   198      226.0000      154.3333    19221   31.71%
     20    20      194.3333   230      226.0000      154.3333    20141   31.71%
     23    23      194.3333   183      226.0000      154.3333    21703   31.71%
     33    33      212.1111   236      226.0000      154.3333    31943   31.71%
Elapsed time = 24.45 sec. (16861.87 ticks, tree = 0.66 MB, solutions = 5)
     36    36      212.1111   177      226.0000      154.3333    34650   31.71%
     49    49      221.0000   105      226.0000      154.3333    49467   31.71%
     58    58      221.0000   127      226.0000      154.3333    61480   31.71%
     70    68      221.0000   117      226.0000      154.3333    77555   31.71%
     80    78      221.0000   110      226.0000      154.3333    88126   31.71%
     92    90      221.0000   124      226.0000      154.3333   106523   31.71%
    100    98      222.5833   148      226.0000      154.3333   116207   31.71%
    106   104      223.0000    99      226.0000      154.3333   119312   31.71%
    118   116      223.1111   119      226.0000      154.3333   125728   31.71%
    123   121      223.1333   190      226.0000      154.3333   131176   31.71%
Elapsed time = 39.36 sec. (27347.33 ticks, tree = 2.33 MB, solutions = 5)
    131   125      224.2014   205      226.0000      154.3333   140878   31.71%
    154   138      224.2014   256      226.0000      154.3333   154411   31.71%
    178   152      175.4444   240      226.0000      154.3333   168305   31.71%
    189   163      191.0000   127      226.0000      154.3333   189086   31.71%
    195   169      197.6667   180      226.0000      154.3333   196917   31.71%
    220   190      211.0000   154      226.0000      164.3333   211804   27.29%
    238   208      221.0000   129      226.0000      164.3333   229196   27.29%
    252   222      221.3667   135      226.0000      164.3333   249364   27.29%
    257   227      221.3667   183      226.0000      164.3333   258207   27.29%
    261   231      222.0333   213      226.0000      164.3333   261213   27.29%
Elapsed time = 63.72 sec. (37666.58 ticks, tree = 3.72 MB, solutions = 5)
    272   242      223.5542   152      226.0000      164.3333   277989   27.29%
    282   252      223.8389   214      226.0000      164.3333   293620   27.29%
    301   267      221.0000   111      226.0000      164.3333   307208   27.29%
    317   283      221.2500   125      226.0000      164.3333   321882   27.29%
    323   289      222.0000   173      226.0000      164.3333   329360   27.29%
    328   294      222.0000   152      226.0000      164.3333   334009   27.29%
    343   309      224.0000    92      226.0000      164.3333   356065   27.29%
    354   318        cutoff            226.0000      164.3333   371580   27.29%
    374   334        cutoff            226.0000      164.3333   389583   27.29%
    389   343      214.3333   145      226.0000      164.3333   397796   27.29%
Elapsed time = 88.52 sec. (47840.17 ticks, tree = 5.17 MB, solutions = 5)
    397   351      221.3333   299      226.0000      164.3333   408352   27.29%
    400   354      221.5000   257      226.0000      164.3333   412235   27.29%
    419   373      223.0000    74      226.0000      164.3333   425587   27.29%
    421   375      223.0000   289      226.0000      164.3333   434239   27.29%
    432   386      223.3333   198      226.0000      164.3333   442074   27.29%
    453   405      224.5833   123      226.0000      164.3333   457498   27.29%
    472   418      205.4444   186      226.0000      164.3333   470962   27.29%
    477   423      220.5454    71      226.0000      220.5807   492167    2.40%
    480   424      221.0000   102      226.0000      221.0000   493771    2.21%
    482   425      221.0000   114      226.0000      221.0000   495682    2.21%
Elapsed time = 172.22 sec. (83960.00 ticks, tree = 6.21 MB, solutions = 5)
    484   426      221.0000   273      226.0000      221.0000   499230    2.21%
    485   427      221.0000   317      226.0000      221.0000   503300    2.21%
    487   429      221.0000   359      226.0000      221.0000   507475    2.21%
    488   430      221.0000   315      226.0000      221.0000   509748    2.21%
    489   431      221.0000   400      226.0000      221.0000   512312    2.21%
    491   432      221.0000   381      226.0000      221.0000   513180    2.21%
    493   434      221.9091   312      226.0000      221.0000   518700    2.21%
    494   435      221.0000   352      226.0000      221.0000   520934    2.21%
    496   435      221.0000   373      226.0000      221.0000   522254    2.21%
    499   437      221.0000   351      226.0000      221.0000   524908    2.21%
Elapsed time = 217.89 sec. (104139.39 ticks, tree = 6.46 MB, solutions = 5)
    502   439      221.0000   283      226.0000      221.0000   527036    2.21%
    504   440      221.0000   363      226.0000      221.0000   530322    2.21%
    505   440      221.0000   531      226.0000      221.0000   531277    2.21%
    507   440      221.0000   416      226.0000      221.0000   535323    2.21%
    509   441      221.0000   416      226.0000      221.0000   537412    2.21%
    512   442      221.0000   406      226.0000      221.0000   538602    2.21%
    516   445      221.0000   372      226.0000      221.0000   540050    2.21%
    520   446      221.0000   399      226.0000      221.0000   544430    2.21%
    524   449      221.0000   391      226.0000      221.0000   547410    2.21%
    527   449      221.0000   378      226.0000      221.0000   551521    2.21%
Elapsed time = 243.67 sec. (116607.87 ticks, tree = 7.45 MB, solutions = 5)
    532   450      221.0000   384      226.0000      221.0000   554672    2.21%
    536   452      221.0000   373      226.0000      221.0000   557970    2.21%
    539   454      221.0000   381      226.0000      221.0000   559639    2.21%
    543   456      221.0000   401      226.0000      221.0000   562713    2.21%
    548   459      221.0000   296      226.0000      221.0000   567134    2.21%
    553   462      221.0000   197      226.0000      221.0000   574637    2.21%
    560   467      221.0000   204      226.0000      221.0000   578138    2.21%
    567   470      221.0000   117      226.0000      221.0000   585900    2.21%
    574   474      222.0000   143      226.0000      221.0000   595062    2.21%
    580   478      222.0000   176      226.0000      221.0000   599524    2.21%
Elapsed time = 265.77 sec. (127483.02 ticks, tree = 9.82 MB, solutions = 5)
    589   483      223.0000   156      226.0000      221.0000   605307    2.21%
    599   488      224.0000    91      226.0000      221.0000   608653    2.21%
    615   487    infeasible            226.0000      221.0000   614768    2.21%
    628   482      221.0000   257      226.0000      221.0000   625695    2.21%
    635   488      221.0000   191      226.0000      221.0000   629544    2.21%
    643   494      221.0000   134      226.0000      221.0000   640082    2.21%
    648   496      221.0000   127      226.0000      221.0000   650509    2.21%
    653   499      221.0000   121      226.0000      221.0000   660805    2.21%
    657   502      221.0000   108      226.0000      221.0000   670724    2.21%
    660   504      221.1667   178      226.0000      221.0000   682520    2.21%
Elapsed time = 291.74 sec. (139497.76 ticks, tree = 12.43 MB, solutions = 5)
    662   506      221.0000   104      226.0000      221.0000   690463    2.21%
    665   508      221.0000   115      226.0000      221.0000   699086    2.21%
    668   510      221.0000   107      226.0000      221.0000   705832    2.21%
    670   512      221.0000   152      226.0000      221.0000   715136    2.21%
    672   512      222.0000   155      226.0000      221.0000   717745    2.21%
    675   514      222.0000   176      226.0000      221.0000   719661    2.21%
    679   514      222.1667   150      226.0000      221.0000   721463    2.21%
    684   516      222.0000    81      226.0000      221.0000   723227    2.21%
    689   517      222.0000    83      226.0000      221.0000   724934    2.21%
    715   516      223.0000    40      226.0000      221.0000   732820    2.21%
Elapsed time = 320.84 sec. (153571.48 ticks, tree = 14.21 MB, solutions = 5)
    731   526      225.0000    34      226.0000      221.0000   761165    2.21%
*   762   394      integral     0      225.0000      221.0000   790100    1.78%
    763   395      221.0000   196      225.0000      221.0000   797671    1.78%
    779   403      222.0000   159      225.0000      221.0000   820598    1.78%
    803   411      224.0000   111      225.0000      221.0000   849699    1.78%
    829   416      222.0000   145      225.0000      221.0000   873048    1.78%
    850   429      223.0000    69      225.0000      221.0000   908028    1.78%
    875   429      224.0000    86      225.0000      221.0000   944714    1.78%
    910   426      224.0000   175      225.0000      221.0000   979375    1.78%
    957   419      221.1667   147      225.0000      221.0000  1003873    1.78%
    999   432      221.1250   149      225.0000      221.0000  1028459    1.78%
Elapsed time = 405.78 sec. (193958.59 ticks, tree = 18.46 MB, solutions = 6)
*  1025   274      integral     0      223.0000      221.0000  1059973    0.90%
   1030   275      222.0000   189      223.0000      221.0000  1067482    0.90%
   1056   287      222.0000   156      223.0000      221.0000  1089136    0.90%
   1097   294      222.0000   122      223.0000      221.0000  1107615    0.90%
   1116   304      222.0000   352      223.0000      221.0000  1135096    0.90%
   1133   319      222.0000   238      223.0000      221.0000  1149466    0.90%
   1167   343      222.0000    77      223.0000      221.0000  1168408    0.90%
   1206   361      221.0000   214      223.0000      221.0000  1197775    0.90%
   1222   377      222.0000    95      223.0000      221.0000  1223593    0.90%
   1253   405      222.0000    67      223.0000      221.0000  1246514    0.90%
   1277   417      222.0000    75      223.0000      221.0000  1264563    0.90%
Elapsed time = 483.55 sec. (233400.50 ticks, tree = 20.01 MB, solutions = 7)
   1298   438      222.0000    52      223.0000      221.0000  1299476    0.90%
*  1309   150      integral     0      222.0000      221.0000  1310602    0.45%
   1320   151      221.0000   116      222.0000      221.0000  1328350    0.45%
   1335   152        cutoff            222.0000      221.0000  1364842    0.45%
   1356   161      221.0000   136      222.0000      221.0000  1402282    0.45%
   1369   160      221.0000   191      222.0000      221.0000  1422211    0.45%
   1394   156      221.0000    82      222.0000      221.0000  1450046    0.45%
   1420   153      221.0000    90      222.0000      221.0000  1487520    0.45%
   1437   152      221.0000   265      222.0000      221.0000  1519396    0.45%
   1461   146      221.0000   123      222.0000      221.0000  1540039    0.45%
   1493   146      221.0000   237      222.0000      221.0000  1575790    0.45%
Elapsed time = 569.39 sec. (274347.71 ticks, tree = 6.53 MB, solutions = 8)
   1503   147      221.0000   158      222.0000      221.0000  1592926    0.45%
   1529   144      221.0000   155      222.0000      221.0000  1616347    0.45%
   1549   146      221.0000   409      222.0000      221.0000  1649181    0.45%
   1570   142      221.0000   111      222.0000      221.0000  1659751    0.45%
   1603   140      221.0000    97      222.0000      221.0000  1681695    0.45%
   1632   138      221.0000   148      222.0000      221.0000  1713840    0.45%
   1662   133      221.0000   143      222.0000      221.0000  1738585    0.45%
   1696   127    infeasible            222.0000      221.0000  1768164    0.45%
   1728   134      221.0000   166      222.0000      221.0000  1809518    0.45%
   1759   132      221.0000   171      222.0000      221.0000  1822194    0.45%
Elapsed time = 654.77 sec. (316196.02 ticks, tree = 5.87 MB, solutions = 8)
   1791   136      221.0000   193      222.0000      221.0000  1832687    0.45%
   1819   139      221.0000   179      222.0000      221.0000  1845480    0.45%
   1854   144      221.0000   130      222.0000      221.0000  1864403    0.45%
   1882   153      221.0000   177      222.0000      221.0000  1872467    0.45%
   1927   148    infeasible            222.0000      221.0000  1880145    0.45%
   1959   151      221.0000   139      222.0000      221.0000  1888794    0.45%
   1991   142      221.0000   359      222.0000      221.0000  1896637    0.45%
   1997   142      221.0000   410      222.0000      221.0000  1905869    0.45%
   2024   138      221.0000   149      222.0000      221.0000  1940002    0.45%
   2061   135        cutoff            222.0000      221.0000  1981048    0.45%
Elapsed time = 733.58 sec. (357072.28 ticks, tree = 6.02 MB, solutions = 8)
   2102   133      221.0000   180      222.0000      221.0000  2027385    0.45%
   2142   134      221.0000   184      222.0000      221.0000  2059789    0.45%
   2198   134      221.0000   228      222.0000      221.0000  2097825    0.45%
   2231   138      221.0000   138      222.0000      221.0000  2137480    0.45%
   2256   138    infeasible            222.0000      221.0000  2179323    0.45%
   2310   130    infeasible            222.0000      221.0000  2218059    0.45%
   2340   133      221.0000   248      222.0000      221.0000  2262756    0.45%
   2380   133      221.0000   169      222.0000      221.0000  2307887    0.45%
   2428   137      221.0000   155      222.0000      221.0000  2348122    0.45%
   2470   130      221.0000   165      222.0000      221.0000  2374205    0.45%
Elapsed time = 819.70 sec. (397105.95 ticks, tree = 5.81 MB, solutions = 8)
   2520   124      221.0000    82      222.0000      221.0000  2405829    0.45%
   2561   118      221.0000   213      222.0000      221.0000  2436669    0.45%
   2602   115      221.0000   209      222.0000      221.0000  2463881    0.45%
   2654   120      221.0000   209      222.0000      221.0000  2484026    0.45%
   2712   123      221.0000   225      222.0000      221.0000  2515692    0.45%
   2771   110      221.0000   228      222.0000      221.0000  2554839    0.45%
   2826   115      221.0000   183      222.0000      221.0000  2595744    0.45%
   2877   106      221.0000   235      222.0000      221.0000  2627000    0.45%
   2951    94      221.0000   165      222.0000      221.0000  2660291    0.45%
   2996    83      221.0000   194      222.0000      221.0000  2692229    0.45%
Elapsed time = 901.92 sec. (436916.05 ticks, tree = 3.55 MB, solutions = 8)
   3042    73      221.0000   213      222.0000      221.0000  2741309    0.45%
   3087    77      221.0000   171      222.0000      221.0000  2786742    0.45%
   3131    70      221.0000   234      222.0000      221.0000  2839210    0.45%
   3182    72      221.0000   189      222.0000      221.0000  2878473    0.45%
   3225    70      221.0000   239      222.0000      221.0000  2909592    0.45%
   3280    66      221.0000   311      222.0000      221.0000  2944423    0.45%
   3333    69      221.0000   271      222.0000      221.0000  2964713    0.45%
   3388    72      221.0000   287      222.0000      221.0000  2986776    0.45%
   3444    66      221.0000   302      222.0000      221.0000  3013476    0.45%
   3477    71      221.0000   311      222.0000      221.0000  3025752    0.45%
Elapsed time = 994.11 sec. (478483.94 ticks, tree = 3.10 MB, solutions = 8)
   3525    67      221.0000   348      222.0000      221.0000  3051828    0.45%
   3566    68      221.0000   410      222.0000      221.0000  3079064    0.45%
   3614    72      221.0000   364      222.0000      221.0000  3101289    0.45%
   3635    78      221.0000   342      222.0000      221.0000  3118645    0.45%
   3685    77        cutoff            222.0000      221.0000  3142663    0.45%
   3718    88      221.0000   373      222.0000      221.0000  3162655    0.45%
   3754    94      221.0000   392      222.0000      221.0000  3185250    0.45%
   3782   101      221.0000   411      222.0000      221.0000  3209761    0.45%
   3820   103      221.0000   367      222.0000      221.0000  3239300    0.45%
   3842   113      221.0000   421      222.0000      221.0000  3260348    0.45%
Elapsed time = 1080.13 sec. (517702.39 ticks, tree = 5.42 MB, solutions = 8)
   3879   116      221.0000   385      222.0000      221.0000  3278590    0.45%
   3909   125      221.0000   394      222.0000      221.0000  3297651    0.45%
   3955   131      221.0000   365      222.0000      221.0000  3314344    0.45%
   3996   140      221.0000   408      222.0000      221.0000  3332146    0.45%
   4038   139      221.0000   391      222.0000      221.0000  3360325    0.45%
   4081   139      221.0000   347      222.0000      221.0000  3378812    0.45%
   4128   142      221.0000   419      222.0000      221.0000  3400584    0.45%
   4163   151      221.0000   392      222.0000      221.0000  3416265    0.45%
   4208   157      221.0000   462      222.0000      221.0000  3436444    0.45%
   4246   155      221.0000   425      222.0000      221.0000  3463575    0.45%
Elapsed time = 1158.66 sec. (556674.00 ticks, tree = 7.64 MB, solutions = 8)
   4284   158      221.0000   394      222.0000      221.0000  3482067    0.45%
   4323   167      221.0000   385      222.0000      221.0000  3497120    0.45%
   4373   161      221.0000   331      222.0000      221.0000  3521400    0.45%
   4407   159      221.0000   382      222.0000      221.0000  3545346    0.45%
   4446   168      221.0000   344      222.0000      221.0000  3566383    0.45%
   4483   166      221.0000   373      222.0000      221.0000  3595250    0.45%
   4526   167      221.0000   439      222.0000      221.0000  3618660    0.45%
   4558   171      221.0000   490      222.0000      221.0000  3631446    0.45%
   4602   172      221.0000   358      222.0000      221.0000  3648668    0.45%
   4651   179      221.0000   416      222.0000      221.0000  3663797    0.45%
Elapsed time = 1237.24 sec. (596076.49 ticks, tree = 8.87 MB, solutions = 8)
   4693   175      221.0000   364      222.0000      221.0000  3684965    0.45%
   4733   184      221.0000   420      222.0000      221.0000  3699492    0.45%
   4773   192      221.0000   489      222.0000      221.0000  3712217    0.45%
   4809   198      221.0000   445      222.0000      221.0000  3744370    0.45%
   4849   196      221.0000   334      222.0000      221.0000  3769233    0.45%
   4879   196      221.0000   410      222.0000      221.0000  3798654    0.45%
   4920   202      221.0000   386      222.0000      221.0000  3813277    0.45%
   4966   204      221.0000   371      222.0000      221.0000  3830324    0.45%
   5012   206      221.0000   408      222.0000      221.0000  3849427    0.45%
   5055   200      221.0000   401      222.0000      221.0000  3869764    0.45%
Elapsed time = 1317.27 sec. (635542.41 ticks, tree = 10.03 MB, solutions = 8)
   5103   198      221.0000   412      222.0000      221.0000  3886199    0.45%
   5150   205      221.0000   423      222.0000      221.0000  3901931    0.45%
   5193   194      221.0000   454      222.0000      221.0000  3927732    0.45%
   5227   190      221.0000   407      222.0000      221.0000  3949032    0.45%
   5269   192      221.0000   494      222.0000      221.0000  3966204    0.45%
   5315   190      221.0000   371      222.0000      221.0000  3987535    0.45%
   5358   192      221.0000   448      222.0000      221.0000  4005085    0.45%
   5398   190        cutoff            222.0000      221.0000  4029315    0.45%
   5442   190      221.0000   421      222.0000      221.0000  4049988    0.45%
   5478   185        cutoff            222.0000      221.0000  4079761    0.45%
Elapsed time = 1400.61 sec. (674265.16 ticks, tree = 9.33 MB, solutions = 8)
   5514   191      221.0000   498      222.0000      221.0000  4094636    0.45%
   5560   188      221.0000   442      222.0000      221.0000  4114935    0.45%
   5602   180      221.0000   462      222.0000      221.0000  4137377    0.45%
   5641   164      221.0000   413      222.0000      221.0000  4170711    0.45%
   5681   151      221.0000   473      222.0000      221.0000  4193522    0.45%
   5733   143      221.0000   481      222.0000      221.0000  4207965    0.45%
   5791   127      221.0000   465      222.0000      221.0000  4228120    0.45%
   5843   112      221.0000   499      222.0000      221.0000  4250374    0.45%
   5908    88      221.0000   464      222.0000      221.0000  4269498    0.45%
   5989    41    infeasible            222.0000      221.0000  4291010    0.45%
Elapsed time = 1481.58 sec. (713008.44 ticks, tree = 2.04 MB, solutions = 8)
   6059    15    infeasible            222.0000      221.0000  4311198    0.45%
   6110    15      221.0000   218      222.0000      221.0000  4338022    0.45%
   6167     7      221.0000   576      222.0000      221.0000  4357012    0.45%

Clique cuts applied:  82
Mixed integer rounding cuts applied:  1
Zero-half cuts applied:  21
Lift and project cuts applied:  1
Gomory fractional cuts applied:  45

Root node processing (before b&c):
  Real time             =   17.08 sec. (11214.96 ticks)
Sequential b&c:
  Real time             = 1489.08 sec. (714102.97 ticks)
                          ------------
Total (root+branch&cut) = 1506.16 sec. (725317.92 ticks)

Solution pool: 8 solutions saved.

MIP - Integer optimal solution:  Objective = 2.2200000000e+002
Solution time = 1506.17 sec.  Iterations = 4361736  Nodes = 6177
Deterministic time = 725317.98 ticks  (481.56 ticks/sec)


Incumbent solution written to file 'Casey-2o5.sol'.
