
Gurobi 7.0.1 (win64) logging started 01/31/18 11:41:32

Set parameter TimeLimit to value 3600
Set parameter Threads to value 4

Gurobi Optimizer version 7.0.1 build v7.0.1rc0 (win64)
Copyright (c) 2016, Gurobi Optimization, Inc.

Read LP format model from file waterstop_5_180114_kadou40.lp
Reading time = 0.17 seconds
Objective: 31902 rows, 11244 columns, 123920 nonzeros
Optimize a model with 31902 rows, 11244 columns and 123920 nonzeros
Variable types: 72 continuous, 11172 integer (0 binary)
Coefficient statistics:
  Matrix range     [3e-01, 1e+02]
  Objective range  [1e+00, 1e+00]
  Bounds range     [1e+00, 1e+00]
  RHS range        [1e+00, 1e+02]
Presolve removed 14572 rows and 2296 columns
Presolve time: 0.91s
Presolved: 17330 rows, 8948 columns, 69660 nonzeros
Variable types: 44 continuous, 8904 integer (8904 binary)

Root relaxation: objective 0.000000e+00, 4671 iterations, 1.04 seconds
Total elapsed time = 5.22s

    Nodes    |    Current Node    |     Objective Bounds      |     Work
 Expl Unexpl |  Obj  Depth IntInf | Incumbent    BestBd   Gap | It/Node Time

     0     0    0.00000    0  109          -    0.00000      -     -    5s
     0     0    0.00000    0  172          -    0.00000      -     -    7s
     0     0    0.00000    0  169          -    0.00000      -     -    8s
     0     0    0.00000    0  189          -    0.00000      -     -    9s
     0     0    0.00000    0   92          -    0.00000      -     -   15s
     0     0    0.00000    0   89          -    0.00000      -     -   15s
     0     0    0.00000    0  145          -    0.00000      -     -   20s
     0     0    0.00000    0  145          -    0.00000      -     -   21s
     0     0    0.00000    0  133          -    0.00000      -     -   26s
H    0     0                     128.0303030    0.00000   100%     -   27s
     0     0    0.00000    0  133  128.03030    0.00000   100%     -   28s
H    0     0                     124.8787879    0.00000   100%     -   31s
     0     2    0.00000    0  133  124.87879    0.00000   100%     -   35s
     3     8    1.06948    2  605  124.87879    0.00000   100%  5356   41s
    11    16    5.00000    4  227  124.87879    1.06965  99.1%  2750   45s
    28    30    5.00000    7  150  124.87879    1.06965  99.1%  1511   52s
    32    33   10.95076    8  216  124.87879    1.06965  99.1%  1468   56s
    59    60   13.03030   13  151  124.87879    1.06965  99.1%  1081   66s
H   61    62                      82.3030303    1.06965  98.7%  1048   66s
H   62    62                      78.5757576    1.06965  98.6%  1040   66s
   119   119   13.26770   18  278   78.57576    1.06965  98.6%   653   70s
   279   239   22.93181   28  288   78.57576    1.06965  98.6%   376   75s
   344   294   43.63202   40  305   78.57576    1.06965  98.6%   420   80s
   405   338   18.38075    4  307   78.57576    5.00000  93.6%   421   86s
   518   370   21.20206   15  309   78.57576    5.00000  93.6%   401   90s
   601   432   30.53894   29  275   78.57576    5.00000  93.6%   415   96s
   701   503    9.54545   13  286   78.57576    5.00000  93.6%   404  100s
   848   629   17.63423   37  312   78.57576    5.00000  93.6%   400  106s
  1004   742   48.10737   16  156   78.57576    5.00000  93.6%   383  112s
  1067   777   22.46292   25  133   78.57576    5.00000  93.6%   379  117s
  1069   778   68.61427   32  109   78.57576    5.00000  93.6%   378  123s
  1070   779   24.21212   14  146   78.57576    5.00000  93.6%   378  125s
  1073   781   13.03030   11  119   78.57576    5.00000  93.6%   377  134s
  1074   782   13.03030   24  119   78.57576    5.00000  93.6%   377  139s
  1075   785    5.00000   11  132   78.57576    5.00000  93.6%   411  157s
  1077   789    5.00000   12  223   78.57576    5.00000  93.6%   418  167s
  1081   791    5.00000   13  163   78.57576    5.00000  93.6%   421  177s
  1085   794   15.14902   13  293   78.57576    5.00000  93.6%   428  183s
  1093   798    5.00000   14  170   78.57576    5.00000  93.6%   427  186s
  1103   800    5.00000   16  138   78.57576    5.00000  93.6%   428  194s
H 1104   762                      68.4848485    5.00000  92.7%   427  194s
  1108   767   15.62424   16  134   68.48485    5.00000  92.7%   429  195s
  1122   777    5.00000   18  117   68.48485    5.00000  92.7%   431  201s
  1138   784   19.11405   20  146   68.48485    5.00000  92.7%   436  207s
  1144   788    5.00000   21  121   68.48485    5.00000  92.7%   437  210s
  1178   812    7.96970   24  140   68.48485    5.00000  92.7%   445  215s
  1199   826    5.00000   27  175   68.48485    5.00000  92.7%   455  220s
  1264   868    5.00000   36  122   68.48485    5.00000  92.7%   463  228s
  1278   877    5.00000   37  109   68.48485    5.00000  92.7%   473  232s
  1304   892    5.00000   42  114   68.48485    5.00000  92.7%   478  236s
  1337   919   21.06909   47   99   68.48485    5.00000  92.7%   483  241s
H 1354   888                      67.0000000    5.00000  92.5%   484  241s
  1361   891    6.07849   55  133   67.00000    5.00000  92.5%   484  248s
  1409   921   12.09438   65  124   67.00000    5.00000  92.5%   478  253s
  1480   953     cutoff   85        67.00000    5.00000  92.5%   468  257s
  1559   990   58.71890  107   78   67.00000    5.00000  92.5%   455  261s
  1641  1000    5.00000   21  129   67.00000    5.00000  92.5%   442  265s
  1731  1049    5.00000   45  147   67.00000    5.00000  92.5%   434  271s
  1966  1146   35.21888  115  136   67.00000    5.00000  92.5%   403  277s
H 2077  1133                      66.3333333    5.00000  92.5%   396  285s
  2395  1295   16.21212   17  214   66.33333    5.00000  92.5%   369  292s
  2514  1370    5.00000   23  112   66.33333    5.00000  92.5%   364  300s
  2610  1414    5.00000   36  133   66.33333    5.00000  92.5%   364  308s
  2899  1574   42.82580   98  128   66.33333    5.00000  92.5%   350  315s
  3013  1600   13.03030   27  121   66.33333    5.00000  92.5%   345  324s
  3281  1818   13.03030   30  115   66.33333    5.00000  92.5%   334  331s
  3336  1853   19.22793   41  235   66.33333    5.00000  92.5%   338  339s
  3671  2139   61.76374   63  161   66.33333    5.00000  92.5%   326  346s
H 3710  2117                      60.2727273    5.00000  91.7%   326  346s
  3909  2297   13.03030   40  150   60.27273    5.00000  91.7%   316  354s
H 3994  2346                      58.9393939    5.00000  91.5%   312  354s
  4208  2509   25.92217   40  165   58.93939    5.00000  91.5%   308  362s
  4601  2816   18.03030   49  197   58.93939    5.00000  91.5%   298  370s
  4743  2953   33.41376   67  126   58.93939    5.00000  91.5%   295  379s
  5110  3214   32.83760   72  246   58.93939    5.00000  91.5%   287  387s
H 5143  2811                      45.8181818    5.00000  89.1%   286  387s
  5641  3047   24.48191   50  197   45.81818    5.00000  89.1%   277  396s
  5799  3174   18.27473   37  182   45.81818    5.00000  89.1%   277  405s
H 6218  3395                      44.9696970    5.00000  88.9%   273  414s
  6601  3713   37.64197   85  158   44.96970    5.00000  88.9%   270  423s
  6833  3877   19.06061   38  131   44.96970    5.00000  88.9%   271  435s
  7218  4160   20.22288   61  164   44.96970    5.00000  88.9%   269  446s
  7465  4298   24.42279   53  153   44.96970    5.00000  88.9%   266  458s
  7869  4630   25.12121   49  127   44.96970    5.00000  88.9%   264  469s
  8429  5038   33.56305   42  124   44.96970    5.00000  88.9%   261  481s
  8670  5206   18.11373   41  230   44.96970    5.00000  88.9%   260  492s
  9336  5757   20.40871   37  239   44.96970    5.00000  88.9%   255  504s
  9605  5913   36.95334   62  144   44.96970    5.00000  88.9%   256  517s
 10003  6187    6.63810   32  185   44.96970    5.00000  88.9%   254  530s
 10152  6308   13.46969   38  190   44.96970    5.00000  88.9%   255  544s
H10367  6466                      44.9090909    5.00000  88.9%   255  544s
 10372  6458   19.19316   39  257   44.90909    5.00000  88.9%   256  561s
 11055  6876   18.70130   29  248   44.90909    5.00000  88.9%   254  575s
 11221  6998   20.70927   46  157   44.90909    5.00000  88.9%   255  592s
 11535  7200   18.41723   52  194   44.90909    5.00000  88.9%   254  606s
 11940  7448   13.03030   32  133   44.90909    5.00000  88.9%   253  621s
 12451  7826   18.54864   42  229   44.90909    5.00000  88.9%   253  633s
 12681  7984   24.33333   53  171   44.90909    5.00000  88.9%   254  649s
 13520  8555   43.57438   72  134   44.90909    5.00000  88.9%   249  664s
 14489  9095   32.48485   42  136   44.90909    5.00000  88.9%   244  676s
 15438  9736   27.29541   49  175   44.90909    5.00000  88.9%   239  688s
 15727  9957   25.30102   48  172   44.90909    5.00000  88.9%   239  701s
 16225 10339   13.03030   52  178   44.90909    5.00000  88.9%   236  712s
 16615 10658   25.09566   66  198   44.90909    5.00000  88.9%   236  722s
 17048 10949   34.41599   42  176   44.90909    5.00000  88.9%   235  732s
 17958 11445   36.00641   65  155   44.90909    5.00000  88.9%   230  742s
 18327 11666   27.62306   46  236   44.90909    5.00000  88.9%   229  752s
 19075 12104   36.41041   40  196   44.90909    6.45909  85.6%   227  761s
 19416 12294   13.90909   40  174   44.90909    7.03160  84.3%   226  771s
 19975 12642   25.06459   41  201   44.90909    7.96970  82.3%   225  784s
 20343 12852 infeasible   37        44.90909    8.19656  81.7%   224  793s
 20548 12952   39.09169   40   95   44.90909    8.40124  81.3%   225  803s
 21063 13240   23.63636   49  133   44.90909    8.49369  81.1%   224 1019s
 21065 13241   27.97206   54  177   44.90909    8.49369  81.1%   224 1026s
 21066 13242   31.94779   54  209   44.90909    8.49369  81.1%   224 1030s
 21069 13244   33.24474   41  294   44.90909    8.49369  81.1%   224 1038s
 21070 13245   26.72325   63  271   44.90909    8.49369  81.1%   224 1041s
 21072 13246   15.03300   35  339   44.90909    8.49369  81.1%   224 1045s
 21075 13248   24.49107   83  314   44.90909    8.49369  81.1%   224 1052s
 21076 13249   36.40893   64  313   44.90909    8.49369  81.1%   224 1059s
 21077 13249   39.21087   69  161   44.90909    8.49369  81.1%   224 1069s
 21078 13250   14.01376   30  161   44.90909    8.49369  81.1%   224 1074s
 21079 13254    8.49369   22  173   44.90909    8.49369  81.1%   226 1090s
 21081 13257    8.49369   23  505   44.90909    8.49369  81.1%   226 1115s
 21085 13260    8.49369   24  500   44.90909    8.49369  81.1%   227 1130s
 21089 13262   23.93939   24  189   44.90909    8.49369  81.1%   227 1139s
 21093 13265    8.49369   25  413   44.90909    8.49369  81.1%   228 1153s
 21097 13267   16.56364   25  239   44.90909    8.49369  81.1%   228 1164s
 21101 13270    8.49369   26  443   44.90909    8.49369  81.1%   229 1174s
 21106 13271    8.49369   26  445   44.90909    8.49369  81.1%   229 1188s
 21111 13270    8.49369   27  248   44.90909    8.49369  81.1%   229 1196s
 21117 13278   18.46683   27  291   44.90909    8.49369  81.1%   229 1202s
 21123 13282    8.49369   28  197   44.90909    8.49369  81.1%   230 1208s
 21132 13284    8.49369   29  186   44.90909    8.49369  81.1%   230 1213s
 21142 13291    8.49369   30  178   44.90909    8.49369  81.1%   230 1224s
 21149 13298    8.49369   31  199   44.90909    8.49369  81.1%   231 1228s
 21160 13303    8.49369   32  174   44.90909    8.49369  81.1%   231 1232s
 21171 13312    8.49369   33  169   44.90909    8.49369  81.1%   231 1238s
H21179 12649                      41.2424242    8.49369  79.4%   231 1238s
 21180 12652    8.49369   34  198   41.24242    8.49369  79.4%   231 1242s
 21193 12662   23.87121   35  117   41.24242    8.49369  79.4%   232 1246s
 21205 12667   27.22727   36  146   41.24242    8.49369  79.4%   232 1258s
H21209 12037                      36.1515152    8.49369  76.5%   232 1258s
 21216 12042    9.98026   38  155   36.15152    8.49369  76.5%   232 1262s
 21234 12057   15.45455   40  169   36.15152    8.49369  76.5%   233 1266s
 21280 12074   16.66667   44  164   36.15152    8.49369  76.5%   233 1273s
 21311 12090   19.83396   46  218   36.15152    8.49369  76.5%   234 1277s
 21341 12095   16.28540   49  210   36.15152    8.49369  76.5%   234 1281s
 21381 12113   17.16876   54  209   36.15152    8.49369  76.5%   234 1285s
 21463 12140   20.53252   69  216   36.15152    8.49369  76.5%   234 1292s
 21518 12140   21.51808   79  184   36.15152    8.49369  76.5%   234 1295s
 21628 12149   26.27154  103  208   36.15152    8.49369  76.5%   234 1301s
 21717 12172   18.03030   40  157   36.15152    8.49369  76.5%   234 1308s
 21774 12199   18.03030   50  138   36.15152    8.49369  76.5%   234 1317s
 21834 12221   19.06061   63  126   36.15152    8.49369  76.5%   234 1322s
*21861 11614              86      36.0000000    8.49369  76.4%   234 1322s
 21919 11656   11.90230   36  256   36.00000    8.49369  76.4%   234 1328s
 21963 11663   12.28270   48  214   36.00000    8.49369  76.4%   234 1332s
 22006 11684   14.22775   60  160   36.00000    8.49369  76.4%   234 1337s
 22051 11699   19.71293   71  196   36.00000    8.49369  76.4%   234 1341s
 22134 11735   30.47253  119  159   36.00000    8.49369  76.4%   233 1345s
 22237 11770   13.84861   40  273   36.00000    8.49369  76.4%   233 1353s
 22321 11811   19.15462   59  219   36.00000    8.49369  76.4%   232 1358s
 22400 11840   19.81818   47  182   36.00000    8.49369  76.4%   232 1363s
 22472 11872   19.88827   59  224   36.00000    8.49369  76.4%   232 1373s
 22521 11888   24.42316   65  175   36.00000    8.49369  76.4%   232 1380s
 22593 11905   14.68686   46  249   36.00000    8.49369  76.4%   233 1389s
 22764 11970   15.24398   49  232   36.00000    8.49369  76.4%   232 1397s
 22962 12052   10.82337   49  207   36.00000    8.49369  76.4%   231 1403s
 23092 12104   12.79338   58  233   36.00000    8.49369  76.4%   230 1414s
 23211 12163   27.72107   77  190   36.00000    8.49369  76.4%   230 1421s
 23318 12166    8.49369   55  234   36.00000    8.49369  76.4%   230 1429s
 23516 12245    9.29518   54  204   36.00000    8.49369  76.4%   229 1438s
 23704 12278   12.12501   64  243   36.00000    8.49369  76.4%   229 1445s
 24006 12372   20.77643   58  196   36.00000    8.49369  76.4%   227 1453s
 24103 12393   21.34066   61  215   36.00000    8.49369  76.4%   228 1464s
 24186 12412   21.99038   68  173   36.00000    8.49369  76.4%   228 1471s
 24361 12451   31.01466   65  201   36.00000    8.49369  76.4%   228 1482s
 24594 12530   18.80449   62  213   36.00000    8.49369  76.4%   227 1490s
 24747 12569   29.59567   88  201   36.00000    8.49369  76.4%   226 1498s
 24933 12613    8.72258   66  229   36.00000    8.49369  76.4%   226 1506s
 25193 12658   30.57415   88  138   36.00000    8.49369  76.4%   226 1523s
 25544 12722   10.62138   58  279   36.00000    8.49369  76.4%   224 1540s
 25818 12814    8.59542   57  189   36.00000    8.49369  76.4%   224 1551s
 26003 12868   24.38861   65  248   36.00000    8.49369  76.4%   224 1561s
 26373 12954   19.45476   46  217   36.00000    8.49369  76.4%   224 1574s
H26633 12473                      35.8484848    8.49369  76.3%   223 1587s
 26875 12562    8.49369   36  234   35.84848    8.49369  76.3%   222 1602s
 26940 12584    8.49369   40  232   35.84848    8.49369  76.3%   224 1614s
 27124 12648    8.82572   44  234   35.84848    8.49369  76.3%   224 1627s
 27389 12735   16.11335   63  214   35.84848    8.49369  76.3%   224 1644s
 27678 12805   10.04116   51  247   35.84848    8.49369  76.3%   225 1658s
 28003 12901   23.37017   44  347   35.84848    8.49369  76.3%   225 1672s
 28633 13140   14.29736   42  310   35.84848    8.49369  76.3%   223 1688s
 29114 13285   15.66084   74  196   35.84848    8.49369  76.3%   222 1703s
 29834 13546     cutoff  136        35.84848    8.49369  76.3%   221 1718s
 30180 13673   21.09515   46  222   35.84848    8.49369  76.3%   221 1739s
 30639 13834    8.49369   70  223   35.84848    8.49369  76.3%   220 1755s
 31567 14143   29.27273   30  174   35.84848    8.49369  76.3%   218 1775s
 31906 14258   32.21212   61  134   35.84848    8.49369  76.3%   218 1791s
 32421 14408   20.38381   29  245   35.84848    8.49369  76.3%   218 1808s
 32880 14495     cutoff   42        35.84848    8.49369  76.3%   217 1823s
 33714 14829   25.15861   68  182   35.84848    8.49369  76.3%   216 1839s
 34004 14925   26.31061   92  128   35.84848    8.49369  76.3%   216 1853s
 34517 15067   32.81494   69  207   35.84848    8.49369  76.3%   215 1869s
 35031 15248   18.22562   65  204   35.84848    8.49369  76.3%   214 1883s
 35871 15516    9.71363   41  273   35.84848    8.49369  76.3%   213 1899s
 36138 15585    9.32531   82  218   35.84848    8.49369  76.3%   213 1912s
 36727 15750   27.84841   76  158   35.84848    8.49369  76.3%   212 1926s
 37690 16005   25.45455   64  197   35.84848    8.49369  76.3%   210 1939s
 38175 16155   23.36667   72  199   35.84848    8.49369  76.3%   209 1951s
 38980 16439   25.30052  104  262   35.84848    8.49369  76.3%   208 1965s
 39472 16583   21.61800   80  302   35.84848    8.49369  76.3%   207 1976s
 39915 16754   25.27273   44  151   35.84848    8.49369  76.3%   206 2000s
H39919 15869                      33.6969697    8.49369  74.8%   206 2000s
 39933 15861   25.33566   49  210   33.69697    8.49369  74.8%   207 2015s
H40284 15308                      33.3030303    8.49369  74.5%   206 2015s
 40340 15329   20.80142   55  253   33.30303    8.49369  74.5%   206 2028s
 40601 15425   15.85811   51  150   33.30303    8.50033  74.5%   206 2042s
 40976 15489   22.50299   84  216   33.30303    8.50754  74.5%   206 2062s
 41528 15560   14.69985   58  190   33.30303    8.54682  74.3%   205 2075s
H41792 14736                      32.4545455    8.55161  73.7%   205 2075s
 41878 14776     cutoff   86        32.45455    8.57926  73.6%   205 2090s
 42418 14879   20.29361   62  232   32.45455    8.60606  73.5%   205 2108s
 42860 14970   27.43675   88  199   32.45455    8.60606  73.5%   206 2123s
 43245 15047   12.96471   54  259   32.45455    8.60606  73.5%   206 2136s
 43705 15184   20.69990   43  201   32.45455    8.63400  73.4%   205 2151s
 44023 15267   15.64692   54  230   32.45455    8.67744  73.3%   205 2164s
 44336 15338   21.60079   47  182   32.45455    8.72779  73.1%   205 2176s
 44856 15392   11.78683   74  240   32.45455    8.82241  72.8%   205 2189s
 45413 15551   28.46970   48  190   32.45455    8.89091  72.6%   204 2202s
 45931 15688   15.11046   49  265   32.45455    9.00349  72.3%   204 2216s
 46381 15778   21.57646   32  150   32.45455    9.05013  72.1%   204 2229s
 46565 15782   18.56822   56  206   32.45455    9.13530  71.9%   204 2247s
 47049 15855   14.58299   54  234   32.45455    9.23396  71.5%   204 2259s
 47369 15911   18.28473   64  199   32.45455    9.34200  71.2%   204 2271s
 47658 15947   10.52385   43  223   32.45455    9.41631  71.0%   204 2288s
 47860 15988   11.01781   65  186   32.45455    9.43242  70.9%   204 2300s
 48331 16063   11.16979   50  248   32.45455    9.58453  70.5%   204 2312s
 48564 16085   16.33063   71  231   32.45455    9.63573  70.3%   204 2325s
 49162 16292   27.85920   94  243   32.45455    9.80696  69.8%   203 2343s
 49577 16494   20.23098   47  286   32.45455    9.92075  69.4%   203 2356s
 49933 16671   11.92757   57  152   32.45455    9.97793  69.3%   203 2368s
 50168 16816   30.29459   63  198   32.45455    9.99413  69.2%   203 2380s
 51129 17373   30.84630   73  220   32.45455   10.05374  69.0%   202 2392s
 51480 17559     cutoff   67        32.45455   10.16141  68.7%   202 2404s
 51822 17708   15.47820   53  212   32.45455   10.20701  68.5%   202 2416s
 52246 17900   31.35283   70  129   32.45455   10.31174  68.2%   202 2431s
 52571 18048   11.68763   58  179   32.45455   10.36100  68.1%   201 2443s
 53222 18436     cutoff  101        32.45455   10.40698  67.9%   200 2455s
 53753 18686   31.06771   61  213   32.45455   10.50501  67.6%   200 2468s
 54119 18878   21.70774   63  162   32.45455   10.55732  67.5%   200 2479s
 54543 19056     cutoff   76        32.45455   10.62851  67.3%   200 2491s
 55023 19316   32.15872   69  145   32.45455   10.76326  66.8%   199 2502s
 55445 19484   30.36364   64  119   32.45455   10.78788  66.8%   200 2515s
 55970 19679 infeasible   63        32.45455   10.82932  66.6%   200 2525s
 56584 20009   28.07293   80  173   32.45455   10.99164  66.1%   199 2536s
 57119 20251   12.47661   68  248   32.45455   11.06509  65.9%   198 2547s
 57701 20580   12.56784   79  249   32.45455   11.21943  65.4%   198 2558s
 58159 20781   15.34343   75  222   32.45455   11.28373  65.2%   197 2568s
 58802 21076     cutoff   85        32.45455   11.40726  64.9%   197 2582s
 59253 21273   15.17395   58  171   32.45455   11.52740  64.5%   196 2592s
 59699 21513 infeasible   73        32.45455   11.57962  64.3%   196 2602s
 60011 21684   17.45814   72  195   32.45455   11.59962  64.3%   196 2614s
 60461 21850   24.91593   51  128   32.45455   11.66072  64.1%   196 2626s
 61016 22066   17.23490   76  220   32.45455   11.72998  63.9%   195 2635s
 61651 22351   12.24326   64  215   32.45455   11.84022  63.5%   195 2645s
 62091 22595   15.17839   75  238   32.45455   11.92381  63.3%   195 2656s
 62325 22695   31.27273   82   71   32.45455   11.92860  63.2%   195 2667s
 62662 22810   30.37023   66  224   32.45455   11.96970  63.1%   195 2681s
 63009 22899   28.37239   64  108   32.45455   11.96970  63.1%   195 2691s
 63371 23039   20.81251   71  248   32.45455   12.04571  62.9%   195 2702s
 63888 23320   14.08570   59  189   32.45455   12.11148  62.7%   195 2714s
 64398 23539   27.12567   88  229   32.45455   12.23542  62.3%   194 2726s
 64768 23752   26.61719   69  192   32.45455   12.29179  62.1%   194 2736s
 65109 23925   12.93112   64  199   32.45455   12.31863  62.0%   194 2746s
 65696 24222   22.66557   37  146   32.45455   12.38269  61.8%   193 2756s
 65966 24321   28.84848   52  109   32.45455   12.41457  61.7%   194 2766s
 66485 24567   28.39425   59  245   32.45455   12.50073  61.5%   193 2776s
 66935 24744   18.65214   77  150   32.45455   12.58064  61.2%   193 2785s
 67392 24936   29.99569   76  153   32.45455   12.64378  61.0%   193 2794s
 67766 25073   27.04784   68  213   32.45455   12.73941  60.7%   193 2804s
 68306 25310   27.40799   69  212   32.45455   12.81435  60.5%   192 2814s
 68671 25414   22.58964   89  189   32.45455   12.88868  60.3%   192 2823s
 68931 25520   30.97667   59  150   32.45455   12.96742  60.0%   192 2834s
 69369 25754   13.90909   53  161   32.45455   13.00057  59.9%   192 2843s
 69830 25963     cutoff   75        32.45455   13.03030  59.9%   192 2854s
 70140 26101 infeasible   81        32.45455   13.03030  59.9%   192 2868s
 70588 26321     cutoff   81        32.45455   13.03030  59.9%   192 2879s
 70926 26450   26.83460   51  156   32.45455   13.03030  59.9%   193 2891s
 71418 26629   13.90909   57  149   32.45455   13.03030  59.9%   193 2902s
 71883 26827   15.28994   61  221   32.45455   13.03030  59.9%   193 2914s
 72413 27098   20.86322   53  159   32.45455   13.03030  59.9%   192 2926s
 72812 27271   20.81904   58  234   32.45455   13.03030  59.9%   193 2937s
 73288 27514   28.73038   48  169   32.45455   13.03030  59.9%   193 2953s
 73755 27775   13.24992   55  192   32.45455   13.03030  59.9%   193 2966s
 74097 27973 infeasible   48        32.45455   13.03030  59.9%   193 2978s
 74445 28131   28.17005   62  175   32.45455   13.03030  59.9%   193 2991s
 75125 28521   26.60759   51  278   32.45455   13.03030  59.9%   192 3003s
 75768 28825     cutoff   77        32.45455   13.03030  59.9%   192 3015s
 76485 29178   22.53724   81  195   32.45455   13.03030  59.9%   192 3027s
 76959 29466   17.39599   74  157   32.45455   13.03030  59.9%   192 3038s
 77475 29801   13.90909   66  203   32.45455   13.03030  59.9%   192 3050s
 77922 30056   28.71140   92  216   32.45455   13.03030  59.9%   191 3063s
 78424 30344   20.81628   73  115   32.45455   13.03030  59.9%   191 3074s
 78935 30619   15.88122   57  175   32.45455   13.03030  59.9%   191 3085s
 79238 30787   14.57985   73  194   32.45455   13.03030  59.9%   191 3096s
 79801 31115   25.35952  119  180   32.45455   13.03030  59.9%   191 3108s
 80161 31344   21.28731   64  208   32.45455   13.03030  59.9%   191 3127s
 80441 31471   25.10075   76  215   32.45455   13.03030  59.9%   191 3138s
 80734 31617   14.83372   68  266   32.45455   13.03030  59.9%   192 3152s
 81163 31825   21.14743   52  280   32.45455   13.03030  59.9%   192 3164s
 81493 32046   17.69672   51  170   32.45455   13.03030  59.9%   192 3176s
 81745 32178   13.12315   66  288   32.45455   13.03030  59.9%   192 3188s
 82026 32382   17.21501   63  257   32.45455   13.03030  59.9%   193 3205s
 82365 32565     cutoff   72        32.45455   13.03030  59.9%   193 3219s
 82702 32750   26.03143   60  152   32.45455   13.03030  59.9%   193 3233s
 83049 32950   18.90909   45  179   32.45455   13.03030  59.9%   193 3245s
 83351 33151   19.17424   47  185   32.45455   13.03030  59.9%   194 3258s
 83609 33324     cutoff   58        32.45455   13.03030  59.9%   194 3275s
 83909 33488   19.71293   50  271   32.45455   13.03030  59.9%   194 3291s
 84322 33713   13.05253   67  199   32.45455   13.03030  59.9%   194 3307s
 84846 34018   13.20129   58  155   32.45455   13.03030  59.9%   194 3321s
 85275 34253   14.43853   65  217   32.45455   13.03030  59.9%   194 3341s
 85612 34428   14.80853   62  207   32.45455   13.03030  59.9%   195 3355s
 85933 34616   23.73680  119  182   32.45455   13.03030  59.9%   195 3368s
 86315 34830   19.15152   50  191   32.45455   13.03030  59.9%   195 3383s
 86897 35196   16.61835   71  187   32.45455   13.03030  59.9%   194 3395s
 87406 35528   13.03030   67  153   32.45455   13.03030  59.9%   194 3412s
 87804 35770   13.03030   54  168   32.45455   13.03030  59.9%   195 3426s
 88066 35922   13.19927   49  204   32.45455   13.03030  59.9%   195 3441s
 88486 36123   27.87289   73  219   32.45455   13.03030  59.9%   195 3456s
 88912 36317   18.64480   76  151   32.45455   13.03030  59.9%   196 3471s
 89217 36456     cutoff   65        32.45455   13.03030  59.9%   196 3485s
 89544 36665   19.00069   68  155   32.45455   13.03030  59.9%   196 3498s
 89766 36819   13.03030   64  199   32.45455   13.03030  59.9%   196 3513s
 90126 37100   19.16712   56  230   32.45455   13.03030  59.9%   197 3529s
 90501 37353   13.03030   59  136   32.45455   13.03030  59.9%   197 3544s
 90972 37630   28.45233   86  177   32.45455   13.03030  59.9%   197 3560s
 91217 37741   13.53251   67  198   32.45455   13.03030  59.9%   197 3576s
 91849 38073   27.36434   70  209   32.45455   13.03030  59.9%   196 3592s
 92335 38352   25.23090   49  159   32.45455   13.03030  59.9%   196 3600s

Cutting planes:
  Gomory: 1
  Implied bound: 236
  Projected Implied bound: 6
  MIR: 74
  Flow cover: 40
  Zero half: 2

Explored 92657 nodes (18269484 simplex iterations) in 3600.08 seconds
Thread count was 4 (of 20 available processors)

Solution count 10: 32.4545 33.303 33.697 ... 45.8182
Pool objective bound 13.0303

Time limit reached
Best objective 3.245454545455e+01, best bound 1.303030303030e+01, gap 59.8506%

Wrote result file 'waterstop_5_180114_kadou40.sol'

