
Gurobi 7.0.1 (win64) logging started 02/05/17 13:14:55

Set parameter TimeLimit to value 86400
Set parameter Threads to value 4

Gurobi Optimizer version 7.0.1 build v7.0.1rc0 (win64)
Copyright (c) 2016, Gurobi Optimization, Inc.

Read LP format model from file 60_without_pump_7team.lp
Reading time = 0.28 seconds
Objective: 60682 rows, 21273 columns, 222950 nonzeros
Optimize a model with 60682 rows, 21273 columns and 222950 nonzeros
Variable types: 105 continuous, 21168 integer (0 binary)
Coefficient statistics:
  Matrix range     [3e-01, 5e+02]
  Objective range  [1e+00, 1e+00]
  Bounds range     [1e+00, 1e+00]
  RHS range        [1e+00, 5e+02]
Presolve removed 28959 rows and 4921 columns
Presolve time: 2.00s
Presolved: 31723 rows, 16352 columns, 127106 nonzeros
Variable types: 56 continuous, 16296 integer (16296 binary)

Root relaxation: objective 0.000000e+00, 4597 iterations, 1.46 seconds
Total elapsed time = 5.54s

    Nodes    |    Current Node    |     Objective Bounds      |     Work
 Expl Unexpl |  Obj  Depth IntInf | Incumbent    BestBd   Gap | It/Node Time

     0     0    0.00000    0   44          -    0.00000      -     -    6s
H    0     0                     203.9393939    0.00000   100%     -    7s
H    0     0                     146.0606061    0.00000   100%     -    7s
H    0     0                     134.1818182    0.00000   100%     -    7s
     0     0    0.00000    0  113  134.18182    0.00000   100%     -    8s
H    0     0                     107.8484848    0.00000   100%     -   15s
     0     0    0.00000    0  128  107.84848    0.00000   100%     -   16s
     0     0    0.00000    0  106  107.84848    0.00000   100%     -   18s
H    0     0                      94.0909091    0.00000   100%     -   20s
     0     0    0.00000    0  108   94.09091    0.00000   100%     -   20s
H    0     0                      93.4545455    0.00000   100%     -   20s
H    0     0                      90.6969697    0.00000   100%     -   20s
     0     0    0.00000    0  130   90.69697    0.00000   100%     -   20s
H    0     0                      72.2121212    0.00000   100%     -   25s
H    0     0                      70.4242424    0.00000   100%     -   25s
     0     0    0.00000    0  124   70.42424    0.00000   100%     -   25s
     0     0    0.00000    0   41   70.42424    0.00000   100%     -   30s
     0     0    0.00000    0   40   70.42424    0.00000   100%     -   31s
     0     0    0.00000    0   54   70.42424    0.00000   100%     -   33s
H    0     0                      52.3333333    0.00000   100%     -   35s
     0     0    0.00000    0  128   52.33333    0.00000   100%     -   35s
     0     0    0.00000    0   61   52.33333    0.00000   100%     -   42s
     0     0    0.00000    0   56   52.33333    0.00000   100%     -   43s
     0     0    0.00000    0   72   52.33333    0.00000   100%     -   47s
     0     0    0.00000    0   50   52.33333    0.00000   100%     -   48s
     0     2    0.00000    0   50   52.33333    0.00000   100%     -   49s
     3     8    0.21609    2  110   52.33333    0.00000   100%  1649   50s
    48    50    5.48485   13   62   52.33333    4.00000  92.4%   580   55s
    96    97   34.88215   21  108   52.33333    4.00000  92.4%   581   60s
   174   176   44.28788   38  125   52.33333    4.00000  92.4%   578   65s
H  240   238                      51.5151515    4.00000  92.2%   590   69s
   246   246   30.69318   50   56   51.51515    4.00000  92.2%   582   70s
H  397   345                      48.3333333    5.48485  88.7%   477   73s
H  452   371                      45.2727273    5.48485  87.9%   443   74s
   489   385   20.01327    9  157   45.27273    5.48485  87.9%   424   77s
H  512   328                      37.2727273    5.48485  85.3%   432   79s
   519   323   12.28139   10   80   37.27273    5.48485  85.3%   434   80s
   602   371   17.50799   17   61   37.27273    5.48485  85.3%   459   85s
H  691   368                      34.2727273    5.48485  84.0%   476   89s
   692   370   19.60246   28   73   34.27273    5.48485  84.0%   475   90s
   752   410   19.65443   36  136   34.27273    5.48485  84.0%   525   95s
   776   425   20.41865   39  172   34.27273    5.48485  84.0%   550  100s
   897   502   24.04804   47  186   34.27273    5.48485  84.0%   567  107s
H  956   535                      32.7575758    5.48485  83.3%   577  109s
   958   530   23.61865   51  118   32.75758    5.48485  83.3%   582  111s
  1058   579   23.77980   19   50   32.75758    5.48485  83.3%   580  129s
  1060   580   23.14135   55   70   32.75758    5.48485  83.3%   579  134s
  1061   581   25.58581   26  114   32.75758    5.48485  83.3%   578  138s
  1063   582   28.36364   47   98   32.75758    5.48485  83.3%   577  141s
  1065   584    5.48485   19  125   32.75758    5.48485  83.3%   576  145s
  1069   586   28.62059   33   46   32.75758    5.48485  83.3%   574  150s
  1071   591    5.48485   13   69   32.75758    5.48485  83.3%   613  158s
  1073   592    5.48485   14   73   32.75758    5.48485  83.3%   613  163s
  1077   592    5.48485   15   63   32.75758    5.48485  83.3%   621  166s
  1081   592   21.52525   15   94   32.75758    5.48485  83.3%   645  181s
  1085   592    5.48485   16   89   32.75758    5.48485  83.3%   669  186s
  1089   592    5.48485   17   79   32.75758    5.48485  83.3%   670  190s
  1097   596   12.71717   18   86   32.75758    5.48485  83.3%   680  204s
  1101   599    7.00000   19   77   32.75758    7.00000  78.6%   699  208s
  1108   601    9.66667   20   62   32.75758    7.00000  78.6%   700  220s
  1120   603    9.66667   22   61   32.75758    7.00000  78.6%   732  230s
  1133   603   17.42424   24   47   32.75758    7.00000  78.6%   754  240s
  1139   608   10.09092   24  144   32.75758    7.00000  78.6%   762  245s
  1151   609   13.66667   25   82   32.75758    7.00000  78.6%   761  252s
  1156   613   17.19192   25   57   32.75758    7.00000  78.6%   775  256s
  1167   618   14.42424   27   61   32.75758    7.00000  78.6%   775  262s
  1180   617   14.42424   29   69   32.75758    7.00000  78.6%   784  268s
  1194   616   14.42424   30   58   32.75758    7.00000  78.6%   795  273s
  1206   612   14.42424   31   50   32.75758    7.00000  78.6%   806  285s
  1227   614   19.42424   32   71   32.75758    7.00000  78.6%   830  296s
  1242   615   19.90909   33   48   32.75758    9.66667  70.5%   846  309s
H 1270   588                      31.3636364    9.66667  69.2%   863  317s
  1289   584   29.87879   38   56   31.36364    9.66667  69.2%   870  328s
  1330   587   18.20211   25   80   31.36364    9.66667  69.2%   891  339s
  1351   591   19.15152   26   80   31.36364    9.66667  69.2%   890  345s
  1380   584     cutoff   27        31.36364    9.66667  69.2%   894  350s
  1412   590   30.71530   28   57   31.36364    9.66667  69.2%   890  357s
  1464   577   20.81047   28   90   31.36364    9.66667  69.2%   890  366s
  1496   574   20.70217   23   68   31.36364   12.90909  58.8%   905  378s
  1511   569 infeasible   24        31.36364   13.66667  56.4%   919  383s
  1532   574   16.33333   20   64   31.36364   13.66667  56.4%   925  388s
  1568   563   20.33333   22   81   31.36364   13.66667  56.4%   925  394s
  1620   580   20.35323   23   59   31.36364   13.66667  56.4%   916  402s
  1676   561   24.35323   29   73   31.36364   13.70310  56.3%   907  411s
  1728   567     cutoff   27        31.36364   13.70310  56.3%   900  416s
  1770   576   23.45057   28   87   31.36364   13.70310  56.3%   898  425s
  1842   582   28.19054   37  102   31.36364   13.70310  56.3%   879  432s
  1896   575   31.33333   39   34   31.36364   14.42424  54.0%   872  440s
  1947   575   22.46067   29  111   31.36364   14.42424  54.0%   868  464s
  2019   554   22.62966   44   95   31.36364   14.42424  54.0%   866  475s
  2172   544 infeasible   46        31.36364   14.42424  54.0%   846  487s
  2363   550     cutoff   54        31.36364   14.42424  54.0%   825  503s
  2770   553   23.90909   65   52   31.36364   14.42424  54.0%   766  515s
  3474   882   14.42424   74   87   31.36364   14.42424  54.0%   658  524s
  3786  1010   14.42424  102   60   31.36364   14.42424  54.0%   627  535s
  4636  1293   15.05755   77   63   31.36364   14.42424  54.0%   552  544s
  5052  1379     cutoff   68        31.36364   14.42424  54.0%   534  552s
  5278  1419   20.71016   94   90   31.36364   14.42424  54.0%   528  563s
  5520  1501   14.42424   64   60   31.36364   14.42424  54.0%   517  571s
  5749  1530   14.57725   73   65   31.36364   14.42424  54.0%   516  579s
  5952  1559   14.45479   67   72   31.36364   14.42424  54.0%   515  589s
  6638  1710   17.43521  104   86   31.36364   14.42424  54.0%   491  598s
  6792  1720   14.57943   52   46   31.36364   14.42424  54.0%   495  621s
  6819  1698   14.57943   53   49   31.36364   14.42424  54.0%   496  631s
  7019  1708   14.47879   55   53   31.36364   14.42424  54.0%   498  641s
  7200  1746   18.47455   50   83   31.36364   14.42424  54.0%   502  650s
  7375  1821   14.47935   49   59   31.36364   14.42424  54.0%   501  660s
  7534  1839   14.87227   86   93   31.36364   14.42424  54.0%   502  672s
  7826  1866   20.24271   79  115   31.36364   14.42424  54.0%   504  683s
  8094  1869 infeasible   84        31.36364   14.42424  54.0%   507  695s
  8346  1878   26.66667   53   47   31.36364   14.42424  54.0%   508  708s
  8919  2046   26.66667   54   58   31.36364   14.42424  54.0%   499  721s
  9253  2114   19.12473   69   77   31.36364   14.42424  54.0%   495  733s
  9605  2143   24.81818   65   44   31.36364   14.42424  54.0%   493  749s
 10316  2364   14.60438   84   79   31.36364   14.42424  54.0%   487  768s
 10679  2419   30.04396   44  133   31.36364   14.42424  54.0%   488  779s
 11314  2521   14.42424   82  111   31.36364   14.42424  54.0%   480  793s
 12130  2733 infeasible   79        31.36364   14.42424  54.0%   470  806s
 12486  2740   14.47935   44   55   31.36364   14.42424  54.0%   472  817s
 12757  2716 infeasible   69        31.36364   14.42424  54.0%   475  829s
 13064  2715   26.79168   90   97   31.36364   14.42424  54.0%   475  840s
 13347  2705   26.23720   72  143   31.36364   14.42424  54.0%   477  851s
 13617  2707     cutoff   52        31.36364   14.57725  53.5%   476  863s
 14104  2742   14.66809   58   51   31.36364   14.60606  53.4%   473  877s
 14871  2950   14.69647   64   63   31.36364   14.60606  53.4%   466  909s
 14926  2878   14.60606   71   35   31.36364   14.60606  53.4%   466  922s
 15297  2869   24.09091   72   53   31.36364   14.60606  53.4%   465  930s
 15525  2807 infeasible   67        31.36364   14.60606  53.4%   468  943s
 15836  2771   21.75758  103   65   31.36364   14.66618  53.2%   469  954s
 16190  2766     cutoff   61        31.36364   14.67125  53.2%   470  967s
 16577  2748     cutoff   92        31.36364   14.67125  53.2%   470  979s
 16937  2726   27.54747   86   81   31.36364   14.72714  53.0%   472  993s
 17222  2700   14.89258   85   76   31.36364   14.84091  52.7%   471 1004s
 17575  2666   27.12121   80   84   31.36364   14.87879  52.6%   471 1016s
 17857  2611   20.89394   49   64   31.36364   15.05893  52.0%   471 1027s
 18168  2594 infeasible  102        31.36364   15.25204  51.4%   471 1038s
 18511  2566 infeasible   78        31.36364   15.27273  51.3%   471 1046s
 18671  2486   24.63636   64   61   31.36364   15.42424  50.8%   472 1055s
 19034  2467     cutoff   87        31.36364   15.48317  50.6%   472 1074s
 19298  2425   16.15004   80  116   31.36364   15.54545  50.4%   472 1081s
 19482  2373   24.23030   21  103   31.36364   15.54545  50.4%   474 1092s
 19777  2324     cutoff   71        31.36364   15.71170  49.9%   472 1103s
 20034  2261     cutoff   80        31.36364   15.97455  49.1%   473 1114s
 20348  2217   27.92665   92   58   31.36364   16.31242  48.0%   473 1123s
 20659  2193   26.76515   87   45   31.36364   16.37121  47.8%   472 1135s
 20947  2144   31.15152   44   26   31.36364   16.53992  47.3%   472 1146s
 21165  2091     cutoff   22        31.36364   16.74216  46.6%   472 1158s
 21362  2016   22.03030   24   81   31.36364   17.02104  45.7%   473 1169s
 21611  2017     cutoff   80        31.36364   17.33333  44.7%   473 1182s
 21781  2017   25.86869   30   67   31.36364   17.36834  44.6%   475 1195s
 21934  1990 infeasible   24        31.36364   17.42424  44.4%   478 1208s
 22113  1932   26.92424   72   36   31.36364   17.49851  44.2%   479 1220s
 22376  1874     cutoff   63        31.36364   17.60173  43.9%   479 1234s
 22576  1801   28.14444   86   78   31.36364   18.13593  42.2%   480 1242s
 22786  1729 infeasible  109        31.36364   18.37263  41.4%   480 1252s
 22938  1678     cutoff   80        31.36364   18.42166  41.3%   483 1265s
 23124  1614   21.42424   35   67   31.36364   18.42424  41.3%   486 1278s
 23353  1558     cutoff   88        31.36364   18.42424  41.3%   487 1283s
 23548  1490     cutoff   84        31.36364   18.50432  41.0%   487 1294s
 23849  1445     cutoff   51        31.36364   18.51554  41.0%   486 1302s
 24071  1386     cutoff   85        31.36364   18.67738  40.4%   486 1311s
 24290  1330   30.63636   91   40   31.36364   18.81818  40.0%   486 1322s
 24456  1252     cutoff   68        31.36364   19.16783  38.9%   486 1334s
 24617  1172     cutoff   61        31.36364   19.42424  38.1%   487 1339s
 24726  1105     cutoff   87        31.36364   19.47117  37.9%   490 1351s
 24898  1038     cutoff   78        31.36364   19.56103  37.6%   490 1364s
 25031   956   21.48485   29   62   31.36364   19.75758  37.0%   490 1372s
 25269   883 infeasible  106        31.36364   19.90909  36.5%   490 1382s
 25529   808     cutoff   46        31.36364   20.30585  35.3%   489 1386s
 25706   731     cutoff   35        31.36364   20.72118  33.9%   489 1393s
 25929   652     cutoff   63        31.36364   21.26243  32.2%   488 1397s
 26111   574     cutoff   65        31.36364   22.42424  28.5%   487 1409s
 26303   492     cutoff   83        31.36364   22.59415  28.0%   489 1414s
 26470   409     cutoff   31        31.36364   24.77778  21.0%   489 1419s
 26653   325     cutoff   67        31.36364   25.87879  17.5%   488 1427s
 26844   245     cutoff   81        31.36364   26.09091  16.8%   488 1432s
 27047   162   27.36364   63   65   31.36364   27.36364  12.8%   487 1438s
 27231    79 infeasible   67        31.36364   28.84848  8.02%   486 1442s
 27376     0 infeasible   37        31.36364   29.87879  4.73%   485 1446s

Cutting planes:
  Implied bound: 12
  MIR: 20

Explored 27614 nodes (13411321 simplex iterations) in 1448.13 seconds
Thread count was 4 (of 20 available processors)

Solution count 10: 31.3636 32.7576 34.2727 ... 72.2121
Pool objective bound 31.3636

Optimal solution found (tolerance 1.00e-04)
Best objective 3.136363636364e+01, best bound 3.136363636364e+01, gap 0.0000%

Wrote result file '60_without_pump_7team.sol'

