
Gurobi 7.0.1 (win64) logging started 02/01/17 17:31:48

Set parameter TimeLimit to value 86400
Set parameter Threads to value 4

Gurobi Optimizer version 7.0.1 build v7.0.1rc0 (win64)
Copyright (c) 2016, Gurobi Optimization, Inc.

Read LP format model from file 60_without_pump.lp
Reading time = 0.47 seconds
Objective: 62412 rows, 21852 columns, 239226 nonzeros
Optimize a model with 62412 rows, 21852 columns and 239226 nonzeros
Variable types: 108 continuous, 21744 integer (0 binary)
Coefficient statistics:
  Matrix range     [3e-01, 5e+02]
  Objective range  [1e+00, 1e+00]
  Bounds range     [1e+00, 1e+00]
  RHS range        [1e+00, 5e+02]
Presolve removed 28428 rows and 4368 columns
Presolve time: 4.65s
Presolved: 33984 rows, 17484 columns, 136044 nonzeros
Variable types: 60 continuous, 17424 integer (17424 binary)

Root simplex log...

Iteration    Objective       Primal Inf.    Dual Inf.      Time
       0    0.0000000e+00   4.800000e+01   0.000000e+00      6s
    4692    0.0000000e+00   0.000000e+00   0.000000e+00      9s

Root relaxation: objective 0.000000e+00, 4692 iterations, 3.25 seconds
Total elapsed time = 11.69s

    Nodes    |    Current Node    |     Objective Bounds      |     Work
 Expl Unexpl |  Obj  Depth IntInf | Incumbent    BestBd   Gap | It/Node Time

     0     0    0.00000    0   44          -    0.00000      -     -   13s
H    0     0                     197.1515152    0.00000   100%     -   15s
H    0     0                     169.3030303    0.00000   100%     -   16s
H    0     0                     143.5454545    0.00000   100%     -   16s
     0     0    0.00000    0  160  143.54545    0.00000   100%     -   22s
H    0     0                     106.9393939    0.00000   100%     -   33s
     0     0    0.00000    0  140  106.93939    0.00000   100%     -   35s
     0     0    0.00000    0  172  106.93939    0.00000   100%     -   42s
H    0     0                      97.4848485    0.00000   100%     -   49s
     0     0    0.00000    0  211   97.48485    0.00000   100%     -   50s
H    0     0                      88.3636364    0.00000   100%     -   66s
     0     0    0.00000    0   33   88.36364    0.00000   100%     -   66s
     0     0    0.00000    0   53   88.36364    0.00000   100%     -   68s
     0     0    0.00000    0   65   88.36364    0.00000   100%     -   74s
     0     0    0.00000    0   62   88.36364    0.00000   100%     -   75s
     0     0    0.00000    0   50   88.36364    0.00000   100%     -   80s
     0     0    0.00000    0  127   88.36364    0.00000   100%     -   84s
     0     0    0.00000    0   51   88.36364    0.00000   100%     -  103s
     0     0    0.00000    0   51   88.36364    0.00000   100%     -  104s
     0     2    0.00000    0   51   88.36364    0.00000   100%     -  105s
     1     4    0.00000    1   79   88.36364    0.00000   100%  1612  111s
     3     8    0.00000    2   99   88.36364    0.00000   100%  3853  118s
     7    12    0.00000    3   99   88.36364    0.00000   100%  3317  125s
    15    19    0.02799    5  126   88.36364    0.00000   100%  2267  131s
    27    30    3.04641    7  162   88.36364    0.00000   100%  2089  148s
H   28    32                      87.1818182    0.00000   100%  2014  148s
    36    37    3.10607    8  161   87.18182    0.00000   100%  1714  153s
    42    42 infeasible   10        87.18182    0.00000   100%  1620  159s
    48    51   15.57754   10  193   87.18182    0.00000   100%  1701  171s
H   59    60                      76.8787879    0.00000   100%  1583  179s
    63    63   19.11400   13  173   76.87879    0.00000   100%  1583  181s
    82    79   19.15783   15  166   76.87879    0.00000   100%  1467  186s
    98    96   20.77963   18  166   76.87879    0.00000   100%  1373  191s
   129   130   32.33333   25   89   76.87879    0.00000   100%  1187  196s
H  131   131                      71.5454545    0.00000   100%  1174  196s
H  164   163                      67.7878788    0.00000   100%  1082  199s
   177   176   32.33333   30   95   67.78788    0.00000   100%  1030  201s
   220   213   33.58826   37  110   67.78788    0.00000   100%   922  205s
   321   303   38.15944   57  107   67.78788    0.00000   100%   739  210s
H  336   306                      62.9393939    0.00000   100%   717  210s
   399   339   58.35829   79   30   62.93939    0.00000   100%   648  215s
   471   379    0.02799    7  107   62.93939    0.00000   100%   587  226s
   498   393   30.40375    8  141   62.93939    0.00000   100%   578  232s
   518   415   20.69466    7  115   62.93939    0.00000   100%   585  238s
H  526   414                      62.3030303    0.00000   100%   584  238s
   541   433    0.02799    9  133   62.30303    0.00000   100%   577  241s
   576   463    1.02799   11  135   62.30303    0.00000   100%   573  248s
   631   504   14.48427   11  128   62.30303    0.00000   100%   540  251s
   695   557   19.75899   12  145   62.30303    0.00000   100%   513  262s
   765   617   11.48254   14  144   62.30303    0.00000   100%   490  267s
   854   686   14.56001   18  280   62.30303    0.00000   100%   473  280s
   936   738   27.03209   24  121   62.30303    0.00000   100%   460  288s
   978   772     cutoff   32        62.30303    0.00000   100%   466  291s
  1030   815   60.08992   80   51   62.30303    0.00000   100%   461  314s
  1032   816   43.99613   47   50   62.30303    0.00000   100%   460  331s
  1033   817   16.85710   70   59   62.30303    0.00000   100%   459  343s
  1034   818   17.22959    5  156   62.30303    0.00000   100%   459  350s
H 1034   777                      57.9393939    0.00000   100%   459  371s
  1036   778   40.53569   86   78   57.93939    0.00000   100%   458  377s
  1037   779   36.33539   53   72   57.93939    0.00000   100%   457  399s
  1038   779   32.20996   11  114   57.93939    0.00000   100%   457  405s
H 1038   739                      56.4848485    0.00000   100%   457  415s
  1040   741   23.19579   47  114   56.48485    5.00000  91.1%   456  422s
  1041   741   38.37374   13   71   56.48485    5.00000  91.1%   456  435s
H 1042   705                      54.2121212    5.00000  90.8%   455  453s
  1044   706   40.13145   74   96   54.21212    5.00000  90.8%   454  455s
H 1044   671                      54.0909091    5.00000  90.8%   454  473s
  1046   673   14.04112   17  156   54.09091    5.00000  90.8%   453  478s
  1047   673   16.83141   50   98   54.09091    5.00000  90.8%   453  520s
  1048   674   33.61905   15  165   54.09091    5.00000  90.8%   453  525s
  1049   675   36.44603   67  106   54.09091    5.03795  90.7%   452  550s
  1050   675   54.09091   80  149   54.09091    5.05283  90.7%   452  556s
  1051   676   49.70829  140   83   54.09091    5.35547  90.1%   451  579s
  1052   677   43.99613   47  126   54.09091    5.35547  90.1%   451  584s
  1053   677   16.85710   70   63   54.09091    5.51471  89.8%   450  603s
  1054   678   17.22959    5  162   54.09091    5.55027  89.7%   450  607s
  1055   679   28.09091   19   58   54.09091    6.00000  88.9%   450  623s
  1056   679   40.53569   86  101   54.09091    6.00000  88.9%   449  625s
  1057   680   36.33539   53  109   54.09091    6.00000  88.9%   449  642s
  1058   681   32.20996   11  129   54.09091    6.00000  88.9%   448  645s
  1059   681   48.22291   46   95   54.09091    6.00000  88.9%   448  660s
  1061   683   38.37374   13  158   54.09091    6.18666  88.6%   447  687s
  1063   684   12.73573    9  184   54.09091    6.50041  88.0%   446  704s
  1064   685   40.13145   74  222   54.09091    6.57753  87.8%   446  707s
  1065   685   16.83141   63  176   54.09091    6.75035  87.5%   445  729s
  1066   686   14.04112   17  245   54.09091    6.78199  87.5%   445  733s
  1067   687   16.83141   50  157   54.09091    6.96379  87.1%   445  746s
  1069   688   36.44603   67  163   54.09091    7.20863  86.7%   444  766s
  1070   689   54.09091   80  238   54.09091    8.28484  84.7%   443  770s
  1071   689   49.70829  140  145   54.09091    8.36620  84.5%   443  787s
  1072   690   43.99613   47  286   54.09091    8.46658  84.3%   442  791s
  1073   691   16.85710   70  165   54.09091    8.51710  84.3%   442  807s
  1074   691   17.22959    5  259   54.09091    8.91810  83.5%   442  814s
  1075   692   28.09091   19  204   54.09091    9.09139  83.2%   441  839s
  1076   693   40.53569   86  257   54.09091    9.13074  83.1%   441  842s
  1077   693   36.33539   53  191   54.09091    9.24205  82.9%   440  862s
  1078   694   32.20996   11  295   54.09091    9.28122  82.8%   440  866s
  1079   695   48.22291   46  199   54.09091    9.30429  82.8%   440  894s
  1080   695   23.19579   47  263   54.09091    9.33194  82.7%   439  898s
  1081   696   38.37374   13  273   54.09091    9.36654  82.7%   439  914s
  1082   697   40.89014  101  360   54.09091    9.37580  82.7%   438  920s
  1083   697   12.73573    9  199   54.09091    9.39892  82.6%   438  960s
  1085   699   16.83141   63  195   54.09091    9.42370  82.6%   437  992s
  1086   699   14.04112   17  264   54.09091    9.42957  82.6%   437  996s
H 1086   663                      51.7272727    9.42957  81.8%   437 1011s
  1088   665   33.61905   15  381   51.72727    9.48296  81.7%   436 1020s
H 1088   630                      49.7272727    9.48296  80.9%   436 1055s
  1090   631   49.72727   80  299   49.72727    9.49365  80.9%   435 1061s
  1091   632   49.70829  140  228   49.72727    9.49860  80.9%   435 1081s
  1093   633   16.85710   70  222   49.72727    9.51195  80.9%   434 1104s
  1094   634   17.22959    5  279   49.72727    9.51364  80.9%   434 1107s
  1095   634   28.09091   19  209   49.72727    9.51876  80.9%   433 1129s
  1096   635   40.53569   86  269   49.72727    9.52649  80.8%   433 1133s
  1097   636   36.33539   53  257   49.72727    9.53372  80.8%   432 1155s
  1098   636   32.20996   11  295   49.72727    9.53642  80.8%   432 1160s
  1099   637   48.22291   46  216   49.72727    9.53977  80.8%   432 1186s
  1101   638   38.37374   13  233   49.72727    9.54790  80.8%   431 1200s
  1103   640   12.73573    9  220   49.72727    9.56258  80.8%   430 1228s
  1104   640   40.13145   74  320   49.72727    9.60450  80.7%   430 1235s
  1105   641   16.83141   63  292   49.72727    9.69657  80.5%   429 1266s
  1106   642   14.04112   17  322   49.72727    9.77560  80.3%   429 1273s
  1107   642   16.83141   50  218   49.72727    9.78010  80.3%   428 1297s
  1108   643   33.61905   15  447   49.72727    9.80222  80.3%   428 1302s
H 1108   610                      48.0303030    9.80222  79.6%   428 1334s
  1109   611   36.44603   67  221   48.03030    9.80758  79.6%   428 1335s
  1111   612   48.03030  140  243   48.03030    9.90301  79.4%   427 1360s
H 1111   580                      46.8181818    9.90413  78.8%   427 1365s
H 1112   551                      43.8181818    9.90413  77.4%   427 1381s
  1114   552   17.22959    5  315   43.81818    9.90472  77.4%   426 1386s
H 1114   523                      43.1212121    9.90472  77.0%   426 1407s
  1116   524   40.53569   86  284   43.12121    9.90931  77.0%   425 1413s
  1117   525   36.33539   53  211   43.12121    9.92053  77.0%   425 1445s
  1118   526   32.20996   11  309   43.12121    9.92118  77.0%   424 1450s
  1119   526   43.12121   46  213   43.12121    9.95162  76.9%   424 1483s
  1120   527   23.19579   47  280   43.12121    9.95196  76.9%   424 1487s
  1121   528   38.37374   13  245   43.12121    9.99898  76.8%   423 1511s
  1122   528   40.89014  101  350   43.12121   10.00129  76.8%   423 1517s
  1123   529   12.73573    9  230   43.12121   10.00751  76.8%   422 1550s
  1124   530   40.13145   74  281   43.12121   10.01100  76.8%   422 1558s
  1125   530   16.83141   63  202   43.12121   10.04926  76.7%   422 1582s
  1126   531   14.04112   17  315   43.12121   10.06018  76.7%   421 1588s
  1127   532   16.83141   50  191   43.12121   10.10354  76.6%   421 1608s
  1128   532   33.61905   15  320   43.12121   10.11767  76.5%   421 1616s
  1129   533   36.44603   67  226   43.12121   10.12759  76.5%   420 1639s
  1130   534   43.12121   80  327   43.12121   10.13266  76.5%   420 1647s
  1131   534   43.12121  140  225   43.12121   10.14022  76.5%   419 1678s
  1132   535   43.12121   47  377   43.12121   10.16044  76.4%   419 1689s
  1133   536   16.85710   70  230   43.12121   10.18572  76.4%   419 1721s
  1134   536   17.22959    5  337   43.12121   10.20401  76.3%   418 1727s
  1135   537   28.09091   19  228   43.12121   10.21596  76.3%   418 1752s
  1136   538   40.53569   86  304   43.12121   10.22089  76.3%   418 1757s
  1137   538   36.33539   53  194   43.12121   10.23172  76.3%   417 1783s
  1138   539   32.20996   11  316   43.12121   10.23336  76.3%   417 1787s
  1139   540   43.12121   46  193   43.12121   10.23463  76.3%   416 1816s
  1140   540   23.19579   47  339   43.12121   10.23599  76.3%   416 1822s
  1141   541   38.37374   13  227   43.12121   10.23759  76.3%   416 1849s
  1142   542   40.89014  101  363   43.12121   10.24015  76.3%   415 1855s
  1143   542   12.73573    9  261   43.12121   10.24366  76.2%   415 1886s
  1144   543   40.13145   74  373   43.12121   10.24622  76.2%   415 1893s
  1145   544   16.83141   63  213   43.12121   10.24771  76.2%   414 1941s
  1146   544   14.04112   17  327   43.12121   10.24942  76.2%   414 1946s
  1147   545   16.83141   50  246   43.12121   10.25073  76.2%   414 1972s
  1148   546   33.61905   15  317   43.12121   10.25167  76.2%   413 1976s
  1149   546   36.44603   67  234   43.12121   10.25378  76.2%   413 1995s
  1151   548   43.12121  140  223   43.12121   10.26432  76.2%   412 2019s
  1152   548   43.12121   47  360   43.12121   10.27199  76.2%   412 2024s
  1153   549   16.85710   70  392   43.12121   10.27607  76.2%   411 2043s
  1154   550   17.22959    5  334   43.12121   10.27817  76.2%   411 2048s
H 1154   520                      40.6363636   10.27817  74.7%   411 2074s
  1156   521   40.53569   86  356   40.63636   10.28869  74.7%   410 2077s
  1157   522   36.33539   53  216   40.63636   10.30279  74.6%   410 2107s
  1158   522   32.20996   11  329   40.63636   10.31120  74.6%   410 2116s
  1159   523   40.63636   46  262   40.63636   10.31157  74.6%   409 2144s
  1160   524   23.19579   47  349   40.63636   10.31297  74.6%   409 2148s
  1161   524   38.37374   13  227   40.63636   10.31406  74.6%   409 2185s
  1162   525   40.63636  101  338   40.63636   10.31476  74.6%   408 2194s
  1163   526   12.73573    9  265   40.63636   10.31669  74.6%   408 2211s
  1164   526   40.13145   74  404   40.63636   10.31697  74.6%   408 2215s
  1165   527   16.83141   63  352   40.63636   10.31837  74.6%   407 2224s
  1166   528   14.04112   17  393   40.63636   10.31862  74.6%   407 2229s
  1167   528   16.83141   50  229   40.63636   10.31888  74.6%   406 2253s
  1168   529   33.61905   15  321   40.63636   10.31926  74.6%   406 2259s
  1169   530   36.44603   67  240   40.63636   10.31992  74.6%   406 2280s
  1171   531   40.63636  140  403   40.63636   10.32061  74.6%   405 2305s
  1172   532   40.63636   47  464   40.63636   10.32071  74.6%   405 2311s
  1173   532   16.85710   70  243   40.63636   10.32102  74.6%   404 2330s
  1175   534   28.09091   19  244   40.63636   10.52232  74.1%   404 2357s
  1176   534   40.53569   86  314   40.63636   10.76027  73.5%   403 2361s
  1177   535   36.33539   53  224   40.63636   10.82291  73.4%   403 2384s
  1178   536   32.20996   11  374   40.63636   10.84215  73.3%   403 2388s
  1179   536   40.63636   46  260   40.63636   10.88296  73.2%   402 2407s
  1180   537   23.19579   47  343   40.63636   10.88689  73.2%   402 2413s
  1181   538   38.37374   13  271   40.63636   10.97842  73.0%   402 2439s
  1182   538   40.63636  101  360   40.63636   10.98048  73.0%   401 2446s
  1183   539   12.73573    9  399   40.63636   11.01259  72.9%   401 2456s
  1184   540   40.13145   74  366   40.63636   11.01441  72.9%   401 2460s
  1185   540   16.83141   63  259   40.63636   11.01804  72.9%   400 2485s
  1186   541   14.04112   17  357   40.63636   11.01952  72.9%   400 2490s
  1187   542   16.83141   50  264   40.63636   11.02036  72.9%   400 2518s
  1188   542   33.61905   15  370   40.63636   11.02094  72.9%   399 2523s
  1189   543   36.44603   67  249   40.63636   11.02153  72.9%   399 2549s
  1190   544   40.63636   80  393   40.63636   11.02276  72.9%   399 2554s
  1191   544   40.63636  140  249   40.63636   11.02409  72.9%   398 2575s
  1193   546   16.85710   70  252   40.63636   11.02445  72.9%   398 2598s
  1194   546   17.22959    5  418   40.63636   11.02453  72.9%   397 2603s
  1195   547   28.09091   19  292   40.63636   11.02455  72.9%   397 2635s
  1197   548   36.33539   53  309   40.63636   11.02455  72.9%   396 2660s
  1198   549   32.20996   11  274   40.63636   11.02455  72.9%   396 2666s
  1202   553   40.63636  101   85   40.63636   11.02455  72.9%  2224 2683s
  1203   554   12.73573    9   67   40.63636   11.02455  72.9%  2222 2719s
  1204   555   40.13145   74  161   40.63636   11.02455  72.9%  2220 2729s
  1205   555   16.83141   63   54   40.63636   11.02455  72.9%  2218 2764s
  1206   556   14.04112   17  141   40.63636   11.02455  72.9%  2216 2779s
  1207   557   16.83141   50   84   40.63636   11.02455  72.9%  2214 2821s
  1208   557   33.61905   15  119   40.63636   11.02455  72.9%  2213 2827s
  1209   558   36.44603   67  148   40.63636   11.02455  72.9%  2211 2862s
  1210   559   40.63636   80  255   40.63636   11.02455  72.9%  2209 2874s
  1211   559   40.63636  140  151   40.63636   11.02455  72.9%  2207 2897s
  1212   560   40.63636   47  241   40.63636   11.02455  72.9%  2205 2907s
  1213   561   16.85710   70  204   40.63636   11.02455  72.9%  2203 2938s
  1214   561   17.22959    5  286   40.63636   11.02455  72.9%  2202 2946s
  1215   562   28.09091   19  187   40.63636   11.02455  72.9%  2200 2969s
  1216   563   40.53569   86  318   40.63636   11.02455  72.9%  2198 2976s
  1217   563   36.33539   53  238   40.63636   11.02455  72.9%  2196 2998s
  1218   564   32.20996   11  285   40.63636   11.02455  72.9%  2194 3001s
  1219   565   40.63636   46  206   40.63636   11.02455  72.9%  2193 3012s
  1220   565   23.19579   47  292   40.63636   11.02455  72.9%  2191 3017s
  1221   566   38.37374   13  144   40.63636   11.02455  72.9%  2189 3037s
  1222   567   40.63636  101  228   40.63636   11.02455  72.9%  2187 3040s
  1223   567   12.73573    9  151   40.63636   11.02455  72.9%  2185 3052s
  1224   568   40.13145   74  330   40.63636   11.02455  72.9%  2184 3057s
  1225   569   16.83141   63  249   40.63636   11.02455  72.9%  2182 3084s
  1226   569   14.04112   17  305   40.63636   11.02455  72.9%  2180 3090s
  1227   570   16.83141   50  212   40.63636   11.19631  72.4%  2178 3105s
  1229   571   36.44603   67  137   40.63636   11.47368  71.8%  2175 3131s
  1231   573   40.63636  140  142   40.63636   11.47396  71.8%  2171 3151s
  1232   573   40.63636   47  280   40.63636   11.47396  71.8%  2169 3155s
  1233   574   16.85710   70  164   40.63636   11.47396  71.8%  2168 3174s
  1234   575   17.22959    5  263   40.63636   11.47396  71.8%  2166 3177s
H 1234   545                      40.3939394   11.47396  71.6%  2166 3199s
H 1234   517                      39.8484848   11.47396  71.2%  2166 3199s
  1235   517   28.09091   19  166   39.84848   11.47396  71.2%  2164 3201s
  1237   519   36.33539   53  163   39.84848   11.47396  71.2%  2161 3223s
  1238   519   32.20996   11  194   39.84848   11.47744  71.2%  2159 3227s
  1239   520   39.84848   46  153   39.84848   11.47748  71.2%  2157 3249s
  1240   521   23.19579   47  186   39.84848   11.47754  71.2%  2155 3250s
  1241   521   38.37374   13  180   39.84848   11.47754  71.2%  2154 3265s
  1243   523   12.73573    9  136   39.84848   11.47754  71.2%  2150 3277s
  1245   524   16.83141   63  134   39.84848   11.47754  71.2%  2147 3304s
  1246   525   14.04112   17  211   39.84848   11.47754  71.2%  2145 3308s
  1247   525   16.83141   50  141   39.84848   11.47754  71.2%  2143 3333s
  1248   526   33.61905   15  188   39.84848   11.47754  71.2%  2142 3336s
  1249   527   36.44603   67  167   39.84848   11.47754  71.2%  2140 3359s
  1250   527   39.84848   80  207   39.84848   11.47754  71.2%  2138 3361s
  1251   528   39.84848  140  241   39.84848   15.77128  60.4%  2136 3382s
  1252   529   39.84848   47  155   39.84848   15.77128  60.4%  2135 3393s
  1254   531   17.22959    5   51   39.84848   15.77128  60.4%  2616 3396s
  1256   532   39.84848   86   70   39.84848   15.77128  60.4%  2612 3416s
  1257   533   36.33539   53   44   39.84848   15.77128  60.4%  2610 3430s
  1258   534   32.20996   11  144   39.84848   15.77128  60.4%  2608 3443s
  1259   534   39.84848   46   72   39.84848   15.77128  60.4%  2606 3479s
  1260   535   23.19579   47   72   39.84848   15.77128  60.4%  2604 3480s
  1261   536   38.37374   13   72   39.84848   15.77128  60.4%  2602 3490s
  1262   539   15.77128   32   73   39.84848   15.77128  60.4%  2658 3505s
  1264   541   15.77128   33   80   39.84848   15.77128  60.4%  2654 3513s
  1268   543   15.77128   34   59   39.84848   15.77128  60.4%  2647 3527s
  1272   544   15.77128   35   73   39.84848   15.77128  60.4%  2643 3534s
  1276   547   30.69697   35   56   39.84848   15.77128  60.4%  2643 3542s
  1280   548   15.77128   36   70   39.84848   15.77128  60.4%  2636 3557s
  1284   551   30.12121   36  164   39.84848   15.77128  60.4%  2640 3582s
  1289   551   15.77128   37   76   39.84848   15.77128  60.4%  2638 3596s
  1294   555   15.77128   37  137   39.84848   15.77128  60.4%  2640 3613s
  1300   557   15.77128   38   77   39.84848   15.77128  60.4%  2635 3629s
  1305   557   22.09091   38   69   39.84848   15.77128  60.4%  2632 3636s
  1310   564   15.77128   39   73   39.84848   15.77128  60.4%  2626 3654s
  1315   562   15.77128   40  111   39.84848   15.77128  60.4%  2626 3668s
  1321   572   15.77128   40  165   39.84848   15.77128  60.4%  2623 3689s
  1325   569   15.77128   41   96   39.84848   15.77128  60.4%  2634 3708s
  1331   575   15.77128   41   79   39.84848   15.77128  60.4%  2632 3723s
  1337   581   17.36364   42  167   39.84848   15.77128  60.4%  2627 3736s
  1342   580   15.77128   43  141   39.84848   15.77128  60.4%  2629 3752s
  1350   586   15.77128   43   84   39.84848   15.77128  60.4%  2624 3762s
  1357   592   15.77128   44  122   39.84848   15.77128  60.4%  2620 3770s
  1365   593   15.77128   45   97   39.84848   15.77128  60.4%  2617 3785s
  1376   602   15.77128   46  101   39.84848   15.77128  60.4%  2613 3797s
  1387   606   15.77128   47   96   39.84848   15.77128  60.4%  2615 3811s
  1401   619   15.77128   48   86   39.84848   15.77128  60.4%  2597 3821s
  1419   627   15.77128   49  161   39.84848   15.77128  60.4%  2579 3838s
  1426   628   15.77128   50   76   39.84848   15.77128  60.4%  2586 3856s
  1437   633   15.77128   51  110   39.84848   15.77128  60.4%  2597 3882s
  1447   637   15.77128   51  101   39.84848   15.77128  60.4%  2607 3898s
H 1455   609                      38.9696970   15.77128  59.5%  2617 3910s
  1469   617   21.67981   53   76   38.96970   15.77128  59.5%  2611 3923s
  1487   620   15.77128   55  112   38.96970   15.77128  59.5%  2599 3941s
  1511   627   15.77128   58  103   38.96970   15.77128  59.5%  2577 3972s
  1538   642   26.15152   60  103   38.96970   15.77128  59.5%  2568 3988s
  1564   654   35.09091   64  103   38.96970   15.77128  59.5%  2554 4003s
  1600   675   15.77128   68   95   38.96970   15.77128  59.5%  2521 4018s
  1636   681   15.77128   74  118   38.96970   15.77128  59.5%  2491 4033s
  1665   697   15.77128   76  111   38.96970   15.77128  59.5%  2468 4051s
  1693   699   15.77128   80  116   38.96970   15.77128  59.5%  2455 4069s
  1711   703   15.77128   82   98   38.96970   15.77128  59.5%  2453 4087s
  1741   720   31.15758   85  108   38.96970   15.77128  59.5%  2436 4114s
  1806   749   25.29742   92  163   38.96970   15.77128  59.5%  2390 4138s
  1886   790     cutoff  103        38.96970   15.77128  59.5%  2312 4166s
  1969   807     cutoff  120        38.96970   15.77128  59.5%  2244 4193s
  2058   815   33.45790  136  138   38.96970   15.77128  59.5%  2182 4219s
H 2109   774                      38.2121212   15.77128  58.7%  2145 4219s
  2173   791   15.77128   45  120   38.21212   15.77128  58.7%  2091 4248s
H 2250   780                      38.0606061   15.77128  58.6%  2036 4248s
  2270   793   16.70926   57  113   38.06061   15.77128  58.6%  2023 4273s
  2308   810   28.55316   71  108   38.06061   15.77128  58.6%  2004 4296s
H 2334   757                      37.7575758   15.77128  58.2%  1985 4296s
  2391   817   31.05172  100   70   37.75758   15.77128  58.2%  1946 4328s
  2688   990   21.15642   98   86   37.75758   15.77128  58.2%  1755 4357s
  2781  1058   24.98485  126   90   37.75758   15.77128  58.2%  1717 4384s
  2970  1206   35.89694  106   40   37.75758   15.77128  58.2%  1632 4411s
  3038  1244   15.77128   49  167   37.75758   15.77128  58.2%  1615 4439s
  3177  1343   15.77128   55  154   37.75758   15.77128  58.2%  1565 4469s
  3318  1448   15.77128   67  133   37.75758   15.77128  58.2%  1523 4496s
  3410  1505   16.84427   72  128   37.75758   15.77128  58.2%  1500 4525s
  3572  1610   15.77128   97  138   37.75758   15.77128  58.2%  1462 4560s
  3653  1658     cutoff  112        37.75758   15.77128  58.2%  1451 4594s
H 3903  1777                      37.7272727   15.77128  58.2%  1385 4594s
  3991  1818   15.77128   63  136   37.72727   15.77128  58.2%  1360 4624s
  4099  1907   15.77128   96  119   37.72727   15.77128  58.2%  1341 4654s
  4396  2126   18.11965   48  112   37.72727   15.77128  58.2%  1288 4680s
  4516  2204   31.89405   57  117   37.72727   15.77128  58.2%  1275 4708s
  4642  2282   15.77128   45  109   37.72727   15.77128  58.2%  1252 4739s
  5205  2647   18.32195   76  171   37.72727   15.77128  58.2%  1146 4770s
  5643  3032   18.92009   51  109   37.72727   15.77128  58.2%  1078 4798s
  5836  3195   23.68565   72  106   37.72727   15.77128  58.2%  1052 4831s
  6374  3662   15.77128   72   89   37.72727   15.77128  58.2%   987 4866s
  6706  3900   28.52273   51   93   37.72727   15.77128  58.2%   957 4905s
  6935  4054   29.92186   56  134   37.72727   15.77128  58.2%   939 4941s
  7531  4554     cutoff  121        37.72727   15.77128  58.2%   885 4974s
  7948  4865   15.77128   84   64   37.72727   15.77128  58.2%   857 5012s
  8931  5676   19.47786   78  109   37.72727   15.77128  58.2%   786 5039s
  9152  5853   15.77128   61  118   37.72727   15.77128  58.2%   777 5076s
H 9606  6193                      37.4242424   15.77128  57.9%   752 5076s
  9834  6374   18.15152   74   64   37.42424   15.77128  57.9%   743 5111s
 10541  6884   15.77128   70  148   37.42424   15.77128  57.9%   716 5174s
 10833  7111 infeasible  117        37.42424   15.77128  57.9%   706 5211s
 11417  7549   15.77128   88   68   37.42424   15.77128  57.9%   693 5245s
 12050  7991   34.50812  102  154   37.42424   15.77128  57.9%   680 5279s
 12932  8631   15.77128   63  134   37.42424   15.77128  57.9%   653 5311s
 13801  9339   15.77128   73  153   37.42424   15.77128  57.9%   629 5339s
 13933  9424   15.77128   86   78   37.42424   15.77128  57.9%   632 5374s
 14465  9820     cutoff   97        37.42424   15.77128  57.9%   624 5398s
 14720  9965   15.77128   68   81   37.42424   15.77128  57.9%   622 5429s
 15235 10344   34.72403   98  122   37.42424   15.77128  57.9%   617 5460s
 15765 10716   15.77128   75  125   37.42424   15.77128  57.9%   610 5486s
 15912 10785     cutoff   72        37.42424   15.77128  57.9%   613 5515s
 16537 11201   35.33097   87  154   37.42424   15.77128  57.9%   604 5545s
 17341 11859   32.66833  106   81   37.42424   15.77128  57.9%   590 5570s
 17705 12118 infeasible  111        37.42424   15.77128  57.9%   584 5601s
 18188 12457     cutoff  106        37.42424   15.77128  57.9%   583 5632s
 18804 12929   15.77128   73   94   37.42424   15.77128  57.9%   576 5658s
 19320 13363   23.85865   50  158   37.42424   15.77128  57.9%   569 5688s
 20005 13850     cutoff   58        37.42424   15.77128  57.9%   560 5714s
 20548 14274   15.77128   66  168   37.42424   15.77128  57.9%   553 5740s
 21353 14928   16.18785  105   51   37.42424   15.77128  57.9%   543 6407s
 21355 14929   27.09091   82   54   37.42424   15.77128  57.9%   543 6421s
 21356 14930   15.77128  180   59   37.42424   15.77128  57.9%   543 6441s
 21357 14931   25.66667  197   98   37.42424   15.77128  57.9%   543 6449s
 21358 14931   15.77128   78   75   37.42424   15.77128  57.9%   543 6490s
 21359 14932   24.72727  127  117   37.42424   15.77128  57.9%   543 6512s
 21360 14933   15.77128   76  107   37.42424   15.77128  57.9%   543 6552s
 21361 14933   15.77128  143  153   37.42424   15.77128  57.9%   543 6579s
 21362 14934   33.73202  111  115   37.42424   15.77128  57.9%   542 6625s
 21363 14935   15.77128   84  149   37.42424   15.77128  57.9%   542 6640s
 21364 14935   33.66667   99  128   37.42424   15.77128  57.9%   542 6684s
 21365 14936   20.69120   80  207   37.42424   15.77128  57.9%   542 6703s
 21366 14937   30.64060  116  143   37.42424   15.77128  57.9%   542 6729s
 21367 14937   15.77128   96  284   37.42424   15.77128  57.9%   542 6755s
 21368 14938   15.77128   71  133   37.42424   15.77128  57.9%   542 6786s
 21369 14939   15.77128   78  217   37.42424   15.77128  57.9%   542 6807s
 21370 14939   15.77128   73  302   37.42424   15.77128  57.9%   542 6844s
 21371 14940   15.77128   51  347   37.42424   15.77128  57.9%   542 6870s
 21372 14941   17.72042   75  180   37.42424   15.77128  57.9%   542 6894s
 21373 14941   16.18785  105  266   37.42424   15.77128  57.9%   542 6908s
 21374 14942   15.77128   93  186   37.42424   15.77128  57.9%   542 6931s
 21375 14943   27.09091   82  272   37.42424   15.77128  57.9%   542 6947s
 21376 14943   15.77128  180  172   37.42424   15.77128  57.9%   542 6963s
 21377 14944   25.66667  197  184   37.42424   15.77128  57.9%   542 6971s
H21377 14196                      37.0909091   15.77128  57.5%   542 6986s
 21379 14197   24.72727  127  306   37.09091   15.77128  57.5%   542 7000s
 21380 14198   15.77128   76  300   37.09091   15.77128  57.5%   542 7016s
 21381 14199   15.77128  143  238   37.09091   15.77128  57.5%   542 7028s
 21382 14199   33.73202  111  185   37.09091   15.77128  57.5%   542 7047s
 21383 14200   15.77128   84  220   37.09091   15.77128  57.5%   542 7055s
 21384 14201   33.66667   99  152   37.09091   15.77128  57.5%   542 7067s
 21385 14201   20.69120   80  332   37.09091   15.77128  57.5%   542 7077s
 21386 14202   30.64060  116  159   37.09091   15.77128  57.5%   542 7092s
 21387 14203   15.77128   96  259   37.09091   15.77128  57.5%   542 7100s
 21388 14203   15.77128   71  143   37.09091   15.77128  57.5%   542 7116s
 21389 14204   15.77128   78  167   37.09091   15.77128  57.5%   542 7122s
 21390 14205   15.77128   73  232   37.09091   15.77128  57.5%   542 7141s
 21391 14205   15.77128   51  377   37.09091   15.77128  57.5%   542 7150s
 21392 14206   17.72042   75  280   37.09091   15.77128  57.5%   542 7177s
 21393 14207   16.18785  105  364   37.09091   15.77128  57.5%   542 7188s
 21394 14207   15.77128   93  175   37.09091   15.77128  57.5%   542 7204s
 21395 14208   27.09091   82  304   37.09091   15.77128  57.5%   542 7216s
 21396 14209   15.77128  180  215   37.09091   15.77128  57.5%   542 7231s
 21397 14209   25.66667  197  256   37.09091   15.77128  57.5%   542 7239s
 21398 14210   15.77128   78  220   37.09091   15.77128  57.5%   542 7254s
 21399 14211   24.72727  127  313   37.09091   15.77128  57.5%   542 7260s
 21400 14211   15.77128   76  196   37.09091   15.77128  57.5%   542 7273s
 21401 14212   15.77128  143  272   37.09091   15.77128  57.5%   541 7279s
 21402 14213   33.73202  111  240   37.09091   15.77128  57.5%   541 7295s
 21403 14213   15.77128   84  318   37.09091   15.77128  57.5%   541 7305s
 21404 14214   33.66667   99  215   37.09091   15.77128  57.5%   541 7327s
 21405 14215   20.69120   80  333   37.09091   15.77128  57.5%   541 7335s
 21406 14215   30.64060  116  275   37.09091   15.77128  57.5%   541 7352s
 21407 14216   15.77128   96  344   37.09091   15.77128  57.5%   541 7360s
 21408 14217   15.77128   71  222   37.09091   15.77128  57.5%   541 7373s
 21409 14217   15.77128   78  283   37.09091   15.77128  57.5%   541 7384s
 21410 14218   15.77128   73  231   37.09091   15.77128  57.5%   541 7401s
 21411 14219   15.77128   51  267   37.09091   15.77128  57.5%   541 7407s
 21412 14219   17.72042   75  226   37.09091   15.77128  57.5%   541 7426s
 21413 14220   16.18785  105  272   37.09091   15.77128  57.5%   541 7433s
 21414 14221   15.77128   93  226   37.09091   15.77128  57.5%   541 7451s
 21415 14221   27.09091   82  271   37.09091   15.77128  57.5%   541 7458s
 21416 14222   15.77128  180  170   37.09091   15.77128  57.5%   541 7467s
 21417 14223   25.66667  197  281   37.09091   15.77128  57.5%   541 7474s
 21418 14223   15.77128   78  261   37.09091   15.77128  57.5%   541 7486s
 21419 14224   24.72727  127  323   37.09091   15.77128  57.5%   541 7493s
 21420 14225   15.77128   76  229   37.09091   15.77128  57.5%   541 7507s
 21421 14225   15.77128  143  270   37.09091   15.77128  57.5%   541 7514s
 21422 14226   33.73202  111  261   37.09091   15.77128  57.5%   541 7531s
 21423 14227   15.77128   84  304   37.09091   15.77128  57.5%   541 7541s
 21424 14227   33.66667   99  194   37.09091   15.77128  57.5%   541 7555s
 21425 14228   20.69120   80  362   37.09091   15.83560  57.3%   541 7563s
 21426 14229   30.64060  116  191   37.09091   16.03009  56.8%   541 7578s
 21427 14229   16.04473   96  236   37.09091   16.04473  56.7%   541 7586s
 21428 14230   16.06107   71  206   37.09091   16.06107  56.7%   541 7598s
 21429 14231   16.11558   78  232   37.09091   16.11558  56.6%   541 7604s
 21430 14231   16.22703   73  185   37.09091   16.22703  56.3%   541 7623s
 21431 14232   16.24939   51  246   37.09091   16.24939  56.2%   541 7631s
 21432 14233   17.72042   75  206   37.09091   16.25333  56.2%   541 7646s
 21433 14233   16.25349  105  271   37.09091   16.25349  56.2%   541 7653s
 21434 14234   16.30461   93  164   37.09091   16.30461  56.0%   541 7670s
 21435 14235   27.09091   82  232   37.09091   16.30549  56.0%   541 7676s
 21436 14235   16.31024  180  202   37.09091   16.31024  56.0%   541 7687s
 21437 14236   25.66667  197  279   37.09091   16.31480  56.0%   541 7694s
 21438 14237   16.31905   78  190   37.09091   16.31905  56.0%   541 7709s
 21439 14237   24.72727  127  252   37.09091   16.33176  56.0%   541 7715s
 21440 14238   16.37330   76  207   37.09091   16.37330  55.9%   541 7729s
 21441 14239   16.38146  143  249   37.09091   16.38146  55.8%   540 7735s
 21442 14239   33.73202  111  264   37.09091   16.38453  55.8%   540 7751s
 21443 14240   16.41093   84  311   37.09091   16.41093  55.8%   540 7760s
 21444 14241   33.66667   99  209   37.09091   16.42294  55.7%   540 7775s
 21445 14241   20.69120   80  304   37.09091   16.44539  55.7%   540 7787s
 21446 14242   30.64060  116  237   37.09091   16.45275  55.6%   540 7804s
 21447 14243   16.45621   96  301   37.09091   16.45621  55.6%   540 7811s
 21448 14243   16.47455   71  271   37.09091   16.47455  55.6%   540 7823s
 21449 14244   16.48222   78  322   37.09091   16.48222  55.6%   540 7830s
 21450 14245   16.49885   73  317   37.09091   16.49885  55.5%   540 7842s
 21451 14245   16.50328   51  307   37.09091   16.50328  55.5%   540 7848s
 21452 14246   17.72042   75  304   37.09091   16.52070  55.5%   540 7857s
 21453 14247   16.53205  105  298   37.09091   16.53205  55.4%   540 7864s
 21454 14247   16.57182   93  206   37.09091   16.57182  55.3%   540 7879s
 21455 14248   27.09091   82  316   37.09091   16.62047  55.2%   540 7888s
 21456 14249   16.66486  180  176   37.09091   16.66486  55.1%   540 7900s
 21457 14249   25.66667  197  236   37.09091   16.70354  55.0%   540 7908s
 21458 14250   16.94772   78  195   37.09091   16.94772  54.3%   540 7919s
 21459 14251   24.72727  127  332   37.09091   17.05681  54.0%   540 7929s
 21460 14251   17.21535   76  209   37.09091   17.21535  53.6%   540 7942s
 21461 14252   17.27215  143  276   37.09091   17.27215  53.4%   540 7948s
 21462 14253   33.73202  111  248   37.09091   17.29731  53.4%   540 7966s
 21463 14253   17.31632   84  259   37.09091   17.31632  53.3%   540 7972s
 21464 14254   33.66667   99  182   37.09091   17.42621  53.0%   540 7988s
 21465 14255   20.69120   80  244   37.09091   17.43919  53.0%   540 7995s
 21466 14255   30.64060  116  216   37.09091   17.47011  52.9%   540 8006s
 21467 14256   17.47458   96  233   37.09091   17.47458  52.9%   540 8011s
 21468 14257   17.49548   71  186   37.09091   17.49548  52.8%   540 8026s
 21469 14257   17.50117   78  304   37.09091   17.50117  52.8%   540 8033s
 21470 14258   17.52144   73  180   37.09091   17.52144  52.8%   540 8047s
 21471 14259   17.52295   51  262   37.09091   17.52295  52.8%   540 8055s
 21472 14259   17.72042   75  219   37.09091   17.55071  52.7%   540 8070s
 21473 14260   17.57155  105  270   37.09091   17.57155  52.6%   540 8075s
 21474 14261   17.60493   93  223   37.09091   17.60493  52.5%   540 8085s
 21475 14261   27.09091   82  269   37.09091   17.60794  52.5%   540 8095s
 21476 14262   17.67576  180  201   37.09091   17.67576  52.3%   540 8112s
 21477 14263   25.66667  197  304   37.09091   17.69251  52.3%   540 8122s
 21478 14263   17.77883   78  222   37.09091   17.77883  52.1%   540 8137s
 21479 14264   24.72727  127  227   37.09091   17.80167  52.0%   540 8144s
 21480 14265   17.91089   76  233   37.09091   17.91089  51.7%   539 8155s
 21481 14265   17.92800  143  266   37.09091   17.92800  51.7%   539 8165s
 21482 14266   33.73202  111  245   37.09091   18.10414  51.2%   539 8179s
 21483 14267   18.15224   84  252   37.09091   18.15224  51.1%   539 8187s
 21484 14267   33.66667   99  204   37.09091   18.16918  51.0%   539 8199s
 21485 14268   20.69120   80  273   37.09091   18.18263  51.0%   539 8207s
 21486 14269   30.64060  116  228   37.09091   18.24166  50.8%   539 8221s
 21487 14269   18.24578   96  292   37.09091   18.24578  50.8%   539 8228s
 21488 14270   18.44613   71  162   37.09091   18.44613  50.3%   539 8238s
 21489 14271   18.53048   78  207   37.09091   18.53048  50.0%   539 8245s
 21490 14271   18.57080   73  156   37.09091   18.57080  49.9%   539 8257s
 21491 14272   18.57554   51  217   37.09091   18.57554  49.9%   539 8262s
 21492 14273   18.58644   75  233   37.09091   18.58644  49.9%   539 8277s
 21493 14273   18.59772  105  272   37.09091   18.59772  49.9%   539 8284s
 21494 14274   18.61345   93  198   37.09091   18.61345  49.8%   539 8297s
 21495 14275   27.09091   82  219   37.09091   18.62236  49.8%   539 8306s
 21496 14275   18.68364  180  216   37.09091   18.68364  49.6%   539 8314s
 21497 14276   25.66667  197  231   37.09091   18.70805  49.6%   539 8319s
 21498 14277   18.70964   78  184   37.09091   18.70964  49.6%   539 8330s
 21499 14277   24.72727  127  196   37.09091   18.71502  49.5%   539 8336s
 21500 14278   18.71652   76  190   37.09091   18.71652  49.5%   539 8347s
 21501 14279   18.71846  143  272   37.09091   18.71846  49.5%   539 8354s
 21502 14279   33.73202  111  204   37.09091   18.71934  49.5%   539 8366s
 21503 14280   18.71982   84  224   37.09091   18.71982  49.5%   539 8370s
 21504 14281   33.66667   99  199   37.09091   18.72034  49.5%   539 8383s
 21505 14281   20.69120   80  246   37.09091   18.72272  49.5%   539 8390s
 21506 14282   30.64060  116  193   37.09091   18.72295  49.5%   539 8399s
 21507 14283   18.72333   96  264   37.09091   18.72333  49.5%   539 8405s
 21508 14283   18.72441   71  260   37.09091   18.72441  49.5%   539 8420s
 21509 14284   18.72475   78  240   37.09091   18.72475  49.5%   539 8425s
 21510 14285   18.72769   73  190   37.09091   18.72769  49.5%   539 8435s
 21511 14285   18.72769   51  224   37.09091   18.72769  49.5%   539 8443s
 21512 14286   18.72769   75  205   37.09091   18.72769  49.5%   539 8452s
 21513 14287   18.72769  105  218   37.09091   18.72769  49.5%   539 8458s
 21514 14287   18.72769   93  202   37.09091   18.72769  49.5%   539 8467s
 21515 14288   27.09091   82  240   37.09091   18.72769  49.5%   539 8474s
 21516 14289   18.72769  180  198   37.09091   18.72769  49.5%   539 8483s
 21517 14289   25.66667  197  231   37.09091   18.72770  49.5%   539 8491s
 21518 14290   18.72771   78  226   37.09091   18.72771  49.5%   539 8504s
 21519 14291   24.72727  127  241   37.09091   18.72771  49.5%   539 8513s
 21520 14291   18.72774   76  233   37.09091   18.72774  49.5%   538 8524s
 21521 14292   18.72780  143  256   37.09091   18.72780  49.5%   538 8531s
 21522 14293   33.73202  111  263   37.09091   18.72786  49.5%   538 8540s
 21523 14293   18.72787   84  267   37.09091   18.72787  49.5%   538 8549s
 21524 14294   33.66667   99  260   37.09091   18.72792  49.5%   538 8563s
 21525 14295   20.69120   80  253   37.09091   18.72792  49.5%   538 8572s
 21526 14295   30.64060  116  254   37.09091   18.72964  49.5%   538 8582s
 21527 14296   18.72966   96  253   37.09091   18.72966  49.5%   538 8590s
 21528 14297   18.72981   71  224   37.09091   18.72981  49.5%   538 8600s
 21529 14297   18.72998   78  220   37.09091   18.72998  49.5%   538 8606s
 21530 14298   18.72998   73  187   37.09091   18.72998  49.5%   538 8616s
 21531 14299   18.72998   51  213   37.09091   18.72998  49.5%   538 8621s
 21532 14299   18.72998   75  176   37.09091   18.72998  49.5%   538 8629s
 21533 14300   18.72998  105  200   37.09091   18.72998  49.5%   538 8635s
 21534 14301   18.72998   93  189   37.09091   18.72998  49.5%   538 8645s
 21535 14301   27.09091   82  205   37.09091   18.72998  49.5%   538 8652s
 21536 14302   18.72998  180  200   37.09091   18.72998  49.5%   538 8661s
 21537 14303   25.66667  197  199   37.09091   18.72998  49.5%   538 8668s
 21538 14303   18.72998   78  198   37.09091   18.72998  49.5%   538 8677s
 21539 14304   24.72727  127  208   37.09091   18.72998  49.5%   538 8683s
 21540 14305   18.72998   76  189   37.09091   18.72998  49.5%   538 8692s
 21541 14305   18.72998  143  197   37.09091   18.72998  49.5%   538 8698s
 21542 14306   33.73202  111  196   37.09091   18.72998  49.5%   538 8707s
 21543 14307   18.72998   84  188   37.09091   18.72998  49.5%   538 8713s
 21544 14307   33.66667   99  190   37.09091   18.72998  49.5%   538 8720s
 21545 14308   20.69120   80  183   37.09091   18.72998  49.5%   538 8726s
 21546 14309   30.64060  116  185   37.09091   18.72998  49.5%   538 8734s
 21547 14309   18.72998   96  192   37.09091   18.72998  49.5%   538 8740s
 21548 14310   18.72998   71  190   37.09091   18.72998  49.5%   538 8750s
 21549 14311   18.72998   78  189   37.09091   18.72998  49.5%   538 8756s
 21550 14311   18.72998   73  189   37.09091   18.72998  49.5%   538 8767s
 21551 14312   18.72998   51  189   37.09091   18.72998  49.5%   538 8774s
 21552 14313   18.72998   75  188   37.09091   18.72998  49.5%   538 8783s
 21553 14313   18.72998  105  193   37.09091   18.72998  49.5%   538 8788s
 21554 14314   18.72998   93  186   37.09091   18.72998  49.5%   538 8793s
 21555 14315   27.09091   82  186   37.09091   18.72998  49.5%   538 8804s
 21556 14318   18.74794   46  192   37.09091   18.74794  49.5%   613 8817s
 21558 14321   18.81396   47  248   37.09091   18.81396  49.3%   613 8832s
 21562 14322   18.93346   48  210   37.09091   18.93346  49.0%   613 8843s
 21566 14323   23.77307   48  150   37.09091   19.12851  48.4%   613 8850s
 21570 14325   19.13328   49  205   37.09091   19.13328  48.4%   613 8861s
 21574 14324   25.79318   49  144   37.09091   19.13650  48.4%   613 8867s
 21578 14324   19.38949   50  208   37.09091   19.13874  48.4%   613 8880s
 21582 14323   25.68321   50  134   37.09091   19.39130  47.7%   613 8887s
 21586 14320   19.41385   51  221   37.09091   19.41385  47.7%   614 8895s
 21591 14322   26.76274   51  138   37.09091   19.43946  47.6%   614 8905s
 21597 14322   19.46149   52  194   37.09091   19.46149  47.5%   614 8916s
 21602 14324   27.58795   52  124   37.09091   19.46149  47.5%   614 8921s
 21607 14325   19.49391   53  198   37.09091   19.46149  47.5%   614 8929s
 21613 14325   25.83355   53  163   37.09091   19.54229  47.3%   614 8943s
 21620 14327   19.54824   54  157   37.09091   19.54824  47.3%   614 8952s
 21629 14325   26.92301   54  138   37.09091   19.61775  47.1%   614 8962s
 21635 14328   19.64470   55  169   37.09091   19.64470  47.0%   614 8975s
 21641 14327   30.01469   55  113   37.09091   19.68278  46.9%   615 8981s
 21649 14331   26.12076   56  143   37.09091   19.72369  46.8%   615 8991s
 21657 14333   19.77903   57  184   37.09091   19.73670  46.8%   615 8998s
 21666 14332   26.14893   57  139   37.09091   19.78313  46.7%   615 9005s
 21675 14337   19.80572   58  155   37.09091   19.80572  46.6%   615 9025s
 21685 14342   20.04347   59  206   37.09091   19.82438  46.6%   615 9036s
 21695 14340   26.57960   59  131   37.09091   20.04367  46.0%   615 9044s
 21707 14346   26.73452   60  136   37.09091   20.09361  45.8%   615 9052s
 21718 14346   27.50208   61  142   37.09091   20.25202  45.4%   615 9068s
 21731 14349   25.67735   62  106   37.09091   20.25225  45.4%   615 9131s
 21737 14351   24.66245   63  134   37.09091   20.63469  44.4%   615 9138s
 21762 14358   20.73028   66  111   37.09091   20.73028  44.1%   615 9147s
 21792 14359   22.46640   68  127   37.09091   22.46640  39.4%   614 9154s
 21827 14370   36.53516   70   90   37.09091   22.57760  39.1%   614 9164s
 21856 14371   22.57760   73  109   37.09091   22.57760  39.1%   614 9172s
 21892 14362   30.93774   74   94   37.09091   22.57760  39.1%   614 9182s
 21917 14377   30.17361   75  142   37.09091   22.62874  39.0%   613 9191s
 21949 14378   26.16344   77  143   37.09091   22.63068  39.0%   613 9201s
 21971 14379   30.50973   79  103   37.09091   22.63716  39.0%   613 9211s
 21997 14385   22.66079   81  148   37.09091   22.63716  39.0%   613 9224s
 22032 14394   29.70386   85  147   37.09091   22.63716  39.0%   613 9235s
 22055 14395   24.44276   86  204   37.09091   22.63716  39.0%   612 9246s
 22084 14396   31.47740   87  139   37.09091   22.63716  39.0%   613 9257s
 22118 14399   31.73213   89  126   37.09091   22.63716  39.0%   612 9270s
 22151 14413   25.52370   92  131   37.09091   22.63716  39.0%   612 9282s
 22205 14423   24.62744   94  167   37.09091   22.63716  39.0%   611 9297s
H22206 13669                      36.0303030   22.63716  37.2%   611 9297s
 22250 13659   24.62744   96  167   36.03030   22.63716  37.2%   611 9309s
 22308 13657   30.79266  101  187   36.03030   22.63716  37.2%   611 9323s
 22362 13667   24.72963  104  112   36.03030   22.63716  37.2%   610 9335s
 22425 13670   25.12202  110  125   36.03030   22.63716  37.2%   610 9346s
 22478 13686   25.36094  115  104   36.03030   22.63716  37.2%   610 9360s
 22577 13694   25.68161  121  125   36.03030   22.63716  37.2%   609 9379s
 22712 13702   28.68588  139   86   36.03030   22.63716  37.2%   607 9396s
 22842 13720   28.79428  155   74   36.03030   22.63716  37.2%   605 9411s
 22969 13739   31.12544  175   74   36.03030   22.64672  37.1%   604 9428s
 23095 13750   29.96444   81  155   36.03030   22.64688  37.1%   602 9450s
 23216 13772   32.89615   83  134   36.03030   22.64688  37.1%   601 9467s
 23343 13788   26.10301   84  195   36.03030   22.64688  37.1%   599 9486s
 23514 13815   29.36064   90  126   36.03030   22.64688  37.1%   596 9506s
 23657 13855   26.29239  105  153   36.03030   22.64688  37.1%   594 9523s
 23781 13880   27.18746  133  102   36.03030   25.49465  29.2%   592 9540s
 23954 13938   33.57576   86   77   36.03030   25.52103  29.2%   590 9560s
 24107 13977   35.16416  108  155   36.03030   25.52370  29.2%   588 9579s
 24266 14015   28.43394   70  119   36.03030   25.52370  29.2%   586 9601s
 24383 14015   29.95096   74  128   36.03030   25.52370  29.2%   586 9623s
 24502 14040   35.27954   93   80   36.03030   25.52405  29.2%   586 9644s
 24649 14062   27.37129  146   89   36.03030   25.79318  28.4%   584 9671s
 24883 14129   33.77836   79   86   36.03030   25.90909  28.1%   581 9696s
 25027 14138   32.96977   51  149   36.03030   25.90909  28.1%   581 9721s
 25286 14160   34.35524   57  158   36.03030   25.90909  28.1%   578 9743s
 25441 14177   27.96697   64   87   36.03030   25.90909  28.1%   577 9769s
 25650 14220   33.50505   71   95   36.03030   26.05024  27.7%   576 9795s
 25917 14215   28.47688   75   98   36.03030   26.08173  27.6%   573 9831s
 26070 14217   34.36364  106   41   36.03030   26.09091  27.6%   575 9861s
 26270 14270   34.09989   53  116   36.03030   26.10577  27.5%   574 9902s
 26557 14360   34.33974  133   82   36.03030   26.13029  27.5%   572 9929s
 26713 14359   29.95021   76  118   36.03030   26.15765  27.4%   573 9963s
 27057 14468   35.72585   80  146   36.03030   26.15765  27.4%   571 10003s
 27405 14563   32.82830   95   73   36.03030   26.25389  27.1%   568 10040s
 27839 14663   29.99663  161   70   36.03030   26.29220  27.0%   564 10078s
H27915 13740                      35.0909091   26.29220  25.1%   564 10078s
 28251 13858   27.66667  111  193   35.09091   26.29694  25.1%   560 10116s
 28498 13857   34.35475  163   61   35.09091   26.38016  24.8%   562 10158s
H28523 13202                      35.0909091   26.38016  24.8%   563 10158s
 28859 13275   31.41224   91  146   35.09091   26.50369  24.5%   559 10198s
 29327 13348   31.36364  150   62   35.09091   26.57397  24.3%   557 10241s
 29703 13433   34.38954  236   68   35.09091   26.61799  24.1%   554 10282s
*29859 12716             148      34.6969697   26.64079  23.2%   554 10282s
*29860 12100             148      34.6060606   26.64079  23.0%   554 10282s
 30044 12117   30.82955   87   96   34.60606   26.74328  22.7%   554 10329s
 30356 12177   34.36364  171   59   34.60606   26.83485  22.5%   553 10375s
H30914 11663                      34.5151515   26.90909  22.0%   548 10376s
 30977 11703   29.45440  113  100   34.51515   26.90909  22.0%   547 10428s
H31595 10992                      34.2727273   26.90909  21.5%   541 10519s
 32306 11114 infeasible  153        34.27273   26.94087  21.4%   535 10572s
H32690 10655                      34.2727272   26.94195  21.4%   531 10572s
 32998 10726     cutoff  127        34.27273   26.99294  21.2%   530 10615s
 33403 10830     cutoff  179        34.27273   27.03495  21.1%   527 10668s
 34093 11011   28.42124  119  116   34.27273   27.05715  21.1%   520 10718s
 34666 11162     cutoff   93        34.27273   27.10655  20.9%   517 10766s
 35241 11217     cutoff  225        34.27273   27.14016  20.8%   514 10809s
 35797 11296   27.15756  120   76   34.27273   27.15010  20.8%   513 10852s
 36373 11376   29.55856  161  106   34.27273   27.17369  20.7%   509 10900s
 37023 11541   28.47712  135   91   34.27273   27.19772  20.6%   505 10943s
 37428 11600   31.76799  128   99   34.27273   27.20577  20.6%   503 10988s
 37980 11727   31.31344  133   77   34.27273   27.23848  20.5%   501 11029s
 38333 11751   31.36364  130  104   34.27273   27.28313  20.4%   501 11072s
 38832 11875     cutoff  163        34.27273   27.30454  20.3%   499 11122s
 39249 11893   29.09868  157  107   34.27273   27.37759  20.1%   498 11162s
 39595 11908     cutoff  125        34.27273   27.45608  19.9%   499 11199s
 40003 11981   31.36364  144   75   34.27273   27.53989  19.6%   498 11234s
 40315 12028   33.86432   67   76   34.27273   27.57585  19.5%   497 11276s
 40737 12120   31.76959   84  111   34.27273   27.65839  19.3%   496 11314s
 41171 12253   30.55317  121  101   34.27273   27.66667  19.3%   495 11355s
 41662 12384     cutoff  102        34.27273   27.66667  19.3%   493 11394s
 42082 12463   29.39978  117  103   34.27273   27.66667  19.3%   492 11452s
 43155 12838   29.51317  148   82   34.27273   27.69232  19.2%   486 11489s
 43567 12911   30.71514  180   84   34.27273   27.69232  19.2%   485 11531s
 43935 13004     cutoff  219        34.27273   27.69531  19.2%   484 11578s
 44312 13077     cutoff   80        34.27273   27.72708  19.1%   484 11606s
 45463 13444   31.36364  145   74   34.27273   27.76596  19.0%   477 11644s
 45951 13624   33.36364  162   56   34.27273   27.77122  19.0%   475 11671s
H45974 13142                      34.2727256   27.77257  19.0%   476 11671s
H45977 11759                      33.5454545   27.77257  17.2%   476 11671s
H45994  9603                      32.0606061   27.77257  13.4%   476 11704s
H46284  9490                      31.7878788   27.77257  12.6%   475 11704s
 46330  9494   31.36364  213   67   31.78788   27.78608  12.6%   475 11742s
 46679  9641   31.42725   75  156   31.78788   27.80357  12.5%   475 11778s
 47199  9911   29.11591  124   90   31.78788   27.85237  12.4%   473 11811s
 47705 10160     cutoff  117        31.78788   27.86728  12.3%   471 11852s
H48292  9991                      31.4545455   27.86728  11.4%   469 11880s
 49256 10484   27.86728  127   85   31.45455   27.86728  11.4%   464 11916s
 49728 10677   29.33434  158   93   31.45455   27.86782  11.4%   463 11951s
 50166 10877   27.88916  118   59   31.45455   27.88916  11.3%   462 11985s
 50543 11025   29.22649  133   90   31.45455   27.89885  11.3%   461 12022s
 50946 11219   29.18949  122   99   31.45455   27.90872  11.3%   459 12056s
 51311 11413   29.20405  134   70   31.45455   27.91895  11.2%   459 12087s
 51718 11490   29.36620  159  114   31.45455   27.93415  11.2%   458 12113s
*51783 11490             172      31.4545452   27.93415  11.2%   458 12113s
 52038 11561     cutoff  141        31.45455   27.96949  11.1%   458 12142s
 52373 11704   30.30311   71  145   31.45455   27.98247  11.0%   458 12230s
 52406 11670   30.30311   72  132   31.45455   27.98345  11.0%   458 12260s
 52689 11746     cutoff  168        31.45455   27.99852  11.0%   458 12288s
 52944 11775   28.02981  132   56   31.45455   28.02981  10.9%   458 12320s
 53305 11900   28.26391  133   50   31.45455   28.05310  10.8%   458 12352s
 53740 12062   31.36364  143   52   31.45455   28.06747  10.8%   456 12384s
 54302 12277   31.36364  183   24   31.45455   28.06747  10.8%   454 12403s
 54755 12449   28.06747  131   83   31.45455   28.06747  10.8%   452 12415s
 55062 12489     cutoff  133        31.45455   28.06747  10.8%   450 12442s
 55596 12610   28.07244  140   45   31.45455   28.07244  10.8%   448 12470s
 56075 12739   31.36364  143   79   31.45455   28.07244  10.8%   447 12500s
 56494 12983   31.38742  226  161   31.45455   28.14565  10.5%   445 12531s
 56765 13134   31.36364  137   62   31.45455   28.15048  10.5%   445 12559s
 56984 13204     cutoff  101        31.45455   28.15818  10.5%   446 12586s
 57370 13356   29.52594  155  112   31.45455   28.16695  10.5%   445 12613s
 57772 13504   31.36364  174   63   31.45455   28.18074  10.4%   444 12644s
 58133 13601     cutoff  152        31.45455   28.21020  10.3%   443 12667s
 58264 13540   30.30759   80  101   31.45455   28.26381  10.1%   444 12684s
 58422 13537     cutoff  153        31.45455   28.27201  10.1%   444 12711s
 58511 13518     cutoff  118        31.45455   28.28426  10.1%   446 12748s
 58778 13617   31.36526  137   78   31.45455   28.30645  10.0%   446 12782s
*58983 10012             178      31.3636364   28.32244  9.70%   446 12782s
 59089  9920   28.62088  143   84   31.36364   28.34685  9.62%   446 12798s
 59339  9888   28.35702  141   68   31.36364   28.35702  9.59%   445 12831s
 59512  9876     cutoff  129        31.36364   28.41839  9.39%   446 12859s
 59875  9896   30.13635  122   88   31.36364   28.42424  9.37%   445 12887s
 60134  9954     cutoff  138        31.36364   28.42928  9.36%   445 12912s
 60388  9968   28.71653  159  135   31.36364   28.43583  9.34%   445 12940s
 60685  9990   28.44437  131   78   31.36364   28.44437  9.31%   445 12970s
 60995 10028     cutoff  132        31.36364   28.45104  9.29%   445 12999s
 61390 10076   30.16255  131   67   31.36364   28.46305  9.25%   444 13032s
 61767 10128     cutoff  133        31.36364   28.47301  9.22%   444 13062s
 62166 10240     cutoff  137        31.36364   28.48388  9.18%   444 13093s
 62585 10364   30.18225  146   81   31.36364   28.48892  9.17%   443 13173s
 63089 10489     cutoff  128        31.36364   28.49268  9.15%   442 13202s
 63553 10568   29.24999  162   96   31.36364   28.49753  9.14%   441 13230s
 63956 10601   28.80614  142   89   31.36364   28.51161  9.09%   441 13258s
 64385 10676   29.01887  155   94   31.36364   28.52770  9.04%   440 13288s
 64820 10746     cutoff  145        31.36364   28.54197  9.00%   440 13317s
 65162 10829     cutoff  124        31.36364   28.54927  8.97%   439 13344s
 65472 10879     cutoff  152        31.36364   28.55791  8.95%   440 13374s
 65914 10972     cutoff  130        31.36364   28.57063  8.91%   439 13405s
 66307 10997 infeasible  141        31.36364   28.58789  8.85%   439 13430s
 66739 11023     cutoff  156        31.36364   28.58789  8.85%   438 13453s
 67107 11010     cutoff  137        31.36364   28.62872  8.72%   438 13463s
 67268 10951     cutoff   77        31.36364   28.64040  8.68%   439 13486s
 67521 10914     cutoff  140        31.36364   28.65865  8.62%   439 13507s
 67813 10940     cutoff  140        31.36364   28.66827  8.59%   439 13531s
 68135 10910     cutoff  155        31.36364   28.69442  8.51%   440 13556s
 68384 10882     cutoff  143        31.36364   28.72231  8.42%   440 13580s
 68578 10848     cutoff  150        31.36364   28.74045  8.36%   441 13603s
 68910 10822   30.19759  151  101   31.36364   28.75370  8.32%   441 13618s
 69130 10787     cutoff  145        31.36364   28.77189  8.26%   441 13627s
 69295 10728   30.99086  132   66   31.36364   28.80150  8.17%   441 13643s
 69484 10665     cutoff  148        31.36364   28.82983  8.08%   441 13661s
 69688 10619   29.52816  155   82   31.36364   28.87501  7.93%   442 13682s
 69883 10592   30.50426  111  101   31.36364   28.90909  7.83%   442 13705s
 70176 10576   30.31819  130   69   31.36364   28.93515  7.74%   442 13723s
 70404 10533   30.68565  112  114   31.36364   28.94868  7.70%   443 13745s
 70615 10484     cutoff  136        31.36364   28.99945  7.54%   443 13766s
 70824 10458   29.65937  137   74   31.36364   29.02674  7.45%   443 13791s
 71133 10497   30.97577  155   66   31.36364   29.03030  7.44%   443 13817s
 71529 10545   29.11591  121   76   31.36364   29.05294  7.37%   442 13842s
 71860 10602     cutoff  113        31.36364   29.09274  7.24%   442 13872s
 72201 10708     cutoff  112        31.36364   29.11266  7.18%   441 13897s
 72517 10798     cutoff  117        31.36364   29.11420  7.17%   441 13931s
 73134 11043     cutoff  133        31.36364   29.11513  7.17%   439 14005s
 73656 11281   29.41208  158   99   31.36364   29.11591  7.17%   437 14034s
 74012 11413     cutoff  131        31.36364   29.11591  7.17%   436 14057s
 74350 11487     cutoff  123        31.36364   29.11704  7.16%   435 14083s
 74746 11636   29.62249  126  122   31.36364   29.12101  7.15%   434 14108s
 75061 11684   29.27384  152   73   31.36364   29.12714  7.13%   433 14134s
 75573 11946   29.13167  125   82   31.36364   29.13142  7.12%   432 14161s
 75948 12025   29.14701  138   87   31.36364   29.13209  7.12%   431 14191s
 76419 12179   29.13539  120   82   31.36364   29.13539  7.10%   430 14214s
 76732 12205     cutoff  121        31.36364   29.13558  7.10%   429 14219s
 76822 12121     cutoff  125        31.36364   29.13567  7.10%   429 14240s
 77133 12210   31.33147  121   63   31.36364   29.13634  7.10%   428 14269s
 77748 12441     cutoff  129        31.36364   29.13761  7.10%   426 14300s
 78245 12588   29.55909  157   66   31.36364   29.13761  7.10%   425 14331s
 78716 12757     cutoff  140        31.36364   29.13761  7.10%   424 14359s
 79069 12897     cutoff  141        31.36364   29.13802  7.10%   424 14392s
 79409 12987   29.13849  113   79   31.36364   29.13849  7.09%   424 14418s
 79691 12998     cutoff  144        31.36364   29.13890  7.09%   423 14426s
 79797 12940     cutoff  135        31.36364   29.14106  7.09%   423 14458s
 80228 13086     cutoff  137        31.36364   29.14106  7.09%   423 14493s
 80699 13263 infeasible  129        31.36364   29.14276  7.08%   422 14523s
 81160 13421   29.16055  135   82   31.36364   29.14276  7.08%   421 14554s
 81642 13611     cutoff  132        31.36364   29.14276  7.08%   420 14584s
 82075 13733     cutoff  157        31.36364   29.14276  7.08%   420 14607s
 82393 13777     cutoff  145        31.36364   29.14276  7.08%   419 14636s
 82669 13854   29.14276  144   66   31.36364   29.14276  7.08%   419 14667s
 83159 14078   29.53704  153   94   31.36364   29.14276  7.08%   418 14696s
 83651 14309   29.22213  141   96   31.36364   29.14441  7.08%   417 14777s
 84101 14419   29.30237  149   79   31.36364   29.14441  7.08%   417 14799s
 84449 14520   30.65999  128   81   31.36364   29.14504  7.07%   416 14827s
 84885 14665     cutoff  141        31.36364   29.14646  7.07%   415 14859s
 85283 14816   29.45672  143   49   31.36364   29.14646  7.07%   415 14882s
 85599 14847   29.39934  154   76   31.36364   29.14660  7.07%   415 14896s
 85841 14850     cutoff  128        31.36364   29.14660  7.07%   414 14919s
 86248 14934     cutoff  137        31.36364   29.14878  7.06%   413 14945s
 86614 15032     cutoff  127        31.36364   29.14878  7.06%   413 14972s
 87143 15225   29.14878  149   66   31.36364   29.14878  7.06%   412 15001s
 87528 15407   30.86763  135   81   31.36364   29.14878  7.06%   412 15030s
 88054 15638   29.44491  168  100   31.36364   29.14878  7.06%   411 15059s
 88366 15716     cutoff  127        31.36364   29.15062  7.06%   411 15079s
 89131 15979     cutoff  156        31.36364   29.15077  7.06%   409 15107s
 89584 16116   29.49283  187   83   31.36364   29.15080  7.06%   409 15133s
 90005 16262     cutoff  132        31.36364   29.15164  7.05%   408 15162s
 90469 16406     cutoff  161        31.36364   29.15168  7.05%   408 15189s
 90803 16442     cutoff  158        31.36364   29.15449  7.04%   407 15217s
 91299 16636     cutoff  194        31.36364   29.15487  7.04%   406 15247s
 91674 16715   30.39718  159   64   31.36364   29.15549  7.04%   406 15262s
 92068 16826   29.16185  145   92   31.36364   29.15689  7.04%   405 15277s
 92359 16826     cutoff  140        31.36364   29.15968  7.03%   405 15303s
 92738 16883     cutoff  133        31.36364   29.16083  7.02%   405 15330s
 93062 16890     cutoff  128        31.36364   29.16150  7.02%   404 15353s
 93393 16940     cutoff  145        31.36364   29.16201  7.02%   404 15374s
 93737 17022     cutoff  128        31.36364   29.16263  7.02%   403 15399s
 94209 17222     cutoff  142        31.36364   29.16497  7.01%   403 15475s
 94597 17274   29.54082  177  112   31.36364   29.16497  7.01%   402 15500s
 95102 17395     cutoff  136        31.36364   29.16497  7.01%   401 15527s
 95562 17527   29.36599  146   53   31.36364   29.16497  7.01%   401 15555s
 95920 17536   29.20447  153   96   31.36364   29.16497  7.01%   401 15580s
 96186 17566   29.47917  137  100   31.36364   29.16724  7.00%   401 15601s
 96451 17575     cutoff  137        31.36364   29.16853  7.00%   401 15627s
 96689 17565     cutoff  140        31.36364   29.16996  6.99%   401 15657s
 97028 17593     cutoff  153        31.36364   29.17102  6.99%   401 15684s
 97318 17566     cutoff  218        31.36364   29.17243  6.99%   401 15703s
 97566 17558     cutoff  151        31.36364   29.17315  6.98%   401 15730s
 97940 17604   29.17452  146   70   31.36364   29.17452  6.98%   400 15752s
 98251 17651   29.17452  166   42   31.36364   29.17452  6.98%   400 15784s
 98691 17751   29.32674  152   64   31.36364   29.17452  6.98%   400 15812s
 99029 17830     cutoff  148        31.36364   29.17452  6.98%   400 15840s
 99470 17902   30.04378  166  106   31.36364   29.17452  6.98%   400 15862s
 99741 17893   31.09936  142  107   31.36364   29.17909  6.97%   399 15885s
 99932 17860   31.34225  119  188   31.36364   29.18110  6.96%   400 15906s
 100326 17865     cutoff  149        31.36364   29.18395  6.95%   399 15926s
 100540 17842     cutoff  131        31.36364   29.18717  6.94%   399 15950s
 100901 17928   30.85408  126   71   31.36364   29.18741  6.94%   399 15972s
 101226 17983 infeasible  143        31.36364   29.18741  6.94%   399 15995s
 101603 18072   31.00072  132   80   31.36364   29.19066  6.93%   398 16024s
 102014 18176     cutoff  122        31.36364   29.19066  6.93%   398 16049s
 102257 18215     cutoff  122        31.36364   29.19207  6.92%   398 16073s
 102601 18282   29.41471  147  115   31.36364   29.19579  6.91%   397 16102s
 103167 18455   29.68471  160   68   31.36364   29.19613  6.91%   396 16130s
 103700 18628 infeasible  140        31.36364   29.19613  6.91%   396 16149s
 104017 18681   30.71128  138   46   31.36364   29.19613  6.91%   396 16165s
 104266 18709   29.23594  161   70   31.36364   29.19855  6.90%   396 16198s
 104961 18924     cutoff  137        31.36364   29.19925  6.90%   394 16269s
 105465 19040     cutoff  143        31.36364   29.19925  6.90%   394 16294s
 105925 19179   29.19925  143   57   31.36364   29.19925  6.90%   393 16320s
 106335 19243     cutoff  130        31.36364   29.20064  6.90%   393 16346s
 106857 19333     cutoff  138        31.36364   29.20073  6.90%   393 16372s
 107316 19404   30.50475  137   75   31.36364   29.20076  6.90%   392 16394s
 107734 19491     cutoff  141        31.36364   29.20126  6.89%   392 16418s
 108123 19556   29.20235  144   53   31.36364   29.20235  6.89%   391 16440s
 108354 19544     cutoff  145        31.36364   29.20576  6.88%   391 16453s
 108551 19523 infeasible  120        31.36364   29.20710  6.88%   391 16472s
 108850 19529     cutoff  118        31.36364   29.20850  6.87%   391 16479s
 109002 19476 infeasible  130        31.36364   29.21053  6.86%   391 16492s
 109285 19483     cutoff  148        31.36364   29.21535  6.85%   391 16499s
 109464 19449     cutoff  148        31.36364   29.21696  6.84%   391 16524s
 109865 19464 infeasible  143        31.36364   29.21857  6.84%   390 16540s
 110153 19507     cutoff  124        31.36364   29.22010  6.83%   390 16563s
 110706 19601     cutoff  133        31.36364   29.22228  6.83%   390 16569s
 110845 19548     cutoff  114        31.36364   29.22337  6.82%   389 16585s
 111002 19506     cutoff   80        31.36364   29.22390  6.82%   389 16610s
 111367 19543     cutoff  159        31.36364   29.22519  6.82%   389 16627s
 111662 19555     cutoff  128        31.36364   29.22546  6.82%   389 16643s
 111900 19540     cutoff  148        31.36364   29.22910  6.81%   389 16654s
 112003 19463 infeasible  140        31.36364   29.23222  6.80%   389 16664s
 112202 19418     cutoff  170        31.36364   29.23465  6.79%   389 16683s
 112361 19385     cutoff  126        31.36364   29.23594  6.78%   389 16707s
 112729 19412   29.93858  138   48   31.36364   29.23594  6.78%   388 16729s
 113203 19488     cutoff  148        31.36364   29.23647  6.78%   388 16752s
 113408 19466     cutoff  154        31.36364   29.23949  6.77%   388 16776s
 113671 19426     cutoff  178        31.36364   29.24249  6.76%   388 16796s
 113952 19451     cutoff  164        31.36364   29.24536  6.75%   387 16816s
 114230 19433     cutoff  148        31.36364   29.24751  6.75%   387 16833s
 114440 19396   29.24834  141   77   31.36364   29.24808  6.75%   387 16846s
 114632 19369   29.24834  142   71   31.36364   29.24834  6.74%   387 16867s
 114795 19313     cutoff  143        31.36364   29.25146  6.73%   387 16874s
 114908 19236     cutoff  143        31.36364   29.25404  6.73%   387 16881s
 115006 19157     cutoff  137        31.36364   29.25577  6.72%   387 16904s
 115174 19089     cutoff  139        31.36364   29.25742  6.72%   387 16934s
 115472 19100     cutoff  128        31.36364   29.25798  6.71%   387 16952s
 115699 19096 infeasible  130        31.36364   29.26160  6.70%   387 16976s
 115996 19069     cutoff  129        31.36364   29.26160  6.70%   387 16989s
 116178 19017     cutoff  147        31.36364   29.26615  6.69%   387 17014s
 116543 19044   29.53554  155   70   31.36364   29.26715  6.68%   386 17026s
 116798 19015   29.33643  148   85   31.36364   29.27116  6.67%   386 17055s
 117142 19067     cutoff  149        31.36364   29.27154  6.67%   385 17153s
 117405 19067     cutoff  138        31.36364   29.27331  6.66%   385 17164s
 117584 19126   30.78847  136   66   31.36364   29.27661  6.65%   385 17165s
 117647 19056   30.94386  152   91   31.36364   29.27719  6.65%   385 17182s
 117878 19029     cutoff  145        31.36364   29.27719  6.65%   384 17206s
 118237 19036   29.42635  146   81   31.36364   29.27915  6.65%   384 17223s
 118383 18961     cutoff  130        31.36364   29.28228  6.64%   384 17247s
 118833 18986   29.35736  128   76   31.36364   29.28241  6.64%   383 17257s
 119070 18968     cutoff  150        31.36364   29.28468  6.63%   383 17270s
 119256 18926     cutoff  144        31.36364   29.29062  6.61%   383 17343s
 119353 18856     cutoff   67        31.36364   29.29229  6.60%   383 17350s
 119462 18787     cutoff  138        31.36364   29.29408  6.60%   383 17387s
 119863 18834     cutoff  146        31.36364   29.29470  6.60%   382 17400s
 120030 18762     cutoff  154        31.36364   29.29980  6.58%   382 17425s
 120325 18759   29.38139  120   74   31.36364   29.30376  6.57%   382 17439s
 120586 18746 infeasible  131        31.36364   29.30376  6.57%   381 17444s
 120706 18673     cutoff  143        31.36364   29.30645  6.56%   381 17468s
 121052 18680     cutoff  135        31.36364   29.30858  6.55%   380 17480s
 121258 18664     cutoff  157        31.36364   29.31128  6.54%   380 17498s
 121425 18618     cutoff  147        31.36364   29.31248  6.54%   380 17514s
 121626 18591   29.35502  149   80   31.36364   29.31334  6.54%   380 17526s
 121819 18527     cutoff  124        31.36364   29.32210  6.51%   380 17541s
 122014 18503     cutoff  144        31.36364   29.32227  6.51%   380 17551s
 122151 18432     cutoff  147        31.36364   29.32806  6.49%   380 17559s
 122284 18358     cutoff  161        31.36364   29.33109  6.48%   380 17569s
 122368 18274     cutoff  140        31.36364   29.33406  6.47%   380 17581s
 122536 18223     cutoff  152        31.36364   29.33434  6.47%   380 17591s
 122685 18162     cutoff  124        31.36364   29.33722  6.46%   379 17611s
 122863 18108     cutoff  139        31.36364   29.34058  6.45%   379 17621s
 123044 18045 infeasible  116        31.36364   29.34094  6.45%   379 17630s
 123177 17981     cutoff  154        31.36364   29.34647  6.43%   379 17638s
 123377 17934     cutoff  137        31.36364   29.34893  6.42%   379 17655s
 123607 17908     cutoff  138        31.36364   29.34893  6.42%   379 17684s
 123914 17905     cutoff  144        31.36364   29.34893  6.42%   378 17692s
 124056 17836     cutoff  158        31.36364   29.35017  6.42%   378 17704s
 124217 17783     cutoff  153        31.36364   29.35277  6.41%   378 17720s
 124403 17743     cutoff  125        31.36364   29.35374  6.41%   378 17738s
 124592 17693     cutoff  134        31.36364   29.35739  6.40%   378 17760s
 124756 17619     cutoff  155        31.36364   29.35980  6.39%   378 17777s
 124954 17570     cutoff  139        31.36364   29.35980  6.39%   377 17795s
 125123 17527     cutoff  146        31.36364   29.36464  6.37%   377 17800s
 125226 17454     cutoff  145        31.36364   29.36599  6.37%   377 17808s
 125403 17402     cutoff  150        31.36364   29.36599  6.37%   377 17822s
 125617 17340     cutoff  157        31.36364   29.36599  6.37%   377 17831s
 125772 17266     cutoff  153        31.36364   29.36599  6.37%   376 17848s
 125962 17206     cutoff  148        31.36364   29.36599  6.37%   376 17854s
 126083 17124 infeasible  151        31.36364   29.36664  6.37%   376 17859s
 126217 17044     cutoff  156        31.36364   29.36726  6.37%   376 17872s
 126332 16974     cutoff  167        31.36364   29.36954  6.36%   376 17880s
 126480 16908     cutoff  153        31.36364   29.37217  6.35%   376 17886s
 126656 16841     cutoff  173        31.36364   29.37315  6.35%   376 17897s
 126878 16795     cutoff  128        31.36364   29.37492  6.34%   376 17908s
 127038 16733   29.42556  160   64   31.36364   29.37800  6.33%   376 17921s
 127202 16682     cutoff  157        31.36364   29.38037  6.32%   376 17933s
 127348 16608     cutoff  159        31.36364   29.38468  6.31%   376 17942s
 127487 16546     cutoff  127        31.36364   29.38618  6.30%   376 17949s
 127643 16492     cutoff  124        31.36364   29.39075  6.29%   375 17959s
 127768 16421     cutoff   99        31.36364   29.39394  6.28%   375 17968s
 127932 16377 infeasible  146        31.36364   29.39820  6.27%   375 17979s
 128059 16298     cutoff  131        31.36364   29.40068  6.26%   376 17982s
 128201 16241     cutoff  148        31.36364   29.40553  6.24%   375 17987s
 128304 16157     cutoff  131        31.36364   29.40847  6.23%   375 17994s
 128450 16078     cutoff  158        31.36364   29.41179  6.22%   375 18006s
 128664 16043     cutoff  127        31.36364   29.41180  6.22%   375 18011s
 128782 15968     cutoff  156        31.36364   29.41186  6.22%   375 18022s
 129012 15898     cutoff  167        31.36364   29.41186  6.22%   374 18035s
 129207 15834   29.41186  167   48   31.36364   29.41186  6.22%   374 18041s
 129340 15755     cutoff  168        31.36364   29.41186  6.22%   374 18057s
 129496 15683   29.41186  185   90   31.36364   29.41186  6.22%   374 18071s
 129690 15632     cutoff  173        31.36364   29.41257  6.22%   374 18085s
 129925 15586     cutoff  144        31.36364   29.41464  6.21%   374 18098s
 130131 15560     cutoff  145        31.36364   29.41489  6.21%   374 18109s
 130301 15480     cutoff  153        31.36364   29.41639  6.21%   374 18114s
 130405 15401     cutoff  164        31.36364   29.41962  6.20%   374 18123s
 130545 15325     cutoff  151        31.36364   29.42360  6.19%   374 18135s
 130730 15285     cutoff  139        31.36364   29.42721  6.17%   373 18141s
 130839 15210     cutoff  136        31.36364   29.43094  6.16%   374 18156s
 131018 15170 infeasible  121        31.36364   29.43329  6.15%   373 18167s
 131180 15105     cutoff  142        31.36364   29.43430  6.15%   373 18173s
 131270 15021     cutoff  149        31.36364   29.43770  6.14%   373 18184s
 131402 14940 infeasible  146        31.36364   29.43891  6.14%   373 18191s
 131580 14873     cutoff  136        31.36364   29.43891  6.14%   373 18195s
 131856 14731     cutoff  149        31.36364   29.43891  6.14%   373 18205s
 131976 14658     cutoff  150        31.36364   29.43891  6.14%   372 18211s
 132104 14576     cutoff  169        31.36364   29.43891  6.14%   372 18219s
 132250 14501     cutoff  162        31.36364   29.43891  6.14%   372 18224s
 132367 14430     cutoff  136        31.36364   29.44043  6.13%   372 18240s
 132535 14376     cutoff  151        31.36364   29.44262  6.12%   372 18257s
 132725 14334     cutoff  161        31.36364   29.44440  6.12%   372 18270s
 132907 14271     cutoff  124        31.36364   29.44668  6.11%   372 18283s
 133092 14223 infeasible  123        31.36364   29.44668  6.11%   372 18296s
 133182 14151     cutoff  147        31.36364   29.45439  6.09%   373 18314s
 133348 14087     cutoff  134        31.36364   29.45636  6.08%   373 18328s
 133533 14028     cutoff  149        31.36364   29.45933  6.07%   373 18336s
 133664 13946   29.46274  150   81   31.36364   29.46274  6.06%   373 18344s
 133819 13870   29.57148  153   91   31.36364   29.46340  6.06%   373 18353s
 133962 13800     cutoff  151        31.36364   29.46912  6.04%   373 18359s
 134105 13733     cutoff  144        31.36364   29.47277  6.03%   372 18364s
 134189 13649     cutoff  147        31.36364   29.47610  6.02%   372 18374s
 134307 13571     cutoff  148        31.36364   29.48002  6.01%   372 18380s
 134423 13499     cutoff  141        31.36364   29.48535  5.99%   372 18397s
 134730 13397 infeasible  156        31.36364   29.49055  5.97%   372 18407s
 134820 13314     cutoff  153        31.36364   29.49617  5.95%   372 18413s
 134941 13242     cutoff  155        31.36364   29.49999  5.94%   372 18423s
 135082 13172     cutoff  142        31.36364   29.50389  5.93%   372 18428s
 135174 13088     cutoff  166        31.36364   29.51010  5.91%   372 18443s
 135350 13023     cutoff  159        31.36364   29.51016  5.91%   372 18463s
 135608 12997   29.51538  162   72   31.36364   29.51016  5.91%   372 18477s
 135806 12961 infeasible  156        31.36364   29.51317  5.90%   372 18485s
 135923 12883     cutoff  137        31.36364   29.51695  5.89%   372 18495s
 136073 12811     cutoff  168        31.36364   29.52068  5.88%   372 18508s
 136201 12740     cutoff  155        31.36364   29.52068  5.88%   371 18514s
 136312 12658     cutoff  154        31.36364   29.52470  5.86%   371 18526s
 136434 12584     cutoff  140        31.36364   29.52675  5.86%   372 18542s
 136550 12505   30.07306  135   67   31.36364   29.52996  5.85%   372 18548s
 136683 12431     cutoff  135        31.36364   29.53123  5.84%   372 18554s
 136830 12360     cutoff  135        31.36364   29.53123  5.84%   372 18562s
 137026 12304     cutoff  122        31.36364   29.53123  5.84%   371 18571s
 137256 12147     cutoff  106        31.36364   29.54531  5.80%   371 18577s
 137361 12068 infeasible  127        31.36364   29.55270  5.77%   371 18583s
 137473 11992     cutoff  147        31.36364   29.55967  5.75%   371 18597s
 137618 11928     cutoff  144        31.36364   29.56131  5.75%   371 18607s
 137779 11885     cutoff  166        31.36364   29.56373  5.74%   371 18620s
 137946 11823     cutoff  124        31.36364   29.57389  5.71%   371 18632s
 138074 11761     cutoff  145        31.36364   29.57851  5.69%   371 18653s
 138214 11698     cutoff  154        31.36364   29.58154  5.68%   371 18670s
 138517 11548     cutoff  174        31.36364   29.58897  5.66%   371 18695s
 138738 11551     cutoff  119        31.36364   29.59016  5.65%   371 18705s
 138837 11472     cutoff  144        31.36364   29.59547  5.64%   371 18715s
 138939 11390 infeasible  149        31.36364   29.60011  5.62%   371 18734s
 139127 11338     cutoff  148        31.36364   29.60197  5.62%   371 18741s
 139231 11317     cutoff  155        31.36364   29.60889  5.59%   371 18801s
 139263 11231   29.74040  161  105   31.36364   29.60891  5.59%   371 18814s
 139380 11158     cutoff  144        31.36364   29.61348  5.58%   371 18820s
 139487 11079     cutoff  160        31.36364   29.61933  5.56%   371 18832s
 139601 10995     cutoff  144        31.36364   29.62280  5.55%   371 18843s
 139721 10919     cutoff  131        31.36364   29.62852  5.53%   371 18859s
 139833 10838     cutoff  142        31.36364   29.63393  5.51%   371 18875s
 139945 10761     cutoff  156        31.36364   29.64018  5.50%   371 18884s
 140048 10682     cutoff  103        31.36364   29.64510  5.48%   371 18898s
 140182 10605     cutoff  149        31.36364   29.65180  5.46%   371 18906s
 140278 10522     cutoff  128        31.36364   29.65533  5.45%   371 18913s
 140374 10438     cutoff  162        31.36364   29.65925  5.43%   372 18927s
 140473 10354     cutoff  107        31.36364   29.66667  5.41%   371 18938s
 140685 10293     cutoff  108        31.36364   29.66667  5.41%   371 18947s
 140830 10230     cutoff  142        31.36364   29.67644  5.38%   371 18951s
 140926 10152     cutoff  144        31.36364   29.68151  5.36%   371 18956s
 141032 10071     cutoff  134        31.36364   29.68827  5.34%   371 18971s
 141149 10002   29.71531  127   63   31.36364   29.69699  5.31%   371 18987s
 141263  9920   30.36992  130   99   31.36364   29.70469  5.29%   372 18994s
 141409  9855     cutoff  147        31.36364   29.71059  5.27%   371 19003s
 141560  9775 infeasible  152        31.36364   29.72588  5.22%   371 19011s
 141655  9691     cutoff  162        31.36364   29.73701  5.19%   371 19023s
 141910  9657     cutoff  138        31.36364   29.73911  5.18%   371 19035s
 142028  9594   29.73911  137   47   31.36364   29.73911  5.18%   371 19059s
 142273  9573     cutoff  121        31.36364   29.73911  5.18%   371 19086s
 142481  9531     cutoff   81        31.36364   29.78058  5.05%   371 19105s
 142657  9465   31.15091  115   95   31.36364   29.78672  5.03%   371 19127s
 142875  9460     cutoff  152        31.36364   29.80190  4.98%   371 19138s
 143002  9390     cutoff  154        31.36364   29.81331  4.94%   371 19150s
 143139  9312     cutoff  147        31.36364   29.82571  4.90%   371 19165s
 143289  9258     cutoff  148        31.36364   29.83940  4.86%   371 19182s
 143409  9185     cutoff  146        31.36364   29.84929  4.83%   371 19188s
 143552  9123     cutoff  141        31.36364   29.86032  4.79%   371 19193s
 143665  9040     cutoff  137        31.36364   29.86798  4.77%   371 19205s
 143797  8976     cutoff  132        31.36364   29.88052  4.73%   371 19232s
 144043  8983     cutoff  123        31.36364   29.88758  4.71%   371 19254s
 144218  8924     cutoff  148        31.36364   29.89994  4.67%   371 19267s
 144350  8870     cutoff  132        31.36364   29.90854  4.64%   371 19290s
 144476  8790     cutoff   79        31.36364   29.90909  4.64%   371 19306s
 144669  8739     cutoff  128        31.36364   29.91833  4.61%   371 19319s
 144814  8682     cutoff  135        31.36364   29.92965  4.57%   371 19331s
 144968  8614     cutoff  140        31.36364   29.93868  4.54%   371 19339s
 145065  8553     cutoff  157        31.36364   29.94582  4.52%   371 19355s
 145203  8499     cutoff   80        31.36364   29.95096  4.50%   371 19370s
 145338  8491     cutoff  149        31.36364   29.95273  4.50%   371 19505s
 145376  8405   29.96663  130   91   31.36364   29.96663  4.45%   371 19521s
 145575  8390     cutoff  132        31.36364   29.96663  4.45%   371 19550s
 145950  8460     cutoff  129        31.36364   29.96663  4.45%   371 19574s
 146126  8424     cutoff  134        31.36364   30.00000  4.35%   370 19594s
 146265  8407     cutoff   81        31.36364   30.01014  4.32%   371 19622s
 146529  8391     cutoff  201        31.36364   30.01137  4.31%   371 19645s
 146856  8426   30.01152  113   73   31.36364   30.01152  4.31%   370 19705s
 147102  8405 infeasible  114        31.36364   30.01152  4.31%   370 19718s
 147210  8322     cutoff   95        31.36364   30.03141  4.25%   371 19724s
 147310  8238 infeasible  139        31.36364   30.04242  4.21%   370 19734s
 147482  8168     cutoff  170        31.36364   30.05466  4.17%   370 19744s
 147688  8146     cutoff  100        31.36364   30.06099  4.15%   370 19754s
 147881  8088     cutoff  103        31.36364   30.06920  4.13%   370 19767s
 148142  8081     cutoff  124        31.36364   30.07244  4.12%   369 19772s
 148289  8015     cutoff  142        31.36364   30.09327  4.05%   369 19775s
 148373  7931     cutoff  143        31.36364   30.10274  4.02%   369 19781s
 148457  7854     cutoff  140        31.36364   30.11626  3.98%   369 19801s
 148753  7831     cutoff  147        31.36364   30.12975  3.93%   369 19819s
 148976  7785   30.26650  194   74   31.36364   30.13761  3.91%   369 19832s
 149173  7721     cutoff  189        31.36364   30.13806  3.91%   369 19841s
 149298  7647     cutoff  196        31.36364   30.15643  3.85%   369 19860s
 149458  7593     cutoff  155        31.36364   30.16618  3.82%   369 19870s
 149639  7521     cutoff  149        31.36364   30.17428  3.79%   368 19876s
 149821  7451     cutoff  157        31.36364   30.18546  3.76%   368 19882s
 149970  7372     cutoff  139        31.36364   30.19096  3.74%   368 19892s
 150162  7303     cutoff  147        31.36364   30.20366  3.70%   368 19899s
 150274  7229     cutoff  139        31.36364   30.21502  3.66%   368 19907s
 150398  7151     cutoff  154        31.36364   30.22938  3.62%   368 19920s
 150609  7097   30.31124  152   65   31.36364   30.24856  3.56%   368 19926s
 150758  7036     cutoff  138        31.36364   30.26217  3.51%   368 19936s
 150919  6964     cutoff  140        31.36364   30.27760  3.46%   367 19942s
 151028  6883     cutoff  205        31.36364   30.29235  3.42%   367 19946s
 151153  6805     cutoff  163        31.36364   30.30740  3.37%   367 19951s
 151260  6723 infeasible  145        31.36364   30.32313  3.32%   367 19958s
 151447  6677     cutoff  126        31.36364   30.32725  3.30%   367 19972s
 151720  6620     cutoff  141        31.36364   30.34517  3.25%   367 19986s
 151847  6552     cutoff  175        31.36364   30.35131  3.23%   367 20004s
 152106  6542     cutoff  134        31.36364   30.35942  3.20%   367 20012s
 152271  6515     cutoff  148        31.36364   30.37562  3.15%   366 20030s
 152553  6502     cutoff  152        31.36364   30.37709  3.15%   366 20043s
 152781  6455   30.37709  146   69   31.36364   30.37709  3.15%   366 20051s
 152950  6386     cutoff  170        31.36364   30.38156  3.13%   366 20056s
 153106  6310     cutoff  166        31.36364   30.42316  3.00%   366 20061s
 153229  6228 infeasible  142        31.36364   30.43372  2.96%   366 20066s
 153365  6163     cutoff  114        31.36364   30.44580  2.93%   366 20071s
 153460  6079 infeasible  133        31.36364   30.46586  2.86%   366 20075s
 153575  5996     cutoff  148        31.36364   30.48042  2.82%   366 20081s
 153671  5912     cutoff  116        31.36364   30.49391  2.77%   366 20086s
 153767  5828     cutoff  146        31.36364   30.51008  2.72%   366 20093s
 153903  5752   30.54283  128   85   31.36364   30.52262  2.68%   366 20104s
 154066  5686     cutoff  135        31.36364   30.53158  2.65%   366 20110s
 154174  5617     cutoff  129        31.36364   30.53651  2.64%   365 20141s
 154270  5539     cutoff  149        31.36364   30.54208  2.62%   366 20148s
 154406  5470   30.72785  147   97   31.36364   30.55175  2.59%   365 20163s
 154590  5401     cutoff  114        31.36364   30.56155  2.56%   365 20170s
 154768  5338     cutoff  154        31.36364   30.56959  2.53%   365 20180s
 154930  5258 infeasible  110        31.36364   30.57775  2.51%   365 20186s
 155112  5174     cutoff  137        31.36364   30.58119  2.49%   365 20190s
 155275  5090     cutoff  146        31.36364   30.58204  2.49%   365 20199s
 155497  5053     cutoff  139        31.36364   30.58759  2.47%   364 20206s
 155696  5009     cutoff  143        31.36364   30.58759  2.47%   364 20210s
 155789  4928     cutoff  167        31.36364   30.61240  2.40%   364 20225s
 156038  4914   30.79922  128   88   31.36364   30.61814  2.38%   364 20240s
 156227  4857   30.68321   69  122   31.36364   30.62198  2.36%   364 20253s
 156381  4803     cutoff  132        31.36364   30.63636  2.32%   364 20274s
 156532  4737   31.26373  117  125   31.36364   30.64208  2.30%   364 20290s
 156710  4663     cutoff  140        31.36364   30.64632  2.29%   364 20304s
 156877  4592 infeasible  125        31.36364   30.64952  2.28%   364 20311s
 157003  4517     cutoff  141        31.36364   30.66667  2.22%   364 20325s
 157177  4459     cutoff  117        31.36364   30.66667  2.22%   364 20337s
 157340  4413   30.66667  117   47   31.36364   30.66667  2.22%   364 20355s
 157479  4347     cutoff  118        31.36364   30.66667  2.22%   365 20370s
 157653  4272   30.67921  121  102   31.36364   30.67910  2.18%   365 20385s
 157869  4211 infeasible  196        31.36364   30.67913  2.18%   365 20393s
 158065  4148     cutoff  147        31.36364   30.70140  2.11%   364 20404s
 158196  4071     cutoff  132        31.36364   30.71482  2.07%   364 20416s
 158358  3999   30.76128  174   55   31.36364   30.72060  2.05%   364 20422s
 158520  3926     cutoff  147        31.36364   30.72060  2.05%   364 20432s
 158713  3851     cutoff  143        31.36364   30.73668  2.00%   364 20437s
 158865  3784     cutoff  147        31.36364   30.75289  1.95%   364 20451s
 159023  3704 infeasible  157        31.36364   30.75993  1.92%   364 20465s
 159245  3657     cutoff  124        31.36364   30.77501  1.88%   364 20476s
 159419  3585 infeasible  148        31.36364   30.78054  1.86%   363 20487s
 159558  3522     cutoff  123        31.36364   30.80166  1.79%   363 20497s
 159800  3493     cutoff  131        31.36364   30.80749  1.77%   363 20514s
 160002  3459     cutoff  146        31.36364   30.80749  1.77%   363 20519s
 160173  3402     cutoff  132        31.36364   30.81545  1.75%   363 20524s
 160299  3328     cutoff  127        31.36364   30.82274  1.72%   363 20533s
 160428  3253     cutoff  138        31.36364   30.83164  1.70%   363 20542s
 160605  3189     cutoff  140        31.36364   30.83458  1.69%   362 20546s
 160699  3107     cutoff  128        31.36364   30.85596  1.62%   362 20554s
 160834  3028     cutoff  137        31.36364   30.86673  1.58%   362 20567s
 161139  2961   30.86763  133   59   31.36364   30.86763  1.58%   362 20576s
 161265  2884     cutoff  134        31.36364   30.86763  1.58%   362 20582s
 161388  2802   30.89461  100  103   31.36364   30.88864  1.51%   362 20589s
 161518  2718   30.89683   99   81   31.36364   30.89683  1.49%   362 20596s
 161636  2637     cutoff  131        31.36364   30.91356  1.44%   362 20603s
 161842  2589     cutoff  126        31.36364   30.92159  1.41%   361 20606s
 161962  2514 infeasible  128        31.36364   30.93590  1.36%   361 20617s
 162066  2433     cutoff  142        31.36364   30.93939  1.35%   362 20622s
 162210  2358     cutoff   53        31.36364   30.95539  1.30%   361 20636s
 162381  2285     cutoff  117        31.36364   30.96308  1.28%   361 20643s
 162532  2211 infeasible  127        31.36364   30.97829  1.23%   361 20647s
 162649  2132     cutoff   98        31.36364   31.00186  1.15%   361 20652s
 162788  2052     cutoff  166        31.36364   31.01069  1.13%   361 20664s
 163039  2020     cutoff  125        31.36364   31.02613  1.08%   361 20666s
 163149  1937     cutoff  151        31.36364   31.04472  1.02%   361 20678s
 163357  1884     cutoff  132        31.36364   31.04868  1.00%   360 20684s
 163512  1821     cutoff  142        31.36364   31.05757  0.98%   360 20701s
 163796  1804   31.08624  150  109   31.36364   31.06005  0.97%   360 20716s
 164011  1768     cutoff  146        31.36364   31.06412  0.95%   360 20724s
 164131  1703 infeasible   88        31.36364   31.06609  0.95%   360 20732s
 164288  1653     cutoff   92        31.36364   31.06920  0.94%   359 20736s
 164438  1586     cutoff   97        31.36364   31.06920  0.94%   359 20740s
 164679  1427     cutoff  149        31.36364   31.10333  0.83%   359 20750s
 164810  1349 infeasible  135        31.36364   31.10922  0.81%   359 20755s
 164986  1294     cutoff  112        31.36364   31.12711  0.75%   359 20767s
 165138  1228   31.13214  117   85   31.36364   31.13214  0.74%   359 20776s
 165311  1163     cutoff  117        31.36364   31.14435  0.70%   358 20788s
 165530  1114     cutoff  134        31.36364   31.14774  0.69%   358 20795s
 165681  1044     cutoff  118        31.36364   31.15091  0.68%   358 20800s
 165800   969     cutoff  120        31.36364   31.16660  0.63%   358 20807s
 165940   898     cutoff  125        31.36364   31.16960  0.62%   358 20812s
 166071   820   31.17125  128   71   31.36364   31.17125  0.61%   358 20815s
 166172   739     cutoff  129        31.36364   31.17768  0.59%   358 20820s
 166304   662     cutoff  161        31.36364   31.20076  0.52%   357 20825s
 166476   591     cutoff  144        31.36364   31.20354  0.51%   357 20830s
 166579   509     cutoff  123        31.36364   31.23188  0.42%   357 20836s
 166685   426     cutoff   70        31.36364   31.24671  0.37%   357 20842s
 166782   343     cutoff  118        31.36364   31.26391  0.32%   357 20846s
 166910   261     cutoff  142        31.36364   31.27508  0.28%   357 20851s
 167114    97     cutoff  150        31.36364   31.31344  0.16%   357 20861s
 167225    23     cutoff  156        31.36364   31.32152  0.13%   357 20874s
 167328     0     cutoff  143        31.36364   31.35334  0.03%   357 20875s

Cutting planes:
  Gomory: 21
  Implied bound: 477
  MIR: 207
  Flow cover: 232
  Zero half: 34

Explored 167355 nodes (59737852 simplex iterations) in 20875.78 seconds
Thread count was 4 (of 20 available processors)

Solution count 10: 31.3636 31.4545 31.4545 ... 34.5152
Pool objective bound 31.3636

Optimal solution found (tolerance 1.00e-04)
Best objective 3.136363636364e+01, best bound 3.136363636364e+01, gap 0.0000%

Wrote result file '60_without_pump.sol'

