
Log started (V12.6.1.0) Wed Feb 07 00:01:25 2018

New value for time limit in seconds: 10800
New value for default parallel thread count: 1
Tried aggregator 3 times.
MIP Presolve eliminated 18122 rows and 1298 columns.
MIP Presolve modified 163 coefficients.
Aggregator did 31 substitutions.
Reduced MIP has 3765 rows, 17568 columns, and 106682 nonzeros.
Reduced MIP has 17370 binaries, 198 generals, 0 SOSs, and 0 indicators.
Presolve time = 0.13 sec. (108.33 ticks)
Found incumbent of value 1477.000000 after 0.27 sec. (212.99 ticks)
Probing time = 0.02 sec. (6.81 ticks)
Tried aggregator 1 time.
Reduced MIP has 3765 rows, 17568 columns, and 106682 nonzeros.
Reduced MIP has 17370 binaries, 198 generals, 0 SOSs, and 0 indicators.
Presolve time = 0.06 sec. (47.40 ticks)
Probing time = 0.02 sec. (5.90 ticks)
Clique table members: 46947.
MIP emphasis: balance optimality and feasibility.
MIP search method: dynamic search.
Parallel mode: none, using 1 thread.
Root relaxation solution time = 0.88 sec. (1085.30 ticks)

        Nodes                                         Cuts/
   Node  Left     Objective  IInf  Best Integer    Best Bound    ItCnt     Gap

*     0+    0                         1477.0000    -1311.0000           188.76%
      0     0       25.0000   650     1477.0000       25.0000     4633   98.31%
      0     0       40.1111   170     1477.0000      Cuts: 16     4731   97.28%
      0     0       59.6667   299     1477.0000      Cuts: 81     6223   95.96%
      0     0       59.6667   372     1477.0000      Cuts: 15     7129   95.96%
*     0+    0                           96.0000       59.6667            37.85%
*     0+    0                           92.0000       59.6667            35.14%
      0     2       59.6667   166       92.0000       59.6667     7129   35.14%
Elapsed time = 9.56 sec. (11604.64 ticks, tree = 0.00 MB, solutions = 3)
      1     3       63.6667   284       92.0000       59.6667    11014   35.14%
      2     4       63.6667   255       92.0000       63.6667    12647   30.80%
      4     6       67.6667   161       92.0000       63.6667    13739   30.80%
      6     8       67.6667   386       92.0000       63.6667    18754   30.80%
      8    10       71.2222   228       92.0000       63.6667    20023   30.80%
     12    14       71.2222   186       92.0000       63.6667    21248   30.80%
     17    19       74.7778   167       92.0000       63.6667    24901   30.80%
     20    22       78.3333   181       92.0000       63.6667    27032   30.80%
     22    24       78.3333   247       92.0000       63.6667    28668   30.80%
     35    37       89.0000    59       92.0000       63.6667    37909   30.80%
Elapsed time = 14.44 sec. (17743.19 ticks, tree = 0.31 MB, solutions = 3)
     40    42       89.0000   208       92.0000       63.6667    44791   30.80%
     51    53       89.0000    48       92.0000       63.6667    49056   30.80%
     58    60       89.0000   125       92.0000       63.6667    53598   30.80%
     67    69       89.0000    47       92.0000       63.6667    55494   30.80%
     80    82       89.0000    79       92.0000       63.6667    59036   30.80%
     89    91       89.0000   106       92.0000       63.6667    62986   30.80%
    100   102       89.7500   107       92.0000       63.6667    65855   30.80%
    114   116       90.1333    76       92.0000       63.6667    70389   30.80%
    127   123       66.3333   216       92.0000       63.6667    75023   30.80%
    139   135       78.7778   197       92.0000       63.6667    78873   30.80%
Elapsed time = 21.25 sec. (27753.14 ticks, tree = 1.93 MB, solutions = 3)
    151   147       85.0000   194       92.0000       63.6667    81472   30.80%
    163   157       89.0000   262       92.0000       63.6667    84952   30.80%
    182   176       89.3333   106       92.0000       63.6667    87169   30.80%
    198   192       91.0000    91       92.0000       63.6667    91268   30.80%
    210   202       91.0000    76       92.0000       63.6667    93511   30.80%
    214   204       91.0000    75       92.0000       63.6667    93906   30.80%
    230   218       91.0000    50       92.0000       63.6667    97311   30.80%
    239   221        cutoff             92.0000       63.6667   102540   30.80%
    255   233       91.0000    58       92.0000       63.6667   107097   30.80%
    261   235       91.0000   129       92.0000       63.6667   110039   30.80%
Elapsed time = 29.34 sec. (38455.11 ticks, tree = 2.71 MB, solutions = 3)
    279   237       91.0000   158       92.0000       63.6667   115514   30.80%
    295   245       78.3333   289       92.0000       63.6667   117901   30.80%
    300   250       87.6667   178       92.0000       63.6667   118578   30.80%
    304   254       87.6667   285       92.0000       63.6667   120825   30.80%
    307   257       87.6667   335       92.0000       63.6667   124491   30.80%
    309   259       87.6667   392       92.0000       63.6667   128701   30.80%
    311   261       89.0000   544       92.0000       63.6667   132097   30.80%
    312   262       89.0000   644       92.0000       63.6667   135978   30.80%
    318   268       89.0000   637       92.0000       63.6667   143677   30.80%
    319   269       89.0000   600       92.0000       63.6667   147353   30.80%
Elapsed time = 41.20 sec. (53667.77 ticks, tree = 2.96 MB, solutions = 3)
    320   270       89.0000   599       92.0000       63.6667   150405   30.80%
    321   271       89.0000   659       92.0000       63.6667   153649   30.80%
    322   272       89.0000   613       92.0000       63.6667   156748   30.80%
    324   274       89.0000   572       92.0000       63.6667   160357   30.80%
    325   275       89.0000   530       92.0000       63.6667   166237   30.80%
    330   276       89.0000   593       92.0000       63.6667   170140   30.80%
    332   276       89.0000   576       92.0000       63.6667   173840   30.80%
    335   277       89.0000   638       92.0000       63.6667   174522   30.80%
    343   281       89.0000   622       92.0000       63.6667   179092   30.80%
    360   294       90.0000   662       92.0000       63.6667   185041   30.80%
Elapsed time = 61.84 sec. (72311.37 ticks, tree = 3.23 MB, solutions = 3)
    376   308        cutoff             92.0000       63.6667   190925   30.80%
    391   321       91.0000   571       92.0000       63.6667   195732   30.80%
    400   326       91.0000   535       92.0000       63.6667   198031   30.80%
    422   348       89.0000   134       92.0000       64.1667   211773   30.25%
    434   358       89.2500   161       92.0000       64.1667   228390   30.25%
    447   369       90.0000   151       92.0000       64.1667   239775   30.25%
    463   383       91.0000   136       92.0000       64.1667   252818   30.25%
    477   395       88.4544    88       92.0000       88.4686   265115    3.84%
    483   400       88.8100   128       92.0000       88.6645   267943    3.63%
    487   402       89.0000    73       92.0000       88.6645   271593    3.63%
Elapsed time = 95.92 sec. (103594.30 ticks, tree = 4.48 MB, solutions = 3)
    490   404       89.0000   116       92.0000       88.6645   274268    3.63%
    491   404       89.0000   217       92.0000       88.6645   281853    3.63%
    493   405       89.0000    50       92.0000       88.6645   286808    3.63%
    494   405       89.0000    94       92.0000       88.6645   293308    3.63%
    495   406       89.0000    99       92.0000       88.6645   295406    3.63%
    497   407       89.0000    99       92.0000       88.6645   300467    3.63%
    498   407       89.0000   178       92.0000       88.6645   302385    3.63%
    499   408       89.0000   124       92.0000       88.6645   304326    3.63%
    500   409       89.0000    70       92.0000       88.6645   306375    3.63%
    501   409       89.0000   185       92.0000       88.6645   307635    3.63%
Elapsed time = 113.53 sec. (121046.62 ticks, tree = 4.58 MB, solutions = 3)
    502   409       89.0000   313       92.0000       88.6645   310625    3.63%
    504   410       89.0000   290       92.0000       88.6645   312510    3.63%
    506   410       89.0000   215       92.0000       88.6645   319675    3.63%
    508   411       89.0000   350       92.0000       88.6645   322513    3.63%
    509   411       89.0000   370       92.0000       88.6645   325238    3.63%
    510   411       89.0000   266       92.0000       88.6645   331372    3.63%
    512   410       89.0000   315       92.0000       88.6645   333847    3.63%
    516   413       89.0000   270       92.0000       88.6645   335174    3.63%
    521   415       89.0000   210       92.0000       88.6645   337735    3.63%
    528   421       89.0000   196       92.0000       88.6645   341596    3.63%
Elapsed time = 129.77 sec. (136409.07 ticks, tree = 5.51 MB, solutions = 3)
    534   424       89.0000   182       92.0000       88.6645   346027    3.63%
    541   429       89.0000   200       92.0000       88.6645   352854    3.63%
    549   435       89.0000   199       92.0000       88.6645   358482    3.63%
    556   430       90.0000   203       92.0000       88.6645   364812    3.63%
    566   415    infeasible             92.0000       88.6645   371310    3.63%
    575   421       89.0000    83       92.0000       88.8601   378595    3.41%
    578   423       89.0000   252       92.0000       88.8601   386329    3.41%
    580   423       89.0000   350       92.0000       88.8601   396676    3.41%
    581   423       90.0000   413       92.0000       88.8601   400826    3.41%
    584   424       90.0000   435       92.0000       88.8601   403680    3.41%
Elapsed time = 142.23 sec. (147554.61 ticks, tree = 7.40 MB, solutions = 3)
    587   426       90.0000   441       92.0000       88.8601   405843    3.41%
    590   426       90.0000   429       92.0000       88.8601   409699    3.41%
    593   428       90.0000   439       92.0000       88.8601   413761    3.41%
    596   429       91.0000   478       92.0000       88.8601   417955    3.41%
    599   426       91.0000   462       92.0000       88.8601   419314    3.41%
    605   421       91.0000   450       92.0000       88.8601   422731    3.41%
    609   424       91.0000   498       92.0000       88.8601   425601    3.41%
    613   424       91.0000   477       92.0000       88.8601   427074    3.41%
    617   427       91.0000   440       92.0000       88.8601   428672    3.41%
    636   436       91.0000   335       92.0000       88.8601   436397    3.41%
Elapsed time = 158.38 sec. (162705.94 ticks, tree = 9.20 MB, solutions = 3)
    666   450       91.0000   193       92.0000       88.8601   445604    3.41%
    705   451       89.0000   218       92.0000       88.8656   463557    3.41%
    727   462       91.0000    49       92.0000       88.8656   485330    3.41%
    770   470       88.8867   123       92.0000       88.8740   501486    3.40%
    779   474       89.0000   269       92.0000       88.8740   528169    3.40%
    795   481       89.0000   187       92.0000       88.8740   543597    3.40%
    821   495       90.5000    75       92.0000       88.8740   558256    3.40%
    869   473       91.0000    45       92.0000       88.8740   585872    3.40%
    900   481       91.0000   119       92.0000       88.8867   606675    3.38%
    923   487       89.0000    81       92.0000       88.9532   633910    3.31%
Elapsed time = 212.80 sec. (202028.55 ticks, tree = 17.36 MB, solutions = 3)
    945   499       89.0000   123       92.0000       88.9532   663485    3.31%
    967   502       89.0000   183       92.0000       88.9555   693890    3.31%
    995   513       91.0000    73       92.0000       88.9555   718848    3.31%
   1018   514       90.0000   103       92.0000       88.9555   748461    3.31%
   1057   530       91.0000    20       92.0000       88.9555   769691    3.31%
   1091   536       90.0000    31       92.0000       88.9555   793991    3.31%
   1116   546       91.0000    48       92.0000       88.9555   826222    3.31%
   1152   548       89.0000   176       92.0000       88.9555   852325    3.31%
   1168   557       91.0000   128       92.0000       88.9555   862523    3.31%
   1195   570       91.0000   115       92.0000       88.9555   880883    3.31%
Elapsed time = 301.55 sec. (240969.63 ticks, tree = 26.54 MB, solutions = 3)
   1246   601       89.9777   155       92.0000       88.9582   896402    3.31%
   1268   623       90.0000   112       92.0000       88.9582   934406    3.31%
   1291   646       90.0000    72       92.0000       88.9582   964402    3.31%
   1316   666       91.0000   155       92.0000       88.9582   994020    3.31%
   1372   686       90.0000   180       92.0000       88.9777  1015975    3.29%
   1402   714       91.0000   102       92.0000       88.9777  1039953    3.29%
   1451   747       91.0000    23       92.0000       88.9777  1056071    3.29%
   1473   763       91.0000    28       92.0000       88.9777  1087183    3.29%
   1496   782       91.0000    23       92.0000       88.9777  1114246    3.29%
*  1499   357      integral     0       91.0000       88.9777  1115920    2.22%
   1524   381       90.0000    98       91.0000       88.9777  1141065    2.22%
Elapsed time = 386.55 sec. (279583.41 ticks, tree = 17.57 MB, solutions = 4)
   1562   407       90.0000    92       91.0000       88.9777  1164478    2.22%
   1603   431       90.0000   122       91.0000       88.9777  1176685    2.22%
   1646   450       90.0000   213       91.0000       88.9777  1200070    2.22%
   1667   471       90.0000   195       91.0000       88.9777  1227936    2.22%
   1701   503       90.0000   111       91.0000       88.9777  1250512    2.22%
   1737   515       89.0000   262       91.0000       88.9777  1276682    2.22%
   1760   538       90.0000   157       91.0000       88.9777  1302516    2.22%
   1781   553       90.0000   113       91.0000       88.9777  1331487    2.22%
   1818   574       90.0000   119       91.0000       88.9777  1355486    2.22%
   1844   594       90.0000    97       91.0000       88.9777  1374872    2.22%
Elapsed time = 463.53 sec. (318549.05 ticks, tree = 28.15 MB, solutions = 4)
   1881   618       90.0000   130       91.0000       88.9777  1406566    2.22%
   1906   642       90.0000    72       91.0000       88.9777  1436032    2.22%
   1947   672       90.0000    83       91.0000       88.9777  1457771    2.22%
   1980   688       89.5000   129       91.0000       88.9777  1485532    2.22%
   1999   705       90.0000    61       91.0000       88.9777  1513745    2.22%
   2023   725       90.0000    28       91.0000       88.9777  1543356    2.22%
*  2038   207      integral     0       90.0000       88.9777  1551073    1.14%
   2062   219       89.0000   231       90.0000       88.9777  1569994    1.14%
   2080   226       89.0000   252       90.0000       89.0000  1583053    1.11%
   2095   236       89.0000   220       90.0000       89.0000  1601961    1.11%
   2115   246       89.0000    86       90.0000       89.0000  1637804    1.11%
Elapsed time = 548.16 sec. (357458.09 ticks, tree = 11.13 MB, solutions = 5)
   2129   256       89.0000   191       90.0000       89.0000  1665892    1.11%
   2157   270       89.0000    95       90.0000       89.0000  1705728    1.11%
   2184   287       89.0000   200       90.0000       89.0000  1750519    1.11%
   2210   309       89.0000   190       90.0000       89.0000  1777858    1.11%
   2228   317       89.0000   123       90.0000       89.0000  1805752    1.11%
   2242   321       89.0000   114       90.0000       89.0000  1842328    1.11%
   2252   323       89.0000   157       90.0000       89.0000  1875646    1.11%
   2272   331       89.0000   149       90.0000       89.0000  1909377    1.11%
   2294   337       89.0000   195       90.0000       89.0000  1949275    1.11%
   2314   345       89.0000   212       90.0000       89.0000  1980576    1.11%
Elapsed time = 641.89 sec. (398001.73 ticks, tree = 16.03 MB, solutions = 5)
   2331   347       89.0000   187       90.0000       89.0000  2017088    1.11%
   2349   350        cutoff             90.0000       89.0000  2049074    1.11%
   2374   355       89.0000   118       90.0000       89.0000  2080265    1.11%
   2383   355       89.0000   115       90.0000       89.0000  2103968    1.11%
   2397   357       89.0000    52       90.0000       89.0000  2136686    1.11%
   2426   366       89.0000    91       90.0000       89.0000  2183356    1.11%
   2447   378       89.0000   182       90.0000       89.0000  2217519    1.11%
   2473   384       89.0000   105       90.0000       89.0000  2269600    1.11%
   2483   390       89.0000   162       90.0000       89.0000  2290462    1.11%
   2504   399       89.0000   118       90.0000       89.0000  2310742    1.11%
Elapsed time = 730.84 sec. (437687.41 ticks, tree = 18.73 MB, solutions = 5)
   2537   407       89.0000   100       90.0000       89.0000  2322448    1.11%
   2572   416       89.0000   117       90.0000       89.0000  2330615    1.11%
   2598   420       89.0000   142       90.0000       89.0000  2353623    1.11%
   2628   435       89.0000   127       90.0000       89.0000  2384507    1.11%
   2658   447       89.0000   152       90.0000       89.0000  2419747    1.11%
   2673   456       89.0000   174       90.0000       89.0000  2439902    1.11%
   2691   458       89.0000   142       90.0000       89.0000  2476339    1.11%
   2708   456       89.0000   318       90.0000       89.0000  2503697    1.11%
   2727   463       89.0000   205       90.0000       89.0000  2523223    1.11%
   2735   466       89.0000   358       90.0000       89.0000  2539306    1.11%
Elapsed time = 817.39 sec. (477718.37 ticks, tree = 21.91 MB, solutions = 5)
   2757   478       89.0000   163       90.0000       89.0000  2571554    1.11%
   2776   486       89.0000   229       90.0000       89.0000  2606144    1.11%
   2811   496       89.0000   134       90.0000       89.0000  2649552    1.11%
   2834   499       89.0000   156       90.0000       89.0000  2672558    1.11%
   2854   501        cutoff             90.0000       89.0000  2692004    1.11%
   2872   507       89.0000    66       90.0000       89.0000  2725742    1.11%
   2909   518       89.0000   110       90.0000       89.0000  2737638    1.11%
   2938   520       89.0000   237       90.0000       89.0000  2783814    1.11%
   2958   522       89.0000   168       90.0000       89.0000  2818074    1.11%
   2978   520       89.0000    83       90.0000       89.0000  2852676    1.11%
Elapsed time = 910.70 sec. (518367.53 ticks, tree = 24.73 MB, solutions = 5)
   2992   529       89.0000   201       90.0000       89.0000  2878629    1.11%
   3020   536       89.0000    98       90.0000       89.0000  2915380    1.11%
   3053   543       89.0000   168       90.0000       89.0000  2955828    1.11%
   3081   553       89.0000   101       90.0000       89.0000  2988287    1.11%
   3098   559       89.0000   211       90.0000       89.0000  3026340    1.11%
   3118   558       89.0000   196       90.0000       89.0000  3059595    1.11%
   3146   560       89.0000   272       90.0000       89.0000  3100617    1.11%
   3172   560       89.0000   259       90.0000       89.0000  3141893    1.11%
   3208   557       89.0000    79       90.0000       89.0000  3176017    1.11%
   3234   553       89.0000   105       90.0000       89.0000  3202223    1.11%
Elapsed time = 997.89 sec. (557724.52 ticks, tree = 26.28 MB, solutions = 5)
   3269   554       89.0000   191       90.0000       89.0000  3248001    1.11%
   3298   557       89.0000   217       90.0000       89.0000  3286653    1.11%
   3322   563    infeasible             90.0000       89.0000  3319891    1.11%
   3358   566       89.0000   141       90.0000       89.0000  3360950    1.11%
   3387   563       89.0000   291       90.0000       89.0000  3398780    1.11%
   3407   567       89.0000   191       90.0000       89.0000  3434401    1.11%
   3427   569       89.0000   205       90.0000       89.0000  3463068    1.11%
   3461   565       89.0000   122       90.0000       89.0000  3506371    1.11%
   3501   571       89.0000   116       90.0000       89.0000  3550171    1.11%
   3539   567    infeasible             90.0000       89.0000  3586071    1.11%
Elapsed time = 1091.26 sec. (597652.42 ticks, tree = 27.14 MB, solutions = 5)
   3565   571       89.0000   253       90.0000       89.0000  3636661    1.11%
   3602   575       89.0000   300       90.0000       89.0000  3670666    1.11%
   3628   585       89.0000   362       90.0000       89.0000  3703007    1.11%
   3660   596       89.0000   166       90.0000       89.0000  3739375    1.11%
   3691   599       89.0000   138       90.0000       89.0000  3788718    1.11%
   3726   596       89.0000   185       90.0000       89.0000  3824757    1.11%
   3759   595    infeasible             90.0000       89.0000  3865400    1.11%
   3796   593       89.0000   241       90.0000       89.0000  3909970    1.11%
   3831   595       89.0000   226       90.0000       89.0000  3949521    1.11%
   3853   599       89.0000   164       90.0000       89.0000  3986163    1.11%
Elapsed time = 1182.83 sec. (637151.12 ticks, tree = 28.65 MB, solutions = 5)
   3855   601       89.0000   279       90.0000       89.0000  3999286    1.11%
   3864   602       89.0000   546       90.0000       89.0000  4018738    1.11%
   3884   594    infeasible             90.0000       89.0000  4045143    1.11%
   3899   601       89.0000   258       90.0000       89.0000  4077556    1.11%
   3918   600       89.0000   135       90.0000       89.0000  4111339    1.11%
   3958   599       89.0000   327       90.0000       89.0000  4161610    1.11%
   3987   590    infeasible             90.0000       89.0000  4198237    1.11%
   4011   592       89.0000   364       90.0000       89.0000  4236796    1.11%
   4052   591       89.0000   205       90.0000       89.0000  4279615    1.11%
   4085   584       89.0000    56       90.0000       89.0000  4332665    1.11%
Elapsed time = 1281.39 sec. (680230.99 ticks, tree = 27.84 MB, solutions = 5)
   4111   588       89.0000   184       90.0000       89.0000  4371259    1.11%
   4145   588       89.0000   219       90.0000       89.0000  4417105    1.11%
   4178   584       89.0000   177       90.0000       89.0000  4461689    1.11%
   4205   579       89.0000   173       90.0000       89.0000  4502825    1.11%
   4238   592       89.0000   192       90.0000       89.0000  4545638    1.11%
   4265   590       89.0000    78       90.0000       89.0000  4594766    1.11%
   4289   598       89.0000   172       90.0000       89.0000  4640496    1.11%
   4324   589       89.0000   185       90.0000       89.0000  4688364    1.11%
   4368   593       89.0000   160       90.0000       89.0000  4729267    1.11%
   4402   592       89.0000   227       90.0000       89.0000  4768031    1.11%
Elapsed time = 1372.13 sec. (718747.09 ticks, tree = 28.32 MB, solutions = 5)
   4447   585       89.0000   145       90.0000       89.0000  4817260    1.11%
   4490   575    infeasible             90.0000       89.0000  4866290    1.11%
   4506   577       89.0000   243       90.0000       89.0000  4903145    1.11%
   4535   584       89.0000   354       90.0000       89.0000  4939841    1.11%
   4578   575    infeasible             90.0000       89.0000  4978692    1.11%
   4601   571       89.0000   159       90.0000       89.0000  5006503    1.11%
   4635   566        cutoff             90.0000       89.0000  5041137    1.11%
   4672   566       89.0000   183       90.0000       89.0000  5092848    1.11%
   4712   568       89.0000   135       90.0000       89.0000  5141757    1.11%
   4739   563    infeasible             90.0000       89.0000  5178826    1.11%
Elapsed time = 1461.84 sec. (758142.36 ticks, tree = 26.94 MB, solutions = 5)
   4781   564        cutoff             90.0000       89.0000  5219739    1.11%
   4818   549        cutoff             90.0000       89.0000  5255385    1.11%
   4873   532       89.0000   185       90.0000       89.0000  5300312    1.11%
   4913   534       89.0000   233       90.0000       89.0000  5336900    1.11%
   4948   528       89.0000   414       90.0000       89.0000  5386775    1.11%
   4987   518       89.0000   207       90.0000       89.0000  5434527    1.11%
   5035   507       89.0000   204       90.0000       89.0000  5481328    1.11%
   5078   506        cutoff             90.0000       89.0000  5525088    1.11%
   5116   509       89.0000   246       90.0000       89.0000  5568926    1.11%
   5164   508       89.0000   240       90.0000       89.0000  5607961    1.11%
Elapsed time = 1555.11 sec. (798068.75 ticks, tree = 24.21 MB, solutions = 5)
   5217   507       89.0000   255       90.0000       89.0000  5642991    1.11%
   5261   510       89.0000   144       90.0000       89.0000  5681062    1.11%
   5293   515       89.0000    94       90.0000       89.0000  5721064    1.11%
   5346   505       89.0000   149       90.0000       89.0000  5757607    1.11%
   5398   489       89.0000   187       90.0000       89.0000  5797341    1.11%
   5436   481       89.0000   170       90.0000       89.0000  5843368    1.11%
   5475   471       89.0000   195       90.0000       89.0000  5899686    1.11%
   5477   471       89.0000   172       90.0000       89.0000  5900351    1.11%
   5524   460       89.0000   193       90.0000       89.0000  5948303    1.11%
   5580   458       89.0000   263       90.0000       89.0000  5981758    1.11%
Elapsed time = 1646.94 sec. (837626.34 ticks, tree = 21.78 MB, solutions = 5)
   5625   443       89.0000   130       90.0000       89.0000  6039524    1.11%
   5643   440       89.0000   279       90.0000       89.0000  6074298    1.11%
   5694   425    infeasible             90.0000       89.0000  6124811    1.11%
   5737   421       89.0000   152       90.0000       89.0000  6173233    1.11%
   5770   416       89.0000   189       90.0000       89.0000  6208748    1.11%
   5819   411       89.0000   230       90.0000       89.0000  6248655    1.11%
   5869   403       89.0000   309       90.0000       89.0000  6291438    1.11%
   5917   388        cutoff             90.0000       89.0000  6337059    1.11%
   5972   378       89.0000   244       90.0000       89.0000  6377279    1.11%
   6018   372       89.0000   268       90.0000       89.0000  6414685    1.11%
Elapsed time = 1730.19 sec. (877239.74 ticks, tree = 17.84 MB, solutions = 5)
   6064   358    infeasible             90.0000       89.0000  6460122    1.11%
   6115   352        cutoff             90.0000       89.0000  6504685    1.11%
   6180   338       89.0000   178       90.0000       89.0000  6539995    1.11%
   6237   331       89.0000   239       90.0000       89.0000  6576629    1.11%
   6293   321       89.0000   215       90.0000       89.0000  6610580    1.11%
   6343   308       89.0000   173       90.0000       89.0000  6659512    1.11%
   6396   295       89.0000   211       90.0000       89.0000  6693334    1.11%
   6441   294       89.0000   120       90.0000       89.0000  6732985    1.11%
   6491   286       89.0000   197       90.0000       89.0000  6765361    1.11%
   6550   269       89.0000   143       90.0000       89.0000  6796507    1.11%
Elapsed time = 1799.48 sec. (916679.32 ticks, tree = 12.83 MB, solutions = 5)
   6586   274       89.0000   141       90.0000       89.0000  6832313    1.11%
   6632   272       89.0000   223       90.0000       89.0000  6870477    1.11%
   6680   270       89.0000   144       90.0000       89.0000  6913443    1.11%
   6722   264        cutoff             90.0000       89.0000  6959572    1.11%
   6778   262       89.0000   139       90.0000       89.0000  6994935    1.11%
   6825   249       89.0000   215       90.0000       89.0000  7037668    1.11%
   6875   243       89.0000   234       90.0000       89.0000  7074502    1.11%
   6915   236       89.0000   224       90.0000       89.0000  7120455    1.11%
   6967   228       89.0000   312       90.0000       89.0000  7152447    1.11%
   7002   227       89.0000   238       90.0000       89.0000  7186297    1.11%
Elapsed time = 1869.19 sec. (955474.32 ticks, tree = 10.82 MB, solutions = 5)
   7052   214       89.0000   263       90.0000       89.0000  7229848    1.11%
   7098   198       89.0000   208       90.0000       89.0000  7259388    1.11%
   7144   193       89.0000   264       90.0000       89.0000  7291502    1.11%
   7197   176       89.0000   235       90.0000       89.0000  7334797    1.11%
   7245   163       89.0000   265       90.0000       89.0000  7377422    1.11%
   7289   148       89.0000   303       90.0000       89.0000  7418978    1.11%
   7337   138       89.0000   334       90.0000       89.0000  7454785    1.11%
   7373   124       89.0000   287       90.0000       89.0000  7484146    1.11%
   7427   119       89.0000   321       90.0000       89.0000  7519169    1.11%
   7476   111       89.0000   374       90.0000       89.0000  7551258    1.11%
Elapsed time = 1935.14 sec. (994361.34 ticks, tree = 5.26 MB, solutions = 5)
   7519   105       89.0000   353       90.0000       89.0000  7573485    1.11%
   7565   103       89.0000   285       90.0000       89.0000  7615322    1.11%
   7613    91        cutoff             90.0000       89.0000  7653402    1.11%
   7670    75       89.0000   339       90.0000       89.0000  7683007    1.11%
   7699    75       89.0000   410       90.0000       89.0000  7714666    1.11%
   7735    77       89.0000   292       90.0000       89.0000  7741703    1.11%
   7775    80       89.0000   352       90.0000       89.0000  7766243    1.11%
   7804    84       89.0000   285       90.0000       89.0000  7791468    1.11%
   7850    72        cutoff             90.0000       89.0000  7818648    1.11%
   7887    69       89.0000   291       90.0000       89.0000  7851381    1.11%
Elapsed time = 1998.48 sec. (1033203.62 ticks, tree = 3.29 MB, solutions = 5)
   7934    61       89.0000   428       90.0000       89.0000  7877734    1.11%
   7968    59       89.0000   245       90.0000       89.0000  7905128    1.11%
   8010    53       89.0000   451       90.0000       89.0000  7932400    1.11%
   8045    50       89.0000   443       90.0000       89.0000  7959186    1.11%
   8084    46       89.0000   326       90.0000       89.0000  7983082    1.11%
   8127    30       89.0000   437       90.0000       89.0000  8016698    1.11%
   8176    10    infeasible             90.0000       89.0000  8041933    1.11%

Clique cuts applied:  27
Zero-half cuts applied:  10
Lift and project cuts applied:  3
Gomory fractional cuts applied:  34

Root node processing (before b&c):
  Real time             =    9.47 sec. (11504.98 ticks)
Sequential b&c:
  Real time             = 2035.47 sec. (1051179.02 ticks)
                          ------------
Total (root+branch&cut) = 2044.94 sec. (1062684.00 ticks)

Solution pool: 5 solutions saved.

MIP - Integer optimal solution:  Objective = 9.0000000000e+001
Solution time = 2044.95 sec.  Iterations = 8050276  Nodes = 8199
Deterministic time = 1062684.05 ticks  (519.66 ticks/sec)


Incumbent solution written to file 'Casey-2o2.sol'.
