
Log started (V12.6.1.0) Thu Dec 21 13:47:42 2017

New value for time limit in seconds: 86400
New value for default parallel thread count: 1
Tried aggregator 2 times.
MIP Presolve eliminated 18074 rows and 1298 columns.
MIP Presolve modified 144 coefficients.
Aggregator did 8 substitutions.
Reduced MIP has 3741 rows, 17584 columns, and 105823 nonzeros.
Reduced MIP has 17386 binaries, 198 generals, 0 SOSs, and 0 indicators.
Presolve time = 0.09 sec. (85.58 ticks)
Found incumbent of value 779.000000 after 0.27 sec. (213.42 ticks)
Probing time = 0.00 sec. (6.79 ticks)
Tried aggregator 1 time.
Reduced MIP has 3741 rows, 17584 columns, and 105823 nonzeros.
Reduced MIP has 17386 binaries, 198 generals, 0 SOSs, and 0 indicators.
Presolve time = 0.05 sec. (46.77 ticks)
Probing time = 0.00 sec. (5.86 ticks)
Clique table members: 46656.
MIP emphasis: balance optimality and feasibility.
MIP search method: dynamic search.
Parallel mode: none, using 1 thread.
Root relaxation solution time = 0.70 sec. (1022.53 ticks)

        Nodes                                         Cuts/
   Node  Left     Objective  IInf  Best Integer    Best Bound    ItCnt     Gap

*     0+    0                          779.0000     -655.0000           184.08%
      0     0       17.0000   735      779.0000       17.0000     4386   97.82%
      0     0       23.4444   316      779.0000      Cuts: 14     6406   96.99%
      0     0       29.6000   526      779.0000      Cuts: 58     9214   96.20%
      0     0       29.6000   644      779.0000      Cuts: 26    10295   96.20%
*     0+    0                           64.0000       29.6000            53.75%
      0     2       29.6000   164       64.0000       29.6000    10295   53.75%
Elapsed time = 11.05 sec. (15685.58 ticks, tree = 0.00 MB, solutions = 2)
      1     3       29.6000   317       64.0000       29.6000    12862   53.75%
      2     4       29.6000   341       64.0000       29.6000    14835   53.75%
      3     5       29.6000   275       64.0000       29.6000    17258   53.75%
      4     6       29.6000   306       64.0000       29.6000    17879   53.75%
      5     7       30.0000   469       64.0000       29.6000    20200   53.75%
      6     8       29.6000   372       64.0000       29.6000    22462   53.75%
      7     9       29.6000   375       64.0000       29.6000    24259   53.75%
      8    10       29.6000   418       64.0000       29.6000    24564   53.75%
      9    11       29.6000   345       64.0000       29.6000    24938   53.75%
     11    13       29.6000   338       64.0000       29.6000    26438   53.75%
Elapsed time = 15.39 sec. (22491.02 ticks, tree = 0.34 MB, solutions = 2)
     16    18       29.6000   320       64.0000       29.6000    29273   53.75%
     24    26       29.6000   300       64.0000       29.6000    35892   53.75%
     32    34       29.6000   246       64.0000       29.6000    43754   53.75%
     45    47       33.6000   221       64.0000       29.6000    57413   53.75%
     60    62       43.3400   244       64.0000       29.6000    75407   53.75%
     80    82       30.8167   224       64.0000       29.6000    92253   53.75%
     95    97       32.5139   213       64.0000       29.6000   105395   53.75%
    131   133       43.2651   292       64.0000       29.6000   108426   53.75%
    147   149       54.6304   214       64.0000       29.6000   110698   53.75%
    163   165       52.4000    93       64.0000       29.6000   113525   53.75%
Elapsed time = 22.45 sec. (32529.23 ticks, tree = 4.67 MB, solutions = 2)
*   190+  182                           55.0000       29.6000            46.18%
    190   184       53.0000    14       55.0000       29.6000   116542   46.18%
*   199   185      integral     0       54.0000       29.6000   117443   45.19%
*   199   184      integral     0       54.0000       29.6000   117443   45.19%
    210   195       35.8333   248       54.0000       29.6000   119908   45.19%
    225   210       45.4000   160       54.0000       29.6000   122705   45.19%
    233   218       45.4000   107       54.0000       29.6000   124631   45.19%
*   240+  183                           52.0000       29.6000            43.08%
    240   185       46.4000    90       52.0000       29.6000   127722   43.08%
    249   194       49.0000    91       52.0000       29.6000   130293   43.08%
    256   201       49.0000   126       52.0000       29.6000   132567   43.08%
    262   207       49.0000   110       52.0000       29.6000   135413   43.08%
    275   220       49.0000   123       52.0000       29.6000   138369   43.08%
Elapsed time = 28.94 sec. (42481.39 ticks, tree = 7.46 MB, solutions = 5)
    294   235       51.0000   138       52.0000       29.6000   142214   43.08%
    320   247       51.0000   124       52.0000       29.6000   145572   43.08%
    338   257        cutoff             52.0000       29.6000   150403   43.08%
    356   263       29.6000   236       52.0000       29.6000   155638   43.08%
    372   279       44.3333   179       52.0000       29.6000   157743   43.08%
    386   293       44.5833   242       52.0000       29.6000   160854   43.08%
    394   301       45.5333   222       52.0000       29.6000   163477   43.08%
    407   314       50.3222   202       52.0000       29.6000   166519   43.08%
    420   323       40.7667   235       52.0000       29.6000   169173   43.08%
    430   333       41.6667   212       52.0000       29.6000   171494   43.08%
Elapsed time = 35.84 sec. (52663.70 ticks, tree = 13.28 MB, solutions = 5)
    437   340       45.0000   112       52.0000       29.6000   174394   43.08%
    440   343       46.0000    88       52.0000       29.6000   176229   43.08%
    456   359       46.0000    63       52.0000       29.6000   183560   43.08%
*   470+  283                           48.0000       29.6000            38.33%
    471   282        cutoff             48.0000       29.6000   189678   38.33%
    488   299       38.2600   194       48.0000       29.6000   201500   38.33%
    507   318       39.9000   168       48.0000       29.6000   218188   38.33%
    515   326       40.0250   200       48.0000       29.6000   229092   38.33%
    524   335       41.0250   267       48.0000       29.6000   233544   38.33%
    545   352       46.6429   156       48.0000       29.6000   241261   38.33%
    555   356       42.9133   312       48.0000       29.6000   249371   38.33%
Elapsed time = 44.61 sec. (63274.16 ticks, tree = 11.65 MB, solutions = 6)
    557   358       44.5200   312       48.0000       29.6000   252131   38.33%
    570   367       41.6667   256       48.0000       29.6000   255657   38.33%
    576   373       41.6667   245       48.0000       29.6000   258388   38.33%
    580   377       42.4000   264       48.0000       29.6000   261678   38.33%
    596   393       45.4000   162       48.0000       29.6000   270252   38.33%
    620   409       37.0000   246       48.0000       29.6000   282388   38.33%
    641   430       45.0000   122       48.0000       29.6000   297148   38.33%
    654   443       45.2500   102       48.0000       29.6000   312557   38.33%
    664   450        cutoff             48.0000       29.6000   317698   38.33%
    675   455       33.7333   407       48.0000       29.6000   322222   38.33%
Elapsed time = 53.78 sec. (75216.52 ticks, tree = 13.74 MB, solutions = 6)
    681   461       41.4333   335       48.0000       29.6000   324365   38.33%
    688   468       45.0000   283       48.0000       29.6000   327433   38.33%
    694   474       45.3000   277       48.0000       29.6000   329483   38.33%
    701   481       46.3000   240       48.0000       29.6000   332526   38.33%
    728   494        cutoff             48.0000       29.6000   345230   38.33%
    739   505       37.5333   222       48.0000       29.6000   356002   38.33%
    753   519       43.3333   223       48.0000       29.6000   358800   38.33%
    761   527       45.0000   233       48.0000       29.6000   360768   38.33%
    776   542       45.0000   115       48.0000       29.6000   368351   38.33%
    788   554       45.2500   121       48.0000       29.6000   379469   38.33%
Elapsed time = 61.13 sec. (85229.63 ticks, tree = 17.11 MB, solutions = 6)
    817   581        cutoff             48.0000       29.6000   396159   38.33%
    855   609       47.0000    35       48.0000       29.6000   402536   38.33%
    882   618       33.7333   197       48.0000       29.6000   405447   38.33%
    893   629       43.3333   223       48.0000       29.6000   407898   38.33%
    902   638       43.3333   212       48.0000       29.6000   410547   38.33%
    907   643       43.3333   235       48.0000       29.6000   412532   38.33%
    920   656       44.5833   188       48.0000       29.6000   415043   38.33%
    945   675        cutoff             48.0000       29.6000   418522   38.33%
    978   692       47.0000    50       48.0000       29.6000   423422   38.33%
    998   704       41.3333   250       48.0000       29.6000   426791   38.33%
Elapsed time = 68.41 sec. (95507.54 ticks, tree = 23.64 MB, solutions = 6)
*  1000+  574                           47.0000       29.6000            37.02%
   1001   577       43.3333   236       47.0000       29.6000   427766   37.02%
   1005   581       43.3333   368       47.0000       29.6000   429908   37.02%
   1011   587       43.3333   363       47.0000       29.6000   432897   37.02%
   1018   594       43.4583   341       47.0000       29.6000   435189   37.02%
   1024   600       43.6583   364       47.0000       29.6000   438461   37.02%
   1038   611       42.9133   451       47.0000       29.6000   442153   37.02%
   1049   618       38.6333   272       47.0000       29.6000   445071   37.02%
   1056   625       44.3333   170       47.0000       29.6000   447245   37.02%
   1062   631       44.3333   145       47.0000       29.6000   449598   37.02%
   1079   648       44.8429   213       47.0000       29.6000   458710   37.02%
Elapsed time = 76.05 sec. (106436.93 ticks, tree = 22.28 MB, solutions = 7)
   1094   655       32.9333   402       47.0000       29.6000   461458   37.02%
   1108   669       40.9667   426       47.0000       29.6000   467239   37.02%
   1111   672       29.6000   271       47.0000       29.6000   469345   37.02%
*  1112+  448                           46.0000       44.0041             4.34%
   1112   449       44.0041    74       46.0000       44.0204   479751    4.30%
   1115   451       45.0000    68       46.0000       44.0204   481948    4.30%
   1116   451       45.0000   352       46.0000       44.0204   483799    4.30%
   1117   451       45.0000   342       46.0000       44.0204   485245    4.30%
   1118   452       45.0000   450       46.0000       44.0204   490790    4.30%
   1120   452       45.0000   521       46.0000       44.0204   499741    4.30%
   1122   452       45.0000   557       46.0000       44.0204   504454    4.30%
Elapsed time = 101.28 sec. (142095.00 ticks, tree = 15.31 MB, solutions = 8)
   1128   457       45.0000   616       46.0000       44.0204   508490    4.30%
   1131   457       45.0000   617       46.0000       44.0204   514772    4.30%
   1135   408       45.0000   542       46.0000       44.0204   523005    4.30%
   1144   414       45.0000   513       46.0000       44.0204   528725    4.30%
   1152   419       45.0000   468       46.0000       44.0204   532333    4.30%
   1166   414       45.0000   459       46.0000       44.0204   538632    4.30%
   1183   411       45.0000   350       46.0000       44.0204   544593    4.30%
   1202   398       45.0000    51       46.0000       45.0000   553618    2.17%
   1222   381       45.0000   358       46.0000       45.0000   582570    2.17%
   1230   385       45.0000   201       46.0000       45.0000   585861    2.17%
Elapsed time = 129.81 sec. (182952.27 ticks, tree = 10.76 MB, solutions = 8)
   1266   350       45.0000    29       46.0000       45.0000   594289    2.17%
   1307   298       45.0000    76       46.0000       45.0000   603591    2.17%
   1352   286       45.0000    39       46.0000       45.0000   610110    2.17%
   1392   275       45.0000    42       46.0000       45.0000   617350    2.17%
   1432   263       45.0000   122       46.0000       45.0000   625172    2.17%
   1481   250       45.0000    39       46.0000       45.0000   632539    2.17%
   1510   260       45.0000    65       46.0000       45.0000   637650    2.17%
   1565   212       45.0000    73       46.0000       45.0000   646724    2.17%
   1622   202       45.0000    29       46.0000       45.0000   656289    2.17%
   1679   216       45.0000    26       46.0000       45.0000   665694    2.17%
Elapsed time = 153.25 sec. (223488.29 ticks, tree = 1.48 MB, solutions = 8)
   1750   222    infeasible             46.0000       45.0000   677414    2.17%
   1796   227       45.0000    65       46.0000       45.0000   686369    2.17%
   1857   243       45.0000    34       46.0000       45.0000   695309    2.17%
   1916   245    infeasible             46.0000       45.0000   706166    2.17%
   1970   268       45.0000   135       46.0000       45.0000   714143    2.17%
   2034   278       45.0000    43       46.0000       45.0000   723093    2.17%
   2089   280       45.0000    55       46.0000       45.0000   732221    2.17%
   2162   296       45.0000    50       46.0000       45.0000   741628    2.17%
   2237   302       45.0000    91       46.0000       45.0000   753380    2.17%
   2312   311       45.0000    64       46.0000       45.0000   763459    2.17%
Elapsed time = 178.03 sec. (265029.09 ticks, tree = 2.15 MB, solutions = 8)
   2388   307       45.0000   112       46.0000       45.0000   774038    2.17%
   2432   308       45.0000    64       46.0000       45.0000   781862    2.17%
   2494   310       45.0000    18       46.0000       45.0000   792548    2.17%
   2557   325       45.0000    41       46.0000       45.0000   802172    2.17%
   2629   328       45.0000    62       46.0000       45.0000   813422    2.17%
   2693   336    infeasible             46.0000       45.0000   823764    2.17%
   2771   351    infeasible             46.0000       45.0000   833977    2.17%
   2792   351       45.0000    65       46.0000       45.0000   836727    2.17%
   2863   347       45.0000   111       46.0000       45.0000   849146    2.17%
   2930   367       45.0000    51       46.0000       45.0000   857275    2.17%
Elapsed time = 201.88 sec. (304526.61 ticks, tree = 2.53 MB, solutions = 8)
   3011   380       45.0000    53       46.0000       45.0000   868377    2.17%
   3084   384       45.0000    49       46.0000       45.0000   877949    2.17%
   3152   389       45.0000    62       46.0000       45.0000   887492    2.17%
   3225   397       45.0000    59       46.0000       45.0000   897462    2.17%
   3290   398       45.0000    62       46.0000       45.0000   906423    2.17%
   3348   404       45.0000    48       46.0000       45.0000   918248    2.17%
   3403   405       45.0000    47       46.0000       45.0000   931305    2.17%
   3464   405        cutoff             46.0000       45.0000   942301    2.17%
   3555   409       45.0000    59       46.0000       45.0000   949543    2.17%
   3646   421    infeasible             46.0000       45.0000   956146    2.17%
Elapsed time = 223.73 sec. (343257.90 ticks, tree = 2.91 MB, solutions = 8)
   3727   425       45.0000    88       46.0000       45.0000   962455    2.17%
   3808   427       45.0000    68       46.0000       45.0000   970969    2.17%
   3893   430        cutoff             46.0000       45.0000   977079    2.17%
   3920   448       45.0000   176       46.0000       45.0000   982752    2.17%
   3987   463       45.0000    96       46.0000       45.0000   992027    2.17%
   4054   463       45.0000    65       46.0000       45.0000  1002299    2.17%
   4129   486       45.0000    50       46.0000       45.0000  1010626    2.17%
   4200   490       45.0000    67       46.0000       45.0000  1020275    2.17%
   4265   494       45.0000    47       46.0000       45.0000  1029195    2.17%
   4344   495       45.0000    70       46.0000       45.0000  1038900    2.17%
Elapsed time = 246.11 sec. (382023.49 ticks, tree = 3.42 MB, solutions = 8)
   4422   506    infeasible             46.0000       45.0000  1047166    2.17%
   4517   511       45.0000    36       46.0000       45.0000  1055897    2.17%
   4602   523       45.0000    69       46.0000       45.0000  1066012    2.17%
   4662   522       45.0000   125       46.0000       45.0000  1077033    2.17%
   4712   515       45.0000    75       46.0000       45.0000  1084075    2.17%
   4771   507       45.0000    65       46.0000       45.0000  1095385    2.17%
   4837   493       45.0000   122       46.0000       45.0000  1106511    2.17%
   4912   476       45.0000    82       46.0000       45.0000  1117602    2.17%
   4979   461       45.0000    51       46.0000       45.0000  1130025    2.17%
   5051   448       45.0000    82       46.0000       45.0000  1140061    2.17%
Elapsed time = 271.89 sec. (424373.54 ticks, tree = 3.11 MB, solutions = 8)
   5122   431       45.0000    52       46.0000       45.0000  1149295    2.17%
   5192   419       45.0000   110       46.0000       45.0000  1161158    2.17%
   5257   403    infeasible             46.0000       45.0000  1170343    2.17%
   5315   393       45.0000    92       46.0000       45.0000  1181636    2.17%
   5398   374    infeasible             46.0000       45.0000  1191591    2.17%
   5492   341       45.0000   104       46.0000       45.0000  1202214    2.17%
   5584   307       45.0000    95       46.0000       45.0000  1213781    2.17%
   5653   287       45.0000   140       46.0000       45.0000  1224714    2.17%
   5712   268       45.0000   143       46.0000       45.0000  1235062    2.17%
   5800   239        cutoff             46.0000       45.0000  1245626    2.17%
Elapsed time = 295.70 sec. (463202.16 ticks, tree = 1.67 MB, solutions = 8)
   5882   212       45.0000    98       46.0000       45.0000  1256010    2.17%
   5954   192       45.0000   103       46.0000       45.0000  1266515    2.17%
   6012   172       45.0000    68       46.0000       45.0000  1272754    2.17%
   6089   142       45.0000   118       46.0000       45.0000  1283036    2.17%
   6181    99       45.0000   152       46.0000       45.0000  1294253    2.17%
   6247    73       45.0000   311       46.0000       45.0000  1302911    2.17%
   6258    75       45.0000   385       46.0000       45.0000  1309949    2.17%
   6284    70       45.0000   342       46.0000       45.0000  1314712    2.17%
   6299    69       45.0000   481       46.0000       45.0000  1321963    2.17%
   6322    70       45.0000   539       46.0000       45.0000  1326475    2.17%
Elapsed time = 321.39 sec. (503324.97 ticks, tree = 0.50 MB, solutions = 8)
   6350    66    infeasible             46.0000       45.0000  1331701    2.17%
   6379    66       45.0000   506       46.0000       45.0000  1336244    2.17%
   6402    65       45.0000   509       46.0000       45.0000  1340030    2.17%
   6425    63       45.0000   428       46.0000       45.0000  1346538    2.17%
   6460    54       45.0000   632       46.0000       45.0000  1356881    2.17%
   6484    53       45.0000   492       46.0000       45.0000  1360676    2.17%
   6503    56       45.0000   490       46.0000       45.0000  1364405    2.17%
   6525    56       45.0000   478       46.0000       45.0000  1368364    2.17%
   6556    51       45.0000   443       46.0000       45.0000  1372488    2.17%
   6585    50       45.0000   540       46.0000       45.0000  1376685    2.17%
Elapsed time = 346.94 sec. (545572.92 ticks, tree = 0.36 MB, solutions = 8)
   6600    51       45.0000   550       46.0000       45.0000  1379810    2.17%
   6614    49       45.0000   543       46.0000       45.0000  1386601    2.17%
   6636    41       45.0000   512       46.0000       45.0000  1392743    2.17%
   6668    33       45.0000   529       46.0000       45.0000  1397374    2.17%
   6674    35       45.0000   621       46.0000       45.0000  1403254    2.17%
   6688    31       45.0000   540       46.0000       45.0000  1409980    2.17%
   6708    29       45.0000   569       46.0000       45.0000  1413088    2.17%
   6712    29       45.0000   544       46.0000       45.0000  1414285    2.17%
   6722    29       45.0000   615       46.0000       45.0000  1416804    2.17%
   6748    20       45.0000   609       46.0000       45.0000  1419716    2.17%
Elapsed time = 375.20 sec. (588069.71 ticks, tree = 0.15 MB, solutions = 8)
   6760    16       45.0000   480       46.0000       45.0000  1428054    2.17%
   6773    11       45.0000   574       46.0000       45.0000  1434530    2.17%
   6793     6       45.0000   639       46.0000       45.0000  1437419    2.17%

Clique cuts applied:  27
Flow cuts applied:  1
Mixed integer rounding cuts applied:  1
Zero-half cuts applied:  6
Gomory fractional cuts applied:  29

Root node processing (before b&c):
  Real time             =   10.89 sec. (15523.47 ticks)
Sequential b&c:
  Real time             =  373.26 sec. (586976.00 ticks)
                          ------------
Total (root+branch&cut) =  384.16 sec. (602499.47 ticks)

Solution pool: 8 solutions saved.

MIP - Integer optimal solution:  Objective = 4.6000000000e+001
Solution time =  384.16 sec.  Iterations = 1438199  Nodes = 6804
Deterministic time = 602499.52 ticks  (1568.37 ticks/sec)


Incumbent solution written to file 'MG_y.sol'.
