
Gurobi 7.0.1 (win64) logging started 01/31/18 11:06:55

Set parameter TimeLimit to value 3600
Set parameter Threads to value 4

Gurobi Optimizer version 7.0.1 build v7.0.1rc0 (win64)
Copyright (c) 2016, Gurobi Optimization, Inc.

Read LP format model from file waterstop_5_180114_kadou40.lp
Reading time = 0.22 seconds
Objective: 39867 rows, 14055 columns, 154900 nonzeros
Optimize a model with 39867 rows, 14055 columns and 154900 nonzeros
Variable types: 90 continuous, 13965 integer (0 binary)
Coefficient statistics:
  Matrix range     [3e-01, 1e+02]
  Objective range  [1e+00, 1e+00]
  Bounds range     [1e+00, 1e+00]
  RHS range        [1e+00, 1e+02]
Presolve removed 18215 rows and 2870 columns
Presolve time: 1.13s
Presolved: 21652 rows, 11185 columns, 87075 nonzeros
Variable types: 55 continuous, 11130 integer (11130 binary)

Root relaxation: objective 0.000000e+00, 4338 iterations, 1.01 seconds
Total elapsed time = 5.05s

    Nodes    |    Current Node    |     Objective Bounds      |     Work
 Expl Unexpl |  Obj  Depth IntInf | Incumbent    BestBd   Gap | It/Node Time

     0     0    0.00000    0   81          -    0.00000      -     -    6s
H    0     0                      84.0000000    0.00000   100%     -    8s
     0     0    0.00000    0  123   84.00000    0.00000   100%     -    9s
H    0     0                      66.2424242    0.00000   100%     -   11s
     0     0    0.00000    0  123   66.24242    0.00000   100%     -   11s
     0     0    0.00000    0  126   66.24242    0.00000   100%     -   11s
H    0     0                      50.5454545    0.00000   100%     -   12s
     0     0    0.00000    0  140   50.54545    0.00000   100%     -   12s
     0     0    0.00000    0   40   50.54545    0.00000   100%     -   15s
     0     0    0.00000    0   73   50.54545    0.00000   100%     -   16s
     0     0    0.00000    0   70   50.54545    0.00000   100%     -   22s
     0     0    0.00000    0   65   50.54545    0.00000   100%     -   22s
     0     0    0.00000    0   46   50.54545    0.00000   100%     -   27s
     0     0    0.00000    0   55   50.54545    0.00000   100%     -   28s
     0     0    0.00000    0   45   50.54545    0.00000   100%     -   31s
     0     0    0.00000    0   43   50.54545    0.00000   100%     -   32s
H    0     0                      49.9090909    0.00000   100%     -   33s
     0     2    0.00000    0   36   49.90909    0.00000   100%     -   35s
    23    23    0.00000    7   66   49.90909    0.00000   100%   985   40s
H   29    30                      45.4848485    0.00000   100%  1000   43s
    40    43    2.83037   10  181   45.48485    0.00000   100%  1056   45s
    64    64   18.63636   15  130   45.48485    0.00000   100%   896   50s
H   90    85                      45.4545455    0.00000   100%   773   53s
   109    92   19.51515   25  114   45.45455    0.00000   100%   730   55s
H  118    92                      38.1818182    0.00000   100%   690   55s
H  167   121                      33.6363636    0.00000   100%   606   60s
   209   147   19.51515   44  162   33.63636    0.00000   100%   654   69s
   229   165   19.51515   53  141   33.63636    0.00000   100%   637   70s
H  294   191                      31.3636364    0.00000   100%   609   74s
   295   188   19.51515   66  147   31.36364    0.00000   100%   609   77s
   344   220   22.28746   75  190   31.36364    0.00000   100%   598   80s
   449   291   18.03030   25  103   31.36364    0.00000   100%   560   92s
   508   326   18.03030   35  100   31.36364    0.00000   100%   535   95s
   631   380    7.57671   10  156   31.36364    0.00000   100%   517  101s
   680   413   13.41808   21  151   31.36364    0.00000   100%   520  105s
H  724   419                      29.6060606    0.00000   100%   510  110s
   808   477   13.90909   47  112   29.60606    0.00000   100%   508  116s
   876   521   15.34582   12  190   29.60606    0.00000   100%   514  120s
   979   592   24.62859   31  284   29.60606    0.00000   100%   501  128s
H  991   433                      22.4545455    0.00000   100%   501  128s
   992   426     cutoff   32        22.45455    0.00000   100%   500  130s
  1066   443   16.63885   15   43   22.45455    4.68404  79.1%   505  146s
  1068   444   18.90909   24  108   22.45455    4.68404  79.1%   504  153s
  1069   445   18.03030   26  173   22.45455    4.68404  79.1%   503  156s
  1071   446   15.45118   18   52   22.45455    4.68404  79.1%   502  163s
  1072   447   22.24242   34   52   22.45455    4.68404  79.1%   502  165s
  1073   451    4.68404   11   76   22.45455    4.68404  79.1%   545  177s
  1075   451    4.68404   12   65   22.45455    4.68404  79.1%   549  183s
  1079   450    4.68404   13   53   22.45455    4.68404  79.1%   551  187s
  1083   447 infeasible   13        22.45455    4.68404  79.1%   550  193s
  1087   447    4.68404   14  137   22.45455    4.68404  79.1%   555  198s
  1091   447    4.68404   15   81   22.45455    4.68404  79.1%   555  202s
  1095   446    4.68404   16   86   22.45455    4.68404  79.1%   557  205s
  1104   449    4.68404   17   80   22.45455    4.68404  79.1%   564  213s
  1109   449    4.68404   18  220   22.45455    4.68404  79.1%   568  218s
  1114   449    4.68404   19  260   22.45455    4.68404  79.1%   572  225s
  1119   453    4.68404   19   73   22.45455    4.68404  79.1%   573  230s
  1134   453    4.68404   21  162   22.45455    4.68404  79.1%   586  236s
  1150   465    4.68404   22  151   22.45455    4.68404  79.1%   590  242s
  1157   460    4.68404   23  126   22.45455    4.68404  79.1%   590  245s
H 1176   438                      21.8484848    4.68404  78.6%   594  249s
H 1179   418                      20.7272727    4.68404  77.4%   593  249s
  1183   422    4.68404   25   88   20.72727    4.68404  77.4%   595  250s
  1210   430    4.68404   26   77   20.72727    4.68404  77.4%   597  257s
  1225   432    4.68404   28  130   20.72727    4.68404  77.4%   600  260s
  1250   442    4.68404   29  110   20.72727    4.68404  77.4%   600  265s
  1273   444    4.68404   32  102   20.72727    4.68404  77.4%   600  270s
  1306   450    4.68404   35   82   20.72727    4.68404  77.4%   605  275s
  1335   454    9.72727   41   80   20.72727    4.68404  77.4%   617  282s
  1369   466    4.68404   48  142   20.72727    4.68404  77.4%   632  294s
  1434   470    6.15152   60   94   20.72727    4.68404  77.4%   647  309s
  1606   510 infeasible   61        20.72727    4.68404  77.4%   638  328s
  1691   509 infeasible   32        20.72727    4.68404  77.4%   686  343s
  1761   514   13.03030   34  103   20.72727    4.68404  77.4%   737  367s
  1872   517     cutoff   48        20.72727    4.68404  77.4%   759  386s
  1981   536   18.90909   37   75   20.72727    4.68404  77.4%   774  404s
  2167   577    4.68404   44  137   20.72727    4.68404  77.4%   777  423s
  2322   646   16.96640   72  141   20.72727    4.68404  77.4%   764  442s
H 2357   556                      16.6060606    4.68404  71.8%   767  442s
  2493   600   13.03030   46   71   16.60606    4.68404  71.8%   774  464s
  2547   609    4.68404   36   91   16.60606    4.68404  71.8%   829  490s
  2672   679    4.68404   31   67   16.60606    4.68404  71.8%   866  524s
  2833   760    5.28030   75  118   16.60606    4.68404  71.8%   899  549s
  2927   764   13.90909   51   58   16.60606    4.68404  71.8%   933  582s
  3089   830 infeasible   41        16.60606    4.68404  71.8%   971  617s
  3187   869   13.25976   40  201   16.60606    4.68404  71.8%  1014  650s
  3320   933   13.90909   23   92   16.60606    4.68404  71.8%  1046  680s
  3549  1069   13.90909   28   92   16.60606    4.68404  71.8%  1060  714s
  3687  1143   13.90909   47   79   16.60606    4.68404  71.8%  1096  738s
  3785  1180   16.09697   50  122   16.60606    4.68404  71.8%  1119  761s
  3931  1260   13.90909   50  189   16.60606    4.68404  71.8%  1127  782s
  4088  1357   13.90909   62   77   16.60606    4.68404  71.8%  1133  812s
  4187  1413    4.68404   39  145   16.60606    4.68404  71.8%  1146  833s
  4327  1456   16.15152   37   84   16.60606    4.68404  71.8%  1146  857s
  4492  1497 infeasible   56        16.60606    4.68404  71.8%  1151  881s
  4635  1507    4.68404   46  177   16.60606    4.68404  71.8%  1152  906s
H 4693  1517                      16.4242424    4.68404  71.5%  1148  906s
  4856  1499   15.46686   26  193   16.42424    4.68404  71.5%  1137  933s
  4988  1434   15.45617   31  281   16.42424    4.68404  71.5%  1143  956s
  5171  1385 infeasible   31        16.42424    4.68404  71.5%  1139  984s
  5298  1306    6.34117   84  166   16.42424    4.68404  71.5%  1129  994s
  5417  1228     cutoff   33        16.42424    6.99173  57.4%  1115 1013s
  5578  1182   15.68779   55  182   16.42424    9.20018  44.0%  1102 1045s
  5811  1206   13.90909   43   73   16.42424   10.42556  36.5%  1104 1072s
  5968  1238   13.90909   35   60   16.42424   13.03030  20.7%  1121 1112s
  6253  1370   15.42424   48   71   16.42424   13.03030  20.7%  1130 1151s
H 6305  1185                      14.3030303   13.03030  8.90%  1132 1151s
  6571  1251   13.90909   40   55   14.30303   13.03030  8.90%  1141 1191s
H 6615  1183                      14.0000000   13.03030  6.93%  1148 1191s
  6819  1207   13.90909   23   68   14.00000   13.03030  6.93%  1166 1227s
  7074  1297   13.90909   38   82   14.00000   13.03030  6.93%  1172 1263s
  7406  1357   13.90909   34   88   14.00000   13.15152  6.06%  1179 1300s
H 7672     4                      13.9090909   13.15152  5.45%  1167 1300s

Cutting planes:
  Implied bound: 4
  MIR: 1

Explored 7772 nodes (9139342 simplex iterations) in 1300.32 seconds
Thread count was 4 (of 20 available processors)

Solution count 10: 13.9091 14 14.303 ... 31.3636
Pool objective bound 13.9091

Optimal solution found (tolerance 1.00e-04)
Best objective 1.390909090909e+01, best bound 1.390909090909e+01, gap 0.0000%

Wrote result file 'waterstop_5_180114_kadou40.sol'

