
Gurobi 7.0.1 (win64) logging started 02/02/18 18:11:56

Set parameter TimeLimit to value 3600
Set parameter Threads to value 4

Gurobi Optimizer version 7.0.1 build v7.0.1rc0 (win64)
Copyright (c) 2016, Gurobi Optimization, Inc.

Read LP format model from file waterstop_5_180114_2.lp
Reading time = 0.40 seconds
Objective: 59763 rows, 20988 columns, 321591 nonzeros
Optimize a model with 59763 rows, 20988 columns and 321591 nonzeros
Variable types: 135 continuous, 20853 integer (0 binary)
Coefficient statistics:
  Matrix range     [3e-01, 1e+02]
  Objective range  [1e+00, 1e+00]
  Bounds range     [1e+00, 1e+00]
  RHS range        [1e+00, 1e+02]
Presolve removed 23430 rows and 2319 columns
Presolve time: 1.82s
Presolved: 36333 rows, 18669 columns, 145884 nonzeros
Variable types: 84 continuous, 18585 integer (18585 binary)

Root simplex log...

Iteration    Objective       Primal Inf.    Dual Inf.      Time
    7099    8.6364860e-05   1.218826e+01   0.000000e+00      5s
    7338    0.0000000e+00   0.000000e+00   0.000000e+00      5s

Root relaxation: objective 0.000000e+00, 7338 iterations, 3.10 seconds
Total elapsed time = 11.88s
Total elapsed time = 17.23s

    Nodes    |    Current Node    |     Objective Bounds      |     Work
 Expl Unexpl |  Obj  Depth IntInf | Incumbent    BestBd   Gap | It/Node Time

     0     0    0.00000    0  504          -    0.00000      -     -   21s
     0     0    0.00000    0  513          -    0.00000      -     -   41s
     0     0    0.00000    0  599          -    0.00000      -     -   46s
     0     0    0.00000    0  475          -    0.00000      -     -   51s
     0     0    0.00000    0  489          -    0.00000      -     -   55s
     0     0    0.00000    0  370          -    0.00000      -     -   58s
H    0     0                     294.3333333    0.00000   100%     -   61s
     0     0    0.00000    0  420  294.33333    0.00000   100%     -   61s
     0     0    0.00000    0  356  294.33333    0.00000   100%     -   63s
     0     0    0.00000    0  385  294.33333    0.00000   100%     -   69s
     0     0    0.00000    0  305  294.33333    0.00000   100%     -   71s
     0     0    0.00000    0  390  294.33333    0.00000   100%     -   71s
     0     0    0.00000    0  293  294.33333    0.00000   100%     -   72s
     0     0    0.00000    0  276  294.33333    0.00000   100%     -   72s
     0     0    0.00000    0  270  294.33333    0.00000   100%     -   73s
     0     0    0.00000    0  261  294.33333    0.00000   100%     -   73s
     0     0    0.00000    0  238  294.33333    0.00000   100%     -   73s
     0     0    0.00000    0  239  294.33333    0.00000   100%     -   74s
     0     0    0.00000    0  225  294.33333    0.00000   100%     -   74s
     0     0    0.00000    0   68  294.33333    0.00000   100%     -   83s
     0     0    0.00000    0   74  294.33333    0.00000   100%     -   83s
     0     0    0.00000    0  133  294.33333    0.00000   100%     -   94s
     0     0    0.00000    0  133  294.33333    0.00000   100%     -   97s
H    0     2                     215.2727273    0.00000   100%     -  107s
     0     2    0.00000    0  133  215.27273    0.00000   100%     -  107s
     1     4    0.00000    1  123  215.27273    0.00000   100% 11139  110s
    11    16    0.00000    4  109  215.27273    0.00000   100%  2245  115s
    23    23    0.00000    7  236  215.27273    0.00000   100%  1452  120s
    29    31    0.00000    8  223  215.27273    0.00000   100%  1312  128s
H   31    33                     210.2727273    0.00000   100%  1323  128s
    33    36    0.00000    9  184  210.27273    0.00000   100%  1260  130s
H   72    74                     197.4242424    0.00000   100%  1015  139s
   105   103    0.00000   37  108  197.42424    0.00000   100%   910  150s
   183   185    0.00000   62  157  197.42424    0.00000   100%   907  165s
   294   295    0.00000   95  258  197.42424    0.00000   100%   878  179s
   395   395    0.00000  121  152  197.42424    0.00000   100%   889  202s
H  452   447                     170.0000000    0.00000   100%   950  202s
H  507   511                     163.2727273    0.00000   100%   900  217s
   582   573    0.00000  151  321  163.27273    0.00000   100%   935  230s
H  592   583                     160.7272727    0.00000   100%   942  230s
H  614   596                     140.2424242    0.00000   100%   942  230s
   655   635    0.00000  161  305  140.24242    0.00000   100%   942  286s
H  672   640                     112.8181818    0.00000   100%   953  286s
H  680   643                      94.3030303    0.00000   100%   974  286s
   702   674    0.00000  171  342   94.30303    0.00000   100%   978  303s
H  707   674                      88.9393939    0.00000   100%   976  303s
   802   770    0.00000  191  506   88.93939    0.00000   100%  1005  319s
H  824   783                      86.3939394    0.00000   100%  1003  319s
   975   926    1.40366  207  432   86.39394    0.00000   100%   942  335s
H 1021   962                      84.4242424    0.00000   100%   942  335s
  1123  1054   20.23824  221  241   84.42424    0.00000   100%   911  354s
  1281  1199    0.00000   73  133   84.42424    0.00000   100%   890  365s
  1283  1200    0.00000   48  438   84.42424    0.00000   100%   889  479s
H 1283  1139                      75.8181818    0.00000   100%   889  636s
  1284  1140   20.23876  231  407   75.81818    0.00000   100%   888  640s
H 1285  1084                      59.1818182    0.00000   100%   887  715s
H 1285  1030                      54.2121212    0.00000   100%   887  715s
  1287  1031   25.82508   22  364   54.21212    0.00000   100%   886  721s
  1288  1032   33.83511   17  382   54.21212    0.00000   100%   885  852s
  1289  1032    0.00000    3  347   54.21212    0.00000   100%   884  855s
  1290  1033    0.00000   71  392   54.21212    0.00000   100%   884  946s
  1292  1034   26.43170   47  296   54.21212    0.00000   100%   882 1049s
  1293  1035   54.21212  234  272   54.21212    0.00000   100%   882 1051s
  1294  1036    0.00000  157  258   54.21212    0.00000   100%   881 1135s
  1295  1036    0.00000  157  312   54.21212    0.00000   100%   880 1249s
  1296  1037    0.00000  156  298   54.21212    0.00000   100%   880 1251s
H 1296   985                      46.1212121    0.00000   100%   880 1336s
  1297   986    0.00000   30  317   46.12121    0.00000   100%   879 1347s
  1298   986    0.00000   79  310   46.12121    0.00000   100%   878 1432s
  1299   987   39.70523   32  357   46.12121    0.00000   100%   878 1435s
H 1299   937                      44.2121212    0.00000   100%   878 1504s
  1300   938    3.41052   29  273   44.21212    0.00000   100%   877 1511s
  1301   938    0.00000   73  273   44.21212    0.00000   100%   876 1589s
  1302   939    0.00000   81  273   44.21212    0.00000   100%   876 1627s
  1303   943    0.00000   16  287   44.21212    0.00000   100%  1378 1770s
  1305   946    0.00000   17  227   44.21212    0.00000   100%  1378 1799s
  1309   949    0.00000   18  217   44.21212    0.00000   100%  1378 1809s
  1313   951    0.00000   18  364   44.21212    0.00000   100%  1376 1843s
  1317   954    0.00000   19  190   44.21212    0.00000   100%  1375 1855s
  1321   957    0.00000   19  164   44.21212    0.00000   100%  1374 1872s
  1325   962    0.00000   20  167   44.21212    0.00000   100%  1375 1882s
  1332   960    0.00000   21  141   44.21212    0.00000   100%  1371 1896s
  1336   963    0.00000   21  248   44.21212    0.00000   100%  1371 1916s
  1340   962    0.00000   22  126   44.21212    0.00000   100%  1371 1930s
  1347   971    0.00000   23  248   44.21212    0.00000   100%  1371 1952s
  1357   973    0.00000   24  183   44.21212    0.00000   100%  1367 2008s
  1383   990    0.00000   27  155   44.21212    0.00000   100%  1365 2067s
  1478  1048    0.00000   36  207   44.21212    0.00000   100%  1338 2135s
  1691  1163    0.00000   51  192   44.21212    0.00000   100%  1292 2180s
  1919  1249    0.00000   66  172   44.21212    0.00000   100%  1240 2216s
  2052  1284    0.00000   75  291   44.21212    0.00000   100%  1205 2250s
  2159  1325    0.00000   85  216   44.21212    0.00000   100%  1188 2284s
  2485  1425    0.00000  105  375   44.21212    0.00000   100%  1117 2312s
  2847  1492    0.00000  120  342   44.21212    0.00000   100%  1030 2337s
  3247  1620    0.00000  131  274   44.21212    0.00000   100%   948 2361s
H 3321  1567                      43.3030303    0.00000   100%   948 2361s
H 3513  1585                      41.7878788    0.00000   100%   912 2386s
  3940  1794   21.74380  159  148   41.78788    0.00000   100%   845 2408s
  4368  2150   34.84848  227  111   41.78788    0.00000   100%   785 2430s
  4822  2450   10.86797  223  128   41.78788    0.00000   100%   741 2453s
  5131  2647   16.65052  235  170   41.78788    0.00000   100%   713 2477s
  5567  2945    0.00000  184  172   41.78788    0.00000   100%   677 2499s
  5720  3058    0.00000  216  149   41.78788    0.00000   100%   670 2521s
  6247  3475   24.39394  179  148   41.78788    0.00000   100%   632 2544s
  6961  4011    4.91346  143  311   41.78788    0.00000   100%   589 2568s
  7045  4051    7.37941  147  235   41.78788    0.00000   100%   588 2592s
  7742  4581   16.17965  210  166   41.78788    0.00000   100%   556 2617s
  8423  4955     cutoff  315        41.78788    0.00000   100%   525 2642s
  9310  5646   21.84934  150  217   41.78788    0.00000   100%   497 2666s
H 9443  5127                      34.7272727    0.00000   100%   494 2666s
  9821  5379    9.62904  134  316   34.72727    0.00000   100%   485 2692s
 10512  5880   17.09979  231  258   34.72727    0.00000   100%   468 2733s
 11094  6277     cutoff  251        34.72727    0.00000   100%   457 2761s
 11541  6562    0.00000  175  209   34.72727    0.00000   100%   451 2788s
 12206  7027    9.88435  220  185   34.72727    0.00000   100%   441 2815s
 12891  7562   11.03030   93  276   34.72727    0.00000   100%   429 2841s
 13578  8074   27.40689  154  587   34.72727    0.00000   100%   418 2901s
 14153  8552   27.52519  155  619   34.72727    0.00000   100%   411 2977s
 14605  8906   27.66440  156  563   34.72727    0.00000   100%   407 3032s
 15542  9654   27.73436  157  579   34.72727    0.00000   100%   391 3082s
 16022 10004   27.73722  158  537   34.72727    0.00000   100%   388 3152s
 16374 10305   27.80932  159  584   34.72727    0.00000   100%   387 3211s
 16632 10514   27.86773  160  551   34.72727    0.00000   100%   387 3253s
 16775 10620   27.92106  161  550   34.72727    0.00000   100%   386 3309s
 16890 10733   27.93220  162  541   34.72727    0.00000   100%   386 3359s
 17095 10931   27.95929  163  584   34.72727    0.00000   100%   383 3398s
 17263 11058   28.01633  164  569   34.72727    0.00000   100%   383 3444s
 17412 11183   28.04179  165  548   34.72727    0.00000   100%   383 3491s
 17571 11291   28.06133  166  583   34.72727    0.00000   100%   383 3522s
 17850 11497   10.87501  206  273   34.72727    0.00000   100%   381 3553s
 17998 11629    7.07160  211  290   34.72727    0.00000   100%   381 3583s
 18143 11740   18.03044  173  176   34.72727    0.00000   100%   380 3600s

Cutting planes:
  Implied bound: 118
  Zero half: 19

Explored 18236 nodes (7047369 simplex iterations) in 3600.08 seconds
Thread count was 4 (of 20 available processors)

Solution count 10: 34.7273 41.7879 43.303 ... 86.3939
Pool objective bound 0

Time limit reached
Best objective 3.472727272727e+01, best bound 0.000000000000e+00, gap 100.0000%

Wrote result file 'waterstop_5_180114_2.sol'

