
Log started (V12.6.1.0) Mon Feb 05 23:52:14 2018

New value for time limit in seconds: 10800
New value for default parallel thread count: 1
Tried aggregator 3 times.
MIP Presolve eliminated 18314 rows and 1298 columns.
MIP Presolve modified 163 coefficients.
Aggregator did 31 substitutions.
Reduced MIP has 7881 rows, 17568 columns, and 135494 nonzeros.
Reduced MIP has 17370 binaries, 198 generals, 0 SOSs, and 0 indicators.
Presolve time = 0.19 sec. (137.68 ticks)
Probing time = 0.02 sec. (7.47 ticks)
Tried aggregator 1 time.
Reduced MIP has 7881 rows, 17568 columns, and 135494 nonzeros.
Reduced MIP has 17370 binaries, 198 generals, 0 SOSs, and 0 indicators.
Presolve time = 0.11 sec. (61.19 ticks)
Probing time = 0.01 sec. (6.65 ticks)
Clique table members: 37423.
MIP emphasis: balance optimality and feasibility.
MIP search method: dynamic search.
Parallel mode: none, using 1 thread.
Root relaxation solution time = 1.44 sec. (1240.71 ticks)

        Nodes                                         Cuts/
   Node  Left     Objective  IInf  Best Integer    Best Bound    ItCnt     Gap

      0     0       17.0000   789                     17.0000     4521         
      0     0       24.3111   439                    Cuts: 16     7282         
      0     0       31.4375   534                   Cuts: 100    11785         
      0     0       31.4375   603                    Cuts: 60    14352         
*     0+    0                          105.0000       31.4375            70.06%
      0     2       31.4375   229      105.0000       31.4375    15487   70.06%
Elapsed time = 21.94 sec. (19471.05 ticks, tree = 0.00 MB, solutions = 1)
      1     3       31.4375   380      105.0000       31.4375    18242   70.06%
      2     4       31.4375   242      105.0000       31.4375    19461   70.06%
      3     5       31.5938   265      105.0000       31.4375    20535   70.06%
      6     8       31.4375   279      105.0000       31.4375    23286   70.06%
      8    10       31.4375   195      105.0000       31.4375    23824   70.06%
      9    11       31.4375   226      105.0000       31.4375    26743   70.06%
     11    13       31.4375   176      105.0000       31.4375    27449   70.06%
     12    14       31.4375   288      105.0000       31.4375    29702   70.06%
     15    17       31.4375   168      105.0000       31.4375    32300   70.06%
     20    22       31.4375   159      105.0000       31.4375    35304   70.06%
Elapsed time = 27.02 sec. (24535.55 ticks, tree = 0.14 MB, solutions = 1)
     35    37       31.4375   164      105.0000       31.4375    45166   70.06%
     44    46       31.4375   157      105.0000       31.4375    51048   70.06%
     56    58       31.4931   196      105.0000       31.4375    61227   70.06%
     70    72       31.4375   160      105.0000       31.4375    64244   70.06%
     81    83       31.4375   200      105.0000       31.4375    68113   70.06%
     91    93       31.4375   219      105.0000       31.4375    78729   70.06%
    106   108       31.4375   198      105.0000       31.4375    84505   70.06%
    130   132       31.9375   229      105.0000       31.4375    99493   70.06%
    144   146       32.1375   242      105.0000       31.4375   111975   70.06%
    166   168       31.4375   237      105.0000       31.4375   125106   70.06%
Elapsed time = 42.56 sec. (34759.18 ticks, tree = 1.22 MB, solutions = 1)
    179   181       31.6458   204      105.0000       31.4375   139310   70.06%
    189   191       31.4375   191      105.0000       31.4375   151361   70.06%
    196   198       31.6875   193      105.0000       31.4375   160464   70.06%
    206   208       31.5587   223      105.0000       31.4375   172032   70.06%
*   220+  220                           51.0000       31.4375            38.36%
    229   231       32.1525   248       51.0000       31.4375   180513   38.36%
    242   244       32.4653   262       51.0000       31.4375   192448   38.36%
    266   268       33.2292   248       51.0000       31.4375   204424   38.36%
    293   295       33.2458   258       51.0000       31.4375   213239   38.36%
    311   313       35.6153   290       51.0000       31.4375   220647   38.36%
    337   339       34.7448   288       51.0000       31.4375   230440   38.36%
Elapsed time = 62.75 sec. (44748.84 ticks, tree = 3.78 MB, solutions = 2)
    360   362       36.1734   278       51.0000       31.4375   237213   38.36%
    381   383       43.0206   216       51.0000       31.4375   246685   38.36%
    409   403       31.4375   217       51.0000       31.4375   255791   38.36%
    433   427       44.0000   187       51.0000       31.4375   266935   38.36%
    449   443       45.3485   246       51.0000       31.4375   285370   38.36%
    457   451       45.0000   175       51.0000       31.4375   290549   38.36%
    472   466       45.2000   121       51.0000       31.4375   300616   38.36%
    474   468       31.4375   210       51.0000       31.4375   300786   38.36%
    475   469       45.8889    70       51.0000       46.0000   336076    9.80%
    477   470       46.0000   206       51.0000       46.0000   338019    9.80%
Elapsed time = 196.92 sec. (101312.74 ticks, tree = 6.02 MB, solutions = 2)
    480   471       46.0000    97       51.0000       46.0000   340580    9.80%
    482   472       46.0000    74       51.0000       46.0000   342235    9.80%
    485   475       46.0000    47       51.0000       46.0000   346646    9.80%
    487   477       46.0000    59       51.0000       46.0000   347940    9.80%
    492   479       46.0000    44       51.0000       46.0000   354673    9.80%
    497   482       46.0000    44       51.0000       46.0000   355956    9.80%
    503   486       46.0000    30       51.0000       46.0000   360374    9.80%
    510   489       46.0000    40       51.0000       46.0000   361502    9.80%
    515   490       46.0000   150       51.0000       46.0000   364635    9.80%
    523   494       46.0000    43       51.0000       46.0000   366858    9.80%
Elapsed time = 218.88 sec. (112054.07 ticks, tree = 6.25 MB, solutions = 2)
    527   495       47.0000    72       51.0000       46.0000   367922    9.80%
    537   502       47.0000    14       51.0000       46.0000   369220    9.80%
    547   506       47.0000    37       51.0000       46.0000   371903    9.80%
    553   509       47.2500    40       51.0000       46.0000   377555    9.80%
    559   512       47.2500   213       51.0000       46.0000   382312    9.80%
    565   515       47.0000    23       51.0000       46.0000   385362    9.80%
    570   517       47.0000    46       51.0000       46.0000   391183    9.80%
    572   518       47.0000   178       51.0000       46.0000   396503    9.80%
    577   522       47.0000    43       51.0000       46.0000   398798    9.80%
    584   527       47.0000    81       51.0000       46.0000   400775    9.80%
Elapsed time = 245.02 sec. (122669.29 ticks, tree = 7.25 MB, solutions = 2)
*   585+  380                           49.0000       46.0000             6.12%
    586   382       47.0000   146       49.0000       46.0000   404549    6.12%
    591   383       47.0000    84       49.0000       46.0000   406338    6.12%
    601   388       47.1250   123       49.0000       46.0000   408010    6.12%
    607   394       47.1250   163       49.0000       46.0000   411413    6.12%
    615   399       47.0000   127       49.0000       46.0000   414243    6.12%
    622   403       47.2857    74       49.0000       46.0000   416853    6.12%
    627   405       48.0000   117       49.0000       46.0000   419309    6.12%
    635   405       48.0000    62       49.0000       46.0000   421159    6.12%
    651   394       46.0000    82       49.0000       46.0000   423880    6.12%
    655   396       46.0000    50       49.0000       46.0000   425507    6.12%
Elapsed time = 275.09 sec. (134157.74 ticks, tree = 8.88 MB, solutions = 3)
    657   396       46.0000   163       49.0000       46.0000   432208    6.12%
    659   397       46.0000   118       49.0000       46.0000   433617    6.12%
    661   398       46.0000    86       49.0000       46.0000   435691    6.12%
    664   399       46.0000   184       49.0000       46.0000   438195    6.12%
    665   400       46.0000   131       49.0000       46.0000   440378    6.12%
    668   402       46.0000   292       49.0000       46.0000   443605    6.12%
    670   403       46.0000   225       49.0000       46.0000   447373    6.12%
    672   403       46.0000   188       49.0000       46.0000   450374    6.12%
    678   408       46.0000   157       49.0000       46.0000   455988    6.12%
    685   410       46.0000    90       49.0000       46.0000   460832    6.12%
Elapsed time = 314.16 sec. (148762.51 ticks, tree = 9.34 MB, solutions = 3)
    692   414       46.0000    98       49.0000       46.0000   468246    6.12%
    695   415       46.0000   181       49.0000       46.0000   474967    6.12%
    700   418       46.0000   124       49.0000       46.0000   480405    6.12%
    707   423       46.0000   121       49.0000       46.0000   485107    6.12%
    712   426       46.0000   115       49.0000       46.0000   493606    6.12%
    719   430       46.2000    79       49.0000       46.0000   496107    6.12%
    725   433       46.1429    91       49.0000       46.0000   499345    6.12%
    731   436       47.0000    23       49.0000       46.0000   502048    6.12%
    735   437       46.2000    75       49.0000       46.0000   503786    6.12%
    741   442       47.1429   199       49.0000       46.0000   507700    6.12%
Elapsed time = 345.17 sec. (160074.36 ticks, tree = 12.40 MB, solutions = 3)
    748   446       47.0000    48       49.0000       46.0000   509311    6.12%
    758   451       47.0000    39       49.0000       46.0000   510978    6.12%
    773   458       47.0000    43       49.0000       46.0000   512742    6.12%
    787   466       47.3333    37       49.0000       46.0000   514871    6.12%
    804   474       47.1429    96       49.0000       46.0000   517325    6.12%
    816   482       47.1429    44       49.0000       46.0000   521133    6.12%
    829   481       46.0000   166       49.0000       46.0000   523881    6.12%
    831   482       46.0000   331       49.0000       46.0000   525751    6.12%
    833   482       46.0000   359       49.0000       46.0000   527006    6.12%
    841   488       46.0000   306       49.0000       46.0000   531297    6.12%
Elapsed time = 384.55 sec. (174302.26 ticks, tree = 20.79 MB, solutions = 3)
    849   494       46.0000   413       49.0000       46.0000   537607    6.12%
    858   499       46.0000   448       49.0000       46.0000   542781    6.12%
    865   503       46.0333   446       49.0000       46.0000   551784    6.12%
    871   507       47.0000   498       49.0000       46.0000   557640    6.12%
    886   512       46.0000   226       49.0000       46.0000   578246    6.12%
    892   515       46.0000   255       49.0000       46.0000   585590    6.12%
    923   528       48.0000    75       49.0000       46.0000   599843    6.12%
    945   527       46.0000   140       49.0000       46.0000   626423    6.12%
    987   552       46.2222   115       49.0000       46.0000   652378    6.12%
   1030   570       47.0000   178       49.0000       46.0000   683518    6.12%
Elapsed time = 503.34 sec. (218331.54 ticks, tree = 22.99 MB, solutions = 3)
   1065   592       47.0000    58       49.0000       46.0000   719026    6.12%
   1120   620       47.0000    41       49.0000       46.0000   743214    6.12%
   1166   629       46.0000    46       49.0000       46.0000   764152    6.12%
   1190   647       47.0000    68       49.0000       46.0000   789977    6.12%
   1234   679       48.0000    31       49.0000       46.0000   810953    6.12%
   1302   702       46.0000   116       49.0000       46.0000   832427    6.12%
   1327   727       46.0000   108       49.0000       46.0000   864708    6.12%
   1351   749       48.0000    89       49.0000       46.0000   883550    6.12%
   1386   766       46.0000    68       49.0000       46.0000   915427    6.12%
   1408   788       46.2222   112       49.0000       46.0000   941974    6.12%
Elapsed time = 590.42 sec. (257312.10 ticks, tree = 24.26 MB, solutions = 3)
   1432   812       47.0000   119       49.0000       46.0000   970424    6.12%
   1476   849       48.0000    61       49.0000       46.0000   985695    6.12%
   1518   878       46.0000   104       49.0000       46.0000  1001803    6.12%
   1542   898       47.1111   104       49.0000       46.0000  1029328    6.12%
*  1591   665      integral     0       48.0000       46.0000  1046139    4.17%
*  1591   664      integral     0       48.0000       46.0000  1046139    4.17%
   1598   671       46.0000    17       48.0000       46.0000  1057718    4.17%
   1627   697       47.0000    49       48.0000       46.0000  1083106    4.17%
   1672   732       47.0000    88       48.0000       46.0000  1099803    4.17%
   1729   769       46.0000    49       48.0000       46.0000  1114828    4.17%
   1748   785       46.0000    44       48.0000       46.0000  1142224    4.17%
Elapsed time = 679.63 sec. (295619.77 ticks, tree = 19.63 MB, solutions = 4)
   1788   824       47.0000    70       48.0000       46.0000  1160777    4.17%
   1842   858       46.0000   138       48.0000       46.0000  1181525    4.17%
   1907   901       47.0000    36       48.0000       46.0000  1195274    4.17%
   1940   926        cutoff             48.0000       46.0000  1219482    4.17%
   1983   955       46.0000    26       48.0000       46.0000  1244761    4.17%
   2006   978       46.0000    46       48.0000       46.0000  1276260    4.17%
   2033  1005       46.0000    26       48.0000       46.0000  1306502    4.17%
   2054  1026       46.0000   214       48.0000       46.0000  1340661    4.17%
   2082  1054       46.0000    74       48.0000       46.0000  1375623    4.17%
   2117  1079        cutoff             48.0000       46.0000  1401125    4.17%
Elapsed time = 771.69 sec. (334262.47 ticks, tree = 21.84 MB, solutions = 4)
   2178  1108       47.0000    80       48.0000       46.0000  1421853    4.17%
   2248  1138       47.0000    65       48.0000       46.0000  1440270    4.17%
   2308  1176       46.0000    63       48.0000       46.0000  1459954    4.17%
   2332  1193       46.0000   177       48.0000       46.0000  1488408    4.17%
   2367  1219       47.0000    52       48.0000       46.0000  1508913    4.17%
   2415  1243        cutoff             48.0000       46.0000  1533587    4.17%
   2492  1270       46.0000    64       48.0000       46.0000  1550779    4.17%
   2533  1306       47.0000    42       48.0000       46.0000  1582763    4.17%
   2575  1326       47.0000    73       48.0000       46.0000  1595463    4.17%
   2619  1345       46.6667   100       48.0000       46.0000  1623233    4.17%
Elapsed time = 857.39 sec. (373103.81 ticks, tree = 23.81 MB, solutions = 4)
   2657  1378       47.0000   122       48.0000       46.0000  1643084    4.17%
   2739  1428       47.0000    49       48.0000       46.0000  1653408    4.17%
   2780  1439       46.0000    38       48.0000       46.0000  1662522    4.17%
   2822  1474       46.0000    53       48.0000       46.0000  1683379    4.17%
   2876  1516       46.0000    12       48.0000       46.0000  1704373    4.17%
   2914  1551       47.0000    46       48.0000       46.0000  1732517    4.17%
   2959  1583       47.0000    61       48.0000       46.0000  1753416    4.17%
   3022  1623       47.0000   106       48.0000       46.0000  1767425    4.17%
   3066  1656    infeasible             48.0000       46.0000  1789153    4.17%
   3143  1709       47.0000    79       48.0000       46.0000  1803501    4.17%
Elapsed time = 930.99 sec. (411613.53 ticks, tree = 26.49 MB, solutions = 4)
   3202  1739       46.2500   137       48.0000       46.0000  1828976    4.17%
   3238  1773       47.0000    44       48.0000       46.0000  1855173    4.17%
   3319  1819       46.0000    34       48.0000       46.0000  1871740    4.17%
   3385  1877       47.0000    44       48.0000       46.0000  1889778    4.17%
   3430  1914       47.0000    87       48.0000       46.0000  1918882    4.17%
   3474  1942       46.0000    50       48.0000       46.0000  1947218    4.17%
   3512  1978       46.2500    78       48.0000       46.0000  1978983    4.17%
   3559  2024       46.2000    75       48.0000       46.0000  2010367    4.17%
   3608  2069       46.0000    24       48.0000       46.0000  2052282    4.17%
   3666  2107    infeasible             48.0000       46.0000  2074518    4.17%
Elapsed time = 996.80 sec. (450576.67 ticks, tree = 29.51 MB, solutions = 4)
   3715  2150       46.0000   112       48.0000       46.0000  2101196    4.17%
   3761  2191       46.0000    30       48.0000       46.0000  2124376    4.17%
   3801  2222       46.0000    58       48.0000       46.0000  2158753    4.17%
   3844  2258       46.0000    10       48.0000       46.0000  2195521    4.17%
   3871  2285       46.0000    56       48.0000       46.0000  2232628    4.17%
*  3895+  968                           47.0000       46.0000             2.13%
   3901   968       46.0000    26       47.0000       46.0000  2271061    2.13%
   3967  1020       46.0000    74       47.0000       46.0000  2281516    2.13%
   4049  1084    infeasible             47.0000       46.0000  2293887    2.13%
   4126  1118       46.0000     6       47.0000       46.0000  2310089    2.13%
   4192  1163       46.0000    83       47.0000       46.0000  2323687    2.13%
Elapsed time = 1071.92 sec. (489431.26 ticks, tree = 15.30 MB, solutions = 5)
   4272  1211    infeasible             47.0000       46.0000  2334806    2.13%
   4372  1278       46.0000    42       47.0000       46.0000  2348108    2.13%
   4461  1350       46.0000    84       47.0000       46.0000  2365497    2.13%
   4553  1421       46.0000    83       47.0000       46.0000  2391220    2.13%
   4647  1488       46.0000    62       47.0000       46.0000  2402727    2.13%
   4724  1539    infeasible             47.0000       46.0000  2424106    2.13%
   4809  1588       46.0000    66       47.0000       46.0000  2440844    2.13%
   4929  1683       46.0000    97       47.0000       46.0000  2457353    2.13%
   5025  1754       46.0000    54       47.0000       46.0000  2478815    2.13%
   5105  1805       46.0000    14       47.0000       46.0000  2506341    2.13%
Elapsed time = 1159.30 sec. (527865.70 ticks, tree = 20.08 MB, solutions = 5)
   5177  1853       46.0000   145       47.0000       46.0000  2525987    2.13%
   5282  1921       46.0000     6       47.0000       46.0000  2545290    2.13%
   5374  1973       46.0000   116       47.0000       46.0000  2563978    2.13%
   5475  2040       46.0000    91       47.0000       46.0000  2586017    2.13%
   5579  2103    infeasible             47.0000       46.0000  2605211    2.13%
   5689  2161       46.0000    75       47.0000       46.0000  2621858    2.13%
   5803  2214       46.0000    26       47.0000       46.0000  2643422    2.13%
   5894  2266       46.0000    73       47.0000       46.0000  2659129    2.13%
   5994  2312       46.0000    73       47.0000       46.0000  2679371    2.13%
   6085  2368       46.0000    60       47.0000       46.0000  2693660    2.13%
Elapsed time = 1240.77 sec. (566429.85 ticks, tree = 24.29 MB, solutions = 5)
   6206  2447       46.0000    37       47.0000       46.0000  2714707    2.13%
   6321  2500       46.0000    72       47.0000       46.0000  2738868    2.13%
   6424  2566       46.0000   143       47.0000       46.0000  2759727    2.13%
   6516  2627       46.0000   121       47.0000       46.0000  2781063    2.13%
   6617  2694    infeasible             47.0000       46.0000  2798434    2.13%
   6702  2745    infeasible             47.0000       46.0000  2825698    2.13%
   6775  2796       46.0000   185       47.0000       46.0000  2844382    2.13%
   6856  2849       46.0000    23       47.0000       46.0000  2868118    2.13%
   6950  2912       46.0000    66       47.0000       46.0000  2887956    2.13%
   7046  2986       46.0000    91       47.0000       46.0000  2897821    2.13%
Elapsed time = 1333.05 sec. (604852.22 ticks, tree = 28.90 MB, solutions = 5)
   7139  3043       46.0000    35       47.0000       46.0000  2923401    2.13%
   7249  3118       46.0000    18       47.0000       46.0000  2938735    2.13%
   7338  3181       46.0000    85       47.0000       46.0000  2975279    2.13%
   7431  3242       46.0000    10       47.0000       46.0000  3005985    2.13%
   7537  3328       46.0000    43       47.0000       46.0000  3027722    2.13%
   7648  3389       46.0000    99       47.0000       46.0000  3046196    2.13%
   7752  3443       46.0000   115       47.0000       46.0000  3068941    2.13%
   7862  3501       46.0000    87       47.0000       46.0000  3084835    2.13%
   7955  3560       46.0000    89       47.0000       46.0000  3101988    2.13%
   8074  3622       46.0000    80       47.0000       46.0000  3126078    2.13%
Elapsed time = 1424.30 sec. (643306.48 ticks, tree = 33.64 MB, solutions = 5)
   8179  3697       46.0000    83       47.0000       46.0000  3148548    2.13%
   8291  3773       46.0000    65       47.0000       46.0000  3178066    2.13%
   8377  3815    infeasible             47.0000       46.0000  3199662    2.13%
   8507  3886       46.0000    53       47.0000       46.0000  3228358    2.13%
   8631  3970       46.0000    72       47.0000       46.0000  3253781    2.13%
   8751  4039       46.0000    78       47.0000       46.0000  3277356    2.13%
   8854  4107       46.0000    35       47.0000       46.0000  3306481    2.13%
   8963  4182       46.0000    11       47.0000       46.0000  3338110    2.13%
   9056  4245       46.0000    63       47.0000       46.0000  3360712    2.13%
   9165  4304       46.0000    39       47.0000       46.0000  3387297    2.13%
Elapsed time = 1515.11 sec. (681780.23 ticks, tree = 38.81 MB, solutions = 5)
   9285  4359       46.0000    42       47.0000       46.0000  3413269    2.13%
   9403  4433       46.0000   162       47.0000       46.0000  3437803    2.13%
   9514  4485    infeasible             47.0000       46.0000  3462102    2.13%
   9620  4573       46.0000    81       47.0000       46.0000  3488142    2.13%
   9784  4657       46.0000    42       47.0000       46.0000  3508248    2.13%
   9935  4726    infeasible             47.0000       46.0000  3533244    2.13%
   9936  4727       46.0000    49       47.0000       46.0000  3534678    2.13%
   9937  4728       46.0000    12       47.0000       46.0000  3544180    2.13%
   9948  4732       46.0000    53       47.0000       46.0000  3553133    2.13%
   9980  4094       46.0000    45       47.0000       46.0000  3558122    2.13%
Elapsed time = 1658.44 sec. (748546.70 ticks, tree = 36.36 MB, solutions = 5)
  10002  4016       46.0000    80       47.0000       46.0000  3565759    2.13%
  10057  3679       46.0000    41       47.0000       46.0000  3576521    2.13%
  10123  3210       46.0000    26       47.0000       46.0000  3586015    2.13%
  10147  3206       46.0000   185       47.0000       46.0000  3606875    2.13%
  10191  2921    infeasible             47.0000       46.0000  3613474    2.13%
  10244  2775    infeasible             47.0000       46.0000  3619805    2.13%
  10305  2610       46.0000    74       47.0000       46.0000  3628686    2.13%
  10381  2397       46.0000    17       47.0000       46.0000  3635057    2.13%
  10423  2382       46.0000    36       47.0000       46.0000  3640567    2.13%
  10506  2259       46.0000    29       47.0000       46.0000  3648413    2.13%
Elapsed time = 1743.28 sec. (787663.31 ticks, tree = 19.53 MB, solutions = 5)
  10614  2081       46.0000    15       47.0000       46.0000  3657683    2.13%
  10653  2075       46.0000    41       47.0000       46.0000  3664144    2.13%
  10730  1966       46.0000    98       47.0000       46.0000  3672771    2.13%
  10850  1834       46.0000    81       47.0000       46.0000  3678859    2.13%
  10991  1676       46.0000     8       47.0000       46.0000  3691126    2.13%
  11036  1673       46.0000    38       47.0000       46.0000  3697517    2.13%
  11087  1665       46.0000    32       47.0000       46.0000  3702810    2.13%
  11153  1643    infeasible             47.0000       46.0000  3707342    2.13%
  11204  1651       46.0000    16       47.0000       46.0000  3715117    2.13%
  11255  1671       46.0000    26       47.0000       46.0000  3724472    2.13%
Elapsed time = 1816.49 sec. (826086.88 ticks, tree = 13.78 MB, solutions = 5)
  11326  1648       46.0000    85       47.0000       46.0000  3732160    2.13%
  11391  1643       46.0000   105       47.0000       46.0000  3737897    2.13%
  11470  1616       46.0000    66       47.0000       46.0000  3742221    2.13%
  11527  1619       46.0000   147       47.0000       46.0000  3748754    2.13%
  11555  1627       46.0000    63       47.0000       46.0000  3758130    2.13%
  11605  1629       46.0000    53       47.0000       46.0000  3766268    2.13%
  11673  1625       46.0000    42       47.0000       46.0000  3774948    2.13%
  11748  1637       46.0000    68       47.0000       46.0000  3785709    2.13%
  11821  1645       46.0000     6       47.0000       46.0000  3794438    2.13%
  11885  1665       46.0000    12       47.0000       46.0000  3809210    2.13%
Elapsed time = 1896.78 sec. (864844.79 ticks, tree = 13.14 MB, solutions = 5)
  11977  1641       46.0000    59       47.0000       46.0000  3820076    2.13%
  12045  1660       46.0000    24       47.0000       46.0000  3828466    2.13%
  12116  1647       46.0000    16       47.0000       46.0000  3838299    2.13%
  12181  1667        cutoff             47.0000       46.0000  3848069    2.13%
  12264  1675       46.0000    97       47.0000       46.0000  3855211    2.13%
  12336  1679       46.0000    38       47.0000       46.0000  3862133    2.13%
  12419  1686       46.0000    51       47.0000       46.0000  3870470    2.13%
  12520  1672       46.0000    11       47.0000       46.0000  3880838    2.13%
  12638  1649       46.0000    29       47.0000       46.0000  3894610    2.13%
  12741  1639       46.0000    34       47.0000       46.0000  3901673    2.13%
Elapsed time = 1974.19 sec. (903440.51 ticks, tree = 12.23 MB, solutions = 5)
  12835  1630       46.0000    53       47.0000       46.0000  3911281    2.13%
  12913  1662       46.0000    23       47.0000       46.0000  3921139    2.13%
  12957  1683       46.0000    72       47.0000       46.0000  3929260    2.13%
  13029  1747       46.0000   113       47.0000       46.0000  3936932    2.13%
  13093  1802       46.0000    67       47.0000       46.0000  3941481    2.13%
  13201  1838       46.0000    16       47.0000       46.0000  3952565    2.13%
  13293  1916       46.0000    27       47.0000       46.0000  3964229    2.13%
  13372  1965       46.0000    75       47.0000       46.0000  3977435    2.13%
  13491  2008       46.0000    68       47.0000       46.0000  3990858    2.13%
  13563  2060       46.0000    85       47.0000       46.0000  3996638    2.13%
Elapsed time = 2058.06 sec. (941811.90 ticks, tree = 15.20 MB, solutions = 5)
  13648  2107    infeasible             47.0000       46.0000  4007762    2.13%
  13732  2164       46.0000    67       47.0000       46.0000  4019290    2.13%
  13819  2230       46.0000    59       47.0000       46.0000  4033257    2.13%
  13837  2236       46.0000    58       47.0000       46.0000  4036482    2.13%
  13959  2285        cutoff             47.0000       46.0000  4047469    2.13%
  14053  2359       46.0000    24       47.0000       46.0000  4054766    2.13%
  14134  2414       46.0000    26       47.0000       46.0000  4065626    2.13%
  14238  2494       46.0000    44       47.0000       46.0000  4074029    2.13%
  14348  2560       46.0000    21       47.0000       46.0000  4080505    2.13%
  14471  2596       46.0000    14       47.0000       46.0000  4092830    2.13%
Elapsed time = 2136.70 sec. (980808.53 ticks, tree = 19.16 MB, solutions = 5)
  14603  2676       46.0000    18       47.0000       46.0000  4101359    2.13%
  14734  2732       46.0000    28       47.0000       46.0000  4110576    2.13%
  14873  2811       46.0000    58       47.0000       46.0000  4122876    2.13%
  14936  2860       46.0000   114       47.0000       46.0000  4131923    2.13%
  15078  2905       46.0000    26       47.0000       46.0000  4138239    2.13%
  15192  2954       46.0000   116       47.0000       46.0000  4148004    2.13%
  15226  2984       46.0000   191       47.0000       46.0000  4158833    2.13%
  15305  3037       46.0000    92       47.0000       46.0000  4166406    2.13%
  15421  3102       46.0000   122       47.0000       46.0000  4174347    2.13%
  15503  3150       46.0000    18       47.0000       46.0000  4182334    2.13%
Elapsed time = 2221.08 sec. (1019289.59 ticks, tree = 23.30 MB, solutions = 5)
  15589  3194        cutoff             47.0000       46.0000  4190546    2.13%
  15611  3212       46.0000   225       47.0000       46.0000  4203292    2.13%
  15627  3228       46.0000   217       47.0000       46.0000  4215743    2.13%
  15653  3254       46.0000   202       47.0000       46.0000  4226373    2.13%
  15706  3296       46.0000    80       47.0000       46.0000  4235104    2.13%
  15860  3362       46.0000    42       47.0000       46.0000  4241091    2.13%
  15945  3400       46.0000   270       47.0000       46.0000  4250290    2.13%
  15949  3404       46.0000   319       47.0000       46.0000  4263253    2.13%
  15961  3416       46.0000   408       47.0000       46.0000  4274409    2.13%
  15967  3422       46.0000   307       47.0000       46.0000  4287034    2.13%
Elapsed time = 2324.74 sec. (1059281.11 ticks, tree = 25.70 MB, solutions = 5)
  15982  3437       46.0000   359       47.0000       46.0000  4299719    2.13%
  15997  3452       46.0000   348       47.0000       46.0000  4308706    2.13%
  16023  3476       46.0000    63       47.0000       46.0000  4318050    2.13%
  16064  3495       46.0000   158       47.0000       46.0000  4329934    2.13%
  16079  3510       46.0000   134       47.0000       46.0000  4340758    2.13%
  16093  3524       46.0000   156       47.0000       46.0000  4350949    2.13%
  16107  3538       46.0000   180       47.0000       46.0000  4362278    2.13%
  16125  3556       46.0000   167       47.0000       46.0000  4372489    2.13%
  16165  3584       46.0000    97       47.0000       46.0000  4380831    2.13%
  16237  3634       46.0000    58       47.0000       46.0000  4387940    2.13%
Elapsed time = 2441.30 sec. (1099700.11 ticks, tree = 27.49 MB, solutions = 5)
  16329  3682       46.0000    79       47.0000       46.0000  4400504    2.13%
  16397  3744       46.0000    43       47.0000       46.0000  4409990    2.13%
  16512  3813       46.0000    21       47.0000       46.0000  4421723    2.13%
  16611  3863       46.0000    99       47.0000       46.0000  4431802    2.13%
  16697  3921       46.0000   110       47.0000       46.0000  4437974    2.13%
  16770  3970       46.0000    74       47.0000       46.0000  4446244    2.13%
  16875  4043       46.0000   107       47.0000       46.0000  4452397    2.13%
  16982  4100       46.0000    43       47.0000       46.0000  4459563    2.13%
  17037  4119       46.0000   124       47.0000       46.0000  4464691    2.13%
  17138  4186       46.0000    30       47.0000       46.0000  4473290    2.13%
Elapsed time = 2527.08 sec. (1140090.41 ticks, tree = 31.66 MB, solutions = 5)
  17218  4260       46.0000    95       47.0000       46.0000  4486083    2.13%
  17321  4331    infeasible             47.0000       46.0000  4492836    2.13%
  17380  4381       46.0000   223       47.0000       46.0000  4499182    2.13%
  17439  4427       46.0000   222       47.0000       46.0000  4502287    2.13%
  17510  4488        cutoff             47.0000       46.0000  4506489    2.13%
  17624  4554       46.0000    35       47.0000       46.0000  4516686    2.13%
  17661  4579       46.0000   108       47.0000       46.0000  4526987    2.13%
  17763  4653    infeasible             47.0000       46.0000  4536779    2.13%
  17937  4730       46.0000    13       47.0000       46.0000  4547129    2.13%
  18024  4815       46.0000   104       47.0000       46.0000  4554317    2.13%
Elapsed time = 2619.80 sec. (1179180.45 ticks, tree = 36.28 MB, solutions = 5)
  18126  4903        cutoff             47.0000       46.0000  4562651    2.13%
  18226  4964       46.0000    79       47.0000       46.0000  4574449    2.13%
  18319  5034       46.0000    88       47.0000       46.0000  4583991    2.13%
  18442  5105       46.0000     6       47.0000       46.0000  4592777    2.13%
  18563  5188       46.0000    32       47.0000       46.0000  4605732    2.13%
  18716  5287       46.0000    58       47.0000       46.0000  4616807    2.13%
  18828  5358       46.0000    53       47.0000       46.0000  4624372    2.13%
  18922  5429       46.0000   116       47.0000       46.0000  4635074    2.13%
  19047  5506       46.0000     8       47.0000       46.0000  4645471    2.13%
  19177  5588       46.0000    14       47.0000       46.0000  4658715    2.13%
Elapsed time = 2705.19 sec. (1217518.21 ticks, tree = 41.98 MB, solutions = 5)
  19327  5661       46.0000   107       47.0000       46.0000  4669871    2.13%
  19460  5749    infeasible             47.0000       46.0000  4679723    2.13%
  19603  5834       46.0000   113       47.0000       46.0000  4691935    2.13%
  19758  5913    infeasible             47.0000       46.0000  4704892    2.13%
  19863  6000       46.0000    65       47.0000       46.0000  4715058    2.13%
  20001  6081       46.0000    68       47.0000       46.0000  4724569    2.13%
  20087  6155       46.0000   206       47.0000       46.0000  4739087    2.13%
  20194  6222       46.0000    53       47.0000       46.0000  4750446    2.13%
  20330  6319       46.0000    34       47.0000       46.0000  4761775    2.13%
  20465  6408    infeasible             47.0000       46.0000  4771241    2.13%
Elapsed time = 2786.70 sec. (1256032.41 ticks, tree = 48.05 MB, solutions = 5)
  20613  6495    infeasible             47.0000       46.0000  4780195    2.13%
  20743  6582    infeasible             47.0000       46.0000  4796167    2.13%
  20894  6685       46.0000    41       47.0000       46.0000  4809530    2.13%
  21055  6815       46.0000   119       47.0000       46.0000  4821492    2.13%
  21160  6900       46.0000    42       47.0000       46.0000  4836678    2.13%
  21315  7008       46.0000   119       47.0000       46.0000  4848115    2.13%
  21410  7091       46.0000    57       47.0000       46.0000  4862304    2.13%
  21557  7160       46.0000    41       47.0000       46.0000  4871611    2.13%
  21683  7226       46.0000    27       47.0000       46.0000  4880847    2.13%
  21828  7329       46.0000    34       47.0000       46.0000  4895548    2.13%
Elapsed time = 2869.66 sec. (1294455.34 ticks, tree = 54.84 MB, solutions = 5)
  21987  7443       46.0000    74       47.0000       46.0000  4908277    2.13%
  22159  7564       46.0000    18       47.0000       46.0000  4919157    2.13%
  22357  7716       46.0000    56       47.0000       46.0000  4929562    2.13%
  22540  7824       46.0000    60       47.0000       46.0000  4940466    2.13%
  22725  7955       46.0000    34       47.0000       46.0000  4951504    2.13%
  22868  8058       46.0000   114       47.0000       46.0000  4963911    2.13%
  22977  8165       46.0000   126       47.0000       46.0000  4971794    2.13%
  23137  8274       46.0000    58       47.0000       46.0000  4983007    2.13%
  23325  8390       46.0000    19       47.0000       46.0000  4993754    2.13%
  23527  8505       46.0000     8       47.0000       46.0000  5006164    2.13%
Elapsed time = 2954.89 sec. (1336478.73 ticks, tree = 63.79 MB, solutions = 5)
  23683  8607       46.0000    20       47.0000       46.0000  5017814    2.13%
  23829  8719       46.0000    28       47.0000       46.0000  5031577    2.13%
  24021  8873       46.0000   100       47.0000       46.0000  5043920    2.13%
  24217  9022       46.0000    46       47.0000       46.0000  5056739    2.13%
  24432  9183       46.0000   125       47.0000       46.0000  5069493    2.13%
  24657  9360       46.0000     9       47.0000       46.0000  5080878    2.13%
  24856  9528       46.0000   146       47.0000       46.0000  5093256    2.13%
  25082  9686       46.0000    26       47.0000       46.0000  5105761    2.13%
  25292  9828       46.0000    56       47.0000       46.0000  5117346    2.13%
  25450  9934       46.0000    94       47.0000       46.0000  5130230    2.13%
Elapsed time = 3031.05 sec. (1374752.81 ticks, tree = 74.39 MB, solutions = 5)
  25683 10092    infeasible             47.0000       46.0000  5142111    2.13%
  25864 10212       46.0000    75       47.0000       46.0000  5159067    2.13%
  26044 10343       46.0000    34       47.0000       46.0000  5173590    2.13%
  26247 10497    infeasible             47.0000       46.0000  5185641    2.13%
  26463 10631       46.0000    36       47.0000       46.0000  5198912    2.13%
  26694 10824       46.0000    34       47.0000       46.0000  5210359    2.13%
  26917 10982       46.0000     6       47.0000       46.0000  5225503    2.13%
  27163 11179       46.0000    42       47.0000       46.0000  5239023    2.13%
  27393 11341    infeasible             47.0000       46.0000  5253436    2.13%
  27616 11509       46.0000    36       47.0000       46.0000  5267006    2.13%
Elapsed time = 3105.83 sec. (1413026.21 ticks, tree = 86.09 MB, solutions = 5)
  27853 11685       46.0000    12       47.0000       46.0000  5281928    2.13%
  28095 11861       46.0000    51       47.0000       46.0000  5296068    2.13%
  28313 12011       46.0000    77       47.0000       46.0000  5310045    2.13%
  28550 12155        cutoff             47.0000       46.0000  5325950    2.13%
  28780 12315       46.0000    52       47.0000       46.0000  5342555    2.13%
  29027 12515       46.0000     8       47.0000       46.0000  5356967    2.13%
  29261 12703       46.0000    51       47.0000       46.0000  5371571    2.13%
  29490 12886       46.0000    10       47.0000       46.0000  5385381    2.13%
  29741 13043       46.0000    76       47.0000       46.0000  5396867    2.13%
  30004 13226       46.0000    42       47.0000       46.0000  5411141    2.13%
Elapsed time = 3182.08 sec. (1451302.58 ticks, tree = 98.86 MB, solutions = 5)
  30274 13411       46.0000    22       47.0000       46.0000  5424535    2.13%
  30542 13587    infeasible             47.0000       46.0000  5437795    2.13%
  30785 13770       46.0000    64       47.0000       46.0000  5453028    2.13%
  30970 13913       46.0000    68       47.0000       46.0000  5465200    2.13%
  31161 14050       46.0000    20       47.0000       46.0000  5473284    2.13%
  31345 14178       46.0000    96       47.0000       46.0000  5482011    2.13%
  31514 14307    infeasible             47.0000       46.0000  5490835    2.13%
  31703 14446        cutoff             47.0000       46.0000  5499817    2.13%
  31906 14563       46.0000    82       47.0000       46.0000  5511060    2.13%
  32107 14706    infeasible             47.0000       46.0000  5522297    2.13%
Elapsed time = 3256.33 sec. (1489574.63 ticks, tree = 109.88 MB, solutions = 5)
  32319 14862       46.0000    12       47.0000       46.0000  5534739    2.13%
  32512 14998       46.0000    84       47.0000       46.0000  5547470    2.13%
  32640 15091       46.0000   107       47.0000       46.0000  5556344    2.13%
  32855 15261       46.0000    73       47.0000       46.0000  5569908    2.13%
  33071 15392       46.0000    33       47.0000       46.0000  5583886    2.13%
  33291 15533       46.0000    33       47.0000       46.0000  5597314    2.13%
  33545 15696       46.0000     6       47.0000       46.0000  5608256    2.13%
  33777 15836    infeasible             47.0000       46.0000  5621444    2.13%
  34006 15977       46.0000    19       47.0000       46.0000  5634942    2.13%
  34198 16143       46.0000    39       47.0000       46.0000  5643634    2.13%
Elapsed time = 3329.42 sec. (1527873.35 ticks, tree = 120.56 MB, solutions = 5)
  34407 16286       46.0000    61       47.0000       46.0000  5659668    2.13%
  34630 16447       46.0000    67       47.0000       46.0000  5671959    2.13%
  34863 16614    infeasible             47.0000       46.0000  5685753    2.13%
  35090 16774       46.0000    21       47.0000       46.0000  5702824    2.13%
  35343 16931       46.0000    43       47.0000       46.0000  5715063    2.13%
  35490 17063       46.0000    55       47.0000       46.0000  5727547    2.13%
  35582 17147       46.0000    80       47.0000       46.0000  5740292    2.13%
  35637 17198       46.0000    38       47.0000       46.0000  5745147    2.13%
  35859 17374       46.0000    24       47.0000       46.0000  5755684    2.13%
  36085 17524        cutoff             47.0000       46.0000  5770380    2.13%
Elapsed time = 3411.47 sec. (1569168.24 ticks, tree = 131.28 MB, solutions = 5)
  36327 17667       46.0000    53       47.0000       46.0000  5787511    2.13%
  36574 17854       46.0000    26       47.0000       46.0000  5802977    2.13%
  36809 18043       46.0000    51       47.0000       46.0000  5819150    2.13%
  36988 18165       46.0000    98       47.0000       46.0000  5828963    2.13%
  37166 18294       46.0000    38       47.0000       46.0000  5838814    2.13%
  37338 18407       46.0000    31       47.0000       46.0000  5848806    2.13%
  37504 18535       46.0000    70       47.0000       46.0000  5857811    2.13%
  37600 18610       46.0000    68       47.0000       46.0000  5865750    2.13%
  37727 18717       46.0000    22       47.0000       46.0000  5874015    2.13%
  37831 18776       46.0000    49       47.0000       46.0000  5885872    2.13%
Elapsed time = 3487.52 sec. (1607442.24 ticks, tree = 140.56 MB, solutions = 5)
  38042 18909       46.0000    42       47.0000       46.0000  5897039    2.13%
  38264 19030        cutoff             47.0000       46.0000  5908523    2.13%
  38508 19113       46.0000    23       47.0000       46.0000  5921652    2.13%
  38740 19215       46.0000    41       47.0000       46.0000  5939089    2.13%
  38913 19326       46.0000   168       47.0000       46.0000  5950733    2.13%
  39027 19430       46.0000    30       47.0000       46.0000  5960858    2.13%
  39174 19509       46.0000    58       47.0000       46.0000  5973837    2.13%
  39237 19572       46.0000   140       47.0000       46.0000  5978531    2.13%
  39338 19650       46.0000    27       47.0000       46.0000  5988888    2.13%
  39486 19790       46.0000   172       47.0000       46.0000  6000607    2.13%
Elapsed time = 3563.77 sec. (1645806.13 ticks, tree = 148.10 MB, solutions = 5)
  39638 19920       46.0000   157       47.0000       46.0000  6012656    2.13%
  39778 20050       46.0000   236       47.0000       46.0000  6023789    2.13%
  39925 20181    infeasible             47.0000       46.0000  6039549    2.13%
  40095 20308       46.0000   103       47.0000       46.0000  6055303    2.13%
  40269 20442       46.0000    14       47.0000       46.0000  6067488    2.13%
  40482 20615       46.0000    48       47.0000       46.0000  6082549    2.13%
  40691 20746    infeasible             47.0000       46.0000  6098039    2.13%
  40887 20883       46.0000    30       47.0000       46.0000  6115003    2.13%
  41082 21000       46.0000    10       47.0000       46.0000  6129324    2.13%
  41298 21141       46.0000    61       47.0000       46.0000  6147517    2.13%
Elapsed time = 3643.56 sec. (1684166.07 ticks, tree = 158.09 MB, solutions = 5)
  41464 21276       46.0000    47       47.0000       46.0000  6162079    2.13%
  41637 21392       46.0000    25       47.0000       46.0000  6174016    2.13%
  41874 21589    infeasible             47.0000       46.0000  6188942    2.13%
  42103 21742       46.0000    12       47.0000       46.0000  6203660    2.13%
  42372 21897       46.0000    36       47.0000       46.0000  6221310    2.13%
  42524 22004       46.0000    57       47.0000       46.0000  6233591    2.13%
  42691 22145       46.0000    70       47.0000       46.0000  6247045    2.13%
  42927 22309       46.0000    51       47.0000       46.0000  6263991    2.13%
  43174 22469    infeasible             47.0000       46.0000  6276399    2.13%
  43434 22645       46.0000    24       47.0000       46.0000  6293184    2.13%
Elapsed time = 3719.19 sec. (1722398.28 ticks, tree = 169.25 MB, solutions = 5)
  43695 22824    infeasible             47.0000       46.0000  6308837    2.13%
  43952 22994       46.0000     8       47.0000       46.0000  6323687    2.13%
  44137 23129       46.0000    34       47.0000       46.0000  6334185    2.13%
  44377 23307       46.0000    62       47.0000       46.0000  6346357    2.13%
  44571 23463       46.0000    33       47.0000       46.0000  6356686    2.13%
  44751 23575       46.0000    24       47.0000       46.0000  6367530    2.13%
  44918 23709       46.0000    60       47.0000       46.0000  6377637    2.13%
  45114 23836       46.0000    63       47.0000       46.0000  6389578    2.13%
  45316 23976       46.0000    26       47.0000       46.0000  6400769    2.13%
  45456 24066       46.0000   195       47.0000       46.0000  6412464    2.13%
Elapsed time = 3796.45 sec. (1764511.57 ticks, tree = 179.84 MB, solutions = 5)
  45594 24192       46.0000    84       47.0000       46.0000  6420080    2.13%
  45725 24305       46.0000    55       47.0000       46.0000  6431530    2.13%
  45851 24413       46.0000    14       47.0000       46.0000  6443941    2.13%
  45941 24463       46.0000    39       47.0000       46.0000  6455581    2.13%
  46031 24523       46.0000    78       47.0000       46.0000  6467607    2.13%
  46181 24658       46.0000    96       47.0000       46.0000  6478198    2.13%
  46297 24756       46.0000    30       47.0000       46.0000  6490740    2.13%
  46428 24851       46.0000     6       47.0000       46.0000  6502837    2.13%
  46639 24987       46.0000    18       47.0000       46.0000  6515918    2.13%
  46826 25112       46.0000    24       47.0000       46.0000  6532402    2.13%
Elapsed time = 3870.66 sec. (1802844.64 ticks, tree = 187.56 MB, solutions = 5)
  47034 25266    infeasible             47.0000       46.0000  6548829    2.13%
  47204 25366       46.0000    82       47.0000       46.0000  6563138    2.13%
  47357 25468       46.0000    54       47.0000       46.0000  6572409    2.13%
  47481 25559       46.0000    46       47.0000       46.0000  6588322    2.13%
  47628 25655       46.0000    63       47.0000       46.0000  6601073    2.13%
  47756 25749       46.0000    49       47.0000       46.0000  6611975    2.13%
  47926 25868       46.0000    14       47.0000       46.0000  6625352    2.13%
  48094 25972       46.0000   120       47.0000       46.0000  6639097    2.13%
  48273 26070       46.0000    75       47.0000       46.0000  6652181    2.13%
  48445 26171       46.0000    14       47.0000       46.0000  6668050    2.13%
Elapsed time = 3939.19 sec. (1841133.35 ticks, tree = 195.44 MB, solutions = 5)
  48635 26282       46.0000   101       47.0000       46.0000  6682254    2.13%
  48842 26427       46.0000     6       47.0000       46.0000  6694452    2.13%
  49036 26543       46.0000   105       47.0000       46.0000  6710106    2.13%
  49235 26666       46.0000    55       47.0000       46.0000  6723840    2.13%
  49438 26796       46.0000   119       47.0000       46.0000  6740179    2.13%
  49621 26899       46.0000    49       47.0000       46.0000  6757878    2.13%
  49851 27043    infeasible             47.0000       46.0000  6774071    2.13%
  50038 27134    infeasible             47.0000       46.0000  6790851    2.13%
  50256 27249       46.0000    18       47.0000       46.0000  6807070    2.13%
  50426 27358        cutoff             47.0000       46.0000  6823532    2.13%
Elapsed time = 4009.45 sec. (1879346.54 ticks, tree = 204.34 MB, solutions = 5)
  50608 27481    infeasible             47.0000       46.0000  6838046    2.13%
  50818 27603       46.0000    61       47.0000       46.0000  6854153    2.13%
  50957 27720       46.0000    38       47.0000       46.0000  6864065    2.13%
  51163 27840       46.0000   100       47.0000       46.0000  6880197    2.13%
  51362 27999       46.0000    19       47.0000       46.0000  6892774    2.13%
  51534 28132       46.0000   116       47.0000       46.0000  6906588    2.13%
  51678 28272       46.0000   232       47.0000       46.0000  6921585    2.13%
  51854 28420       46.0000    98       47.0000       46.0000  6934188    2.13%
  52057 28587       46.0000    40       47.0000       46.0000  6950012    2.13%
  52287 28749       46.0000    89       47.0000       46.0000  6963735    2.13%
Elapsed time = 4082.09 sec. (1917666.99 ticks, tree = 214.61 MB, solutions = 5)
  52531 28947       46.0000    20       47.0000       46.0000  6977932    2.13%
  52729 29109       46.0000    96       47.0000       46.0000  6988968    2.13%
  52836 29194       46.0000   106       47.0000       46.0000  6997681    2.13%
  52954 29298       46.0000    93       47.0000       46.0000  7007878    2.13%
  53037 29366       46.0000    49       47.0000       46.0000  7018380    2.13%
  53151 29436       46.0000    75       47.0000       46.0000  7030307    2.13%
  53313 29576       46.0000    93       47.0000       46.0000  7044155    2.13%
  53439 29684       46.0000    74       47.0000       46.0000  7057520    2.13%
  53576 29795       46.0000   139       47.0000       46.0000  7069343    2.13%
  53771 29883       46.0000    14       47.0000       46.0000  7081740    2.13%
Elapsed time = 4157.02 sec. (1956537.65 ticks, tree = 222.97 MB, solutions = 5)
  53944 29928       46.0000    43       47.0000       46.0000  7095053    2.13%
  54122 30028       46.0000    37       47.0000       46.0000  7106415    2.13%
  54293 30112    infeasible             47.0000       46.0000  7118412    2.13%
  54481 30241       46.0000    41       47.0000       46.0000  7131112    2.13%
  54683 30349       46.0000    14       47.0000       46.0000  7145944    2.13%
  54886 30460    infeasible             47.0000       46.0000  7160694    2.13%
  55096 30578       46.0000     8       47.0000       46.0000  7172975    2.13%
  55252 30687       46.0000    30       47.0000       46.0000  7185922    2.13%
  55400 30794       46.0000   197       47.0000       46.0000  7196842    2.13%
  55526 30910       46.0000    60       47.0000       46.0000  7205927    2.13%
Elapsed time = 4224.75 sec. (1994892.63 ticks, tree = 230.60 MB, solutions = 5)
  55651 31012       46.0000    74       47.0000       46.0000  7218124    2.13%
  55797 31126       46.0000    31       47.0000       46.0000  7228373    2.13%
  55873 31184       46.0000    44       47.0000       46.0000  7237178    2.13%
  56008 31296       46.0000    34       47.0000       46.0000  7250982    2.13%
  56157 31419    infeasible             47.0000       46.0000  7260639    2.13%
  56316 31540       46.0000    48       47.0000       46.0000  7271898    2.13%
  56475 31661       46.0000    34       47.0000       46.0000  7286308    2.13%
  56654 31804       46.0000   141       47.0000       46.0000  7299367    2.13%
  56761 31898       46.0000    61       47.0000       46.0000  7311123    2.13%
  56887 31984       46.0000    39       47.0000       46.0000  7325486    2.13%
Elapsed time = 4296.78 sec. (2033262.20 ticks, tree = 238.51 MB, solutions = 5)
  57044 32084        cutoff             47.0000       46.0000  7336239    2.13%
  57236 32190    infeasible             47.0000       46.0000  7346839    2.13%
  57457 32301    infeasible             47.0000       46.0000  7356602    2.13%
  57670 32418       46.0000   105       47.0000       46.0000  7371188    2.13%
  57861 32556       46.0000    56       47.0000       46.0000  7386132    2.13%
  58082 32711       46.0000    42       47.0000       46.0000  7402308    2.13%
  58261 32822    infeasible             47.0000       46.0000  7417117    2.13%
  58419 32954       46.0000   239       47.0000       46.0000  7436722    2.13%
  58579 33088       46.0000   103       47.0000       46.0000  7448686    2.13%
  58637 33134       46.0000   132       47.0000       46.0000  7455497    2.13%
Elapsed time = 4371.63 sec. (2073982.32 ticks, tree = 247.99 MB, solutions = 5)
  58703 33200       46.0000   184       47.0000       46.0000  7466036    2.13%
  58804 33284       46.0000    64       47.0000       46.0000  7473992    2.13%
  58934 33393       46.0000    18       47.0000       46.0000  7486621    2.13%
  59107 33512       46.0000    24       47.0000       46.0000  7499778    2.13%
  59312 33670       46.0000   145       47.0000       46.0000  7512610    2.13%
  59521 33824       46.0000    95       47.0000       46.0000  7529372    2.13%
  59698 33957    infeasible             47.0000       46.0000  7543607    2.13%
  59840 34062       46.0000    64       47.0000       46.0000  7560597    2.13%
  60023 34194       46.0000    43       47.0000       46.0000  7576579    2.13%
  60206 34303       46.0000    67       47.0000       46.0000  7590280    2.13%
Elapsed time = 4444.91 sec. (2112334.21 ticks, tree = 256.61 MB, solutions = 5)
  60365 34409       46.0000    72       47.0000       46.0000  7602912    2.13%
  60575 34554       46.0000    29       47.0000       46.0000  7618711    2.13%
  60743 34678        cutoff             47.0000       46.0000  7632745    2.13%
  60878 34803       46.0000   135       47.0000       46.0000  7645424    2.13%
  61037 34923       46.0000   116       47.0000       46.0000  7658222    2.13%
  61175 35043       46.0000    47       47.0000       46.0000  7671693    2.13%
  61354 35180       46.0000    34       47.0000       46.0000  7687457    2.13%
  61540 35345       46.0000    61       47.0000       46.0000  7698044    2.13%
  61728 35505       46.0000    43       47.0000       46.0000  7711511    2.13%
  61948 35674    infeasible             47.0000       46.0000  7724896    2.13%
Elapsed time = 4515.58 sec. (2150586.26 ticks, tree = 266.72 MB, solutions = 5)
  62150 35813       46.0000    44       47.0000       46.0000  7739518    2.13%
  62356 35987       46.0000    68       47.0000       46.0000  7754277    2.13%
  62607 36167       46.0000    85       47.0000       46.0000  7764886    2.13%
  62851 36320       46.0000    14       47.0000       46.0000  7776170    2.13%
  63106 36533       46.0000    16       47.0000       46.0000  7789293    2.13%
  63333 36712       46.0000    62       47.0000       46.0000  7803379    2.13%
  63542 36873       46.0000    42       47.0000       46.0000  7817282    2.13%
  63791 37087       46.0000    52       47.0000       46.0000  7830679    2.13%
  64004 37250    infeasible             47.0000       46.0000  7845430    2.13%
  64207 37373       46.0000    58       47.0000       46.0000  7861884    2.13%
Elapsed time = 4583.11 sec. (2188799.77 ticks, tree = 279.34 MB, solutions = 5)
  64422 37520       46.0000    33       47.0000       46.0000  7877678    2.13%
  64637 37661       46.0000    58       47.0000       46.0000  7886330    2.13%
  64853 37810       46.0000    78       47.0000       46.0000  7896029    2.13%
  65071 37951       46.0000    50       47.0000       46.0000  7906115    2.13%
  65290 38123       46.0000    34       47.0000       46.0000  7915568    2.13%
  65513 38276    infeasible             47.0000       46.0000  7925597    2.13%
  65725 38425       46.0000    51       47.0000       46.0000  7935976    2.13%
  65868 38506       46.0000    20       47.0000       46.0000  7947437    2.13%
  66005 38613       46.0000   143       47.0000       46.0000  7960531    2.13%
  66192 38767       46.0000    14       47.0000       46.0000  7972309    2.13%
Elapsed time = 4648.89 sec. (2227049.90 ticks, tree = 289.73 MB, solutions = 5)
  66390 38929       46.0000    57       47.0000       46.0000  7984009    2.13%
  66611 39104       46.0000    44       47.0000       46.0000  7996692    2.13%
  66830 39277       46.0000   109       47.0000       46.0000  8008452    2.13%
  67085 39462       46.0000    95       47.0000       46.0000  8019760    2.13%
  67321 39620       46.0000    56       47.0000       46.0000  8033968    2.13%
  67437 39698       46.0000    58       47.0000       46.0000  8040548    2.13%
  67694 39913       46.0000    18       47.0000       46.0000  8049447    2.13%
  67924 40080       46.0000     8       47.0000       46.0000  8061411    2.13%
  68169 40267       46.0000    21       47.0000       46.0000  8074624    2.13%
  68443 40448       46.0000    22       47.0000       46.0000  8087402    2.13%
Elapsed time = 4716.47 sec. (2266321.80 ticks, tree = 302.26 MB, solutions = 5)
  68711 40642       46.0000    54       47.0000       46.0000  8102903    2.13%
  68983 40866       46.0000    20       47.0000       46.0000  8116191    2.13%
  69269 41086       46.0000    60       47.0000       46.0000  8129146    2.13%
  69512 41268       46.0000    51       47.0000       46.0000  8148950    2.13%
  69680 41387       46.0000    48       47.0000       46.0000  8166188    2.13%
  69925 41585       46.0000    38       47.0000       46.0000  8179434    2.13%
  70157 41771       46.0000    37       47.0000       46.0000  8197722    2.13%
  70385 41939       46.0000   101       47.0000       46.0000  8212522    2.13%
  70637 42117        cutoff             47.0000       46.0000  8226761    2.13%
  70867 42285    infeasible             47.0000       46.0000  8241117    2.13%
Elapsed time = 4783.63 sec. (2304546.75 ticks, tree = 315.94 MB, solutions = 5)
  71105 42465       46.0000    76       47.0000       46.0000  8256822    2.13%
  71313 42597       46.0000    74       47.0000       46.0000  8273766    2.13%
  71516 42763       46.0000    17       47.0000       46.0000  8287548    2.13%
  71709 42913       46.0000     8       47.0000       46.0000  8300717    2.13%
  71901 43054       46.0000    83       47.0000       46.0000  8314553    2.13%
  72062 43187       46.0000   167       47.0000       46.0000  8328238    2.13%
  72328 43354       46.0000     6       47.0000       46.0000  8342018    2.13%
  72562 43545    infeasible             47.0000       46.0000  8356372    2.13%
  72756 43699       46.0000    49       47.0000       46.0000  8369310    2.13%
  72950 43855       46.0000    16       47.0000       46.0000  8386406    2.13%
Elapsed time = 4857.48 sec. (2342831.00 ticks, tree = 327.57 MB, solutions = 5)
  73161 44030       46.0000    83       47.0000       46.0000  8402366    2.13%
  73398 44217       46.0000    32       47.0000       46.0000  8418130    2.13%
  73637 44388       46.0000    22       47.0000       46.0000  8432511    2.13%
  73837 44518       46.0000    71       47.0000       46.0000  8446579    2.13%
  74119 44702       46.0000    54       47.0000       46.0000  8458913    2.13%
  74300 44835       46.0000    34       47.0000       46.0000  8474528    2.13%
  74464 44972       46.0000    69       47.0000       46.0000  8489059    2.13%
  74601 45070       46.0000    74       47.0000       46.0000  8501497    2.13%
  74687 45147       46.0000    87       47.0000       46.0000  8512494    2.13%
  74812 45247       46.0000    29       47.0000       46.0000  8527436    2.13%
Elapsed time = 4939.38 sec. (2385646.88 ticks, tree = 337.88 MB, solutions = 5)
  74922 45343       46.0000   193       47.0000       46.0000  8540386    2.13%
  75033 45433       46.0000    72       47.0000       46.0000  8556439    2.13%
  75182 45534       46.0000    47       47.0000       46.0000  8569877    2.13%
  75277 45619       46.0000   154       47.0000       46.0000  8581655    2.13%
  75403 45721       46.0000    59       47.0000       46.0000  8595921    2.13%
  75517 45829       46.0000   145       47.0000       46.0000  8607358    2.13%
  75611 45912       46.0000   216       47.0000       46.0000  8619775    2.13%
  75748 46023       46.0000    53       47.0000       46.0000  8631701    2.13%
  75871 46134       46.0000    71       47.0000       46.0000  8645049    2.13%
  76002 46240       46.0000    57       47.0000       46.0000  8656089    2.13%
Elapsed time = 5015.56 sec. (2424325.25 ticks, tree = 345.17 MB, solutions = 5)
  76160 46377       46.0000   188       47.0000       46.0000  8668196    2.13%
  76307 46495       46.0000   114       47.0000       46.0000  8681726    2.13%
  76510 46681       46.0000    53       47.0000       46.0000  8691694    2.13%
  76604 46761       46.0000   344       47.0000       46.0000  8703310    2.13%
  76717 46844       46.0000   120       47.0000       46.0000  8718213    2.13%
  76854 46968       46.0000    97       47.0000       46.0000  8729502    2.13%
  76986 47082       46.0000   103       47.0000       46.0000  8745617    2.13%
  77137 47209       46.0000     6       47.0000       46.0000  8760076    2.13%
  77290 47310       46.0000    17       47.0000       46.0000  8773526    2.13%
  77462 47418       46.0000    85       47.0000       46.0000  8786688    2.13%
Elapsed time = 5090.50 sec. (2462837.28 ticks, tree = 353.84 MB, solutions = 5)
  77651 47577       46.0000    22       47.0000       46.0000  8797646    2.13%
  77851 47703        cutoff             47.0000       46.0000  8810096    2.13%
  78074 47882       46.0000    47       47.0000       46.0000  8823276    2.13%
  78262 47991        cutoff             47.0000       46.0000  8839038    2.13%
  78477 48150       46.0000    78       47.0000       46.0000  8853230    2.13%
  78688 48310    infeasible             47.0000       46.0000  8865204    2.13%
  78924 48455       46.0000   116       47.0000       46.0000  8879100    2.13%
  79154 48594       46.0000    72       47.0000       46.0000  8892122    2.13%
  79377 48739       46.0000    96       47.0000       46.0000  8906667    2.13%
  79589 48880       46.0000    39       47.0000       46.0000  8920598    2.13%
Elapsed time = 5158.02 sec. (2501132.70 ticks, tree = 364.71 MB, solutions = 5)
  79807 49032       46.0000    36       47.0000       46.0000  8935879    2.13%
  80012 49176       46.0000    83       47.0000       46.0000  8952530    2.13%
  80231 49297    infeasible             47.0000       46.0000  8969186    2.13%
  80463 49455    infeasible             47.0000       46.0000  8983022    2.13%
  80665 49608       46.0000    43       47.0000       46.0000  8999408    2.13%
  80856 49747       46.0000    36       47.0000       46.0000  9014544    2.13%
  81105 49917       46.0000     8       47.0000       46.0000  9029040    2.13%
  81325 50048       46.0000    85       47.0000       46.0000  9045181    2.13%
  81576 50226       46.0000     6       47.0000       46.0000  9058517    2.13%
  81774 50375       46.0000    17       47.0000       46.0000  9074877    2.13%
Elapsed time = 5228.95 sec. (2539371.47 ticks, tree = 375.84 MB, solutions = 5)
  81992 50538       46.0000    70       47.0000       46.0000  9089870    2.13%
  82215 50671        cutoff             47.0000       46.0000  9107010    2.13%
  82426 50813    infeasible             47.0000       46.0000  9124829    2.13%
  82643 50946       46.0000     8       47.0000       46.0000  9141056    2.13%
  82889 51073    infeasible             47.0000       46.0000  9153824    2.13%
  83119 51209       46.0000    44       47.0000       46.0000  9171262    2.13%
  83364 51389       46.0000    64       47.0000       46.0000  9186917    2.13%
  83599 51533       46.0000    33       47.0000       46.0000  9204673    2.13%
  83835 51687    infeasible             47.0000       46.0000  9221520    2.13%
  83937 51743       46.0000    96       47.0000       46.0000  9231862    2.13%
Elapsed time = 5303.94 sec. (2580532.37 ticks, tree = 386.02 MB, solutions = 5)
  84184 51920       46.0000   130       47.0000       46.0000  9245760    2.13%
  84435 52061       46.0000    52       47.0000       46.0000  9261593    2.13%
  84704 52250       46.0000    66       47.0000       46.0000  9278151    2.13%
  84908 52363       46.0000    10       47.0000       46.0000  9291916    2.13%
  85106 52487       46.0000    10       47.0000       46.0000  9304662    2.13%
  85295 52561       46.0000    32       47.0000       46.0000  9323615    2.13%
  85500 52630       46.0000     6       47.0000       46.0000  9339762    2.13%
  85718 52698       46.0000    69       47.0000       46.0000  9354666    2.13%
  85877 52813       46.0000    40       47.0000       46.0000  9366887    2.13%
  86047 52906       46.0000    36       47.0000       46.0000  9377402    2.13%
Elapsed time = 5372.14 sec. (2618852.14 ticks, tree = 394.72 MB, solutions = 5)
  86207 53026       46.0000    20       47.0000       46.0000  9390399    2.13%
  86367 53156       46.0000    38       47.0000       46.0000  9401668    2.13%
  86535 53275       46.0000    26       47.0000       46.0000  9413604    2.13%
  86705 53376       46.0000    47       47.0000       46.0000  9428276    2.13%
  86867 53488       46.0000    82       47.0000       46.0000  9445467    2.13%
  87061 53632       46.0000     6       47.0000       46.0000  9459167    2.13%
  87247 53781       46.0000    93       47.0000       46.0000  9473662    2.13%
  87420 53907       46.0000    61       47.0000       46.0000  9487291    2.13%
  87641 54084       46.0000    48       47.0000       46.0000  9501454    2.13%
  87852 54236    infeasible             47.0000       46.0000  9519334    2.13%
Elapsed time = 5441.64 sec. (2657131.60 ticks, tree = 404.58 MB, solutions = 5)
  88077 54399       46.0000   110       47.0000       46.0000  9533723    2.13%
  88291 54527       46.0000    63       47.0000       46.0000  9547951    2.13%
  88490 54667       46.0000    28       47.0000       46.0000  9565571    2.13%
  88713 54844       46.0000    42       47.0000       46.0000  9582020    2.13%
  88929 55012       46.0000    58       47.0000       46.0000  9597653    2.13%
  89130 55161       46.0000    55       47.0000       46.0000  9616171    2.13%
  89345 55300    infeasible             47.0000       46.0000  9632524    2.13%
  89549 55464       46.0000    45       47.0000       46.0000  9647154    2.13%
  89748 55619       46.0000   102       47.0000       46.0000  9665502    2.13%
  89935 55768       46.0000   111       47.0000       46.0000  9685237    2.13%
Elapsed time = 5511.19 sec. (2695367.68 ticks, tree = 415.93 MB, solutions = 5)
  90142 55929       46.0000    40       47.0000       46.0000  9703469    2.13%
  90375 56066       46.0000    49       47.0000       46.0000  9719296    2.13%
  90590 56233       46.0000    65       47.0000       46.0000  9735995    2.13%
  90825 56388       46.0000    51       47.0000       46.0000  9751454    2.13%
  91029 56540       46.0000    67       47.0000       46.0000  9768048    2.13%
  91274 56705    infeasible             47.0000       46.0000  9784422    2.13%
  91480 56878       46.0000   161       47.0000       46.0000  9799014    2.13%
  91717 57067       46.0000    38       47.0000       46.0000  9815092    2.13%
  91941 57227       46.0000   211       47.0000       46.0000  9831901    2.13%
  92156 57366       46.0000   185       47.0000       46.0000  9848260    2.13%
Elapsed time = 5579.70 sec. (2733769.92 ticks, tree = 427.80 MB, solutions = 5)
  92379 57525       46.0000    12       47.0000       46.0000  9865839    2.13%
  92623 57661       46.0000    26       47.0000       46.0000  9881305    2.13%
  92858 57824       46.0000    42       47.0000       46.0000  9897693    2.13%
  93108 57916       46.0000    37       47.0000       46.0000  9916918    2.13%
  93304 58062        cutoff             47.0000       46.0000  9933739    2.13%
  93467 58178       46.0000     6       47.0000       46.0000  9947285    2.13%
  93633 58292       46.0000    18       47.0000       46.0000  9961089    2.13%
  93831 58435       46.0000    71       47.0000       46.0000  9972570    2.13%
  94045 58554       46.0000     8       47.0000       46.0000  9983188    2.13%
  94256 58692       46.0000    23       47.0000       46.0000  9995349    2.13%
Elapsed time = 5647.25 sec. (2772132.91 ticks, tree = 437.67 MB, solutions = 5)
  94337 58745       46.0000    24       47.0000       46.0000 10000588    2.13%
  94526 58875       46.0000    49       47.0000       46.0000 10012207    2.13%
  94738 59048       46.0000    13       47.0000       46.0000 10022453    2.13%
  94917 59157       46.0000    31       47.0000       46.0000 10034806    2.13%
  95104 59273       46.0000    24       47.0000       46.0000 10048159    2.13%
  95310 59424       46.0000    38       47.0000       46.0000 10063262    2.13%
  95500 59570       46.0000    12       47.0000       46.0000 10076712    2.13%
  95674 59702       46.0000   113       47.0000       46.0000 10091225    2.13%
  95880 59848       46.0000   137       47.0000       46.0000 10106092    2.13%
  96085 59983    infeasible             47.0000       46.0000 10124400    2.13%
Elapsed time = 5719.34 sec. (2812925.65 ticks, tree = 447.26 MB, solutions = 5)
  96286 60130       46.0000    44       47.0000       46.0000 10138428    2.13%
  96478 60267       46.0000    93       47.0000       46.0000 10153454    2.13%
  96710 60441       46.0000    36       47.0000       46.0000 10167039    2.13%
  96942 60582       46.0000    48       47.0000       46.0000 10181970    2.13%
  97168 60726       46.0000    69       47.0000       46.0000 10196778    2.13%
  97397 60881       46.0000    25       47.0000       46.0000 10212533    2.13%
  97631 61051       46.0000    71       47.0000       46.0000 10229022    2.13%
  97856 61204       46.0000    30       47.0000       46.0000 10243458    2.13%
  98061 61367       46.0000    76       47.0000       46.0000 10257353    2.13%
  98282 61543       46.0000    10       47.0000       46.0000 10270513    2.13%
Elapsed time = 5789.30 sec. (2851242.38 ticks, tree = 458.83 MB, solutions = 5)
  98525 61709       46.0000    20       47.0000       46.0000 10285822    2.13%
  98762 61873       46.0000    20       47.0000       46.0000 10300923    2.13%
  99014 62061       46.0000    22       47.0000       46.0000 10317323    2.13%
  99227 62212       46.0000     8       47.0000       46.0000 10333621    2.13%
  99494 62365    infeasible             47.0000       46.0000 10350492    2.13%
  99743 62538       46.0000    24       47.0000       46.0000 10366536    2.13%
  99966 62723       46.0000    11       47.0000       46.0000 10384122    2.13%
 100178 62867       46.0000    25       47.0000       46.0000 10400061    2.13%
 100377 62986       46.0000   128       47.0000       46.0000 10424102    2.13%
 100631 63117       46.0000    78       47.0000       46.0000 10442729    2.13%
Elapsed time = 5860.13 sec. (2889511.50 ticks, tree = 470.56 MB, solutions = 5)
 100879 63275       46.0000   117       47.0000       46.0000 10458811    2.13%
 101135 63407       46.0000    36       47.0000       46.0000 10474394    2.13%
 101340 63549    infeasible             47.0000       46.0000 10490602    2.13%
 101582 63715       46.0000    43       47.0000       46.0000 10504654    2.13%
 101812 63879    infeasible             47.0000       46.0000 10522463    2.13%
 102040 64025        cutoff             47.0000       46.0000 10541450    2.13%
 102262 64185       46.0000    28       47.0000       46.0000 10559578    2.13%
 102491 64341       46.0000    29       47.0000       46.0000 10576839    2.13%
 102717 64519       46.0000    66       47.0000       46.0000 10592294    2.13%
 102915 64677       46.0000    44       47.0000       46.0000 10606002    2.13%
Elapsed time = 5929.78 sec. (2927739.54 ticks, tree = 482.16 MB, solutions = 5)
 103129 64803       46.0000     6       47.0000       46.0000 10619106    2.13%
 103329 64942       46.0000     9       47.0000       46.0000 10632739    2.13%
 103541 65067        cutoff             47.0000       46.0000 10647591    2.13%
 103737 65174       46.0000    17       47.0000       46.0000 10659655    2.13%
 103964 65335       46.0000    61       47.0000       46.0000 10671370    2.13%
 104160 65449    infeasible             47.0000       46.0000 10685185    2.13%
 104344 65546        cutoff             47.0000       46.0000 10697087    2.13%
 104533 65664       46.0000    68       47.0000       46.0000 10708140    2.13%
 104732 65782       46.0000    84       47.0000       46.0000 10720536    2.13%
 104905 65909       46.0000    82       47.0000       46.0000 10732718    2.13%
Elapsed time = 5999.91 sec. (2966054.25 ticks, tree = 493.28 MB, solutions = 5)
 105037 65993       46.0000   123       47.0000       46.0000 10741920    2.13%
 105244 66156       46.0000    29       47.0000       46.0000 10752847    2.13%
 105450 66294       46.0000   107       47.0000       46.0000 10765551    2.13%
 105671 66409       46.0000    40       47.0000       46.0000 10780249    2.13%
 105864 66547       46.0000    61       47.0000       46.0000 10793796    2.13%
 106075 66663       46.0000    10       47.0000       46.0000 10808040    2.13%
 106280 66784    infeasible             47.0000       46.0000 10823730    2.13%
 106484 66919       46.0000    58       47.0000       46.0000 10839202    2.13%
 106694 67080       46.0000    50       47.0000       46.0000 10855000    2.13%
 106917 67165       46.0000    37       47.0000       46.0000 10869052    2.13%
Elapsed time = 6075.73 sec. (3007879.26 ticks, tree = 502.63 MB, solutions = 5)
 107148 67338       46.0000    20       47.0000       46.0000 10883463    2.13%
 107376 67502       46.0000    22       47.0000       46.0000 10897665    2.13%
 107600 67624       46.0000    23       47.0000       46.0000 10914522    2.13%
 107824 67786        cutoff             47.0000       46.0000 10929981    2.13%
 107980 67891       46.0000    45       47.0000       46.0000 10941138    2.13%
 108130 68006       46.0000    72       47.0000       46.0000 10952605    2.13%
 108319 68131    infeasible             47.0000       46.0000 10966782    2.13%
 108552 68265       46.0000    40       47.0000       46.0000 10980307    2.13%
 108765 68392       46.0000    76       47.0000       46.0000 10992099    2.13%
 108905 68504    infeasible             47.0000       46.0000 11001628    2.13%
Elapsed time = 6142.55 sec. (3046169.59 ticks, tree = 512.62 MB, solutions = 5)
 109042 68623       46.0000    58       47.0000       46.0000 11014297    2.13%
 109192 68757       46.0000    97       47.0000       46.0000 11027207    2.13%
 109333 68884       46.0000    69       47.0000       46.0000 11042440    2.13%
 109485 69005       46.0000    38       47.0000       46.0000 11057858    2.13%
 109674 69172       46.0000    72       47.0000       46.0000 11072603    2.13%
 109836 69315       46.0000    14       47.0000       46.0000 11085678    2.13%
 110054 69486       46.0000    18       47.0000       46.0000 11097381    2.13%
 110257 69663       46.0000    95       47.0000       46.0000 11112301    2.13%
 110448 69822       46.0000   112       47.0000       46.0000 11129044    2.13%
 110650 70000       46.0000    18       47.0000       46.0000 11142648    2.13%
Elapsed time = 6213.09 sec. (3084456.92 ticks, tree = 523.63 MB, solutions = 5)
 110895 70181       46.0000    53       47.0000       46.0000 11157786    2.13%
 111128 70334       46.0000    20       47.0000       46.0000 11170051    2.13%
 111378 70510       46.0000    78       47.0000       46.0000 11185271    2.13%
 111621 70709       46.0000    45       47.0000       46.0000 11198673    2.13%
 111868 70871       46.0000    54       47.0000       46.0000 11212580    2.13%
 112077 71034       46.0000    12       47.0000       46.0000 11223905    2.13%
 112297 71212       46.0000    12       47.0000       46.0000 11242881    2.13%
 112531 71352       46.0000    82       47.0000       46.0000 11257881    2.13%
 112772 71533       46.0000    38       47.0000       46.0000 11271739    2.13%
 113026 71739        cutoff             47.0000       46.0000 11288247    2.13%
Elapsed time = 6279.33 sec. (3122820.19 ticks, tree = 536.55 MB, solutions = 5)
 113304 71979       46.0000    36       47.0000       46.0000 11302479    2.13%
 113569 72188       46.0000    82       47.0000       46.0000 11315892    2.13%
 113839 72420       46.0000    45       47.0000       46.0000 11327817    2.13%
 114083 72561       46.0000    49       47.0000       46.0000 11340634    2.13%
 114304 72751       46.0000    84       47.0000       46.0000 11357767    2.13%
 114544 72939       46.0000    44       47.0000       46.0000 11374140    2.13%
 114803 73156       46.0000    10       47.0000       46.0000 11386257    2.13%
 115066 73343       46.0000    18       47.0000       46.0000 11401047    2.13%
 115368 73575       46.0000    46       47.0000       46.0000 11416420    2.13%
 115633 73781       46.0000    35       47.0000       46.0000 11430188    2.13%
Elapsed time = 6346.77 sec. (3161066.00 ticks, tree = 551.68 MB, solutions = 5)
 115858 73924       46.0000    54       47.0000       46.0000 11442911    2.13%
 116164 74157       46.0000    63       47.0000       46.0000 11455938    2.13%
 116396 74285       46.0000   140       47.0000       46.0000 11472585    2.13%
 116612 74487        cutoff             47.0000       46.0000 11489878    2.13%
 116867 74690       46.0000    22       47.0000       46.0000 11505002    2.13%
 117137 74898       46.0000    48       47.0000       46.0000 11518803    2.13%
 117237 74968       46.0000    59       47.0000       46.0000 11523875    2.13%
 117505 75174       46.0000    78       47.0000       46.0000 11538888    2.13%
 117768 75357       46.0000    54       47.0000       46.0000 11553903    2.13%
 118033 75523       46.0000    87       47.0000       46.0000 11569124    2.13%
Elapsed time = 6417.44 sec. (3201733.40 ticks, tree = 564.69 MB, solutions = 5)
 118278 75720       46.0000    87       47.0000       46.0000 11584412    2.13%
 118431 75837       46.0000    46       47.0000       46.0000 11602170    2.13%
 118637 76007       46.0000    36       47.0000       46.0000 11613294    2.13%
 118816 76151       46.0000    67       47.0000       46.0000 11626460    2.13%
 118994 76291       46.0000    20       47.0000       46.0000 11640310    2.13%
 119190 76430       46.0000    14       47.0000       46.0000 11653347    2.13%
 119419 76592       46.0000    36       47.0000       46.0000 11666100    2.13%
 119627 76762       46.0000    66       47.0000       46.0000 11677946    2.13%
 119888 76952        cutoff             47.0000       46.0000 11689396    2.13%
 120088 77068       46.0000    39       47.0000       46.0000 11701560    2.13%
Elapsed time = 6486.03 sec. (3240022.46 ticks, tree = 577.96 MB, solutions = 5)
 120266 77185       46.0000    40       47.0000       46.0000 11715061    2.13%
 120466 77338       46.0000   107       47.0000       46.0000 11727085    2.13%
 120669 77479       46.0000    65       47.0000       46.0000 11739300    2.13%
 120953 77715       46.0000    23       47.0000       46.0000 11749971    2.13%
 121274 77952       46.0000   119       47.0000       46.0000 11759480    2.13%
 121642 78172       46.0000     6       47.0000       46.0000 11769812    2.13%
 121996 78366       46.0000    35       47.0000       46.0000 11781155    2.13%
 122219 78508       46.0000    24       47.0000       46.0000 11789848    2.13%
 122431 78634    infeasible             47.0000       46.0000 11800355    2.13%
 122730 78840       46.0000    55       47.0000       46.0000 11809690    2.13%
Elapsed time = 6551.59 sec. (3278267.83 ticks, tree = 724.35 MB, solutions = 5)
 123086 79031       46.0000    18       47.0000       46.0000 11818592    2.13%
 123277 79200       46.0000    34       47.0000       46.0000 11828884    2.13%
 123515 79376       46.0000    28       47.0000       46.0000 11838864    2.13%
 123769 79572       46.0000    10       47.0000       46.0000 11850081    2.13%
 123943 79720       46.0000    94       47.0000       46.0000 11861274    2.13%
 124177 79901       46.0000    35       47.0000       46.0000 11872633    2.13%
 124377 80041       46.0000   103       47.0000       46.0000 11884772    2.13%
 124620 80215       46.0000    87       47.0000       46.0000 11897413    2.13%
 124893 80393       46.0000    61       47.0000       46.0000 11909193    2.13%
 125169 80556       46.0000   143       47.0000       46.0000 11922813    2.13%
Elapsed time = 6617.83 sec. (3316647.47 ticks, tree = 868.95 MB, solutions = 5)
 125480 80774       46.0000    12       47.0000       46.0000 11935259    2.13%
 125734 80950       46.0000    77       47.0000       46.0000 11948278    2.13%
 126032 81155       46.0000   124       47.0000       46.0000 11960479    2.13%
 126370 81381       46.0000    14       47.0000       46.0000 11972330    2.13%
 126566 81558       46.0000    58       47.0000       46.0000 11985704    2.13%
 126737 81685       46.0000   156       47.0000       46.0000 11997646    2.13%
 127007 81860       46.0000    54       47.0000       46.0000 12009870    2.13%
 127269 82074       46.0000    78       47.0000       46.0000 12021957    2.13%
 127561 82282       46.0000    77       47.0000       46.0000 12034180    2.13%
 127815 82492       46.0000    44       47.0000       46.0000 12046917    2.13%
Elapsed time = 6686.30 sec. (3354878.82 ticks, tree = 1003.12 MB, solutions = 5)
 128201 82796       46.0000    93       47.0000       46.0000 12058719    2.13%
 128486 83004       46.0000    69       47.0000       46.0000 12070842    2.13%
 128709 83184       46.0000   142       47.0000       46.0000 12084415    2.13%
 128872 83333       46.0000   130       47.0000       46.0000 12096449    2.13%
 129074 83476       46.0000    29       47.0000       46.0000 12107292    2.13%
 129173 83549       46.0000   291       47.0000       46.0000 12114144    2.13%
 129201 83577       46.0000   133       47.0000       46.0000 12120709    2.13%
 129347 83699       46.0000    60       47.0000       46.0000 12129730    2.13%
 129489 83821       46.0000   171       47.0000       46.0000 12137975    2.13%
 129669 83976       46.0000    93       47.0000       46.0000 12147125    2.13%
Elapsed time = 6760.59 sec. (3393200.04 ticks, tree = 1099.27 MB, solutions = 5)
 129894 84175       46.0000   108       47.0000       46.0000 12154479    2.13%
 130137 84362       46.0000    36       47.0000       46.0000 12162253    2.13%
 130372 84505       46.0000    89       47.0000       46.0000 12171769    2.13%
 130530 84637       46.0000    65       47.0000       46.0000 12182175    2.13%
 130634 84726       46.0000    71       47.0000       46.0000 12193164    2.13%
 130723 84799       46.0000   116       47.0000       46.0000 12202516    2.13%
 130917 84972       46.0000    88       47.0000       46.0000 12212854    2.13%
 131140 85151       46.0000   185       47.0000       46.0000 12222824    2.13%
 131347 85314       46.0000   111       47.0000       46.0000 12232423    2.13%
 131520 85479       46.0000    71       47.0000       46.0000 12241693    2.13%
Elapsed time = 6834.78 sec. (3432438.14 ticks, tree = 1222.38 MB, solutions = 5)
 131700 85645       46.0000   128       47.0000       46.0000 12252654    2.13%
 131831 85758       46.0000    43       47.0000       46.0000 12264689    2.13%
 132033 85924       46.0000   145       47.0000       46.0000 12274247    2.13%
 132237 86048       46.0000    41       47.0000       46.0000 12283741    2.13%
 132526 86241       46.0000    87       47.0000       46.0000 12294606    2.13%
 132923 86431        cutoff             47.0000       46.0000 12301889    2.13%
 133148 86596       46.0000    48       47.0000       46.0000 12314770    2.13%
 133326 86752       46.0000   120       47.0000       46.0000 12325614    2.13%
 133588 86921    infeasible             47.0000       46.0000 12338609    2.13%
 133723 87052       46.0000    63       47.0000       46.0000 12350177    2.13%
Elapsed time = 6909.31 sec. (3473486.34 ticks, tree = 1336.32 MB, solutions = 5)
 134025 87246       46.0000   144       47.0000       46.0000 12360323    2.13%
 134329 87478       46.0000    90       47.0000       46.0000 12369971    2.13%
 134641 87654       46.0000    84       47.0000       46.0000 12382160    2.13%
 134940 87883       46.0000    27       47.0000       46.0000 12394578    2.13%
 135160 88073       46.0000     8       47.0000       46.0000 12405298    2.13%
 135427 88282       46.0000    86       47.0000       46.0000 12419071    2.13%
 135644 88459       46.0000    42       47.0000       46.0000 12433359    2.13%
 135954 88691       46.0000   128       47.0000       46.0000 12445414    2.13%
 136126 88849       46.0000   111       47.0000       46.0000 12460086    2.13%
 136362 89078       46.0000    28       47.0000       46.0000 12472651    2.13%
Elapsed time = 6978.95 sec. (3511853.94 ticks, tree = 1501.29 MB, solutions = 5)
 136660 89281        cutoff             47.0000       46.0000 12483844    2.13%
 136969 89508       46.0000   120       47.0000       46.0000 12494886    2.13%
 137263 89742       46.0000    22       47.0000       46.0000 12505955    2.13%
 137546 89907        cutoff             47.0000       46.0000 12517209    2.13%
 137862 90127       46.0000    76       47.0000       46.0000 12529493    2.13%
 138164 90345        cutoff             47.0000       46.0000 12541704    2.13%
 138367 90524       46.0000    68       47.0000       46.0000 12552222    2.13%
 138520 90653       46.0000   110       47.0000       46.0000 12560121    2.13%
 138647 90758       46.0000   165       47.0000       46.0000 12569127    2.13%
 138773 90868        cutoff             47.0000       46.0000 12579038    2.13%
Elapsed time = 7048.66 sec. (3550191.47 ticks, tree = 1635.41 MB, solutions = 5)
 139088 91133       46.0000    76       47.0000       46.0000 12591680    2.13%
 139309 91323       46.0000   125       47.0000       46.0000 12605767    2.13%
 139513 91491       46.0000    50       47.0000       46.0000 12621503    2.13%
 139712 91648       46.0000    48       47.0000       46.0000 12635491    2.13%
 139940 91828       46.0000    75       47.0000       46.0000 12648283    2.13%
 140117 91945       46.0000   196       47.0000       46.0000 12658632    2.13%
 140271 92055    infeasible             47.0000       46.0000 12668242    2.13%
 140606 92256       46.0000    25       47.0000       46.0000 12681693    2.13%
 140828 92398       46.0000    88       47.0000       46.0000 12694456    2.13%
 140937 92491       46.0000   115       47.0000       46.0000 12703573    2.13%
Elapsed time = 7129.20 sec. (3592600.97 ticks, tree = 1755.45 MB, solutions = 5)
 141102 92594       46.0000   110       47.0000       46.0000 12715164    2.13%
 141325 92751       46.0000    23       47.0000       46.0000 12728818    2.13%
 141592 92952       46.0000    26       47.0000       46.0000 12740794    2.13%
 141724 93068       46.0000   173       47.0000       46.0000 12755477    2.13%
 142002 93276       46.0000   185       47.0000       46.0000 12768369    2.13%
 142199 93451       46.0000    48       47.0000       46.0000 12782518    2.13%
 142483 93633       46.0000    50       47.0000       46.0000 12794241    2.13%
 142763 93865       46.0000   117       47.0000       46.0000 12807095    2.13%
 142991 94043       46.0000    74       47.0000       46.0000 12819936    2.13%
 143314 94268       46.0000    72       47.0000       46.0000 12833026    2.13%
Elapsed time = 7204.31 sec. (3630868.07 ticks, tree = 1903.11 MB, solutions = 5)
 143709 94509        cutoff             47.0000       46.0000 12845056    2.13%
 143903 94647       46.0000    91       47.0000       46.0000 12855860    2.13%
 144065 94797       46.0000    53       47.0000       46.0000 12866453    2.13%
 144255 94939       46.0000    48       47.0000       46.0000 12874905    2.13%
 144472 95116       46.0000   155       47.0000       46.0000 12884725    2.13%
 144547 95175       46.0000   145       47.0000       46.0000 12894463    2.13%
 144707 95313       46.0000    54       47.0000       46.0000 12906811    2.13%
 144979 95515       46.0000    53       47.0000       46.0000 12920252    2.13%
 145230 95704       46.0000    96       47.0000       46.0000 12935259    2.13%
 145469 95885       46.0000    66       47.0000       46.0000 12949074    2.13%
Elapsed time = 7283.06 sec. (3669244.75 ticks, tree = 2036.96 MB, solutions = 5)
 145574 95982       46.0000   156       47.0000       46.0000 12959284    2.13%
 145770 96116       46.0000    55       47.0000       46.0000 12969091    2.13%
 146002 96270       46.0000    72       47.0000       46.0000 12983200    2.13%
 146257 96442       46.0000    16       47.0000       46.0000 12997812    2.13%
 146558 96653       46.0000    12       47.0000       46.0000 13011067    2.13%
 146796 96865       46.0000    33       47.0000       46.0000 13023996    2.13%
 146967 97020        cutoff             47.0000       46.0000 13037796    2.13%
 147269 97206       46.0000   115       47.0000       46.0000 13050673    2.13%
 147516 97361       46.0000    67       47.0000       46.0000 13063863    2.13%
 148624 98153       46.0000    30       47.0000       46.0000 13114676    2.13%
Elapsed time = 7389.50 sec. (3719009.18 ticks, tree = 2188.95 MB, solutions = 5)
Nodefile size = 141.94 MB (71.34 MB after compression)
 149586 98832       46.0000     9       47.0000       46.0000 13168477    2.13%
 150595 99593       46.0000    54       47.0000       46.0000 13215012    2.13%
 151600 100252       46.0000    38       47.0000       46.0000 13256568    2.13%
 152569 100893       46.0000    22       47.0000       46.0000 13299944    2.13%
 153144 101270       46.0000    98       47.0000       46.0000 13330920    2.13%
 154075 101964       46.0000   108       47.0000       46.0000 13373662    2.13%
 155047 102709       46.0000    22       47.0000       46.0000 13416469    2.13%
 156163 103486       46.0000   136       47.0000       46.0000 13457185    2.13%
 156942 104095       46.0000    56       47.0000       46.0000 13497262    2.13%
 158023 104925       46.0000    16       47.0000       46.0000 13539099    2.13%
Elapsed time = 7731.20 sec. (3871748.34 ticks, tree = 2692.86 MB, solutions = 5)
Nodefile size = 644.92 MB (313.06 MB after compression)
 158951 105620       46.0000    53       47.0000       46.0000 13584481    2.13%
 160152 106379       46.0000    28       47.0000       46.0000 13630425    2.13%
 161140 107107       46.0000   165       47.0000       46.0000 13681588    2.13%
 162281 107850       46.0000    26       47.0000       46.0000 13735065    2.13%
 163359 108573       46.0000    87       47.0000       46.0000 13785450    2.13%
 164578 109393       46.0000    19       47.0000       46.0000 13834418    2.13%
 165528 110151       46.0000    66       47.0000       46.0000 13888958    2.13%
 166614 110949       46.0000   110       47.0000       46.0000 13940863    2.13%
 167768 111733       46.0000    10       47.0000       46.0000 13991857    2.13%
 168636 112245       46.0000    56       47.0000       46.0000 14026599    2.13%
Elapsed time = 8124.78 sec. (4024403.82 ticks, tree = 3277.58 MB, solutions = 5)
Nodefile size = 1230.05 MB (590.93 MB after compression)
 169884 113110        cutoff             47.0000       46.0000 14075369    2.13%
 170931 113849       46.0000    41       47.0000       46.0000 14129013    2.13%
 172115 114733       46.0000     6       47.0000       46.0000 14181413    2.13%
 173026 115453       46.0000   116       47.0000       46.0000 14233979    2.13%
 174160 116220       46.0000     6       47.0000       46.0000 14277647    2.13%
 175318 116991       46.0000    48       47.0000       46.0000 14318880    2.13%
 176429 117830       46.0000    58       47.0000       46.0000 14358025    2.13%
 177905 118721       46.0000    65       47.0000       46.0000 14391642    2.13%
 178995 119307    infeasible             47.0000       46.0000 14425936    2.13%
 179917 119969    infeasible             47.0000       46.0000 14466346    2.13%
Elapsed time = 8575.23 sec. (4177078.49 ticks, tree = 3862.30 MB, solutions = 5)
Nodefile size = 1815.24 MB (866.17 MB after compression)
 180848 120590       46.0000   120       47.0000       46.0000 14508874    2.13%
 181808 121232       46.0000    20       47.0000       46.0000 14553651    2.13%
 182480 121755       46.0000   134       47.0000       46.0000 14582221    2.13%
 183568 122481       46.0000    93       47.0000       46.0000 14629218    2.13%
 184545 123153       46.0000   115       47.0000       46.0000 14680555    2.13%
 185092 123644       46.0000   164       47.0000       46.0000 14731934    2.13%
 185857 124337       46.0000    46       47.0000       46.0000 14783385    2.13%
 186607 124982       46.0000    28       47.0000       46.0000 14835058    2.13%
 187423 125687       46.0000   154       47.0000       46.0000 14886577    2.13%
 188436 126391       46.0000    59       47.0000       46.0000 14932590    2.13%
Elapsed time = 9037.28 sec. (4329843.83 ticks, tree = 4348.57 MB, solutions = 5)
Nodefile size = 2300.91 MB (1109.09 MB after compression)
 189399 127090       46.0000    47       47.0000       46.0000 14987989    2.13%
 190494 127997       46.0000    99       47.0000       46.0000 15039994    2.13%
 191687 128946       46.0000   105       47.0000       46.0000 15091161    2.13%
 192910 129760       46.0000   216       47.0000       46.0000 15140452    2.13%
 194097 130609       46.0000    16       47.0000       46.0000 15189312    2.13%
 195051 131227       46.0000   100       47.0000       46.0000 15220767    2.13%
 196267 132084       46.0000    81       47.0000       46.0000 15271900    2.13%
 197215 132781       46.0000   122       47.0000       46.0000 15315629    2.13%
 198129 133445        cutoff             47.0000       46.0000 15359597    2.13%
 198969 133996       46.0000   173       47.0000       46.0000 15405351    2.13%
Elapsed time = 9503.75 sec. (4482779.77 ticks, tree = 4866.47 MB, solutions = 5)
Nodefile size = 2818.56 MB (1358.69 MB after compression)
 199842 134723       46.0000   103       47.0000       46.0000 15450250    2.13%
 200933 135425       46.0000    60       47.0000       46.0000 15491215    2.13%
 201645 136044       46.0000   137       47.0000       46.0000 15534062    2.13%
 202511 136684       46.0000     6       47.0000       46.0000 15575463    2.13%
 203898 137513       46.0000    37       47.0000       46.0000 15612271    2.13%
 204442 137888       46.0000   153       47.0000       46.0000 15638958    2.13%
 205237 138482       46.0000   152       47.0000       46.0000 15669935    2.13%
 205966 139037       46.0000    53       47.0000       46.0000 15689456    2.13%
 206637 139616       46.0000    20       47.0000       46.0000 15719277    2.13%
 207284 140137        cutoff             47.0000       46.0000 15749396    2.13%
Elapsed time = 10181.41 sec. (4638417.45 ticks, tree = 5381.96 MB, solutions = 5)
Nodefile size = 3334.53 MB (1613.22 MB after compression)
 207737 140511       46.0000    32       47.0000       46.0000 15770900    2.13%
 208362 140964       46.0000    47       47.0000       46.0000 15800779    2.13%
 209046 141520       46.0000   107       47.0000       46.0000 15824822    2.13%
 209731 142045       46.0000    54       47.0000       46.0000 15855967    2.13%
 210259 142427       46.0000    38       47.0000       46.0000 15885841    2.13%
 210637 142708       46.0000    37       47.0000       46.0000 15913606    2.13%
 211337 143166       46.0000    37       47.0000       46.0000 15951151    2.13%

Clique cuts applied:  149
Zero-half cuts applied:  26
Lift and project cuts applied:  3
Gomory fractional cuts applied:  36

Root node processing (before b&c):
  Real time             =   21.73 sec. (19164.62 ticks)
Sequential b&c:
  Real time             = 10778.63 sec. (4746831.59 ticks)
                          ------------
Total (root+branch&cut) = 10800.36 sec. (4765996.21 ticks)

Solution pool: 5 solutions saved.

MIP - Time limit exceeded, integer feasible:  Objective = 4.7000000000e+001
Current MIP best bound = 4.6000000000e+001 (gap = 1, 2.13%)
Solution time = 10800.39 sec.  Iterations = 15998894  Nodes = 212137 (143719)
Deterministic time = 4765996.27 ticks  (441.28 ticks/sec)


Incumbent solution written to file 'Casex-3.sol'.
Freeing branch-and-bound tree with 57110 nodes
3000 nodes freed
8000 nodes freed
12000 nodes freed
17000 nodes freed
