
Gurobi 7.0.1 (win64) logging started 02/08/18 13:32:50

Set parameter TimeLimit to value 3600
Set parameter Threads to value 4

Gurobi Optimizer version 7.0.1 build v7.0.1rc0 (win64)
Copyright (c) 2016, Gurobi Optimization, Inc.

Read LP format model from file waterstop_5_180114.lp
Reading time = 0.49 seconds
Objective: 79674 rows, 27984 columns, 428792 nonzeros
Optimize a model with 79674 rows, 27984 columns and 428792 nonzeros
Variable types: 180 continuous, 27804 integer (0 binary)
Coefficient statistics:
  Matrix range     [3e-01, 1e+02]
  Objective range  [1e+00, 1e+00]
  Bounds range     [1e+00, 1e+00]
  RHS range        [1e+00, 1e+02]
Presolve removed 29649 rows and 3093 columns
Presolve time: 2.39s
Presolved: 50025 rows, 24891 columns, 195702 nonzeros
Variable types: 112 continuous, 24779 integer (24779 binary)

Root simplex log...

Iteration    Objective       Primal Inf.    Dual Inf.      Time
    5821    6.2677078e-05   4.030100e+00   0.000000e+00      5s
    5938    0.0000000e+00   0.000000e+00   0.000000e+00      5s

Root relaxation: objective 0.000000e+00, 5938 iterations, 1.92 seconds
Total elapsed time = 10.55s
Total elapsed time = 16.36s

    Nodes    |    Current Node    |     Objective Bounds      |     Work
 Expl Unexpl |  Obj  Depth IntInf | Incumbent    BestBd   Gap | It/Node Time

     0     0    0.00000    0  303          -    0.00000      -     -   19s
     0     0    0.00000    0  860          -    0.00000      -     -   29s
     0     0    0.00000    0  823          -    0.00000      -     -   37s
     0     0    0.00000    0 1148          -    0.00000      -     -   44s
     0     0    0.00000    0  729          -    0.00000      -     -   50s
     0     0    0.00000    0  516          -    0.00000      -     -   55s
     0     0    0.00000    0  522          -    0.00000      -     -   58s
     0     0    0.00000    0  438          -    0.00000      -     -   62s
     0     0    0.00000    0  418          -    0.00000      -     -   64s
     0     0    0.00000    0  791          -    0.00000      -     -   65s
     0     0    0.00000    0  655          -    0.00000      -     -   69s
     0     0    0.00000    0  522          -    0.00000      -     -   75s
     0     0    0.00000    0  231          -    0.00000      -     -   95s
     0     0    0.00000    0  904          -    0.00000      -     -   99s
     0     0    0.00000    0  184          -    0.00000      -     -  136s
     0     0    0.00000    0  190          -    0.00000      -     -  161s
     0     0    0.00000    0  485          -    0.00000      -     -  165s
     0     0    0.00000    0  292          -    0.00000      -     -  194s
     0     0    0.00000    0  266          -    0.00000      -     -  207s
     0     2    0.00000    0  251          -    0.00000      -     -  236s
     1     4    0.00000    1  117          -    0.00000      -  9416  246s
     3     8    0.00000    2  112          -    0.00000      -  5185  253s
     7    12    0.00000    3  107          -    0.00000      -  3433  255s
    19    20    0.00000    5  276          -    0.00000      -  1827  263s
    23    25    0.00000    5  249          -    0.00000      -  1758  267s
    29    29    0.00000    6  207          -    0.00000      -  1651  272s
    42    44    0.00000   11  482          -    0.00000      -  1494  282s
    65    64    0.00000   20  380          -    0.00000      -  1375  299s
   131   135    0.00000   45  529          -    0.00000      -  1156  321s
   218   218    0.00000   60  397          -    0.00000      -  1145  344s
   317   319    0.00000   90  239          -    0.00000      -  1223  367s
   511   508    0.00000  144  282          -    0.00000      -  1079  385s
   743   719   14.00348  203  458          -    0.00000      -   949  400s
   813   766    2.89811    8  332          -    0.00000      -   981  415s
   893   853    0.00000   23  246          -    0.00000      -  1028  430s
  1057  1038    6.52292   33  312          -    0.00000      -   985  446s
  1393  1340    0.42297  121  266          -    0.00000      -   889  482s
  1395  1341   41.55764   75  583          -    0.00000      -   888  512s
  1396  1342    0.00000   20  415          -    0.00000      -   887  541s
  1398  1343    2.08391  232  196          -    0.00000      -   886  563s
  1399  1344    0.00000   53  160          -    0.00000      -   885  565s
  1400  1345   32.95680  153  199          -    0.00000      -   885  578s
  1401  1345    3.55393  141  188          -    0.00000      -   884  580s
  1402  1346    0.00000   26  175          -    0.00000      -   884  595s
  1404  1347   32.99308  209  113          -    0.00000      -   882  616s
  1406  1349    3.59787  266   72          -    0.00000      -   881  631s
  1408  1350    0.00000  125   77          -    0.00000      -   880  652s
  1410  1351    2.08391  235   61          -    0.00000      -   879  685s
  1412  1353    0.00000   53   91          -    0.00000      -   877  727s
  1414  1354    0.00000   75   73          -    0.00000      -   876  784s
  1415  1355   41.55764   75   73          -    0.00000      -   875  791s
  1416  1355    0.00000   20   73          -    0.00000      -   875  815s
  1417  1359    0.00000   11  183          -    0.00000      -   257  851s
  1419  1362    0.00000   12  230          -    0.00000      -   258  871s
  1423  1365    0.00000   13  216          -    0.00000      -   259  884s
  1427  1368    0.00000   13  172          -    0.00000      -   259  902s
  1431  1370    0.00000   14  154          -    0.00000      -   260  911s
  1435  1373    0.00000   14  247          -    0.00000      -   260  926s
  1439  1377    0.00000   15  169          -    0.00000      -   262  945s
  1445  1375    0.00000   16  140          -    0.00000      -   263  955s
  1452  1379    0.00000   17  133          -    0.00000      -   266  961s
  1457  1381    0.00000   18  195          -    0.00000      -   266  976s
  1470  1390    0.00000   19  169          -    0.00000      -   280 1013s
  1525  1422    0.00000   27  146          -    0.00000      -   351 1096s
  1624  1483    0.00000   41  164          -    0.00000      -   466 1212s
  1893  1575 infeasible   91               -    0.00000      -   599 1272s
  2088  1597    2.72089  143  171          -    0.00000      -   623 1319s
  2284  1593    4.16716  206  180          -    0.00000      -   657 1380s
  2390  1608    0.00000   37  154          -    0.00000      -   713 1431s
  2489  1625    0.00000   42  338          -    0.00000      -   757 1485s
  2630  1670    0.00000   68  175          -    0.00000      -   794 1533s
  2836  1742    0.00000  132  167          -    0.00000      -   801 1596s
  3270  1961 infeasible  241               -    0.00000      -   783 1637s
  3372  2004    0.00000  265  166          -    0.00000      -   811 1674s
  3631  2162    0.76136  193  288          -    0.00000      -   785 1675s
  3851  2273 infeasible  319               -    0.00000      -   761 1713s
  3934  2289    1.61512  320  374          -    0.00000      -   778 1764s
  4391  2440 infeasible  365               -    0.00000      -   756 1813s
  4461  2458    3.41554  179  303          -    0.00000      -   765 1856s
  4590  2518    5.73132  226  302          -    0.00000      -   770 1898s
  5126  2754   15.86693  304  310          -    0.00000      -   738 1934s
  5818  3093 infeasible  421               -    0.00000      -   705 1981s
  5939  3181   16.97612  158  234          -    0.00000      -   713 2021s
  6496  3555 infeasible  353               -    0.00000      -   685 2060s
  6673  3710    0.00000   78  229          -    0.00000      -   691 2096s
  7348  4315    0.11008  174  301          -    0.00000      -   667 2135s
  8599  5234   18.27626  199  317          -    0.00000      -   602 2178s
  8728  5274   23.76877  218  283          -    0.00000      -   606 2214s
  9465  5805 infeasible  128               -    0.00000      -   594 2259s
  9571  5827 infeasible  228               -    0.00000      -   603 2302s
  9689  5901    9.62903  179  295          -    0.00000      -   611 2342s
 10746  6790    0.00000  231  270          -    0.00000      -   589 2406s
 10894  6900    0.00000  281  203          -    0.00000      -   601 2475s
 11528  7354    0.00000  361  184          -    0.00000      -   597 2567s
 11604  7405    0.00000  383  195          -    0.00000      -   622 2615s
 11664  7443    0.00000  403  254          -    0.00000      -   635 2673s
 11776  7483   15.00707  416  268          -    0.00000      -   642 2710s
 13218  8493 infeasible  436               -    0.00000      -   602 2762s
 13293  8478 infeasible  177               -    0.00000      -   612 2813s
 13355  8494   20.70239  320  266          -    0.00000      -   621 2849s
 14382  9238 infeasible  171               -    0.00000      -   604 2892s
 14426  9236 infeasible  168               -    0.00000      -   614 2935s
 14489  9229   35.19001  342  287          -    0.00000      -   618 2995s
 14557  9258   14.24170  274  225          -    0.00000      -   635 3039s
 14670  9330    0.00000  271  279          -    0.00000      -   642 3074s
 15713 10198 infeasible  460               -    0.00000      -   621 3116s
 15796 10204    0.00000  311  315          -    0.00000      -   625 3158s
 15856 10220    0.00000   49  157          -    0.00000      -   630 3195s
 16118 10440    0.00000   81  151          -    0.00000      -   630 3231s
 16825 10972 infeasible  126               -    0.00000      -   621 3264s
 17476 11478 infeasible  240               -    0.00000      -   619 3307s
 17547 11506    0.00000  204  257          -    0.00000      -   623 3360s
 17598 11541    0.00000  231  234          -    0.00000      -   630 3404s
 17684 11606 infeasible  292               -    0.00000      -   634 3437s
 18078 11841 infeasible  211               -    0.00000      -   631 3484s
 18139 11877 infeasible  174               -    0.00000      -   636 3530s
 18235 11938   63.67524  199  313          -    0.00000      -   638 3564s
 18535 12166    8.98673  193  293          -    0.00000      -   632 3565s
 18923 12445 infeasible  260               -    0.00000      -   631 3600s

Cutting planes:
  Cover: 2
  Implied bound: 18
  Clique: 6
  MIR: 3
  Flow cover: 2
  Zero half: 16

Explored 19605 nodes (13694522 simplex iterations) in 3600.16 seconds
Thread count was 4 (of 20 available processors)

Solution count 0
Pool objective bound 0

Time limit reached
Best objective -, best bound 0.000000000000e+00, gap -

Unable to retrieve attribute 'X'

