
Log started (V12.6.1.0) Wed Feb 07 16:48:55 2018

New value for time limit in seconds: 10800
New value for default parallel thread count: 1
Tried aggregator 3 times.
MIP Presolve eliminated 18074 rows and 1298 columns.
MIP Presolve modified 144 coefficients.
Aggregator did 13 substitutions.
Reduced MIP has 3843 rows, 17586 columns, and 107617 nonzeros.
Reduced MIP has 17388 binaries, 198 generals, 0 SOSs, and 0 indicators.
Presolve time = 0.11 sec. (94.42 ticks)
Found incumbent of value 791.000000 after 0.33 sec. (228.05 ticks)
Probing time = 0.02 sec. (6.80 ticks)
Tried aggregator 1 time.
Reduced MIP has 3843 rows, 17586 columns, and 107617 nonzeros.
Reduced MIP has 17388 binaries, 198 generals, 0 SOSs, and 0 indicators.
Presolve time = 0.05 sec. (47.61 ticks)
Probing time = 0.00 sec. (5.88 ticks)
Clique table members: 47492.
MIP emphasis: balance optimality and feasibility.
MIP search method: dynamic search.
Parallel mode: none, using 1 thread.
Root relaxation solution time = 1.23 sec. (1513.06 ticks)

        Nodes                                         Cuts/
   Node  Left     Objective  IInf  Best Integer    Best Bound    ItCnt     Gap

*     0+    0                          791.0000     -655.0000           182.81%
      0     0       17.0000   759      791.0000       17.0000     5296   97.85%
      0     0       26.3333   444      791.0000      Cuts: 17     7541   96.67%
      0     0       33.0000   546      791.0000      Cuts: 60    10576   95.83%
      0     0       33.0000   499      791.0000      Cuts: 53    13906   95.83%
      0     0       33.0000   604      791.0000      Cuts: 46    17062   95.83%
      0     0       33.0000   149      791.0000    Cliques: 1    17085   95.83%
      0     0       33.0000   374      791.0000      Cuts: 32    18755   95.83%
*     0+    0                           75.0000       33.0000            56.00%
*     0+    0                           62.0000       33.0000            46.77%
*     0+    0                           58.0000       33.0000            43.10%
*     0+    0                           56.0000       33.0000            41.07%
      0     2       33.0000   279       56.0000       33.0000    18755   41.07%
Elapsed time = 20.66 sec. (24591.09 ticks, tree = 0.00 MB, solutions = 5)
      1     3       33.0000   303       56.0000       33.0000    24553   41.07%
      2     4       33.0000   447       56.0000       33.0000    26423   41.07%
      3     5       34.0000   409       56.0000       33.0000    30352   41.07%
      4     6       33.0000   377       56.0000       33.0000    31786   41.07%
      5     7       33.0000   446       56.0000       33.0000    33410   41.07%
      6     8       33.0000   364       56.0000       33.0000    36146   41.07%
      7     9       33.0000   401       56.0000       33.0000    39871   41.07%
      8    10       33.0000   369       56.0000       33.0000    40370   41.07%
      9    11       33.0000   374       56.0000       33.0000    41461   41.07%
     12    14       34.0000   336       56.0000       33.0000    48116   41.07%
Elapsed time = 28.42 sec. (35166.74 ticks, tree = 0.36 MB, solutions = 5)
     17    19       34.0000   356       56.0000       33.0000    61917   41.07%
     20    22       33.1111   448       56.0000       33.0000    68468   41.07%
     22    24       33.1111   457       56.0000       33.0000    71764   41.07%
     27    29       35.3333   476       56.0000       33.0000    84589   41.07%
     30    32       42.8333   507       56.0000       33.0000    94012   41.07%
     36    38       39.3333   485       56.0000       33.0000   106385   41.07%
     40    42       39.3333   619       56.0000       33.0000   112886   41.07%
     54    56       46.3333   491       56.0000       33.0000   121527   41.07%
     60    62       49.0000   440       56.0000       33.0000   124453   41.07%
     70    72       50.6667   415       56.0000       33.0000   129247   41.07%
Elapsed time = 38.58 sec. (47156.60 ticks, tree = 1.21 MB, solutions = 5)
     84    86       54.0000   307       56.0000       33.0000   136657   41.07%
     97    99       55.0000   195       56.0000       33.0000   142406   41.07%
    114   114       55.0000   174       56.0000       33.0000   146814   41.07%
    126   120       33.0000   521       56.0000       33.0000   157771   41.07%
    133   127       38.0000   474       56.0000       33.0000   171432   41.07%
    140   134       41.0000   428       56.0000       33.0000   175827   41.07%
    150   144       42.3333   342       56.0000       33.0000   183026   41.07%
    160   154       43.0000   338       56.0000       33.0000   192092   41.07%
    168   162       43.0000   242       56.0000       33.0000   199700   41.07%
    184   178       45.3333   177       56.0000       33.0000   214246   41.07%
Elapsed time = 49.13 sec. (60069.24 ticks, tree = 2.09 MB, solutions = 5)
    201   195       50.5000   135       56.0000       33.0000   229617   41.07%
    211   205       53.0000    72       56.0000       33.0000   245320   41.07%
    237   231       53.0000    28       56.0000       33.0000   262489   41.07%
*   240+  207                           55.0000       33.0000            40.00%
    265   232       54.0000     6       55.0000       33.0000   278871   40.00%
    270   233       34.0000   587       55.0000       33.0000   289381   40.00%
    288   251       46.4000   541       55.0000       33.0000   299498   40.00%
    296   259       46.4000   514       55.0000       33.0000   304218   40.00%
    312   273        cutoff             55.0000       33.0000   310524   40.00%
    324   285       50.0000   308       55.0000       33.0000   318551   40.00%
    348   309       52.5556   118       55.0000       33.0000   334328   40.00%
Elapsed time = 59.02 sec. (70386.04 ticks, tree = 3.38 MB, solutions = 6)
    369   316       33.0000   326       55.0000       33.0000   348498   40.00%
    385   332       44.0000   237       55.0000       33.0000   363744   40.00%
    400   343       54.0000   182       55.0000       33.0000   381562   40.00%
    409   350       54.0000   102       55.0000       33.0000   397361   40.00%
    419   354       36.0000   377       55.0000       33.0000   413249   40.00%
    432   367       44.0000   413       55.0000       33.0000   424377   40.00%
    447   382       47.0000   324       55.0000       33.0000   438433   40.00%
    464   399       47.7429   225       55.0000       33.0000   453309   40.00%
    486   415       42.0000   281       55.0000       33.0000   468999   40.00%
    494   423       36.0000   438       55.0000       33.0000   477701   40.00%
Elapsed time = 74.69 sec. (85377.10 ticks, tree = 4.50 MB, solutions = 6)
    495   424       46.0000    33       55.0000       46.0000   519852   16.36%
    496   424       46.0000   109       55.0000       46.0000   524723   16.36%
    498   283       46.0000   405       55.0000       46.0000   528084   16.36%
    499   284       46.0000   390       55.0000       46.0000   530657   16.36%
    500   285       46.0000   448       55.0000       46.0000   531163   16.36%
    501   286       46.0000   581       55.0000       46.0000   535774   16.36%
    503   286       46.0000   439       55.0000       46.0000   537996   16.36%
    505   287       54.0000   522       55.0000       46.0000   542796   16.36%
    508   289       46.0000   383       55.0000       46.0000   548969   16.36%
    510   289       46.4000   473       55.0000       46.0000   553331   16.36%
Elapsed time = 131.00 sec. (153188.50 ticks, tree = 3.09 MB, solutions = 6)
    511   289       46.0000   406       55.0000       46.0000   554008   16.36%
    512   290       46.0000   458       55.0000       46.0000   557042   16.36%
    515   291       46.0000   384       55.0000       46.0000   558297   16.36%
    517   292       46.2857   474       55.0000       46.0000   560460   16.36%
    518   292       46.0000   400       55.0000       46.0000   563871   16.36%
    520   294       46.0000   507       55.0000       46.0000   564650   16.36%
    522   296       46.0000   533       55.0000       46.0000   570286   16.36%
    525   298       46.0000   491       55.0000       46.0000   571321   16.36%
    528   300       46.4000   513       55.0000       46.0000   575533   16.36%
    531   301       46.0000   504       55.0000       46.0000   577417   16.36%
Elapsed time = 146.41 sec. (171344.57 ticks, tree = 3.93 MB, solutions = 6)
    535   304       46.0000   468       55.0000       46.0000   579983   16.36%
    538   306       46.0000   436       55.0000       46.0000   583832   16.36%
    541   309       46.0000   453       55.0000       46.0000   585821   16.36%
    544   309       46.0000   422       55.0000       46.0000   588385   16.36%
    547   312       46.0000   460       55.0000       46.0000   592185   16.36%
    550   308       46.0000   446       55.0000       46.0000   595706   16.36%
    553   308       46.5000   457       55.0000       46.0000   598668   16.36%
    555   310       47.0000   476       55.0000       46.0000   601094   16.36%
    559   312       47.5000   478       55.0000       46.0000   602131   16.36%
    562   314       47.0000   479       55.0000       46.0000   605385   16.36%
Elapsed time = 156.72 sec. (183757.24 ticks, tree = 5.29 MB, solutions = 6)
    566   316       48.0000   505       55.0000       46.0000   607299   16.36%
    571   314       48.0000   484       55.0000       46.0000   608871   16.36%
    574   316       48.0000   493       55.0000       46.0000   611265   16.36%
    577   318       48.0000   460       55.0000       46.0000   612357   16.36%
    581   315       48.0000   429       55.0000       46.0000   614704   16.36%
    585   319       48.0000   395       55.0000       46.0000   616933   16.36%
    589   322       48.0000   399       55.0000       46.0000   618975   16.36%
    594   322       48.0000   383       55.0000       46.0000   620058   16.36%
    597   324       48.0000   333       55.0000       46.0000   621754   16.36%
    603   328       48.0000   238       55.0000       46.0000   624608   16.36%
Elapsed time = 165.97 sec. (194810.64 ticks, tree = 6.92 MB, solutions = 6)
    610   330       49.0000   212       55.0000       46.0000   627132   16.36%
    615   331       49.0000   221       55.0000       46.0000   629428   16.36%
    623   337       49.0000   196       55.0000       46.0000   634602   16.36%
    632   341       49.0000    96       55.0000       46.0000   644216   16.36%
    639   344       50.0000    39       55.0000       46.0000   654260   16.36%
    651   349       51.0000    68       55.0000       46.0000   666540   16.36%
*   655+  277                           52.0000       46.0000            11.54%
    661   278        cutoff             52.0000       46.0000   676157   11.54%
    670   277       51.0000    30       52.0000       46.0000   686495   11.54%
    685   282       51.0000    12       52.0000       46.0000   691565   11.54%
    722   281       46.5000   441       52.0000       46.0000   708504   11.54%
Elapsed time = 177.78 sec. (208513.76 ticks, tree = 9.56 MB, solutions = 7)
    732   287       47.5000   525       52.0000       46.0000   714844   11.54%
    741   290       48.0000   488       52.0000       46.0000   721777   11.54%
    752   294       50.0000   495       52.0000       46.0000   728951   11.54%
    764   290       46.0000   398       52.0000       46.0000   739138   11.54%
    775   298       47.0000   498       52.0000       46.0000   745864   11.54%
    791   306       47.5000   541       52.0000       46.0000   754760   11.54%
    799   305       46.0000   381       52.0000       46.0000   771442   11.54%
    811   310       47.0000   479       52.0000       46.0000   781681   11.54%
    826   319       47.0000   545       52.0000       46.0000   789272   11.54%
    835   319       46.2000   397       52.0000       46.0000   803793   11.54%
Elapsed time = 211.69 sec. (249056.29 ticks, tree = 13.44 MB, solutions = 7)
    851   325       47.7500   393       52.0000       46.0000   818633   11.54%
    874   335       50.0000   195       52.0000       46.0000   832651   11.54%
    895   347       50.1111   141       52.0000       46.0000   862730   11.54%
*   925+  283                           51.0000       46.0000             9.80%
    930   284       47.0000   286       51.0000       46.0000   884350    9.80%
    952   301       49.0000   243       51.0000       46.0000   902865    9.80%
*   975+  270                           50.0000       46.0000             8.00%
    976   273       49.0000    23       50.0000       46.0000   935835    8.00%
   1018   295       49.0000    38       50.0000       46.0000   973010    8.00%
   1031   300       47.0000   556       50.0000       46.0000   989091    8.00%
   1039   308       47.3103   671       50.0000       46.0000   996315    8.00%
   1050   317       48.0000   655       50.0000       46.0000  1002937    8.00%
Elapsed time = 245.45 sec. (289020.94 ticks, tree = 15.25 MB, solutions = 9)
   1064   329       49.0000   604       50.0000       46.0000  1010389    8.00%
   1076   340       49.0000   591       50.0000       46.0000  1013968    8.00%
   1093   357       49.0000   441       50.0000       46.0000  1018283    8.00%
   1117   381       49.0000    55       50.0000       46.0000  1024963    8.00%
   1151   389       48.6667   462       50.0000       46.0000  1050969    8.00%
   1163   395       47.0000   529       50.0000       46.0000  1068514    8.00%
   1182   413       48.0000   546       50.0000       46.0000  1077427    8.00%
   1195   419       49.0000   500       50.0000       46.0000  1095514    8.00%
   1211   431       47.0000   428       50.0000       46.0000  1112805    8.00%
   1221   441       48.0000   438       50.0000       46.0000  1121180    8.00%
Elapsed time = 278.92 sec. (329466.67 ticks, tree = 21.33 MB, solutions = 9)
   1236   454       49.0000   473       50.0000       46.0000  1131582    8.00%
   1259   477       49.0000   203       50.0000       46.0000  1142596    8.00%
   1303   515       49.0000    69       50.0000       46.0000  1171507    8.00%
   1347   541       47.0000   417       50.0000       46.0000  1208269    8.00%
   1367   561       49.0000   449       50.0000       46.0000  1222538    8.00%
   1386   580       49.0000   221       50.0000       46.0000  1234994    8.00%
*  1408   320      integral     0       49.0000       46.0000  1255981    6.12%
   1411   320       46.3556   418       49.0000       46.0000  1262114    6.12%
   1436   339       46.0000   454       49.0000       46.0000  1278781    6.12%
   1460   358       47.5000   425       49.0000       46.0000  1292781    6.12%
   1477   365       48.0000   600       49.0000       46.0000  1312459    6.12%
Elapsed time = 312.02 sec. (368882.84 ticks, tree = 18.09 MB, solutions = 10)
   1494   378       48.0000   537       49.0000       46.0000  1323633    6.12%
   1508   388       47.0000   519       49.0000       46.0000  1337164    6.12%
   1527   405       48.0000   499       49.0000       46.0000  1347697    6.12%
   1538   406       46.0000   488       49.0000       46.0000  1370996    6.12%
   1555   416       47.0000   510       49.0000       46.0000  1384485    6.12%
   1574   428       47.0000   444       49.0000       46.0000  1394641    6.12%
   1580   434       48.0000   485       49.0000       46.0000  1398176    6.12%
   1597   444       48.0000   402       49.0000       46.0000  1410431    6.12%
   1615   453       46.2000   456       49.0000       46.0000  1423863    6.12%
   1634   467       47.0000   380       49.0000       46.0000  1435932    6.12%
Elapsed time = 346.25 sec. (408994.99 ticks, tree = 23.56 MB, solutions = 10)
   1654   479       47.0000   436       49.0000       46.0000  1455230    6.12%
   1670   490       46.6000   521       49.0000       46.0000  1469600    6.12%
   1685   496       46.0000   297       49.0000       46.0000  1491970    6.12%
   1710   516        cutoff             49.0000       46.0000  1510387    6.12%
   1726   522        cutoff             49.0000       46.0000  1536228    6.12%
   1740   531       47.2800   569       49.0000       46.0000  1566861    6.12%
   1757   538       47.1111   477       49.0000       46.0000  1592586    6.12%
   1771   540        cutoff             49.0000       46.0000  1610138    6.12%
   1784   544       47.5000   269       49.0000       46.0000  1630145    6.12%
   1801   549       47.6667   602       49.0000       46.0000  1654417    6.12%
Elapsed time = 381.86 sec. (449042.22 ticks, tree = 28.06 MB, solutions = 10)
   1820   559       46.0000   451       49.0000       46.0000  1668638    6.12%
   1842   570        cutoff             49.0000       46.0000  1683080    6.12%
   1862   575       46.0000   450       49.0000       46.0000  1699230    6.12%
   1881   585       47.6667   511       49.0000       46.0000  1712922    6.12%
   1905   590       47.0000   522       49.0000       46.0000  1729159    6.12%
   1924   593       46.0000   446       49.0000       46.0000  1743420    6.12%
   1943   602       46.0000   433       49.0000       46.0000  1763011    6.12%
   1961   611       47.0000   426       49.0000       46.0000  1783383    6.12%
   1981   616    infeasible             49.0000       46.0000  1805729    6.12%
   2007   627       46.0000   527       49.0000       46.0000  1820106    6.12%
Elapsed time = 415.64 sec. (488402.04 ticks, tree = 32.17 MB, solutions = 10)
   2015   635       47.2000   562       49.0000       46.0000  1830571    6.12%
   2036   643       47.0000   514       49.0000       46.0000  1848213    6.12%
   2051   645       46.0000   443       49.0000       46.0000  1864259    6.12%
   2068   650       46.2500   491       49.0000       46.0000  1885828    6.12%
   2084   658       47.3667   636       49.0000       46.0000  1903238    6.12%
   2101   660        cutoff             49.0000       46.0000  1931364    6.12%
   2115   670       46.6667   548       49.0000       46.0000  1947884    6.12%
   2133   683       48.0000   554       49.0000       46.0000  1961851    6.12%
   2149   697       47.6667   566       49.0000       46.0000  1974817    6.12%
   2165   699       47.0000   482       49.0000       46.0000  1990577    6.12%
Elapsed time = 451.53 sec. (528707.77 ticks, tree = 36.07 MB, solutions = 10)
   2186   705       47.3333   538       49.0000       46.0000  2007947    6.12%
   2203   713       46.3250   507       49.0000       46.0000  2024456    6.12%
   2219   720       47.0000   525       49.0000       46.0000  2038169    6.12%
   2237   729       46.6667   512       49.0000       46.0000  2054840    6.12%
   2258   738       46.6667   473       49.0000       46.0000  2073162    6.12%
   2274   743       46.6667   549       49.0000       46.0000  2097075    6.12%
   2289   749       46.5000   547       49.0000       46.0000  2116002    6.12%
   2304   760       48.0000   523       49.0000       46.0000  2130828    6.12%
   2323   766       47.2000   481       49.0000       46.0000  2146258    6.12%
   2335   764       46.8333   672       49.0000       46.0000  2161732    6.12%
Elapsed time = 488.05 sec. (570788.32 ticks, tree = 39.54 MB, solutions = 10)
   2347   771       47.0000   635       49.0000       46.0000  2177807    6.12%
   2360   781       47.5000   776       49.0000       46.0000  2186435    6.12%
   2373   783       46.3214   717       49.0000       46.0000  2198060    6.12%
   2387   787       47.2105   454       49.0000       46.0000  2213591    6.12%
   2409   791       46.4667   369       49.0000       46.0000  2234898    6.12%
   2435   803       47.2000   305       49.0000       46.0000  2255657    6.12%
   2451   807       47.2083   604       49.0000       46.0000  2274100    6.12%
   2473   808       46.6667   453       49.0000       46.0000  2292151    6.12%
   2493   814       47.3333   492       49.0000       46.0000  2308379    6.12%
   2506   813       62.0000   447       49.0000       46.0000  2321098    6.12%
Elapsed time = 525.14 sec. (611495.66 ticks, tree = 42.25 MB, solutions = 10)
   2518   819       47.5556   762       49.0000       46.0000  2335722    6.12%
   2529   818       46.1364   617       49.0000       46.0000  2350065    6.12%
   2542   825       46.2632   758       49.0000       46.0000  2368877    6.12%
   2559   832       46.6667   490       49.0000       46.0000  2379024    6.12%
   2575   836       46.0517   685       49.0000       46.1013  2400727    5.92%
   2591   840       47.1667   441       49.0000       46.1111  2427201    5.90%
   2599   837       48.0000   545       49.0000       46.1429  2436337    5.83%
   2611   841       47.0588   507       49.0000       46.1667  2453898    5.78%
   2627   850        cutoff             49.0000       46.1714  2469173    5.77%
   2645   852       46.6667   449       49.0000       46.2000  2482386    5.71%
Elapsed time = 563.84 sec. (653484.26 ticks, tree = 44.24 MB, solutions = 10)
   2663   857       47.4000   517       49.0000       46.2000  2502980    5.71%
   2683   863        cutoff             49.0000       46.2000  2518862    5.71%
   2695   861       46.2083   505       49.0000       46.2083  2532971    5.70%
   2712   865        cutoff             49.0000       46.2500  2550155    5.61%
   2734   872       47.6667   435       49.0000       46.2500  2564983    5.61%
   2757   873       47.8333   466       49.0000       46.2576  2583044    5.60%
   2774   881       46.5333   735       49.0000       46.2632  2597941    5.59%
   2790   888       47.5000   652       49.0000       46.2632  2606356    5.59%
   2800   889       48.0000   515       49.0000       46.2632  2615670    5.59%
   2820   894       46.2857   464       49.0000       46.2857  2636844    5.54%
Elapsed time = 602.23 sec. (693578.60 ticks, tree = 46.46 MB, solutions = 10)
   2835   900       46.9524   518       49.0000       46.2917  2656678    5.53%
   2854   911       47.0000   474       49.0000       46.3250  2671886    5.46%
   2871   919       46.6667   496       49.0000       46.3250  2685684    5.46%
   2894   929       47.3250   575       49.0000       46.3250  2699513    5.46%
   2915   939       47.3333   477       49.0000       46.3333  2711052    5.44%
   2940   933       46.6667   459       49.0000       46.3429  2728483    5.42%
   2962   943       47.3333   416       49.0000       46.3600  2743089    5.39%
   2980   949       48.0000   502       49.0000       46.3929  2758963    5.32%
   3004   957       47.3333   509       49.0000       46.4000  2774817    5.31%
   3029   968       46.9000   490       49.0000       46.4000  2790984    5.31%
Elapsed time = 637.14 sec. (733237.12 ticks, tree = 50.45 MB, solutions = 10)
   3049   971       46.4000   494       49.0000       46.4000  2807781    5.31%
   3066   981       47.3333   497       49.0000       46.4000  2827060    5.31%
   3086   990       46.5000   474       49.0000       46.4000  2843531    5.31%
   3096   992       46.6667   443       49.0000       46.4167  2852641    5.27%
   3122  1001       46.6667   528       49.0000       46.4286  2869826    5.25%
   3141  1006       47.3333   471       49.0000       46.5000  2886119    5.10%
   3165  1008       46.7338   517       49.0000       46.5000  2913542    5.10%
   3181  1015       46.5720   499       49.0000       46.5000  2929549    5.10%
   3197  1019    infeasible             49.0000       46.5000  2952828    5.10%
   3212  1025       46.9062   567       49.0000       46.5000  2973392    5.10%
Elapsed time = 675.20 sec. (773038.90 ticks, tree = 53.57 MB, solutions = 10)
   3228  1032       46.5000   440       49.0000       46.5000  2990821    5.10%
   3247  1034        cutoff             49.0000       46.5000  3006351    5.10%
   3267  1045       47.7632   343       49.0000       46.5000  3037925    5.10%
   3285  1049       47.6563   694       49.0000       46.5000  3065616    5.10%
   3304  1050       46.6364   471       49.0000       46.5000  3094648    5.10%
   3323  1057       46.7143   480       49.0000       46.5000  3120874    5.10%
   3342  1060       48.0000   389       49.0000       46.5000  3140986    5.10%
   3364  1060       47.1667   422       49.0000       46.5000  3163332    5.10%
   3383  1066       48.0000   442       49.0000       46.5000  3176502    5.10%
   3407  1072       47.0000   481       49.0000       46.5000  3194848    5.10%
Elapsed time = 714.00 sec. (814570.13 ticks, tree = 56.14 MB, solutions = 10)
   3430  1077       46.6667   447       49.0000       46.5000  3208360    5.10%
   3452  1081        cutoff             49.0000       46.5000  3226671    5.10%
   3471  1082       47.0000   499       49.0000       46.5000  3242298    5.10%
   3496  1089        cutoff             49.0000       46.5000  3257181    5.10%
   3509  1092       47.2500   579       49.0000       46.5000  3276086    5.10%
   3526  1096       47.4167   754       49.0000       46.5000  3292696    5.10%
   3545  1100       48.0000   403       49.0000       46.5000  3305834    5.10%
   3569  1107       48.0000   558       49.0000       46.5000  3319905    5.10%
   3587  1116       47.8469   437       49.0000       46.5000  3334482    5.10%
   3595  1117       46.5000   493       49.0000       46.5000  3344399    5.10%
Elapsed time = 750.58 sec. (856202.90 ticks, tree = 58.58 MB, solutions = 10)
   3609  1124       46.5000   509       49.0000       46.5000  3363461    5.10%
   3626  1133       47.5000   503       49.0000       46.5152  3378648    5.07%
   3648  1142       48.0000   494       49.0000       46.5152  3391181    5.07%
   3671  1145       47.5195   524       49.0000       46.5250  3408675    5.05%
   3694  1149       48.0000   567       49.0000       46.5333  3420810    5.03%
   3718  1145       47.1667   499       49.0000       46.5556  3438231    4.99%
   3744  1149       46.8333   467       49.0000       46.5556  3453216    4.99%
   3769  1153       47.1716   727       49.0000       46.5619  3466920    4.98%
   3786  1161       47.5000   489       49.0000       46.5833  3483488    4.93%
   3812  1163       48.0000   516       49.0000       46.5952  3502171    4.91%
Elapsed time = 788.17 sec. (895224.38 ticks, tree = 61.07 MB, solutions = 10)
   3838  1160       47.5000   466       49.0000       46.6000  3518584    4.90%
   3863  1160       47.5333   492       49.0000       46.6000  3530554    4.90%
   3884  1161       47.5000   527       49.0000       46.6286  3547649    4.84%
   3904  1159       47.6190   457       49.0000       46.6615  3564686    4.77%
   3928  1165       47.5000   434       49.0000       46.6667  3586063    4.76%
   3949  1172       47.5000   437       49.0000       46.6667  3602042    4.76%
   3977  1180       48.0000   516       49.0000       46.6667  3616930    4.76%
   4001  1181    infeasible             49.0000       46.6667  3630111    4.76%
   4029  1182       46.7197   519       49.0000       46.6667  3646279    4.76%
   4050  1183       46.7000   358       49.0000       46.7062  3665725    4.68%
Elapsed time = 823.63 sec. (935902.32 ticks, tree = 62.18 MB, solutions = 10)
   4073  1182       46.7143   339       49.0000       46.7143  3692059    4.66%
   4093  1184       47.7000   507       49.0000       46.7333  3711974    4.63%
   4117  1188       47.6429   453       49.0000       46.7375  3730479    4.62%
   4135  1188       47.5333   514       49.0000       46.7429  3742851    4.61%
   4154  1187        cutoff             49.0000       46.7667  3760446    4.56%
   4171  1186       47.5965   549       49.0000       46.8000  3787382    4.49%
   4190  1183       47.3250   534       49.0000       46.8333  3804791    4.42%
   4215  1185       47.3333   553       49.0000       46.8333  3822433    4.42%
   4241  1177       48.0000   418       49.0000       46.9000  3840723    4.29%
   4265  1178       47.5000   541       49.0000       46.9000  3852291    4.29%
Elapsed time = 861.22 sec. (976068.47 ticks, tree = 62.03 MB, solutions = 10)
   4285  1175       47.7062   568       49.0000       47.0000  3866148    4.08%
   4309  1170       47.5000   259       49.0000       47.0000  3893349    4.08%
   4330  1170       48.0000   184       49.0000       47.0000  3929426    4.08%
   4348  1171       47.5333   270       49.0000       47.0000  3964360    4.08%
   4367  1168        cutoff             49.0000       47.0000  4004205    4.08%
   4386  1172        cutoff             49.0000       47.0000  4034496    4.08%
   4400  1168       47.0000   325       49.0000       47.0000  4081336    4.08%
   4423  1172       47.2698   367       49.0000       47.0000  4107957    4.08%
   4444  1173       47.2083   393       49.0000       47.0000  4136905    4.08%
   4460  1176       47.2083   383       49.0000       47.0000  4166742    4.08%
Elapsed time = 901.88 sec. (1015624.18 ticks, tree = 61.95 MB, solutions = 10)
   4481  1178       47.5000   356       49.0000       47.0000  4192133    4.08%
   4498  1171       47.6667   346       49.0000       47.0000  4206930    4.08%
   4513  1171       47.6250   368       49.0000       47.0000  4223490    4.08%
   4531  1165    infeasible             49.0000       47.0000  4244871    4.08%
   4549  1167       47.0000   440       49.0000       47.0000  4264221    4.08%
   4563  1161       47.0000   482       49.0000       47.0000  4286510    4.08%
   4580  1159    infeasible             49.0000       47.0000  4312190    4.08%
   4594  1158       47.5556   477       49.0000       47.0000  4328442    4.08%
   4616  1156        cutoff             49.0000       47.0000  4343146    4.08%
   4637  1160    infeasible             49.0000       47.0000  4364265    4.08%
Elapsed time = 935.86 sec. (1054900.23 ticks, tree = 61.22 MB, solutions = 10)
   4655  1154        cutoff             49.0000       47.0000  4383754    4.08%
   4664  1152       47.5000   425       49.0000       47.0000  4398467    4.08%
   4680  1150       47.3077   483       49.0000       47.0000  4420083    4.08%
   4697  1141       47.6667   435       49.0000       47.0000  4436721    4.08%
   4714  1144       48.0000   355       49.0000       47.0000  4453410    4.08%
   4732  1143       47.0000   428       49.0000       47.0000  4470662    4.08%
   4754  1140       47.5000   430       49.0000       47.0000  4491679    4.08%
   4774  1134       48.0000   419       49.0000       47.0000  4505776    4.08%
   4789  1129    infeasible             49.0000       47.0000  4527804    4.08%
   4795  1129       47.5000   455       49.0000       47.0000  4536213    4.08%
Elapsed time = 971.20 sec. (1094889.39 ticks, tree = 59.63 MB, solutions = 10)
   4813  1126    infeasible             49.0000       47.0000  4555475    4.08%
   4828  1123        cutoff             49.0000       47.0000  4581493    4.08%
   4844  1117    infeasible             49.0000       47.0000  4608485    4.08%
   4859  1114    infeasible             49.0000       47.0000  4633720    4.08%
   4876  1113       47.3333   543       49.0000       47.0000  4659773    4.08%
   4892  1114        cutoff             49.0000       47.0000  4684493    4.08%
   4908  1111       47.0000   476       49.0000       47.0000  4709105    4.08%
   4929  1112       48.0000   480       49.0000       47.0000  4726666    4.08%
   4947  1107    infeasible             49.0000       47.0000  4753543    4.08%
   4967  1106       48.0000   464       49.0000       47.0000  4776266    4.08%
Elapsed time = 1004.45 sec. (1135058.91 ticks, tree = 58.60 MB, solutions = 10)
   4986  1100       47.0000   474       49.0000       47.0000  4796058    4.08%
   5002  1099    infeasible             49.0000       47.0000  4817628    4.08%
   5019  1099       47.5135   555       49.0000       47.0000  4837370    4.08%
   5034  1098       47.6667   563       49.0000       47.0000  4861841    4.08%
   5050  1101       47.0000   544       49.0000       47.0000  4879057    4.08%
   5066  1100       47.0000   424       49.0000       47.0000  4896669    4.08%
   5083  1098        cutoff             49.0000       47.0000  4919814    4.08%
   5098  1095        cutoff             49.0000       47.0000  4940828    4.08%
   5116  1089    infeasible             49.0000       47.0000  4959331    4.08%
   5135  1090    infeasible             49.0000       47.0000  4978828    4.08%
Elapsed time = 1036.69 sec. (1174488.92 ticks, tree = 57.87 MB, solutions = 10)
   5151  1096       47.5333   620       49.0000       47.0000  4996107    4.08%
   5165  1101       47.0000   473       49.0000       47.0000  5024614    4.08%
   5182  1104       47.0000   483       49.0000       47.0000  5047887    4.08%
   5196  1103       47.0652   566       49.0000       47.0000  5069443    4.08%
   5214  1105    infeasible             49.0000       47.0000  5082514    4.08%
   5232  1104       47.2632   533       49.0000       47.0000  5099042    4.08%
   5250  1097       48.0000   498       49.0000       47.0000  5121127    4.08%
   5265  1095    infeasible             49.0000       47.0000  5143365    4.08%
   5279  1101       47.0000   451       49.0000       47.0000  5167443    4.08%
   5295  1104       48.0000   488       49.0000       47.0000  5183804    4.08%
Elapsed time = 1073.28 sec. (1216223.59 ticks, tree = 58.58 MB, solutions = 10)
   5313  1101       47.4000   466       49.0000       47.0000  5203281    4.08%
   5332  1102    infeasible             49.0000       47.0000  5223998    4.08%
   5352  1099    infeasible             49.0000       47.0000  5243571    4.08%
   5369  1094    infeasible             49.0000       47.0000  5265384    4.08%
   5387  1097    infeasible             49.0000       47.0000  5284860    4.08%
   5395  1101       47.5000   584       49.0000       47.0000  5295807    4.08%
   5409  1102       48.0000   508       49.0000       47.0000  5313446    4.08%
   5421  1096    infeasible             49.0000       47.0000  5334164    4.08%
   5437  1092    infeasible             49.0000       47.0000  5351319    4.08%
   5447  1090    infeasible             49.0000       47.0000  5377490    4.08%
Elapsed time = 1108.64 sec. (1259442.39 ticks, tree = 57.91 MB, solutions = 10)
   5459  1091       47.1316   600       49.0000       47.0000  5399868    4.08%
   5475  1086    infeasible             49.0000       47.0000  5420459    4.08%
   5490  1081        cutoff             49.0000       47.0000  5441430    4.08%
   5506  1086       48.0000   501       49.0000       47.0000  5455110    4.08%
   5523  1082       47.4000   557       49.0000       47.0000  5478234    4.08%
   5537  1078       47.1154   524       49.0000       47.0000  5505845    4.08%
   5553  1077       47.1333   568       49.0000       47.0000  5526406    4.08%
   5565  1074       48.0000   569       49.0000       47.0000  5550550    4.08%
   5581  1082       48.0000   528       49.0000       47.0000  5566665    4.08%
   5600  1084       47.3333   570       49.0000       47.0000  5581565    4.08%
Elapsed time = 1140.42 sec. (1298948.45 ticks, tree = 57.64 MB, solutions = 10)
   5620  1081    infeasible             49.0000       47.0000  5604058    4.08%
   5636  1077    infeasible             49.0000       47.0000  5624333    4.08%
   5650  1076       47.0000   525       49.0000       47.0000  5652320    4.08%
   5663  1074       47.0000   630       49.0000       47.0000  5674800    4.08%
   5677  1080       47.0000   683       49.0000       47.0000  5689529    4.08%
   5693  1080       48.0000   485       49.0000       47.0000  5710004    4.08%
   5711  1085       47.0000   564       49.0000       47.0000  5727380    4.08%
   5726  1084        cutoff             49.0000       47.0000  5749440    4.08%
   5731  1084       48.0000   548       49.0000       47.0000  5766141    4.08%
   5745  1085       47.0000   513       49.0000       47.0000  5783798    4.08%
Elapsed time = 1172.56 sec. (1338515.59 ticks, tree = 57.66 MB, solutions = 10)
   5756  1088       47.2632   596       49.0000       47.0000  5803781    4.08%
   5774  1090       47.2632   550       49.0000       47.0000  5826218    4.08%
   5790  1091       48.0000   519       49.0000       47.0000  5854689    4.08%
   5805  1089       47.8778   600       49.0000       47.0000  5879091    4.08%
   5819  1088       47.0679   664       49.0000       47.0000  5900806    4.08%
   5837  1084    infeasible             49.0000       47.0000  5918177    4.08%
   5851  1086       47.0000   675       49.0000       47.0000  5933544    4.08%
   5863  1086       47.2083   733       49.0000       47.0000  5954450    4.08%
   5879  1084       48.0000   592       49.0000       47.0000  5976568    4.08%
   5895  1084       47.2222   729       49.0000       47.0000  5992804    4.08%
Elapsed time = 1207.98 sec. (1378583.08 ticks, tree = 57.68 MB, solutions = 10)
   5907  1081       47.2292   783       49.0000       47.0000  6013586    4.08%
   5918  1079       47.0000   732       49.0000       47.0000  6034353    4.08%
   5934  1078       47.2222   788       49.0000       47.0000  6046372    4.08%
   5959  1073    infeasible             49.0000       47.0000  6061191    4.08%
   5984  1068        cutoff             49.0000       47.0000  6077049    4.08%
   6007  1054        cutoff             49.0000       47.0000  6103203    4.08%
   6024  1051       47.2135   565       49.0000       47.0517  6116065    3.98%
   6041  1051       47.1111   520       49.0000       47.0670  6134221    3.94%
   6059  1046        cutoff             49.0000       47.0833  6147505    3.91%
   6079  1045    infeasible             49.0000       47.0909  6169108    3.90%
Elapsed time = 1240.94 sec. (1418815.50 ticks, tree = 55.70 MB, solutions = 10)
   6097  1045       47.2632   711       49.0000       47.0952  6189071    3.89%
   6120  1037       47.1111   495       49.0000       47.1111  6207391    3.85%
   6144  1037       48.0000   436       49.0000       47.1250  6228437    3.83%
   6161  1034       47.3667   553       49.0000       47.1316  6245561    3.81%
   6187  1027        cutoff             49.0000       47.1429  6265001    3.79%
   6206  1022    infeasible             49.0000       47.1515  6301305    3.77%
   6224  1020       48.0000   497       49.0000       47.1667  6321214    3.74%
   6247  1022       48.0000   557       49.0000       47.1667  6339742    3.74%
   6267  1017       48.0000   604       49.0000       47.1667  6355089    3.74%
   6288  1019       48.0000   523       49.0000       47.1818  6371695    3.71%
Elapsed time = 1277.86 sec. (1458832.18 ticks, tree = 54.26 MB, solutions = 10)
   6311  1017       48.0000   376       49.0000       47.2000  6386928    3.67%
   6334  1021       47.2000   545       49.0000       47.2000  6403885    3.67%
   6356  1031       48.0000   457       49.0000       47.2000  6417654    3.67%
   6378  1028       47.2083   489       49.0000       47.2083  6435290    3.66%
   6395  1019        cutoff             49.0000       47.2143  6463174    3.64%
   6419  1019        cutoff             49.0000       47.2308  6481290    3.61%
   6437  1019       47.5000   280       49.0000       47.2500  6498056    3.57%
   6462  1020       48.0000   338       49.0000       47.2500  6512919    3.57%
   6487  1016       47.2500   496       49.0000       47.2500  6533076    3.57%
   6509  1017    infeasible             49.0000       47.2500  6545233    3.57%
Elapsed time = 1308.61 sec. (1498060.16 ticks, tree = 54.23 MB, solutions = 10)
   6530  1015       47.5000   630       49.0000       47.2500  6559978    3.57%
   6553  1010    infeasible             49.0000       47.2632  6574360    3.54%
   6574  1005       47.2632   641       49.0000       47.2632  6593993    3.54%
   6588   993        cutoff             49.0000       47.2857  6613688    3.50%
   6603   985        cutoff             49.0000       47.3091  6638645    3.45%
   6616   976       47.5000   324       49.0000       47.3333  6652283    3.40%
   6647   979       48.0000   423       49.0000       47.3333  6670464    3.40%
   6678   975       47.5000   405       49.0000       47.3333  6691430    3.40%
   6703   975       47.3571   467       49.0000       47.3333  6710668    3.40%
   6727   970       48.0000   462       49.0000       47.3333  6731232    3.40%
Elapsed time = 1338.20 sec. (1537667.38 ticks, tree = 51.72 MB, solutions = 10)
   6757   969       48.0000   437       49.0000       47.3333  6746936    3.40%
   6779   963       48.0000   461       49.0000       47.3333  6767381    3.40%
   6810   964       48.0000   516       49.0000       47.3333  6781732    3.40%
   6841   955        cutoff             49.0000       47.3333  6801119    3.40%
   6864   952       48.0000   532       49.0000       47.3333  6812171    3.40%
   6893   946        cutoff             49.0000       47.3750  6825746    3.32%
   6895   945       47.6000   476       49.0000       47.3846  6828687    3.30%
   6915   938       48.0000   509       49.0000       47.4000  6849130    3.27%
   6935   930        cutoff             49.0000       47.4286  6862503    3.21%
   6947   922       47.4649   520       49.0000       47.4649  6886845    3.13%
Elapsed time = 1374.67 sec. (1578956.34 ticks, tree = 49.20 MB, solutions = 10)
   6964   911    infeasible             49.0000       47.5000  6908098    3.06%
   7000   906    infeasible             49.0000       47.5000  6929185    3.06%
   7029   896       48.0000   406       49.0000       47.5000  6957743    3.06%
   7053   889       47.5000   410       49.0000       47.5000  6975932    3.06%
   7073   889       47.5000   425       49.0000       47.5000  6992974    3.06%
   7093   877       47.5000   469       49.0000       47.5000  7016577    3.06%
   7113   876       48.0000   521       49.0000       47.5000  7036170    3.06%
   7139   868       47.5000   439       49.0000       47.5000  7055851    3.06%
   7161   867       47.5000   475       49.0000       47.5000  7073297    3.06%
   7175   863       47.5000   483       49.0000       47.5000  7090576    3.06%
Elapsed time = 1407.05 sec. (1618357.66 ticks, tree = 46.10 MB, solutions = 10)
   7205   863       47.5000   383       49.0000       47.5000  7108344    3.06%
   7236   854        cutoff             49.0000       47.5000  7126988    3.06%
   7265   847       47.5000   530       49.0000       47.5000  7146240    3.06%
   7290   840       47.5000   555       49.0000       47.5000  7164808    3.06%
   7312   832       47.5000   501       49.0000       47.5000  7185262    3.06%
   7341   832       48.0000   503       49.0000       47.5000  7199036    3.06%
   7363   825    infeasible             49.0000       47.5000  7218595    3.06%
   7383   819    infeasible             49.0000       47.5000  7235199    3.06%
   7402   810    infeasible             49.0000       47.5000  7258255    3.06%
   7426   802        cutoff             49.0000       47.5000  7282835    3.06%
Elapsed time = 1439.27 sec. (1657424.33 ticks, tree = 42.83 MB, solutions = 10)
   7449   795       47.7000   540       49.0000       47.5000  7296460    3.06%
   7478   786       47.5000   504       49.0000       47.5000  7313398    3.06%
   7502   777       48.0000   609       49.0000       47.5000  7321436    3.06%
   7530   764        cutoff             49.0000       47.5195  7340409    3.02%
   7548   757       47.8075   601       49.0000       47.5714  7361568    2.92%
   7562   751       47.6000   467       49.0000       47.6000  7376590    2.86%
   7585   740        cutoff             49.0000       47.6250  7399213    2.81%
   7601   730       47.6667   365       49.0000       47.6667  7420782    2.72%
   7618   725       47.6667   430       49.0000       47.6667  7434107    2.72%
   7635   716       47.6667   523       49.0000       47.6667  7442755    2.72%
Elapsed time = 1469.83 sec. (1696655.21 ticks, tree = 38.22 MB, solutions = 10)
   7651   701       47.6667   478       49.0000       47.6667  7458482    2.72%
   7668   684        cutoff             49.0000       47.6667  7471423    2.72%
   7682   671       47.8333   470       49.0000       47.7000  7484132    2.65%
   7701   662    infeasible             49.0000       47.7062  7500791    2.64%
   7717   654       47.8333   537       49.0000       47.7222  7516747    2.61%
   7732   642       47.8333   464       49.0000       47.7500  7534054    2.55%
   7750   629        cutoff             49.0000       47.7813  7558665    2.49%
   7766   619        cutoff             49.0000       47.8333  7577827    2.38%
   7778   607        cutoff             49.0000       47.8600  7590888    2.33%
   7794   597        cutoff             49.0000       48.0000  7611068    2.04%
Elapsed time = 1497.17 sec. (1735982.48 ticks, tree = 31.83 MB, solutions = 10)
   7834   577       48.0000   305       49.0000       48.0000  7640567    2.04%
   7877   555       48.0000   299       49.0000       48.0000  7667162    2.04%
   7915   549       48.0000   350       49.0000       48.0000  7684578    2.04%
   7961   523       48.0000   385       49.0000       48.0000  7710800    2.04%
   7992   517       48.0000   387       49.0000       48.0000  7729151    2.04%
   8029   498        cutoff             49.0000       48.0000  7754967    2.04%
   8067   483        cutoff             49.0000       48.0000  7773953    2.04%
   8095   473       48.0000   452       49.0000       48.0000  7790916    2.04%
   8126   462    infeasible             49.0000       48.0000  7812331    2.04%
   8151   451       48.0000   480       49.0000       48.0000  7830122    2.04%
Elapsed time = 1529.70 sec. (1775987.84 ticks, tree = 23.98 MB, solutions = 10)
   8182   441       48.0000   446       49.0000       48.0000  7850362    2.04%
   8214   429       48.0000   412       49.0000       48.0000  7870441    2.04%
   8249   411        cutoff             49.0000       48.0000  7889396    2.04%
   8285   395       48.0000   457       49.0000       48.0000  7911078    2.04%
   8318   380       48.0000   427       49.0000       48.0000  7934827    2.04%
   8342   377       48.0000   461       49.0000       48.0000  7951878    2.04%
   8377   364        cutoff             49.0000       48.0000  7969722    2.04%
   8408   350    infeasible             49.0000       48.0000  7987763    2.04%
   8440   335       48.0000   466       49.0000       48.0000  8001840    2.04%
   8480   321    infeasible             49.0000       48.0000  8021000    2.04%
Elapsed time = 1561.03 sec. (1815198.12 ticks, tree = 17.10 MB, solutions = 10)
   8507   311       48.0000   482       49.0000       48.0000  8037024    2.04%
   8533   304        cutoff             49.0000       48.0000  8050309    2.04%
   8556   293    infeasible             49.0000       48.0000  8068341    2.04%
   8588   276        cutoff             49.0000       48.0000  8086104    2.04%
   8616   266       48.0000   447       49.0000       48.0000  8109716    2.04%
   8640   256        cutoff             49.0000       48.0000  8133062    2.04%
   8673   242    infeasible             49.0000       48.0000  8152033    2.04%
   8694   235       48.0000   514       49.0000       48.0000  8173530    2.04%
   8721   223       48.0000   502       49.0000       48.0000  8188804    2.04%
   8746   211       48.0000   513       49.0000       48.0000  8206586    2.04%
Elapsed time = 1590.44 sec. (1854624.44 ticks, tree = 11.22 MB, solutions = 10)
   8772   195       48.0000   492       49.0000       48.0000  8224237    2.04%
   8793   194       48.0000   535       49.0000       48.0000  8244771    2.04%
   8814   184       48.0000   574       49.0000       48.0000  8270424    2.04%
   8838   171       48.0000   520       49.0000       48.0000  8288693    2.04%
   8859   157        cutoff             49.0000       48.0000  8306508    2.04%
   8878   146       48.0000   527       49.0000       48.0000  8325703    2.04%
   8898   141       48.0000   537       49.0000       48.0000  8342633    2.04%
   8922   133       48.0000   571       49.0000       48.0000  8359584    2.04%
   8942   128       48.0000   547       49.0000       48.0000  8378075    2.04%
   8964   116        cutoff             49.0000       48.0000  8399824    2.04%
Elapsed time = 1619.83 sec. (1894366.88 ticks, tree = 6.19 MB, solutions = 10)
   8981   111        cutoff             49.0000       48.0000  8414927    2.04%
   8997   107       48.0000   640       49.0000       48.0000  8432425    2.04%
   9014   102       48.0000   640       49.0000       48.0000  8451248    2.04%
   9029    97    infeasible             49.0000       48.0000  8472851    2.04%
   9050    86    infeasible             49.0000       48.0000  8491236    2.04%
   9075    75       48.0000   727       49.0000       48.0000  8504182    2.04%
   9102    65       48.0000   366       49.0000       48.0000  8519272    2.04%
   9135    49    infeasible             49.0000       48.0000  8534799    2.04%
   9167    30       48.0000   377       49.0000       48.0000  8557761    2.04%
   9195    20       48.0000   482       49.0000       48.0000  8577104    2.04%
Elapsed time = 1650.30 sec. (1935267.19 ticks, tree = 1.03 MB, solutions = 10)
   9222     5       48.0000   518       49.0000       48.0000  8594585    2.04%

Clique cuts applied:  227
Cover cuts applied:  1
Flow cuts applied:  1
Zero-half cuts applied:  53
Lift and project cuts applied:  4
Gomory fractional cuts applied:  70

Root node processing (before b&c):
  Real time             =   20.28 sec. (24243.84 ticks)
Sequential b&c:
  Real time             = 1633.61 sec. (1916091.41 ticks)
                          ------------
Total (root+branch&cut) = 1653.89 sec. (1940335.24 ticks)

Solution pool: 10 solutions saved.

MIP - Integer optimal solution:  Objective = 4.9000000000e+001
Solution time = 1653.91 sec.  Iterations = 8598549  Nodes = 9232
Deterministic time = 1940335.30 ticks  (1173.18 ticks/sec)


Incumbent solution written to file 'Casey-1ia.sol'.
