This is e-pTeX, Version 3.14159265-p3.7-160201-2.6 (sjis) (TeX Live 2016/W32TeX) (preloaded format=platex 2017.5.22)  30 JUL 2017 17:58
entering extended mode
 restricted \write18 enabled.
 %&-line parsing enabled.
**./InterFace2.PNG
(./InterFace2.PNG
! Interruption.
<to be read again> 
                   \begingroup 
l.1 
    ‰PNG
? 
pLaTeX2e <2016/11/29> (based on LaTeX2e <2017/01/01> patch level 3)
Babel <3.9r> and hyphenation patterns for 83 language(s) loaded.

! LaTeX Error: Missing \begin{document}.

See the LaTeX manual or LaTeX Companion for explanation.
Type  H <return>  for immediate help.
 ...                                              
                                                  
l.1 ‰P
      NG
? 
! Emergency stop.
 ...                                              
                                                  
l.1 ‰P
      NG
You're in trouble here.  Try typing  <return>  to proceed.
If that doesn't work, type  X <return>  to quit.

 
Here is how much of TeX's memory you used:
 6 strings out of 493683
 193 string characters out of 6152642
 54124 words of memory out of 5000000
 3671 multiletter control sequences out of 15000+600000
 7511 words of font info for 31 fonts, out of 8000000 for 9000
 929 hyphenation exceptions out of 8191
 5i,0n,4p,26b,14s stack positions out of 5000i,500n,10000p,200000b,80000s
No pages of output.
