
Log started (V12.6.1.0) Tue Dec 12 19:08:52 2017


Problem 'Case1.lp' read.
Read time = 0.08 sec. (3.42 ticks)
Tried aggregator 2 times.
MIP Presolve eliminated 18191 rows and 1298 columns.
MIP Presolve modified 144 coefficients.
Aggregator did 8 substitutions.
Reduced MIP has 3672 rows, 17582 columns, and 105739 nonzeros.
Reduced MIP has 17384 binaries, 198 generals, 0 SOSs, and 0 indicators.
Presolve time = 0.11 sec. (85.89 ticks)
Probing time = 0.03 sec. (8.25 ticks)
Tried aggregator 1 time.
Reduced MIP has 3672 rows, 17582 columns, and 105739 nonzeros.
Reduced MIP has 17384 binaries, 198 generals, 0 SOSs, and 0 indicators.
Presolve time = 0.06 sec. (46.74 ticks)
Probing time = 0.05 sec. (7.34 ticks)
Clique table members: 46485.
MIP emphasis: balance optimality and feasibility.
MIP search method: dynamic search.
Parallel mode: deterministic, using up to 4 threads.
Root relaxation solution time = 0.84 sec. (407.63 ticks)

        Nodes                                         Cuts/
   Node  Left     Objective  IInf  Best Integer    Best Bound    ItCnt     Gap

      0     0       17.0000  1214                     17.0000       10         
*     0+    0                          328.0000       17.0000            94.82%
      0     0       24.4476   372      328.0000     Fract: 13     1589   92.55%
      0     0       31.1778   583      328.0000      Cuts: 99     3827   90.49%
      0     0       31.1778   695      328.0000      Cuts: 31     9322   90.49%
      0     2       31.1778   189      328.0000       31.1778     9322   90.49%
Elapsed time = 31.75 sec. (21988.19 ticks, tree = 0.00 MB, solutions = 1)
      1     3       31.1778   406      328.0000       31.1778    13885   90.49%
      2     4       31.1778   411      328.0000       31.1778    15500   90.49%
      3     5       31.1778   480      328.0000       31.1778    18633   90.49%
      6     8       31.1778   392      328.0000       31.1778    26015   90.49%
      7     9       31.1778   621      328.0000       31.1778    29137   90.49%
      9    11       31.1778   518      328.0000       31.1778    34485   90.49%
     10    12       31.1778   417      328.0000       31.1778    37452   90.49%
     14    16       31.1778   382      328.0000       31.1778    48263   90.49%
     19    21       31.1778   443      328.0000       31.1778    60160   90.49%
     21    23       31.1778   460      328.0000       31.1778    67013   90.49%
Elapsed time = 52.48 sec. (32394.74 ticks, tree = 0.00 MB, solutions = 1)
     35    37       31.1778   568      328.0000       31.1778    96307   90.49%
     67    69       31.1778   406      328.0000       31.1778   133264   90.49%
     71    73       31.1778   442      328.0000       31.1778   137419   90.49%
    146   148       31.1778   486      328.0000       31.1778   213377   90.49%
    158   160       31.1778   438      328.0000       31.1778   229529   90.49%
    216   218       31.1778   497      328.0000       31.1778   284924   90.49%
    232   234       31.6778   493      328.0000       31.1778   303718   90.49%
    289   291       31.5905   509      328.0000       31.1778   344854   90.49%
    340   342       31.1778   385      328.0000       31.1778   383575   90.49%
    392   394       31.1778   360      328.0000       31.1778   416294   90.49%
Elapsed time = 77.50 sec. (45184.62 ticks, tree = 2.03 MB, solutions = 1)
    483   483       38.9667   346      328.0000       31.1778   471997   90.49%
    566   566       60.9556   405      328.0000       31.1778   520264   90.49%
    654   644       53.0000   142      328.0000       31.1778   568546   90.49%
*   739+  725                          127.0000       31.1778            75.45%
    770   754       56.4833   105      127.0000       31.1778   617924   75.45%
    854   836       61.3667    78      127.0000       31.1778   676974   75.45%
*   871+  849                          123.0000       31.1778            74.65%
*   913   881      integral     0      102.0000       31.1778   713322   69.43%
    957   874       71.2500   160      102.0000       31.1778   750147   69.43%
   1009   922       31.5778   363      102.0000       31.1778   796588   69.43%
*  1056+  959                           94.0000       31.1778            66.83%
*  1082   962      integral     0       82.0000       31.1778   831409   61.98%
   1098   953       38.2889   406       82.0000       31.1778   842170   61.98%
   1150  1003       41.7333   406       82.0000       31.1778   865634   61.98%
   1244  1071       45.0000    37       82.0000       45.0000   928208   45.12%
Elapsed time = 164.26 sec. (97043.18 ticks, tree = 11.82 MB, solutions = 6)
   1246  1072       45.0000   276       82.0000       45.0000   930468   45.12%
   1248  1073       46.0000   350       82.0000       45.0000   932716   45.12%
   1250  1075       46.0000   185       82.0000       45.0000   938027   45.12%
   1257  1079       45.0000   230       82.0000       45.0000   946152   45.12%
   1266  1084       46.0000   473       82.0000       45.0000   953901   45.12%
   1275  1087       45.0000   139       82.0000       45.0000   958237   45.12%
   1294  1097       46.0000   393       82.0000       45.0000   965764   45.12%
   1297  1099       45.0000   507       82.0000       45.0000   970163   45.12%
   1302  1101       45.0000   489       82.0000       45.0000   974650   45.12%
   1306  1104       45.3333   561       82.0000       45.0000   977258   45.12%
Elapsed time = 192.39 sec. (114206.88 ticks, tree = 11.50 MB, solutions = 6)
   1320  1112       46.0000   490       82.0000       45.0000   987587   45.12%
   1324  1114       46.0000   458       82.0000       45.0000   991598   45.12%
   1337  1122       46.0000   585       82.0000       45.0000  1014381   45.12%
   1346  1128       47.3333   509       82.0000       45.0000  1032089   45.12%
   1352  1132       46.0000   578       82.0000       45.0000  1040744   45.12%
   1392  1156       46.0000   606       82.0000       45.0000  1080716   45.12%
   1400  1162       46.0000   643       82.0000       45.0000  1092126   45.12%
   1412  1168       46.0000   610       82.0000       45.0000  1101350   45.12%
   1447  1188       46.0000   586       82.0000       45.0000  1145355   45.12%
   1452  1189       46.0000   534       82.0000       45.0000  1156373   45.12%
Elapsed time = 236.22 sec. (131979.09 ticks, tree = 15.43 MB, solutions = 6)
   1521  1229       46.0000   510       82.0000       45.0000  1215639   45.12%
   1533  1235       46.0000   525       82.0000       45.0000  1226196   45.12%
   1545  1238       46.0000   554       82.0000       45.0000  1232787   45.12%
   1597  1247       45.0000   447       82.0000       45.0000  1280736   45.12%
   1602  1249       46.0000   622       82.0000       45.0000  1285269   45.12%
   1644  1264       46.0000   573       82.0000       45.0000  1328451   45.12%
   1656  1272       46.0000   568       82.0000       45.0000  1340642   45.12%
   1672  1280       46.0000   612       82.0000       45.0000  1362095   45.12%
   1680  1284       46.0000   597       82.0000       45.0000  1372557   45.12%
   1717  1304       48.0000   628       82.0000       45.0000  1405208   45.12%
Elapsed time = 272.64 sec. (147851.69 ticks, tree = 24.65 MB, solutions = 6)
   1721  1306       48.0000   651       82.0000       45.0000  1405829   45.12%
   1750  1323       54.0000   619       82.0000       45.0000  1447212   45.12%
   1763  1333       52.0000   610       82.0000       45.0000  1457794   45.12%
   1774  1340       71.0000   647       82.0000       45.0000  1471792   45.12%
   1797  1349       54.0000   654       82.0000       45.0000  1511005   45.12%
   1813  1358       54.0000   622       82.0000       45.0000  1529999   45.12%
   1839  1371       54.5714   651       82.0000       45.0000  1558747   45.12%
   1846  1375       45.3333   448       82.0000       45.0000  1579842   45.12%
   1879  1395       73.2295   691       82.0000       45.0000  1603758   45.12%
   1895  1400       73.2295   659       82.0000       45.0000  1613846   45.12%
Elapsed time = 307.41 sec. (161572.15 ticks, tree = 31.17 MB, solutions = 6)
   1933  1410       73.2295   650       82.0000       45.0000  1639909   45.12%
   1993  1428       45.0000   333       82.0000       45.0000  1685243   45.12%
   2011  1438       53.0000   470       82.0000       45.0000  1698719   45.12%
   2031  1453       53.0000   464       82.0000       45.0000  1709597   45.12%
   2055  1467       51.0000   346       82.0000       45.0000  1731401   45.12%
   2068  1473       46.0000   552       82.0000       45.0000  1739611   45.12%
   2084  1477       46.0000   569       82.0000       45.0000  1755127   45.12%
   2118  1494       73.5082   557       82.0000       45.0000  1780381   45.12%
   2133  1501       46.0000   576       82.0000       45.0000  1789559   45.12%
   2149  1508       46.0000   615       82.0000       45.0000  1798584   45.12%
Elapsed time = 336.94 sec. (173965.61 ticks, tree = 38.82 MB, solutions = 6)
   2182  1518       46.0000   626       82.0000       45.0000  1821927   45.12%
   2217  1536       79.0000   585       82.0000       45.0000  1836699   45.12%
   2249  1558       79.0000   612       82.0000       45.0000  1849268   45.12%
   2265  1566       79.0000   592       82.0000       45.0000  1855813   45.12%
   2297  1572       46.0000   239       82.0000       45.0000  1898238   45.12%
   2327  1587       46.0000   150       82.0000       45.0000  1943848   45.12%
   2350  1601       46.0000    99       82.0000       45.0000  1983388   45.12%
   2363  1610       46.0000    83       82.0000       45.0000  2015529   45.12%
   2406  1630       46.0000    75       82.0000       45.0000  2067648   45.12%
   2418  1640       46.0000    45       82.0000       45.0000  2087487   45.12%
Elapsed time = 359.69 sec. (184536.12 ticks, tree = 48.03 MB, solutions = 6)
   2438  1652       46.0000    71       82.0000       45.0000  2131314   45.12%
   2468  1667       46.0000   174       82.0000       45.0000  2192437   45.12%
   2492  1678       46.0000    48       82.0000       45.0000  2233070   45.12%
   2528  1691       46.0000   235       82.0000       45.0000  2302632   45.12%
   2548  1702       46.0000   210       82.0000       45.0000  2336322   45.12%
   2602  1731       46.0000    98       82.0000       45.0000  2413995   45.12%
*  2617  1585      integral     0       51.0000       45.0000  2428249   11.76%
   2631  1589       52.0000   198       51.0000       45.0000  2445982   11.76%
   2650  1598       46.0000    90       51.0000       45.0000  2471604   11.76%
   2683  1615       50.0000   429       51.0000       45.0000  2505583   11.76%
   2753  1047       46.0000   355       51.0000       45.0000  2594935   11.76%
Elapsed time = 392.03 sec. (199407.05 ticks, tree = 29.75 MB, solutions = 7)
   2900  1120       46.0000   453       51.0000       45.0000  2690813   11.76%
   2991  1145       46.0000   511       51.0000       45.0000  2779692   11.76%
   3058  1176       46.0000   239       51.0000       45.0000  2863406   11.76%
*  3066+ 1148                           47.0000       45.0000             4.26%
   3155   961       46.0000   417       47.0000       45.0000  2918692    4.26%
   3256  1027       46.0000   508       47.0000       45.0000  2958763    4.26%
   3348  1093       46.0000   469       47.0000       45.0000  3012828    4.26%
   3466  1188       46.0000   464       47.0000       45.0000  3058374    4.26%
   3573  1269       46.0000   263       47.0000       45.0000  3123287    4.26%
   3655  1328       46.0000   446       47.0000       45.0000  3179316    4.26%
   3849  1490       46.0000   214       47.0000       45.0000  3325089    4.26%
Elapsed time = 496.98 sec. (246382.21 ticks, tree = 55.39 MB, solutions = 8)
   3895  1530       46.0000   204       47.0000       45.0000  3351807    4.26%
   3924  1554       46.0000   386       47.0000       45.0000  3367622    4.26%
   4090  1672       46.0000   375       47.0000       45.0000  3457245    4.26%
   4212  1764        cutoff             47.0000       45.0000  3525679    4.26%
   4322  1847       46.0000   398       47.0000       45.0000  3590210    4.26%
   4419  1922       46.0000   211       47.0000       45.0000  3646958    4.26%
   4537  2012       46.0000   514       47.0000       45.0000  3730102    4.26%
   4658  2101       46.0000   431       47.0000       45.0000  3794205    4.26%
   4759  2184       46.0000   410       47.0000       45.0000  3855451    4.26%
   4857  2265       46.0000   493       47.0000       45.0000  3894803    4.26%
Elapsed time = 584.39 sec. (286128.31 ticks, tree = 90.49 MB, solutions = 8)
   4977  2353       46.0000   481       47.0000       45.0000  3949613    4.26%
   5098  2446       46.0000   511       47.0000       45.0000  4004748    4.26%
   5209  2531       46.0000   527       47.0000       45.0000  4068972    4.26%
   5319  2601        cutoff             47.0000       45.0000  4115868    4.26%
   5435  2693       46.0000   472       47.0000       45.0000  4169555    4.26%
   5523  2771       46.0000   471       47.0000       45.0000  4206775    4.26%
   5642  2848       46.0000   496       47.0000       45.0000  4265990    4.26%
   5725  2905       46.0000   542       47.0000       45.0000  4304639    4.26%
   5816  2975       46.0000   525       47.0000       45.0000  4356430    4.26%
   5938  3075       46.0000   539       47.0000       45.0000  4420311    4.26%
Elapsed time = 678.53 sec. (324951.03 ticks, tree = 129.31 MB, solutions = 8)
   6034  3144       46.0000   488       47.0000       45.0000  4470308    4.26%
   6138  3225       45.3333   548       47.0000       45.0000  4505724    4.26%
   6257  3315       45.5000   495       47.0000       45.0000  4550870    4.26%
   6379  3392       46.0000   459       47.0000       45.0000  4597188    4.26%
   6548  3533       46.0000   481       47.0000       45.0000  4652280    4.26%
   6686  3621       46.0000   528       47.0000       45.0000  4716015    4.26%
   6705  3636       45.3333   234       47.0000       45.0000  4725875    4.26%
   6862  3749       46.0000   535       47.0000       45.0000  4819936    4.26%
   7004  3852       46.0000   561       47.0000       45.0000  4909311    4.26%
   7090  3899       46.0000   159       47.0000       45.0000  4970403    4.26%
Elapsed time = 770.81 sec. (363586.28 ticks, tree = 163.48 MB, solutions = 8)
   7218  4001       46.0000   464       47.0000       45.1667  5064662    3.90%
   7306  4066       46.0000   493       47.0000       45.1667  5123444    3.90%
   7395  4145       46.0000   454       47.0000       45.3333  5162737    3.55%
   7588  4285       46.0000   493       47.0000       45.3333  5270937    3.55%
   7742  4407       46.0000   400       47.0000       45.3333  5340969    3.55%
   7844  4476       46.0000   499       47.0000       45.3333  5390978    3.55%
   8025  4607       46.0000   405       47.0000       45.3333  5458571    3.55%
   8159  4702       46.0000   522       47.0000       45.3333  5508455    3.55%
   8292  4801       45.4000   500       47.0000       45.3333  5574816    3.55%
   8420  4913       46.0000   480       47.0000       45.3333  5623579    3.55%
Elapsed time = 871.53 sec. (406687.23 ticks, tree = 202.94 MB, solutions = 8)
   8639  5084       46.0000   380       47.0000       45.3333  5696987    3.55%
   8794  5201       46.0000   431       47.0000       45.3333  5749494    3.55%
   8973  5340       46.0000   513       47.0000       45.3333  5824345    3.55%
   9170  5475       46.0000   451       47.0000       45.3333  5903128    3.55%
   9429  5660       46.0000   477       47.0000       45.3333  5995949    3.55%
   9584  5759        cutoff             47.0000       45.3333  6079096    3.55%
   9796  5902       46.0000   662       47.0000       45.3333  6189374    3.55%
  10001  6054       46.0000   485       47.0000       45.3333  6257905    3.55%
  10174  6181       46.0000   575       47.0000       45.3333  6340767    3.55%
  10358  6306       46.0000   599       47.0000       45.3333  6399450    3.55%
Elapsed time = 952.75 sec. (445294.20 ticks, tree = 252.42 MB, solutions = 8)
  10633  6511       46.0000   547       47.0000       45.3333  6517533    3.55%
  10808  6655       46.0000   557       47.0000       45.3333  6576758    3.55%
  11030  6818       45.7000   630       47.0000       45.3333  6661076    3.55%
  11126  6884       46.0000   507       47.0000       45.3333  6699920    3.55%
  11235  6955       46.0000   529       47.0000       45.3333  6742200    3.55%
  11476  7140       46.0000   486       47.0000       45.3333  6806932    3.55%
  11752  7328       46.0000   631       47.0000       45.3333  6887069    3.55%
  11982  7492       45.4000   625       47.0000       45.3333  6958334    3.55%
  12005  7508       45.7500   592       47.0000       45.3333  6967731    3.55%
  12235  7681       46.0000   536       47.0000       45.3333  7053531    3.55%
Elapsed time = 1043.22 sec. (486766.45 ticks, tree = 302.86 MB, solutions = 8)
  12341  7760       45.7500   622       47.0000       45.3333  7094304    3.55%
  12506  7875       46.0000   557       47.0000       45.3333  7164918    3.55%
  12636  7951       46.0000   600       47.0000       45.3333  7225542    3.55%
  12932  8180       46.0000   479       47.0000       45.3333  7330375    3.55%
  13037  8228        cutoff             47.0000       45.3333  7379845    3.55%
  13174  8320       45.7000   512       47.0000       45.3333  7437261    3.55%
  13290  8378       46.0000   499       47.0000       45.3333  7489294    3.55%
  13491  8523       46.0000   435       47.0000       45.3333  7558123    3.55%
  13657  8652       46.0000   580       47.0000       45.3333  7610676    3.55%
  13893  8820       46.0000   517       47.0000       45.4000  7683430    3.40%
Elapsed time = 1128.81 sec. (525607.22 ticks, tree = 352.72 MB, solutions = 8)
  14040  8933    infeasible             47.0000       45.4000  7729768    3.40%
  14316  9130       46.0000   463       47.0000       45.4000  7810510    3.40%
  14472  9236        cutoff             47.0000       45.4000  7859258    3.40%
  14717  9392       46.0000   481       47.0000       45.4000  7936135    3.40%
  15001  9599       46.0000   505       47.0000       45.4000  8024743    3.40%
  15245  9788       46.0000   531       47.0000       45.4000  8103696    3.40%
  15350  9871       46.0000   512       47.0000       45.4000  8139241    3.40%
  15882 10235       45.7000   534       47.0000       45.4000  8328580    3.40%
  16169 10464       46.0000   523       47.0000       45.4000  8407908    3.40%
  16447 10654       46.0000   368       47.0000       45.4000  8507864    3.40%
Elapsed time = 1217.81 sec. (566521.14 ticks, tree = 408.76 MB, solutions = 8)
  16684 10827       45.7000   573       47.0000       45.4000  8585159    3.40%
  16994 11048       46.0000   158       47.0000       45.4000  8713584    3.40%
  17198 11208       46.0000   110       47.0000       45.4000  8823348    3.40%
* 17232 10960      integral     0       46.0000       45.4000  8832439    1.30%
* 17232 10959      integral     0       46.0000       45.4000  8832439    1.30%

Clique cuts applied:  146
Flow cuts applied:  1
Zero-half cuts applied:  30
Lift and project cuts applied:  2
Gomory fractional cuts applied:  70

Root node processing (before b&c):
  Real time             =   31.34 sec. (21754.80 ticks)
Parallel b&c, 4 threads:
  Real time             = 1216.64 sec. (558582.43 ticks)
  Sync time (average)   =   51.42 sec.
  Wait time (average)   =   51.99 sec.
                          ------------
Total (root+branch&cut) = 1247.98 sec. (580337.23 ticks)

Solution pool: 9 solutions saved.

MIP - Integer optimal solution:  Objective = 4.6000000000e+001
Solution time = 1248.00 sec.  Iterations = 8886143  Nodes = 17420
Deterministic time = 580337.28 ticks  (465.01 ticks/sec)

