
Gurobi 7.0.1 (win64) logging started 01/26/18 14:26:36

Set parameter TimeLimit to value 3600
Set parameter Threads to value 4

Gurobi Optimizer version 7.0.1 build v7.0.1rc0 (win64)
Copyright (c) 2016, Gurobi Optimization, Inc.

Read LP format model from file waterstop_5_180114_2.lp
Reading time = 0.19 seconds
Objective: 39862 rows, 14055 columns, 154895 nonzeros
Optimize a model with 39862 rows, 14055 columns and 154895 nonzeros
Variable types: 90 continuous, 13965 integer (0 binary)
Coefficient statistics:
  Matrix range     [3e-01, 1e+02]
  Objective range  [1e+00, 1e+00]
  Bounds range     [1e+00, 1e+00]
  RHS range        [1e+00, 1e+02]
Presolve removed 18215 rows and 2875 columns
Presolve time: 0.99s
Presolved: 21647 rows, 11180 columns, 87035 nonzeros
Variable types: 50 continuous, 11130 integer (11130 binary)

Root relaxation: objective 0.000000e+00, 3910 iterations, 0.88 seconds

    Nodes    |    Current Node    |     Objective Bounds      |     Work
 Expl Unexpl |  Obj  Depth IntInf | Incumbent    BestBd   Gap | It/Node Time

     0     0    0.00000    0   75          -    0.00000      -     -    4s
H    0     0                      80.0303030    0.00000   100%     -    8s
H    0     0                      74.9393939    0.00000   100%     -    8s
     0     0    0.00000    0  139   74.93939    0.00000   100%     -   10s
     0     0    0.00000    0  141   74.93939    0.00000   100%     -   12s
     0     0    0.00000    0  119   74.93939    0.00000   100%     -   13s
     0     0    0.00000    0  134   74.93939    0.00000   100%     -   13s
     0     0    0.00000    0  163   74.93939    0.00000   100%     -   14s
     0     0    0.00000    0  170   74.93939    0.00000   100%     -   14s
     0     0    0.00000    0   49   74.93939    0.00000   100%     -   17s
     0     0    0.00000    0   60   74.93939    0.00000   100%     -   18s
     0     0    0.00000    0   60   74.93939    0.00000   100%     -   20s
     0     0    0.00000    0   58   74.93939    0.00000   100%     -   20s
H    0     0                      72.9696970    0.00000   100%     -   24s
H    0     0                      64.7878788    0.00000   100%     -   24s
     0     0    0.00000    0   80   64.78788    0.00000   100%     -   24s
     0     0    0.00000    0   56   64.78788    0.00000   100%     -   26s
     0     2    0.00000    0   56   64.78788    0.00000   100%     -   27s
    15    20    4.53832    4  128   64.78788    0.00000   100%  1036   30s
    53    53    0.00000   12  109   64.78788    0.00000   100%   854   35s
H   59    59                      59.2121212    0.00000   100%   861   36s
    96    94   13.03030   18  157   59.21212    0.00000   100%   844   40s
H  134   130                      55.0000000    0.00000   100%   787   42s
   173   165   13.03030   29  108   55.00000    0.00000   100%   726   45s
   214   197   13.03030   35   83   55.00000    0.00000   100%   679   50s
   331   302   13.03030   52  103   55.00000    0.00000   100%   543   56s
H  396   341                      50.9393939    0.00000   100%   519   57s
H  407   240                      31.6060606    0.00000   100%   507   57s
   484   281   28.15278   10  111   31.60606    0.00000   100%   484   60s
H  514   294                      31.0000000    0.00000   100%   496   62s
   567   328   28.30909   19   64   31.00000    0.00000   100%   528   69s
   587   346   24.18182   22   58   31.00000    0.00000   100%   553   71s
   666   381   26.60606   38   61   31.00000    0.00000   100%   552   76s
   807   439    8.89784   15  315   31.00000    0.00000   100%   534   80s
H  947   417                      29.0303030    0.00000   100%   541   84s
   978   429   16.83661   24  101   29.03030    0.00000   100%   539   87s
  1049   473   17.53758   11   56   29.03030    0.00000   100%   530   92s
  1051   474   17.86181   21   68   29.03030    0.00000   100%   529   96s
  1052   475    7.38063   22   78   29.03030    0.00000   100%   528  102s
  1054   476   28.85752   45   69   29.03030    0.00000   100%   527  107s
  1056   478   28.03030   47   49   29.03030    0.00000   100%   526  111s
  1058   479   27.24242   68   63   29.03030    0.00000   100%   525  115s
  1060   480    5.00000   19  114   29.03030    0.65675  97.7%   524  121s
  1062   482   16.14545    8   39   29.03030    5.00000  82.8%   523  126s
  1065   484   27.60556   66   84   29.03030    5.00000  82.8%   522  130s
  1068   486    5.00000   18   61   29.03030    5.00000  82.8%   520  139s
  1070   487    5.00000   18   92   29.03030    5.00000  82.8%   519  145s
  1075   491   13.03030   27   68   29.03030    5.00000  82.8%   672  151s
  1076   492   28.03030   47   82   29.03030    5.00000  82.8%   671  157s
  1078   493   27.24242   68   72   29.03030    5.00000  82.8%   670  163s
  1080   495    5.00000   19   41   29.03030    5.00000  82.8%   669  168s
  1082   496   16.14545    8   64   29.03030    5.00000  82.8%   668  172s
  1084   497    5.00000   28   67   29.03030    5.00000  82.8%   666  177s
  1086   499   21.04609   24   54   29.03030    5.00000  82.8%   665  181s
  1088   500    5.00000   18   46   29.03030    5.00000  82.8%   664  185s
  1092   503    7.38063   22   51   29.03030    5.00000  82.8%   662  191s
  1096   505   28.03030   47   69   29.03030    5.00000  82.8%   659  198s
  1098   507   27.24242   68   69   29.03030    5.00000  82.8%   658  202s
  1099   510    5.00000   31   74   29.03030    5.00000  82.8%   813  205s
  1105   510    5.00000   33   76   29.03030    5.00000  82.8%   812  212s
  1109   510    5.00000   34   63   29.03030    5.00000  82.8%   814  215s
  1117   509    5.00000   35   57   29.03030    5.00000  82.8%   818  221s
  1121   510   15.14260   35  213   29.03030    5.00000  82.8%   819  227s
  1129   512    5.00000   37   75   29.03030    5.00000  82.8%   817  234s
  1134   515    5.00000   37   95   29.03030    5.00000  82.8%   817  236s
  1150   520    5.00000   39   95   29.03030    5.00000  82.8%   815  241s
H 1156   498                      26.2121212    5.00000  80.9%   812  245s
  1181   505    5.00000   42   78   26.21212    5.00000  80.9%   808  253s
  1202   514    5.00000   44  100   26.21212    5.00000  80.9%   808  258s
  1232   528    5.00000   46  129   26.21212    5.00000  80.9%   810  267s
H 1315   533                      24.3939394    5.00000  79.5%   795  276s
  1428   543    5.00000   55  163   24.39394    5.00000  79.5%   774  283s
H 1482   532                      23.4242424    5.00000  78.7%   766  283s
  1522   541    5.00000   59   64   23.42424    5.00000  78.7%   755  288s
  1586   553    5.05303   66   91   23.42424    5.00000  78.7%   745  296s
  1696   608   14.01010   82  134   23.42424    5.00000  78.7%   722  307s
H 1790   604                      23.2424242    5.00000  78.5%   704  307s
  1900   637    5.00000   47   77   23.24242    5.00000  78.5%   699  316s
  2012   666   14.78788   73   76   23.24242    5.00000  78.5%   684  326s
  2132   687 infeasible  118        23.24242    5.00000  78.5%   684  336s
  2296   720     cutoff   54        23.24242    5.00000  78.5%   666  345s
  2436   804   13.73636   67  100   23.24242    5.00000  78.5%   652  357s
H 2480   766                      21.0606061    5.00000  76.3%   650  357s
  2625   851     cutoff   53        21.06061    5.00000  76.3%   649  367s
  2749   903 infeasible   58        21.06061    5.00000  76.3%   649  378s
  3386  1334   18.90909   51  101   21.06061    5.00000  76.3%   570  386s
  3483  1386   18.90909   53   81   21.06061    5.00000  76.3%   574  395s
  3603  1431   18.90909   73   55   21.06061    5.00000  76.3%   572  407s
  3719  1509   18.90909   49   73   21.06061    5.00000  76.3%   583  417s
H 3879  1604                      21.0303030    5.00000  76.2%   577  430s
  4107  1771   18.90909   64   57   21.03030    5.00000  76.2%   575  442s
  4876  2342   11.54485   58   70   21.03030    5.00000  76.2%   517  452s
  4963  2369   13.03030   76   48   21.03030    5.00000  76.2%   523  461s
  5083  2437   16.31551   53  201   21.03030    5.00000  76.2%   530  472s
  5201  2497 infeasible  115        21.03030    5.00000  76.2%   536  484s
  5360  2562   19.51515   54   47   21.03030    5.00000  76.2%   537  495s
H 5464  2134                      19.6666667    5.00000  74.6%   543  495s
  5507  2135     cutoff   63        19.66667    5.00000  74.6%   544  508s
  5593  2172   10.09031   43   90   19.66667    5.00000  74.6%   553  520s
  5722  2261   13.03030   85   51   19.66667    5.00000  74.6%   555  532s
  5902  2366   13.03030  115   57   19.66667    5.00000  74.6%   557  544s
  6038  2420   13.90909  140   62   19.66667    5.00000  74.6%   558  557s
  6199  2526   13.03030   65   55   19.66667    5.00000  74.6%   562  572s
  6432  2658   14.60606   95   65   19.66667    5.00000  74.6%   561  589s
  6938  3004   18.65152   90   83   19.66667    5.00000  74.6%   544  606s
  7115  3040   17.54545   55   63   19.66667    5.00000  74.6%   554  622s
  7341  3145   19.35152   63   97   19.66667    5.00000  74.6%   559  638s
  7539  3212   14.34091   78   70   19.66667    5.00000  74.6%   563  655s
  7744  3308   15.84848   72   62   19.66667    5.00000  74.6%   569  674s
H 7860  2659                      18.7575758    5.00000  73.3%   575  674s
  7974  2699   17.43182   66   88   18.75758    5.00000  73.3%   578  694s
H 9077  2775                      17.8484848    5.00000  72.0%   533  694s
  9357  2941   13.45455  120   62   17.84848    5.00000  72.0%   524  713s
  9569  3061   13.06697   60  137   17.84848    5.00000  72.0%   527  729s
H 9658  2958                      17.4545455    5.00000  71.4%   528  729s
  9843  3058 infeasible  103        17.45455    5.00000  71.4%   529  755s
 10032  3134   13.03030   74   44   17.45455    5.00000  71.4%   542  774s
 10238  3244   16.49269   46   56   17.45455    5.00000  71.4%   552  799s
 10240  3245   16.89701   60   88   17.45455    5.00000  71.4%   552  804s
 10241  3246   13.90909  146   63   17.45455    5.00000  71.4%   552  809s
 10242  3247   13.90909  105  112   17.45455    5.00000  71.4%   552  810s
 10243  3247   15.30303  101  110   17.45455    5.00000  71.4%   552  815s
 10245  3249   16.84848   65   92   17.45455    5.00000  71.4%   551  826s
 10247  3250   15.66667  146   81   17.45455    5.00000  71.4%   551  832s
 10249  3251   14.33333  140   51   17.45455    5.00000  71.4%   551  837s
 10251  3253   13.90909  112   61   17.45455    5.00000  71.4%   551  843s
 10253  3254   13.90909   95   66   17.45455    5.00000  71.4%   551  848s
 10255  3255   13.03030  119   74   17.45455    5.00000  71.4%   551  856s
 10257  3257   13.03030   79  109   17.45455    5.73799  67.1%   551  865s
H10258  3093                      13.9090909    5.73818  58.7%   551  876s
 10261  3095   13.90909  146   87   13.90909    5.73818  58.7%   551  887s
 10262  3096   13.90909  105  217   13.90909    5.73818  58.7%   551  890s
 10263  3097   13.90909  101   67   13.90909    6.01378  56.8%   550  898s
 10265  3098   13.90909   65   47   13.90909   11.84848  14.8%   550  903s
 10267  3099   13.90909  146   64   13.90909   11.84848  14.8%   550  908s
 10269  3101   13.90909  140   31   13.90909   11.84848  14.8%   550  910s
 10273  3103   13.90909   95   47   13.90909   11.84848  14.8%   550  916s
 10276  3105   13.90909  108   23   13.90909   11.84848  14.8%   550  921s
 10280  3109   13.90909   60   64   13.90909   11.84848  14.8%   584  926s
 10283  3111   13.90909  101   32   13.90909   13.03030  6.32%   584  931s
 10285  3113   13.90909   65   50   13.90909   13.03030  6.32%   584  935s

Explored 10288 nodes (6121428 simplex iterations) in 939.54 seconds
Thread count was 4 (of 20 available processors)

Solution count 10: 13.9091 17.4545 17.8485 ... 24.3939
Pool objective bound 13.9091

Optimal solution found (tolerance 1.00e-04)
Best objective 1.390909090909e+01, best bound 1.390909090909e+01, gap 0.0000%

Wrote result file 'waterstop_5_180114_2.sol'

