
Gurobi 7.0.1 (win64) logging started 02/10/18 16:16:44

Set parameter TimeLimit to value 3600
Set parameter Threads to value 4

Gurobi Optimizer version 7.0.1 build v7.0.1rc0 (win64)
Copyright (c) 2016, Gurobi Optimization, Inc.

Read LP format model from file waterstop_5_180114_kadou40.lp
Reading time = 0.33 seconds
Objective: 39858 rows, 13992 columns, 214396 nonzeros
Optimize a model with 39858 rows, 13992 columns and 214396 nonzeros
Variable types: 90 continuous, 13902 integer (0 binary)
Coefficient statistics:
  Matrix range     [3e-01, 1e+02]
  Objective range  [1e+00, 1e+00]
  Bounds range     [1e+00, 1e+00]
  RHS range        [1e+00, 1e+02]
Presolve removed 15622 rows and 1546 columns
Presolve time: 1.58s
Presolved: 24236 rows, 12446 columns, 97186 nonzeros
Variable types: 56 continuous, 12390 integer (12390 binary)

Root relaxation: objective 0.000000e+00, 6011 iterations, 2.32 seconds
Total elapsed time = 7.34s
Total elapsed time = 11.83s

    Nodes    |    Current Node    |     Objective Bounds      |     Work
 Expl Unexpl |  Obj  Depth IntInf | Incumbent    BestBd   Gap | It/Node Time

     0     0    0.00000    0  158          -    0.00000      -     -   13s
     0     0    0.00000    0  365          -    0.00000      -     -   22s
     0     0    0.00000    0  385          -    0.00000      -     -   26s
     0     0    0.00000    0  369          -    0.00000      -     -   28s
     0     0    0.00000    0  348          -    0.00000      -     -   33s
     0     0    0.00000    0  139          -    0.00000      -     -   53s
     0     0    0.00000    0  309          -    0.00000      -     -   55s
     0     0    0.00000    0  263          -    0.00000      -     -   73s
     0     0    0.00000    0  304          -    0.00000      -     -   76s
     0     0    0.00000    0  194          -    0.00000      -     -   88s
     0     0    0.00000    0  144          -    0.00000      -     -   95s
     0     2    0.00000    0  144          -    0.00000      -     -  116s
     1     4    0.00000    1  219          -    0.00000      -  8590  128s
     3     8    0.00000    2  242          -    0.00000      -  5398  135s
    15    19    0.00000    5  369          -    0.00000      -  2124  144s
    19    23    0.00000    6  313          -    0.00000      -  1724  145s
    42    46    0.00000   11  134          -    0.00000      -  1041  150s
    61    61    0.00000   15  162          -    0.00000      -   928  159s
    68    70    0.00000   17  252          -    0.00000      -   969  163s
    83    83    0.00000   21  206          -    0.00000      -   912  167s
   101   101    0.00000   24  183          -    0.00000      -   862  173s
   124   128   17.69935   27  473          -    0.00000      -   874  179s
   146   146    0.00000   28  169          -    0.00000      -   832  185s
   175   176    0.00000   35  149          -    0.00000      -   804  191s
   211   210    0.00000   43  137          -    0.00000      -   773  199s
   256   257    0.00000   56  144          -    0.00000      -   757  212s
   310   312    0.00000   72  155          -    0.00000      -   756  231s
   410   411    0.00000   89  143          -    0.00000      -   705  250s
   545   545    0.00000  114  135          -    0.00000      -   662  274s
   654   656    0.00000  134  140          -    0.00000      -   650  290s
   809   812    0.00000  169  176          -    0.00000      -   635  312s
  1065  1050    2.31742  189  326          -    0.00000      -   569  337s
  1291  1261   25.17317  210  307          -    0.00000      -   530  361s
  1423  1393    5.74429  157  321          -    0.00000      -   526  386s
  1550  1490   10.36851  171  315          -    0.00000      -   524  411s
  1659  1611   13.32666  183  332          -    0.00000      -   529  436s
  1864  1797  114.55277  232  144          -    0.00000      -   512  454s
  1865  1798    8.50047  198  144          -    0.00000      -   511  455s
  1866  1798  236.61695  183  133          -    0.00000      -   511  471s
  1867  1799  381.41807  200  165          -    0.00000      -   511  505s
  1869  1800  343.10309  194  210          -    0.00000      -   510  527s
  1871  1802    0.00000  184  218          -    0.00000      -   510  545s
  1873  1803    8.11029   48  211          -    0.00000      -   509  586s
  1874  1804   38.87991   88  284          -    0.00000      -   509  591s
  1875  1804  343.10309  194  163          -    0.00000      -   509  626s
  1877  1806  306.22882  184  197          -    0.00000      -   508  657s
  1879  1807   45.22240   17  190          -    0.00000      -   508  678s
  1880  1808   49.62990   12  316          -    0.00000      -   507  681s
  1881  1808  108.96608  166  253          -    0.00000      -   507  712s
  1882  1809  240.65779  159  253          -    0.00000      -   507  716s
  1883  1810    9.11121  198  253          -    0.00000      -   506  759s
  1884  1813    0.00000   11  315          -    0.00000      -   123  790s
  1886  1817    0.00000   12  273          -    0.00000      -   125  821s
  1890  1819    0.00000   13  206          -    0.00000      -   129  836s
  1894  1822   33.72762   13  369          -    0.00000      -   132  857s
  1898  1825    0.00000   14  233          -    0.00000      -   135  865s
  1902  1826   29.48294   14  470          -    0.00000      -   137  876s
  1906  1832    0.00000   15  180          -    0.00000      -   141  888s
  1914  1830    0.00000   16  244          -    0.00000      -   145  894s
  1920  1836    7.05184   16  363          -    0.00000      -   149  904s
  1926  1840    0.00000   17  193          -    0.00000      -   152  918s
  1935  1844    0.00000   18  169          -    0.00000      -   159  926s
  1944  1851    0.00000   19  154          -    0.00000      -   163  932s
  1956  1860    0.00000   20  259          -    0.00000      -   169  937s
  1963  1864   11.03030   20  311          -    0.00000      -   178  947s
  1972  1869    0.00000   21  208          -    0.00000      -   181  951s
  1985  1879    0.00000   22  202          -    0.00000      -   185  959s
  1997  1889    0.00000   23  198          -    0.00000      -   194  965s
  2011  1894    0.00000   24  163          -    0.00000      -   199  970s
  2024  1905    0.00000   25  150          -    0.00000      -   205  977s
  2040  1914    0.00000   26  203          -    0.00000      -   213  982s
  2060  1931    8.56364   27  267          -    0.00000      -   222  991s
  2082  1944    0.00000   28  173          -    0.00000      -   229 1000s
  2110  1962    0.00000   30  214          -    0.00000      -   238 1009s
  2144  1983    0.00000   32  164          -    0.00000      -   248 1019s
  2186  2016    0.00000   34  142          -    0.00000      -   259 1028s
  2237  2047    0.00000   37  141          -    0.00000      -   269 1040s
  2301  2089    0.00000   40  108          -    0.00000      -   282 1053s
  2379  2144    0.00000   44  168          -    0.00000      -   295 1066s
  2467  2199    0.00000   50  172          -    0.00000      -   308 1077s
  2560  2260   36.26401   54  218          -    0.00000      -   317 1089s
  2666  2327    0.00000   60  203          -    0.00000      -   325 1101s
  2785  2409   44.68254   66  270          -    0.00000      -   331 1112s
  2909  2480   26.79407   71  261          -    0.00000      -   333 1122s
  3047  2555    0.81271   78  238          -    0.00000      -   331 1133s
  3190  2639    2.72932   88  269          -    0.00000      -   332 1142s
  3364  2750    7.33085   98  247          -    0.00000      -   330 1162s
  3499  2825   11.82561  110  242          -    0.00000      -   330 1179s
  3566  2870   13.29909  120  212          -    0.00000      -   333 1213s
  3577  2882   71.38835  121  230          -    0.00000      -   334 1239s
  3681  2961   17.99002  134  242          -    0.00000      -   337 1257s
  4051  3178   28.81826  168  243          -    0.00000      -   329 1273s
  4571  3490   47.18967  210  235          -    0.00000      -   312 1289s
  4975  3703   77.56368  257  210          -    0.00000      -   305 1305s
  5402  3911  234.35077  330  164          -    0.00000      -   297 1333s
  5681  4078    0.00000   55  138          -    0.00000      -   295 1363s
  5791  4148    0.00000   75  178          -    0.00000      -   298 1379s
  6190  4378    6.03030  115  251          -    0.00000      -   295 1396s
  6823  4655   14.25178  193  283          -    0.00000      -   284 1413s
  7313  4894   50.51028  231  268          -    0.00000      -   278 1429s
  7791  5302  198.97866  302  181          -    0.00000      -   273 1448s
  8354  5812   59.44503  118  240          -    0.00000      -   268 1468s
  9096  6458   47.48815  134  292          -    0.00000      -   258 1551s
  9295  6658  175.50087  265  193          -    0.00000      -   257 1606s
  9436  6779  152.20378  293  223          -    0.00000      -   257 1653s
  9551  6892  481.31204  308  109          -    0.00000      -   257 1708s
  9790  7088  447.01629  371  150          -    0.00000      -   256 1763s
 10024  7274   22.94943   98  320          -    0.00000      -   254 1823s
 10324  7560   29.56313  148  277          -    0.00000      -   252 1907s
 10768  7882  135.79365  209  226          -    0.00000      -   247 1957s
 11041  8142  158.79147  236  164          -    0.00000      -   247 1985s
 12073  9045  133.53429  175  191          -    0.00000      -   240 2015s
 12841  9716   10.77954   54  434          -    0.00000      -   234 2046s
 13583 10339  420.82673  250  137          -    0.00000      -   232 2088s
 13693 10392  145.34400  254  204          -    0.00000      -   233 2114s
 14549 11100   32.57242  108  332          -    0.00000      -   229 2157s
 14648 11199   46.62372  136  305          -    0.00000      -   231 2184s
 15584 11966    0.00000   97  207          -    0.00000      -   226 2212s
 16074 12430 infeasible  159               -    0.00000      -   224 2266s
 16199 12543   36.48137   55  233          -    0.00000      -   226 2299s
 16988 13243  257.19854  199  167          -    0.00000      -   222 2356s
 17482 13629  102.90381  174  221          -    0.00000      -   220 2379s
 18040 14147  240.45336  249  119          -    0.00000      -   219 2426s
 18514 14475   71.71450  104  222          -    0.00000      -   219 2479s
 18710 14661  103.57843  146  181          -    0.00000      -   219 2506s
 19755 15493   41.71130   79  286          -    0.00000      -   215 2533s
 20432 16061  294.10691  292  145          -    0.00000      -   214 2557s
 21126 16638 infeasible  188               -    0.00000      -   213 3025s
 21186 16693 infeasible  189               -    0.00000      -   214 3074s
 21312 16791  298.49105  214   81          -    0.00000      -   215 3123s
 21472 16913   20.30325  128  335          -    0.00000      -   216 3143s
 22179 17539  131.66518  207  187          -    0.00000      -   215 3195s
 22243 17597 infeasible  208               -    0.00000      -   215 3250s
 22381 17686  220.66608  219  182          -    0.00000      -   216 3305s
 22490 17769  216.26728  232  155          -    0.00000      -   218 3366s
 22597 17821  266.52203  256  158          -    0.00000      -   219 3421s
 22718 17913   26.31745  109  248          -    0.00000      -   220 3449s
 22887 18070   93.89261  140  206          -    0.00000      -   220 3466s
 23723 18786  213.01700  110  159          -    0.00000      -   218 3481s
 24510 19423   60.28386  123  206          -    0.00000      -   216 3522s
 24942 19821  283.50675  243  108          -    0.00000      -   215 3537s
 25558 20355  154.23980  157  172          -    0.00000      -   215 3573s
 25770 20521  217.27659  238  190          -    0.00000      -   214 3588s
 26573 21187  127.91098  113  231          -    0.00000      -   213 3600s

Cutting planes:
  Implied bound: 88
  MIR: 11
  Flow cover: 9
  Zero half: 13

Explored 27176 nodes (6804642 simplex iterations) in 3600.08 seconds
Thread count was 4 (of 20 available processors)

Solution count 0
Pool objective bound 0

Time limit reached
Best objective -, best bound 0.000000000000e+00, gap -

Unable to retrieve attribute 'X'

