
Gurobi 7.0.1 (win64) logging started 01/26/18 14:57:08

Set parameter TimeLimit to value 3600
Set parameter Threads to value 4

Gurobi Optimizer version 7.0.1 build v7.0.1rc0 (win64)
Copyright (c) 2016, Gurobi Optimization, Inc.

Read LP format model from file waterstop_5_180114_2.lp
Reading time = 0.14 seconds
Objective: 31898 rows, 11244 columns, 123916 nonzeros
Optimize a model with 31898 rows, 11244 columns and 123916 nonzeros
Variable types: 72 continuous, 11172 integer (0 binary)
Coefficient statistics:
  Matrix range     [3e-01, 1e+02]
  Objective range  [1e+00, 1e+00]
  Bounds range     [1e+00, 1e+00]
  RHS range        [1e+00, 1e+02]
Presolve removed 14572 rows and 2300 columns
Presolve time: 0.77s
Presolved: 17326 rows, 8944 columns, 69628 nonzeros
Variable types: 40 continuous, 8904 integer (8904 binary)

Root relaxation: objective 0.000000e+00, 3452 iterations, 0.70 seconds

    Nodes    |    Current Node    |     Objective Bounds      |     Work
 Expl Unexpl |  Obj  Depth IntInf | Incumbent    BestBd   Gap | It/Node Time

     0     0    0.00000    0   91          -    0.00000      -     -    4s
H    0     0                     294.4848485    0.00000   100%     -    4s
H    0     0                     111.5454545    0.00000   100%     -    6s
     0     0    0.00000    0  181  111.54545    0.00000   100%     -    7s
H    0     0                      96.3939394    0.00000   100%     -    8s
     0     0    0.00000    0  180   96.39394    0.00000   100%     -    8s
     0     0    0.00000    0  222   96.39394    0.00000   100%     -    9s
     0     0    0.00000    0  220   96.39394    0.00000   100%     -   10s
H    0     0                      94.6060606    0.00000   100%     -   13s
     0     0    0.00000    0   60   94.60606    0.00000   100%     -   13s
     0     0    0.00000    0   55   94.60606    0.00000   100%     -   14s
     0     0    0.00000    0   99   94.60606    0.00000   100%     -   18s
     0     0    0.00000    0  114   94.60606    0.00000   100%     -   19s
     0     0    0.00000    0   67   94.60606    0.00000   100%     -   23s
     0     0    0.00000    0   67   94.60606    0.00000   100%     -   24s
     0     0    0.00000    0   91   94.60606    0.00000   100%     -   28s
     0     0    0.00000    0   91   94.60606    0.00000   100%     -   29s
H    0     0                      94.3636364    0.00000   100%     -   34s
     0     2    0.00000    0   91   94.36364    0.00000   100%     -   35s
    15    17    0.88938    5  330   94.36364    0.00000   100%  1348   41s
    27    31   18.38075    6  269   94.36364    0.00000   100%  1484   50s
H   30    32                      87.7575758    0.00000   100%  1395   50s
    60    60   13.03030   16   97   87.75758    0.00000   100%  1001   57s
H   64    64                      80.1515152    0.00000   100%   958   57s
    71    69   13.03030   19   90   80.15152    0.00000   100%  1046   60s
    93    93   13.03030   26   73   80.15152    0.00000   100%   943   65s
   134   134   13.03030   32  246   80.15152    0.00000   100%   828   70s
H  135   134                      76.5454545    0.00000   100%   822   70s
   330   333   13.03030   61   83   76.54545    0.00000   100%   549   75s
   432   415   13.03030   71   68   76.54545    0.00000   100%   486   80s
H  447   425                      74.8787879    0.00000   100%   487   80s
H  506   476                      73.7272727    0.00000   100%   476   82s
H  517   455                      60.6666667    0.00000   100%   466   82s
   538   487   47.97622  101   50   60.66667    0.00000   100%   466   86s
H  564   500                      58.5454545    0.00000   100%   450   86s
   651   587   23.93939   19   49   58.54545    0.00000   100%   455   91s
   696   631   51.95455   32   53   58.54545    0.00000   100%   445   98s
H  714   645                      55.5151515    0.00000   100%   443   98s
H  716   647                      55.4242424    0.00000   100%   442   98s
   798   725   27.60606   66   37   55.42424    0.00000   100%   416  100s
  1021   877   19.93939   38   91   55.42424    0.00000   100%   375  106s
  1023   878   23.56390   39   59   55.42424    0.00000   100%   374  110s
  1024   879   18.57576   45   64   55.42424    0.00000   100%   374  115s
  1026   880   43.45202   20   58   55.42424    0.00000   100%   373  120s
  1028   882   27.60606   74   58   55.42424    0.00000   100%   372  125s
  1030   883   34.74125  103   88   55.42424    0.00000   100%   371  132s
  1032   884   18.57576   91   65   55.42424    5.00000  91.0%   371  138s
  1034   886   42.24242   37   81   55.42424    5.00000  91.0%   370  144s
  1035   886   45.64448   74  106   55.42424    5.00000  91.0%   370  145s
  1036   887   27.21212  122   82   55.42424    5.00000  91.0%   369  151s
  1038   888   16.44171   93   77   55.42424    5.00000  91.0%   369  158s
H 1039   844                      52.3939394    5.00000  90.5%   368  166s
  1042   846   41.70707   12   50   52.39394    5.00000  90.5%   367  172s
  1044   847   18.57576   45   64   52.39394    5.00000  90.5%   367  175s
H 1048   809                      51.5151515    5.00000  90.3%   570  180s
  1050   810   34.74125  103   48   51.51515    5.00000  90.3%   569  187s
  1052   811   18.57576   91   68   51.51515    5.00000  90.3%   568  193s
  1054   813   42.24242   37  163   51.51515    5.00000  90.3%   567  201s
  1056   814   27.21212  122   31   51.51515    5.00000  90.3%   566  205s
H 1059   775                      50.8787879    5.00000  90.2%   564  214s
  1060   776   15.53599   91   55   50.87879    5.00000  90.2%   564  215s
  1063   778   23.56390   39   54   50.87879    5.00000  90.2%   562  222s
H 1064   739                      38.2121212    5.00000  86.9%   562  228s
  1067   741   13.03030   47   42   38.21212    5.00000  86.9%   560  233s
  1069   743   13.03030   58   42   38.21212    5.00000  86.9%   559  235s
  1072   750    5.00000   20   48   38.21212    5.00000  86.9%   719  241s
  1076   751   18.38131   21  271   38.21212    5.00000  86.9%   727  250s
  1084   755    5.00000   22   88   38.21212    5.00000  86.9%   724  255s
  1092   759    5.00000   23  118   38.21212    5.00000  86.9%   723  260s
  1096   760    9.62290   23  209   38.21212    5.00000  86.9%   724  267s
  1105   765    5.00000   24  102   38.21212    5.00000  86.9%   720  271s
  1125   773    5.00000   26   83   38.21212    5.00000  86.9%   714  286s
  1151   782   15.84941   28  251   38.21212    5.00000  86.9%   718  293s
  1166   793   31.60293   29   90   38.21212    5.00000  86.9%   716  296s
  1190   801   18.03030   30   88   38.21212    5.00000  86.9%   710  301s
  1216   815   13.03030   32  119   38.21212    5.00000  86.9%   705  306s
  1245   828   13.03030   34   81   38.21212    5.00000  86.9%   697  310s
  1274   835   13.03030   38   93   38.21212    5.00000  86.9%   703  315s
  1328   856   13.03030   44   67   38.21212    5.00000  86.9%   705  321s
  1389   865   13.03030   51   58   38.21212    5.00000  86.9%   697  325s
  1437   876   13.03030   61   65   38.21212    5.00000  86.9%   697  330s
  1479   883   13.03030   73   70   38.21212    5.00000  86.9%   701  335s
  1558   903   13.03030   90   91   38.21212    5.00000  86.9%   692  340s
  1693   913   13.03030  111   60   38.21212    5.00000  86.9%   669  345s
  1782   925    7.42424   29  118   38.21212    5.00000  86.9%   664  352s
  1825   929   15.45455   39   74   38.21212    5.00000  86.9%   660  358s
  1871   951   19.59419   50  142   38.21212    5.00000  86.9%   657  363s
  1959   989   25.96970   76   66   38.21212    5.00000  86.9%   648  369s
H 1971   943                      37.3636364    5.00000  86.6%   646  369s
  2168  1002     cutoff  171        37.36364    5.00000  86.6%   615  376s
H 2171   947                      35.5454545    5.00000  85.9%   614  376s
  2288   967   26.62534   46  134   35.54545    5.00000  85.9%   605  382s
  2386   984   27.85859   71  120   35.54545    5.00000  85.9%   601  389s
  2552   987 infeasible   77        35.54545    5.00000  85.9%   583  396s
  2724   978   22.98863   66   69   35.54545    5.00000  85.9%   571  403s
H 2850   944                      35.2121212    5.00000  85.8%   562  415s
  2951   993   23.64278   77  145   35.21212    5.00000  85.8%   553  429s
  3054  1042     cutoff   77        35.21212    5.00000  85.8%   553  442s
H 3075   885                      29.1212121    5.00000  82.8%   553  442s
  3097   888     cutoff   76        29.12121    5.00000  82.8%   558  450s
  3197   930   15.03263   56  121   29.12121    5.00000  82.8%   561  458s
  3323  1015     cutoff   76        29.12121    5.00000  82.8%   558  468s
  3468  1066   13.11111   68   78   29.12121    5.00000  82.8%   561  477s
  3613  1113   18.17542   52  207   29.12121    5.00000  82.8%   556  487s
  3721  1163   22.30173   73  208   29.12121    5.00000  82.8%   556  496s
  3847  1231    6.29659   54  188   29.12121    5.00000  82.8%   561  512s
  3985  1310   26.46970   42   82   29.12121    5.00000  82.8%   555  523s
  4048  1334   13.03030   32   67   29.12121    5.00000  82.8%   563  536s
  4133  1386   13.03030   47   76   29.12121    5.00000  82.8%   571  546s
  4408  1492    5.00000   47   73   29.12121    5.00000  82.8%   565  557s
  4556  1593   13.03030   35   66   29.12121    5.00000  82.8%   559  571s
  4712  1696   13.03030   79   64   29.12121    5.00000  82.8%   553  583s
  4997  1895   19.45455   36   85   29.12121    5.00000  82.8%   534  593s
  5233  2056   19.45455   43   70   29.12121    5.00000  82.8%   528  605s
  5517  2245   12.10363   51  110   29.12121    5.00000  82.8%   518  619s
H 5569  2195                      27.5151515    5.00000  81.8%   518  619s
H 5655  2228                      27.2424242    5.00000  81.6%   518  619s
  5656  2230   18.27585   57  198   27.24242    5.00000  81.6%   519  631s
  5857  2329   13.03030   74  104   27.24242    5.00000  81.6%   524  644s
  6003  2380   13.03030   89  103   27.24242    5.00000  81.6%   535  656s
  6140  2424   13.03030   57  112   27.24242    6.15152  77.4%   547  668s
  6266  2490   13.03030   47   47   27.24242    6.19330  77.3%   555  680s
  6542  2614     cutoff   49        27.24242    6.22925  77.1%   554  694s
  6806  2699    6.41926   57  221   27.24242    6.41926  76.4%   552  708s
  6954  2761   11.67845   56  137   27.24242    6.87879  74.7%   554  721s
  7165  2856   26.60606   33   95   27.24242    7.42424  72.7%   557  735s
  7306  2933   19.81521   43   81   27.24242    7.42424  72.7%   563  750s
  7534  3094   25.00000   59   84   27.24242    7.42424  72.7%   563  767s
  7806  3276   14.51588   37   85   27.24242    7.42424  72.7%   567  784s
  8041  3360   20.10482   43  192   27.24242    7.42424  72.7%   569  802s
  8684  3662     cutoff   51        27.24242    7.42424  72.7%   551  820s
  8967  3778   25.06061   46   92   27.24242    7.60606  72.1%   550  840s
  9376  3980   17.84848   50   88   27.24242    7.64566  71.9%   546  860s
 10058  4358   19.84848   58   70   27.24242    9.36364  65.6%   534  880s
 10537  4560   25.88961   43  180   27.24242   11.50303  57.8%   531  904s
 10838  4633 infeasible   46        27.24242   12.66667  53.5%   539  925s
 11247  4816     cutoff   83        27.24242   12.85591  52.8%   541  946s
 11638  5030   13.15896   63  203   27.24242   13.03030  52.2%   540  970s
 12150  5303   13.03030   82   61   27.24242   13.03030  52.2%   531  987s
 13255  5841     cutoff   74        27.24242   13.03030  52.2%   509 1009s
 13791  6105     cutoff  150        27.24242   13.03030  52.2%   505 1010s
 14452  6524 infeasible   92        27.24242   13.03030  52.2%   496 1029s
 14732  6658   19.03861  109  201   27.24242   13.03030  52.2%   501 1050s
 15147  6817   13.06733   71  174   27.24242   13.03030  52.2%   504 1071s
 15408  6959     cutoff  112        27.24242   13.03030  52.2%   503 1094s
 15762  7087   19.77273   52   97   27.24242   13.03030  52.2%   505 1117s
 17489  8073     cutoff   99        27.24242   13.03030  52.2%   480 1136s
 17791  8106   13.90909   67   92   27.24242   13.03030  52.2%   482 1154s
 18054  8141     cutoff   81        27.24242   13.03030  52.2%   490 1173s
 18370  8219   25.97120   57  274   27.24242   13.03030  52.2%   496 1199s
 18448  8192   26.32717   59  240   27.24242   13.03030  52.2%   499 1218s
 18802  8232   13.90909   79   55   27.24242   13.03030  52.2%   506 1237s
 19169  8358     cutoff   66        27.24242   13.03030  52.2%   510 1256s
 19527  8458   16.60606   89   65   27.24242   13.03030  52.2%   514 1276s
 19888  8540   13.45692   70  149   27.24242   13.03030  52.2%   520 1295s
 20203  8651 infeasible   72        27.24242   13.03030  52.2%   524 1315s
 20541  8844     cutoff   56        27.24242   13.03030  52.2%   524 1335s
 20917  8979   17.49430   52   91   27.24242   13.03030  52.2%   526 1476s
 20920  8981   17.95455   39   77   27.24242   13.03030  52.2%   526 1484s
 20921  8982   22.24242   49  125   27.24242   13.03030  52.2%   526 1485s
 20922  8982   13.90909   60   52   27.24242   13.03030  52.2%   526 1494s
 20923  8983   13.03030   46  125   27.24242   13.03030  52.2%   526 1499s
 20924  8984   23.14851   76   55   27.24242   13.03030  52.2%   526 1508s
 20925  8984   14.90559  114  161   27.24242   13.03030  52.2%   526 1514s
 20926  8985   14.29848   60   58   27.24242   13.03030  52.2%   526 1522s
 20928  8986   23.30303  101   69   27.24242   13.03030  52.2%   526 1529s
 20929  8987   24.09091   28  164   27.24242   13.03030  52.2%   526 1532s
 20930  8988   17.15152   76   73   27.24242   13.03030  52.2%   526 1537s
 20931  8988   13.84966   84  161   27.24242   13.03030  52.2%   526 1540s
 20932  8989   25.06061  129   72   27.24242   13.03030  52.2%   526 1545s
 20934  8990   23.06314   41   60   27.24242   13.03030  52.2%   526 1555s
 20936  8992   19.09091   34   57   27.24242   13.03030  52.2%   526 1564s
 20937  8992   17.49430   52   98   27.24242   13.03030  52.2%   526 1567s
 20938  8993   13.17719   69   68   27.24242   13.03030  52.2%   526 1575s
 20940  8994   17.95455   39   62   27.24242   13.03030  52.2%   526 1583s
 20941  8995   22.24242   49   70   27.24242   13.03030  52.2%   526 1586s
 20942  8996   13.90909   60   61   27.24242   13.03030  52.2%   526 1595s
 20944  8997   23.14851   76   54   27.24242   13.03030  52.2%   525 1603s
 20945  8998   14.90559  114   99   27.24242   13.03030  52.2%   525 1606s
 20946  8998   14.29848   60   66   27.24242   13.03030  52.2%   525 1613s
 20947  8999   17.84848  130  152   27.24242   13.03030  52.2%   525 1616s
 20948  9000   23.30303  101   78   27.24242   13.03030  52.2%   525 1627s
 20949  9000   24.09091   28  107   27.24242   13.03030  52.2%   525 1630s
 20950  9001   17.15152   76   69   27.24242   13.03030  52.2%   525 1639s
 20951  9002   13.84966   84  159   27.24242   13.03030  52.2%   525 1641s
 20952  9002   25.06061  129   75   27.24242   13.03030  52.2%   525 1654s
 20953  9003   21.66667   59  149   27.24242   13.03030  52.2%   525 1657s
 20954  9004   23.06314   41   97   27.24242   13.03030  52.2%   525 1671s
 20956  9005   19.09091   34   77   27.24242   13.03030  52.2%   525 1688s
 20957  9006   17.49430   52  165   27.24242   13.03030  52.2%   525 1691s
 20958  9006   13.17719   69   97   27.24242   13.03030  52.2%   525 1704s
 20959  9007   23.75423   53  241   27.24242   13.03030  52.2%   525 1708s
 20960  9008   17.95455   39  155   27.24242   13.03030  52.2%   525 1719s
H20960  8556                      26.6060606   13.03030  51.0%   525 1724s
H20961  8128                      25.0606061   13.03030  48.0%   525 1734s
 20962  8129   13.90909   60  187   25.06061   13.03030  48.0%   525 1736s
 20963  8130   13.03030   46  228   25.06061   13.03030  48.0%   525 1740s
 20964  8130   23.14851   76  137   25.06061   13.03030  48.0%   525 1749s
 20965  8131   14.90559  114  308   25.06061   13.03030  48.0%   525 1753s
 20966  8132   14.29848   60  139   25.06061   13.03030  48.0%   525 1763s
 20967  8132   17.84848  130  263   25.06061   13.03030  48.0%   525 1766s
 20968  8133   23.30303  101  136   25.06061   13.03030  48.0%   525 1777s
 20969  8134   24.09091   28  188   25.06061   13.03030  48.0%   525 1780s
 20970  8134   17.15152   76  262   25.06061   13.03030  48.0%   525 1796s
 20971  8135   13.84966   84  300   25.06061   13.03030  48.0%   525 1800s
 20972  8136   25.06061  129  159   25.06061   13.03030  48.0%   525 1811s
 20974  8137   23.06314   41   79   25.06061   13.03030  48.0%   525 1824s
 20975  8138   13.88084   77   99   25.06061   13.03030  48.0%   525 1826s
 20976  8138   19.09091   34  184   25.06061   13.03030  48.0%   525 1835s
 20977  8139   17.49430   52  423   25.06061   13.03030  48.0%   525 1841s
 20978  8140   13.17719   69  167   25.06061   13.03030  48.0%   525 1851s
 20979  8140   23.75423   53  282   25.06061   13.03030  48.0%   525 1856s
 20980  8141   17.95455   39  277   25.06061   13.03030  48.0%   525 1869s
 20981  8142   22.24242   49  221   25.06061   13.03030  48.0%   525 1872s
 20982  8142   13.90909   60  133   25.06061   13.03030  48.0%   525 1880s
 20984  8144   23.14851   76  177   25.06061   13.03030  48.0%   524 1889s
 20985  8144   14.90559  114  232   25.06061   13.03030  48.0%   524 1891s
 20986  8145   14.29848   60  182   25.06061   13.03030  48.0%   524 1900s
 20988  8146   23.30303  101  109   25.06061   13.03030  48.0%   524 1910s
 20990  8148   17.15152   76  182   25.06061   13.03030  48.0%   524 1920s
 20992  8149   25.06061  129  115   25.06061   13.03030  48.0%   524 1933s
 20993  8150   21.66667   59  210   25.06061   13.03030  48.0%   524 1936s
 20994  8150   23.06314   41  191   25.06061   13.03030  48.0%   524 1947s
 20995  8151   13.88084   77  225   25.06061   13.03030  48.0%   524 1950s
 20996  8152   19.09091   34  372   25.06061   13.03030  48.0%   524 1958s
 20997  8152   17.49430   52  205   25.06061   13.03030  48.0%   524 1961s
 20998  8153   13.17719   69  217   25.06061   13.03030  48.0%   524 1974s
 20999  8154   23.75423   53  302   25.06061   13.03030  48.0%   524 1977s
 21000  8154   17.95455   39  289   25.06061   13.03030  48.0%   524 1991s
 21001  8155   22.24242   49  271   25.06061   13.03030  48.0%   524 1995s
 21002  8156   13.90909   60  279   25.06061   13.03030  48.0%   524 2005s
 21004  8157   23.14851   76  140   25.06061   13.03030  48.0%   524 2019s
 21005  8158   14.90559  114  337   25.06061   13.03030  48.0%   524 2026s
 21006  8158   14.29848   60  182   25.06061   13.03030  48.0%   524 2035s
 21007  8159   17.84848  130  277   25.06061   13.03030  48.0%   524 2040s
 21008  8160   23.30303  101  111   25.06061   13.03030  48.0%   524 2050s
 21009  8160   24.09091   28  292   25.06061   13.03030  48.0%   524 2055s
 21010  8161   17.15152   76  166   25.06061   13.03030  48.0%   524 2067s
 21012  8162   25.06061  129  120   25.06061   13.03030  48.0%   524 2080s
 21014  8164   23.06314   41  268   25.06061   13.03030  48.0%   524 2099s
 21015  8164   13.88084   77  247   25.06061   13.03030  48.0%   524 2104s
 21016  8165   19.09091   34  177   25.06061   13.03030  48.0%   524 2113s
 21017  8166   17.49430   52  210   25.06061   13.03030  48.0%   524 2116s
 21018  8166   13.17719   69  259   25.06061   13.03030  48.0%   524 2128s
 21019  8167   23.75423   53  373   25.06061   13.03030  48.0%   524 2135s
 21020  8168   17.95455   39  178   25.06061   13.03030  48.0%   524 2145s
 21022  8169   13.90909   60  143   25.06061   13.03030  48.0%   524 2157s
 21023  8170   13.03030   46  257   25.06061   13.03030  48.0%   524 2160s
 21024  8170   23.14851   76  122   25.06061   13.03030  48.0%   523 2170s
 21026  8172   14.29848   60  250   25.06061   13.03030  48.0%   523 2180s
 21028  8173   23.30303  101  215   25.06061   13.03030  48.0%   523 2193s
 21029  8174   24.09091   28  324   25.06061   13.03030  48.0%   523 2197s
 21030  8174   17.15152   76  144   25.06061   13.03030  48.0%   523 2209s
 21031  8175   13.84966   84  204   25.06061   13.03030  48.0%   523 2212s
 21032  8176   25.06061  129  177   25.06061   13.03030  48.0%   523 2222s
 21033  8176   21.66667   59  215   25.06061   13.03030  48.0%   523 2227s
 21034  8177   23.06314   41  128   25.06061   13.03030  48.0%   523 2241s
 21035  8178   13.88084   77  391   25.06061   13.03030  48.0%   523 2247s
 21036  8178   19.09091   34  181   25.06061   13.03030  48.0%   523 2259s
 21037  8179   17.49430   52  218   25.06061   13.03030  48.0%   523 2262s
 21038  8180   13.17719   69  103   25.06061   13.03030  48.0%   523 2272s
 21040  8181   17.95455   39  152   25.06061   13.03030  48.0%   523 2284s
 21041  8182   22.24242   49  258   25.06061   13.03030  48.0%   523 2287s
 21042  8182   13.90909   60  106   25.06061   13.03030  48.0%   523 2294s
 21043  8183   13.03030   46  208   25.06061   13.03030  48.0%   523 2298s
 21044  8184   23.14851   76  101   25.06061   13.03030  48.0%   523 2305s
 21046  8185   14.29848   60  121   25.06061   13.03030  48.0%   523 2318s
 21047  8186   17.84848  130  174   25.06061   13.03030  48.0%   523 2321s
 21048  8186   23.30303  101   70   25.06061   13.03030  48.0%   523 2331s
 21050  8188   17.15152   76   52   25.06061   13.03030  48.0%   523 2345s
 21052  8189   25.06061  129   30   25.06061   13.03030  48.0%   523 2351s
 21054  8190   23.06314   41   27   25.06061   13.03030  48.0%   523 2358s
 21055  8191   13.88084   77   69   25.06061   13.03030  48.0%   523 2361s
 21056  8192   19.09091   34   51   25.06061   13.03030  48.0%   523 2365s
 21058  8193   13.17719   69   56   25.06061   13.03030  48.0%   523 2374s
 21059  8194   23.75423   53   72   25.06061   13.03030  48.0%   523 2376s
 21060  8194   17.95455   39   61   25.06061   13.03030  48.0%   523 2382s
 21062  8196   13.90909   60   66   25.06061   13.03030  48.0%   523 2389s
 21063  8196   13.03030   46  105   25.06061   13.03030  48.0%   523 2392s
 21064  8197   23.14851   76   60   25.06061   13.03030  48.0%   522 2397s
 21066  8198   14.29848   60   89   25.06061   13.03030  48.0%   522 2407s
 21067  8199   17.84848  130  113   25.06061   13.03030  48.0%   522 2410s
 21068  8200   23.30303  101   76   25.06061   13.03030  48.0%   522 2416s
 21070  8201   17.15152   76   76   25.06061   13.03030  48.0%   522 2426s
 21072  8202   25.06061  129   76   25.06061   13.03030  48.0%   522 2435s
 21074  8204   23.06314   41   46   25.06061   13.03030  48.0%   522 2445s
 21076  8205   19.09091   34   67   25.06061   13.03030  48.0%   522 2456s
 21078  8206   13.17719   69   61   25.06061   13.03030  48.0%   522 2466s
 21080  8208   17.95455   39   53   25.06061   13.03030  48.0%   522 2480s
 21082  8209   13.90909   60   42   25.06061   13.03030  48.0%   522 2489s
 21083  8210   13.03030   46  174   25.06061   13.03030  48.0%   522 2492s
 21084  8210   23.14851   76   78   25.06061   13.03030  48.0%   522 2502s
 21086  8212   14.29848   60   75   25.06061   13.03030  48.0%   522 2514s
 21087  8212   17.84848  130  119   25.06061   13.03030  48.0%   522 2516s
 21088  8213   23.30303  101   79   25.06061   13.03030  48.0%   522 2523s
 21089  8214   24.09091   28  165   25.06061   13.03030  48.0%   522 2525s
 21090  8214   17.15152   76  149   25.06061   13.03030  48.0%   522 2533s
 21091  8215   13.84966   84  183   25.06061   13.03030  48.0%   522 2535s
 21092  8216   25.06061  129   65   25.06061   13.03030  48.0%   522 2540s
 21094  8217   23.06314   41   85   25.06061   13.03030  48.0%   522 2549s
 21095  8218   13.88084   77  148   25.06061   13.03030  48.0%   522 2551s
 21096  8218   19.09091   34   55   25.06061   13.03030  48.0%   522 2557s
 21098  8220   13.17719   69   58   25.06061   13.03030  48.0%   522 2565s
 21100  8221   17.95455   39   44   25.06061   13.03030  48.0%   522 2573s
 21101  8222   22.24242   49  131   25.06061   13.03030  48.0%   522 2576s
 21102  8222   13.90909   60   54   25.06061   13.03030  48.0%   522 2585s
 21104  8224   23.14851   76   68   25.06061   13.03030  48.0%   522 2596s
 21106  8225   14.29848   60   63   25.06061   13.03030  48.0%   521 2607s
 21108  8226   23.30303  101   77   25.06061   13.03030  48.0%   521 2616s
 21110  8228   17.15152   76   69   25.06061   13.03030  48.0%   521 2626s
 21112  8229   25.06061  129   63   25.06061   13.03030  48.0%   521 2637s
 21113  8230   21.66667   59  144   25.06061   13.03030  48.0%   521 2640s
 21114  8230   23.06314   41   65   25.06061   13.03030  48.0%   521 2649s
 21115  8231   13.88084   77  178   25.06061   13.03030  48.0%   521 2652s
 21116  8232   19.09091   34   91   25.06061   13.03030  48.0%   521 2662s
 21118  8233   13.17719   69  125   25.06061   13.03030  48.0%   521 2669s
 21119  8234   23.75423   53  125   25.06061   13.03030  48.0%   521 2673s
 21120  8236   13.03030   29  160   25.06061   13.03030  48.0%   624 2685s
 21125  8235   13.03030   31  144   25.06061   13.03030  48.0%   624 2692s
 21127  8234   13.03030   32  102   25.06061   13.03030  48.0%   624 2695s
 21133  8236   13.03030   34  100   25.06061   13.03030  48.0%   624 2700s
 21141  8236 infeasible   35        25.06061   13.03030  48.0%   624 2708s
 21146  8237   17.11928   36  104   25.06061   13.03030  48.0%   624 2712s
H21147  7821                      24.2121212   13.03030  46.2%   624 2712s
 21150  7819   13.03030   37  184   24.21212   13.03030  46.2%   625 2719s
 21156  7821   18.21212   37   64   24.21212   13.03030  46.2%   625 2723s
 21161  7824   13.03030   38  128   24.21212   13.03030  46.2%   625 2726s
 21167  7823   13.03030   39  148   24.21212   13.03030  46.2%   625 2733s
 21172  7824   13.03030   39  125   24.21212   13.03030  46.2%   626 2744s
 21176  7824   13.03030   40  119   24.21212   13.03030  46.2%   626 2761s
 21180  7825   13.45000   40  161   24.21212   13.03030  46.2%   626 2769s
 21186  7819   13.03030   41  101   24.21212   13.03030  46.2%   626 2782s
 21194  7821   21.94776   41  151   24.21212   13.03030  46.2%   626 2793s
 21202  7820   13.03030   42   99   24.21212   13.03030  46.2%   626 2804s
 21206  7825   23.60708   42  276   24.21212   13.03030  46.2%   626 2818s
 21216  7819   13.03030   43   91   24.21212   13.03030  46.2%   626 2825s
 21248  7818   13.03030   47   36   24.21212   13.03030  46.2%   626 2834s
 21264  7817   13.03030   48   78   24.21212   13.03030  46.2%   627 2838s
 21279  7817   20.46892   49  176   24.21212   13.03030  46.2%   627 2843s
 21295  7808   14.35859   50   97   24.21212   13.03030  46.2%   627 2846s
 21312  7810   21.03122   51  281   24.21212   13.03030  46.2%   628 2851s
 21324  7809   13.03030   52   63   24.21212   13.03030  46.2%   628 2856s
 21341  7808   13.03030   54   75   24.21212   13.03030  46.2%   628 2860s
 21356  7806     cutoff   55        24.21212   13.03030  46.2%   628 2865s
 21396  7808   14.87879   63   70   24.21212   13.03030  46.2%   628 2875s
 21418  7815   14.87879   65   52   24.21212   13.03030  46.2%   628 2881s
 21448  7821 infeasible   68        24.21212   13.03030  46.2%   628 2887s
 21466  7827   20.71280   69  139   24.21212   13.03030  46.2%   628 2892s
 21503  7835   14.98540   71  188   24.21212   13.03030  46.2%   628 2897s
 21524  7841   15.02047   73  108   24.21212   13.03030  46.2%   628 2902s
 21546  7838   14.99197   76  197   24.21212   13.03030  46.2%   628 2907s
 21569  7837   15.45455   79   90   24.21212   13.03030  46.2%   628 2913s
 21597  7843   21.38578   82  212   24.21212   13.03030  46.2%   629 2920s
 21641  7843   18.32345   86   94   24.21212   13.03030  46.2%   629 2927s
 21704  7849   13.03030   43  110   24.21212   13.03030  46.2%   628 2935s
 21753  7860   13.03030   50  143   24.21212   13.03030  46.2%   628 2948s
 21794  7868   13.03030   51  150   24.21212   13.03030  46.2%   628 2954s
 21850  7876   13.03030   55  149   24.21212   13.03030  46.2%   627 2962s
 21910  7893   13.38151   65  216   24.21212   13.03030  46.2%   627 2973s
 21953  7905   13.50443   71  189   24.21212   13.03030  46.2%   627 2980s
 21991  7924   13.66436   85  188   24.21212   13.03030  46.2%   626 2987s
 22027  7937   14.26833   91  243   24.21212   13.03030  46.2%   626 2995s
 22097  7957   14.99479  107  210   24.21212   13.03030  46.2%   625 3006s
 22167  7973   22.60202  124   72   24.21212   13.03030  46.2%   625 3014s
 22219  7983 infeasible  135        24.21212   13.03030  46.2%   625 3023s
 22285  7983   14.86247   55  131   24.21212   13.03030  46.2%   626 3042s
 22383  8001   18.14218   84  249   24.21212   13.03030  46.2%   627 3061s
 22507  8002   13.03030   53   88   24.21212   13.03030  46.2%   628 3079s
 22690  8034   19.89540   64  134   24.21212   13.03030  46.2%   628 3100s
 22984  8074   13.03030   55  105   24.21212   13.03030  46.2%   626 3119s
 23199  8136   13.20119   50  195   24.21212   13.03030  46.2%   625 3135s
 23437  8172   23.02702   58  180   24.21212   13.03030  46.2%   623 3151s
 23613  8244   16.32884   88   81   24.21212   13.03030  46.2%   623 3167s
 23842  8349   15.42424   98  105   24.21212   13.03030  46.2%   620 3185s
 24101  8426   18.21212   46   82   24.21212   13.03030  46.2%   618 3203s
 24280  8484   18.91863   83  112   24.21212   13.03030  46.2%   617 3218s
 24429  8543   14.54602   53  294   24.21212   13.03030  46.2%   618 3232s
 24481  8564   19.42489   72  206   24.21212   13.03030  46.2%   619 3251s
 24646  8645   16.18182   65   96   24.21212   13.03030  46.2%   618 3270s
 24875  8741   15.38151   57  201   24.21212   13.03030  46.2%   617 3288s
 25145  8800   17.95157   77  149   24.21212   13.03030  46.2%   616 3306s
 25392  8872   19.40461   80  162   24.21212   13.03030  46.2%   615 3328s
 25648  8934     cutoff   59        24.21212   13.03030  46.2%   614 3350s
 25976  9034   19.18645   56  171   24.21212   13.03030  46.2%   613 3371s
 26256  9097   13.34800   67  158   24.21212   13.03030  46.2%   612 3393s
 26538  9165   13.30649   77  273   24.21212   13.03030  46.2%   611 3413s
 26806  9207   16.47363   61  221   24.21212   13.03030  46.2%   612 3436s
 27085  9257     cutoff   50        24.21212   13.03030  46.2%   613 3460s
 27510  9361   17.01850   61  107   24.21212   13.03030  46.2%   610 3486s
 27832  9444   13.03030   53  189   24.21212   13.03030  46.2%   610 3512s
 28244  9542   20.93348   69  113   24.21212   13.03030  46.2%   609 3538s
 28545  9617   15.31138   64  269   24.21212   13.03030  46.2%   609 3566s
 28791  9725   15.98423   70  180   24.21212   13.03030  46.2%   607 3597s
 29233  9876   13.57576   72   92   24.21212   13.03030  46.2%   605 3600s

Cutting planes:
  Cover: 2
  Implied bound: 316
  Clique: 3
  MIR: 87
  Flow cover: 116
  Zero half: 38

Explored 29287 nodes (17760874 simplex iterations) in 3600.03 seconds
Thread count was 4 (of 20 available processors)

Solution count 10: 24.2121 25.0606 26.6061 ... 38.2121
Pool objective bound 13.0303

Time limit reached
Best objective 2.421212121212e+01, best bound 1.303030303030e+01, gap 46.1827%

Wrote result file 'waterstop_5_180114_2.sol'

