\BOOKMARK [1][-]{section.1}{はじめに}{}% 1
\BOOKMARK [1][-]{section.2}{準備}{}% 2
\BOOKMARK [2][-]{subsection.2.1}{最適化問題}{section.2}% 3
\BOOKMARK [2][-]{subsection.2.2}{重み付き制約充足問題}{section.2}% 4
\BOOKMARK [2][-]{subsection.2.3}{最適化ソルバ}{section.2}% 5
\BOOKMARK [2][-]{subsection.2.4}{マクロと VBA}{section.2}% 6
\BOOKMARK [1][-]{section.3}{本研究の目的}{}% 7
\BOOKMARK [1][-]{section.4}{スケジュール作成問題の定式化の改良}{}% 8
\BOOKMARK [2][-]{subsection.4.1}{添字の変更を行った最適化モデル}{section.4}% 9
\BOOKMARK [2][-]{subsection.4.2}{追加した制約条件の内容}{section.4}% 10
\BOOKMARK [2][-]{subsection.4.3}{変更を行った目的関数}{section.4}% 11
\BOOKMARK [1][-]{section.5}{インタフェースの利便性向上}{}% 12
\BOOKMARK [2][-]{subsection.5.1}{Excel ファイルへの記入方法の改良}{section.5}% 13
\BOOKMARK [2][-]{subsection.5.2}{バッチファイル自動作成機能の実装}{section.5}% 14
\BOOKMARK [2][-]{subsection.5.3}{改良後の内部処理}{section.5}% 15
\BOOKMARK [1][-]{section.6}{数値実験}{}% 16
\BOOKMARK [2][-]{subsection.6.1}{計算環境}{section.6}% 17
\BOOKMARK [2][-]{subsection.6.2}{データ概要}{section.6}% 18
\BOOKMARK [2][-]{subsection.6.3}{実験 1}{section.6}% 19
\BOOKMARK [2][-]{subsection.6.4}{実験 2}{section.6}% 20
\BOOKMARK [3][-]{subsubsection.6.4.1}{実験2`-1}{subsection.6.4}% 21
\BOOKMARK [3][-]{subsubsection.6.4.2}{実験2`-2}{subsection.6.4}% 22
\BOOKMARK [2][-]{subsection.6.5}{実験3}{section.6}% 23
\BOOKMARK [1][-]{section.7}{2017 年度の特別研究報告審査会のスケジュール作成}{}% 24
\BOOKMARK [2][-]{subsection.7.1}{データ概要}{section.7}% 25
\BOOKMARK [2][-]{subsection.7.2}{作成したスケジュール}{section.7}% 26
\BOOKMARK [2][-]{subsection.7.3}{作成したスケジュールの問題点}{section.7}% 27
\BOOKMARK [1][-]{section.8}{おわりに}{}% 28
\BOOKMARK [1][-]{appendix.A}{本研究で使用した最適化問題のモデルファイル・データファイル}{}% 29
\BOOKMARK [2][-]{subsection.A.1}{モデルファイル}{appendix.A}% 30
\BOOKMARK [3][-]{subsubsection.A.1.1}{モデル1}{subsection.A.1}% 31
\BOOKMARK [3][-]{subsubsection.A.1.2}{モデル2}{subsection.A.1}% 32
\BOOKMARK [2][-]{subsection.A.2}{データファイル}{appendix.A}% 33
\BOOKMARK [3][-]{subsubsection.A.2.1}{数値実験に使用したデータファイル}{subsection.A.2}% 34
\BOOKMARK [1][-]{appendix.B}{2017年度特別研究報告審査会スケジュール}{}% 35
