This is e-pTeX, Version 3.14159265-p3.7-160201-2.6 (sjis) (TeX Live 2016/W32TeX) (preloaded format=platex 2017.5.22)  12 FEB 2018 14:49
entering extended mode
 restricted \write18 enabled.
 %&-line parsing enabled.
**./soturon2018.tex
(./soturon2018.tex
pLaTeX2e <2016/11/29> (based on LaTeX2e <2017/01/01> patch level 3)
Babel <3.9r> and hyphenation patterns for 83 language(s) loaded.
(c:/texlive/2016/texmf-dist/tex/platex/base/jarticle.cls
Document Class: jarticle 2016/11/22 v1.7b Standard pLaTeX class
\c@@paper=\count82
(c:/texlive/2016/texmf-dist/tex/latex/base/fleqn.clo
File: fleqn.clo 2016/12/29 v1.2a Standard LaTeX option (flush left equations)
\mathindent=\dimen118
Applying: [2015/01/01] Make \[ robust on input line 50.
LaTeX Info: Redefining \[ on input line 51.
Already applied: [0000/00/00] Make \[ robust on input line 62.
Applying: [2015/01/01] Make \] robust on input line 74.
LaTeX Info: Redefining \] on input line 75.
Already applied: [0000/00/00] Make \] robust on input line 83.
)
(c:/texlive/2016/texmf-dist/tex/platex/base/jsize12.clo
File: jsize12.clo 2016/11/22 v1.7b Standard pLaTeX file (size option)
)
\c@part=\count83
\c@section=\count84
\c@subsection=\count85
\c@subsubsection=\count86
\c@paragraph=\count87
\c@subparagraph=\count88
\c@figure=\count89
\c@table=\count90
\abovecaptionskip=\skip41
\belowcaptionskip=\skip42
\symmincho=\mathgroup4
LaTeX Font Info:    Overwriting symbol font `mincho' in version `bold'
(Font)                  JY1/mc/m/n --> JY1/gt/m/n on input line 579.
\toclineskip=\dimen119
\@lnumwidth=\dimen120
\bibindent=\dimen121
\heisei=\count91
)
(c:/texlive/2016/texmf-dist/tex/latex/amsmath/amsmath.sty
Package: amsmath 2016/11/05 v2.16a AMS math features
\@mathmargin=\skip43

For additional information on amsmath, use the `?' option.
(c:/texlive/2016/texmf-dist/tex/latex/amsmath/amstext.sty
Package: amstext 2000/06/29 v2.01 AMS text

(c:/texlive/2016/texmf-dist/tex/latex/amsmath/amsgen.sty
File: amsgen.sty 1999/11/30 v2.0 generic functions
\@emptytoks=\toks15
\ex@=\dimen122
))
(c:/texlive/2016/texmf-dist/tex/latex/amsmath/amsbsy.sty
Package: amsbsy 1999/11/29 v1.2d Bold Symbols
\pmbraise@=\dimen123
)
(c:/texlive/2016/texmf-dist/tex/latex/amsmath/amsopn.sty
Package: amsopn 2016/03/08 v2.02 operator names
)
\inf@bad=\count92
LaTeX Info: Redefining \frac on input line 213.
\uproot@=\count93
\leftroot@=\count94
LaTeX Info: Redefining \overline on input line 375.
\classnum@=\count95
\DOTSCASE@=\count96
LaTeX Info: Redefining \ldots on input line 472.
LaTeX Info: Redefining \dots on input line 475.
LaTeX Info: Redefining \cdots on input line 596.
\Mathstrutbox@=\box41
\strutbox@=\box42
\big@size=\dimen124
LaTeX Font Info:    Redeclaring font encoding OML on input line 712.
LaTeX Font Info:    Redeclaring font encoding OMS on input line 713.
\macc@depth=\count97
\c@MaxMatrixCols=\count98
\dotsspace@=\muskip10
\c@parentequation=\count99
\dspbrk@lvl=\count100
\tag@help=\toks16
\row@=\count101
\column@=\count102
\maxfields@=\count103
\andhelp@=\toks17
\eqnshift@=\dimen125
\alignsep@=\dimen126
\tagshift@=\dimen127
\tagwidth@=\dimen128
\totwidth@=\dimen129
\lineht@=\dimen130
\@envbody=\toks18
\multlinegap=\skip44
\multlinetaggap=\skip45
\mathdisplay@stack=\toks19
LaTeX Info: Redefining \[ on input line 2817.
LaTeX Info: Redefining \] on input line 2818.
)
(c:/texlive/2016/texmf-dist/tex/latex/amsfonts/amsfonts.sty
Package: amsfonts 2013/01/14 v3.01 Basic AMSFonts support
\symAMSa=\mathgroup5
\symAMSb=\mathgroup6
LaTeX Font Info:    Overwriting math alphabet `\mathfrak' in version `bold'
(Font)                  U/euf/m/n --> U/euf/b/n on input line 106.
)
(c:/texlive/2016/texmf-dist/tex/platex/base/ascmac.sty
Package: ascmac 2016/08/21 v2.0c ascmac wrapper (community edition) 

(c:/texlive/2016/texmf-dist/tex/platex/base/tascmac.sty
Package: tascmac 2016/08/21 v2.0c ascmac package (community edition) 
\@savetbaselineshift=\dimen131
\@saveybaselineshift=\dimen132
\scb@x=\box43
\scscb@x=\box44
\@bw=\dimen133
\@nbox=\box45
\@nbody=\box46
\@scw=\dimen134
\@itemh=\dimen135
\@iboxpos=\toks20
\@iboxstr=\box47
\@bwsp=\box48
\@@bwsp=\box49
\@bcal=\count104
\shaderule=\dimen136
))
(c:/texlive/2016/texmf-dist/tex/latex/hyperref/hyperref.sty
Package: hyperref 2017/03/14 v6.85a Hypertext links for LaTeX

(c:/texlive/2016/texmf-dist/tex/generic/oberdiek/hobsub-hyperref.sty
Package: hobsub-hyperref 2016/05/16 v1.14 Bundle oberdiek, subset hyperref (HO)


(c:/texlive/2016/texmf-dist/tex/generic/oberdiek/hobsub-generic.sty
Package: hobsub-generic 2016/05/16 v1.14 Bundle oberdiek, subset generic (HO)
Package: hobsub 2016/05/16 v1.14 Construct package bundles (HO)
Package: infwarerr 2016/05/16 v1.4 Providing info/warning/error messages (HO)
Package: ltxcmds 2016/05/16 v1.23 LaTeX kernel commands for general use (HO)
Package: ifluatex 2016/05/16 v1.4 Provides the ifluatex switch (HO)
Package ifluatex Info: LuaTeX not detected.
Package: ifvtex 2016/05/16 v1.6 Detect VTeX and its facilities (HO)
Package ifvtex Info: VTeX not detected.
Package: intcalc 2016/05/16 v1.2 Expandable calculations with integers (HO)
Package: ifpdf 2017/03/15 v3.2 Provides the ifpdf switch
Package: etexcmds 2016/05/16 v1.6 Avoid name clashes with e-TeX commands (HO)
Package etexcmds Info: Could not find \expanded.
(etexcmds)             That can mean that you are not using pdfTeX 1.50 or
(etexcmds)             that some package has redefined \expanded.
(etexcmds)             In the latter case, load this package earlier.
Package: kvsetkeys 2016/05/16 v1.17 Key value parser (HO)
Package: kvdefinekeys 2016/05/16 v1.4 Define keys (HO)
Package: pdftexcmds 2017/03/19 v0.25 Utility functions of pdfTeX for LuaTeX (HO
)
Package pdftexcmds Info: LuaTeX not detected.
Package pdftexcmds Info: pdfTeX >= 1.30 not detected.
Package pdftexcmds Info: \pdf@primitive is available.
Package pdftexcmds Info: \pdf@ifprimitive is available.
Package pdftexcmds Info: \pdfdraftmode not found.
Package: pdfescape 2016/05/16 v1.14 Implements pdfTeX's escape features (HO)
Package: bigintcalc 2016/05/16 v1.4 Expandable calculations on big integers (HO
)
Package: bitset 2016/05/16 v1.2 Handle bit-vector datatype (HO)
Package: uniquecounter 2016/05/16 v1.3 Provide unlimited unique counter (HO)
)
Package hobsub Info: Skipping package `hobsub' (already loaded).
Package: letltxmacro 2016/05/16 v1.5 Let assignment for LaTeX macros (HO)
Package: hopatch 2016/05/16 v1.3 Wrapper for package hooks (HO)
Package: xcolor-patch 2016/05/16 xcolor patch
Package: atveryend 2016/05/16 v1.9 Hooks at the very end of document (HO)
Package atveryend Info: \enddocument detected (standard20110627).
Package: atbegshi 2016/06/09 v1.18 At begin shipout hook (HO)
Package: refcount 2016/05/16 v3.5 Data extraction from label references (HO)
Package: hycolor 2016/05/16 v1.8 Color options for hyperref/bookmark (HO)
)
(c:/texlive/2016/texmf-dist/tex/latex/graphics/keyval.sty
Package: keyval 2014/10/28 v1.15 key=value parser (DPC)
\KV@toks@=\toks21
)
(c:/texlive/2016/texmf-dist/tex/generic/ifxetex/ifxetex.sty
Package: ifxetex 2010/09/12 v0.6 Provides ifxetex conditional
)
(c:/texlive/2016/texmf-dist/tex/latex/oberdiek/auxhook.sty
Package: auxhook 2016/05/16 v1.4 Hooks for auxiliary files (HO)
)
(c:/texlive/2016/texmf-dist/tex/latex/oberdiek/kvoptions.sty
Package: kvoptions 2016/05/16 v3.12 Key value format for package options (HO)
)
\@linkdim=\dimen137
\Hy@linkcounter=\count105
\Hy@pagecounter=\count106

(c:/texlive/2016/texmf-dist/tex/latex/hyperref/pd1enc.def
File: pd1enc.def 2017/03/14 v6.85a Hyperref: PDFDocEncoding definition (HO)
)
\Hy@SavedSpaceFactor=\count107

(c:/texlive/2016/texmf-dist/tex/latex/latexconfig/hyperref.cfg
File: hyperref.cfg 2002/06/06 v1.2 hyperref configuration of TeXLive
)
Package hyperref Info: Hyper figures OFF on input line 4498.
Package hyperref Info: Link nesting OFF on input line 4503.
Package hyperref Info: Hyper index ON on input line 4506.
Package hyperref Info: Plain pages OFF on input line 4513.
Package hyperref Info: Backreferencing OFF on input line 4518.
Package hyperref Info: Implicit mode ON; LaTeX internals redefined.
Package hyperref Info: Bookmarks ON on input line 4751.
\c@Hy@tempcnt=\count108

(c:/texlive/2016/texmf-dist/tex/latex/url/url.sty
\Urlmuskip=\muskip11
Package: url 2013/09/16  ver 3.4  Verb mode for urls, etc.
)
LaTeX Info: Redefining \url on input line 5104.
\XeTeXLinkMargin=\dimen138
\Fld@menulength=\count109
\Field@Width=\dimen139
\Fld@charsize=\dimen140
Package hyperref Info: Hyper figures OFF on input line 6358.
Package hyperref Info: Link nesting OFF on input line 6363.
Package hyperref Info: Hyper index ON on input line 6366.
Package hyperref Info: backreferencing OFF on input line 6373.
Package hyperref Info: Link coloring OFF on input line 6378.
Package hyperref Info: Link coloring with OCG OFF on input line 6383.
Package hyperref Info: PDF/A mode OFF on input line 6388.
LaTeX Info: Redefining \ref on input line 6428.
LaTeX Info: Redefining \pageref on input line 6432.
\Hy@abspage=\count110
\c@Item=\count111
\c@Hfootnote=\count112
)

Package hyperref Message: Driver: hdvipdfm.

(c:/texlive/2016/texmf-dist/tex/latex/hyperref/hdvipdfm.def
File: hdvipdfm.def 2017/03/14 v6.85a Hyperref driver for dvipdfm
\pdfm@box=\box50
\c@Hy@AnnotLevel=\count113
\HyField@AnnotCount=\count114
\Fld@listcount=\count115
\c@bookmark@seq@number=\count116

(c:/texlive/2016/texmf-dist/tex/latex/oberdiek/rerunfilecheck.sty
Package: rerunfilecheck 2016/05/16 v1.8 Rerun checks for auxiliary files (HO)
Package uniquecounter Info: New unique counter `rerunfilecheck' on input line 2
82.
)
\Hy@SectionHShift=\skip46
)
(c:/texlive/2016/texmf-dist/tex/latex/comment/comment.sty
\CommentStream=\write3

Excluding comment 'comment')
(c:/texlive/2016/texmf-dist/tex/latex/graphics/graphicx.sty
Package: graphicx 2014/10/28 v1.0g Enhanced LaTeX Graphics (DPC,SPQR)

(c:/texlive/2016/texmf-dist/tex/latex/graphics/graphics.sty
Package: graphics 2016/10/09 v1.0u Standard LaTeX Graphics (DPC,SPQR)

(c:/texlive/2016/texmf-dist/tex/latex/graphics/trig.sty
Package: trig 2016/01/03 v1.10 sin cos tan (DPC)
)
(c:/texlive/2016/texmf-dist/tex/latex/graphics-cfg/graphics.cfg
File: graphics.cfg 2016/06/04 v1.11 sample graphics configuration
)
Package graphics Info: Driver file: dvipdfmx.def on input line 99.

(c:/texlive/2016/texmf-dist/tex/latex/graphics-def/dvipdfmx.def
File: dvipdfmx.def 2016/07/11 v4.12 LaTeX color/graphics driver for dvipdfmx (L
3/ChoF)
))
\Gin@req@height=\dimen141
\Gin@req@width=\dimen142
)
(c:/texlive/2016/texmf-dist/tex/latex/tools/array.sty
Package: array 2016/10/06 v2.4d Tabular extension package (FMi)
\col@sep=\dimen143
\extrarowheight=\dimen144
\NC@list=\toks22
\extratabsurround=\skip47
\backup@length=\skip48
)
(c:/texlive/2016/texmf-dist/tex/latex/booktabs/booktabs.sty
Package: booktabs 2016/04/27 v1.618033 publication quality tables
\heavyrulewidth=\dimen145
\lightrulewidth=\dimen146
\cmidrulewidth=\dimen147
\belowrulesep=\dimen148
\belowbottomsep=\dimen149
\aboverulesep=\dimen150
\abovetopsep=\dimen151
\cmidrulesep=\dimen152
\cmidrulekern=\dimen153
\defaultaddspace=\dimen154
\@cmidla=\count117
\@cmidlb=\count118
\@aboverulesep=\dimen155
\@belowrulesep=\dimen156
\@thisruleclass=\count119
\@lastruleclass=\count120
\@thisrulewidth=\dimen157
)
(c:/texlive/2016/texmf-dist/tex/latex/fancybox/fancybox.sty
Package: fancybox 2010/05/15 1.4

Style option: `fancybox' v1.4 <2010/05/15> (tvz)
\@fancybox=\box51
\shadowsize=\dimen158
\@Sbox=\box52
\do@VerbBox=\toks23
\the@fancyput=\toks24
\this@fancyput=\toks25
\EndVerbatimTokens=\toks26
\Verbatim@Outfile=\write4
\Verbatim@Infile=\read1
) (c:/texlive/2016/texmf-dist/tex/latex/here/here.sty)
(c:/texlive/2016/texmf-dist/tex/latex/float/float.sty
Package: float 2001/11/08 v1.3d Float enhancements (AL)
\c@float@type=\count121
\float@exts=\toks27
\float@box=\box53
\@float@everytoks=\toks28
\@floatcapt=\box54
) (./slashbox.sty
slashbox style by K.Yasuoka, May 1993.
\@slashboxa=\box55
\@slashboxb=\box56
\@slashboxc=\box57
\@slashboxwd=\count122
\@slashboxht=\count123
\@slashsepl=\dimen159
\@slashsepr=\dimen160
) (./soturon2018.aux

LaTeX Warning: Label `tb:ex1' multiply defined.

)
\openout1 = `soturon2018.aux'.

LaTeX Font Info:    Checking defaults for OML/cmm/m/it on input line 34.
LaTeX Font Info:    ... okay on input line 34.
LaTeX Font Info:    Checking defaults for T1/cmr/m/n on input line 34.
LaTeX Font Info:    ... okay on input line 34.
LaTeX Font Info:    Checking defaults for OT1/cmr/m/n on input line 34.
LaTeX Font Info:    ... okay on input line 34.
LaTeX Font Info:    Checking defaults for OMS/cmsy/m/n on input line 34.
LaTeX Font Info:    ... okay on input line 34.
LaTeX Font Info:    Checking defaults for OMX/cmex/m/n on input line 34.
LaTeX Font Info:    ... okay on input line 34.
LaTeX Font Info:    Checking defaults for U/cmr/m/n on input line 34.
LaTeX Font Info:    ... okay on input line 34.
LaTeX Font Info:    Checking defaults for JY1/mc/m/n on input line 34.
LaTeX Font Info:    ... okay on input line 34.
LaTeX Font Info:    Checking defaults for JT1/mc/m/n on input line 34.
LaTeX Font Info:    ... okay on input line 34.
LaTeX Font Info:    Checking defaults for PD1/pdf/m/n on input line 34.
LaTeX Font Info:    ... okay on input line 34.
\AtBeginShipoutBox=\box58
Package hyperref Info: Link coloring OFF on input line 34.
 (c:/texlive/2016/texmf-dist/tex/latex/hyperref/nameref.sty
Package: nameref 2016/05/21 v2.44 Cross-referencing by name of section

(c:/texlive/2016/texmf-dist/tex/generic/oberdiek/gettitlestring.sty
Package: gettitlestring 2016/05/16 v1.5 Cleanup title references (HO)
)
\c@section@level=\count124
)
LaTeX Info: Redefining \ref on input line 34.
LaTeX Info: Redefining \pageref on input line 34.
LaTeX Info: Redefining \nameref on input line 34.

(./soturon2018.out) (./soturon2018.out)
\@outlinefile=\write5
\openout5 = `soturon2018.out'.

LaTeX Font Info:    Font shape `JT1/mc/bx/n' in size <17.28> not available
(Font)              Font shape `JT1/gt/m/n' tried instead on input line 44.
LaTeX Font Info:    Font shape `JY1/mc/bx/n' in size <17.28> not available
(Font)              Font shape `JY1/gt/m/n' tried instead on input line 44.
LaTeX Font Info:    Font shape `JT1/mc/bx/n' in size <14.4> not available
(Font)              Font shape `JT1/gt/m/n' tried instead on input line 48.
LaTeX Font Info:    Font shape `JY1/mc/bx/n' in size <14.4> not available
(Font)              Font shape `JY1/gt/m/n' tried instead on input line 48.
 [1

] (./soturon2018.toc
LaTeX Font Info:    Font shape `JT1/mc/bx/n' in size <12> not available
(Font)              Font shape `JT1/gt/m/n' tried instead on input line 1.
LaTeX Font Info:    Font shape `JY1/mc/bx/n' in size <12> not available
(Font)              Font shape `JY1/gt/m/n' tried instead on input line 1.
LaTeX Font Info:    Try loading font information for U+msa on input line 3.

(c:/texlive/2016/texmf-dist/tex/latex/amsfonts/umsa.fd
File: umsa.fd 2013/01/14 v3.01 AMS symbols A
)
LaTeX Font Info:    Try loading font information for U+msb on input line 3.

(c:/texlive/2016/texmf-dist/tex/latex/amsfonts/umsb.fd
File: umsb.fd 2013/01/14 v3.01 AMS symbols B
))
\tf@toc=\write6
\openout6 = `soturon2018.toc'.

 [1]
LaTeX Font Info:    Try loading font information for OMS+cmr on input line 92.

(c:/texlive/2016/texmf-dist/tex/latex/base/omscmr.fd
File: omscmr.fd 2014/09/29 v2.5h Standard LaTeX font definitions
)
LaTeX Font Info:    Font shape `OMS/cmr/m/n' in size <12> not available
(Font)              Font shape `OMS/cmsy/m/n' tried instead on input line 92.
 [1]
File: ./fig/fig_GraphEx.pdf Graphic file (type pdf)

<./fig/fig_GraphEx.pdf> [2] [3] [4] [5] [6] [7]
File: nettowaku2.pdf Graphic file (type pdf)
 <nettowaku2.pdf> [8]
File: nettowaku.pdf Graphic file (type pdf)

<nettowaku.pdf> [9] [10] [11] [12] [13] [14] [15] [16] [17]
File: fig/43min_6team_lim30min.pdf Graphic file (type pdf)

<fig/43min_6team_lim30min.pdf>
File: fig/57min_6team_lim30min.pdf Graphic file (type pdf)
 <fig/57min_6team_lim30min.pdf>
File: fig/64min_6team_lim30min.pdf Graphic file (type pdf)

<fig/64min_6team_lim30min.pdf> [18] [19] [20] [21]
File: fig/64min_2team_nolim.pdf Graphic file (type pdf)
 <fig/64min_2team_nolim.pdf>
File: fig/64min_3team_nolim.pdf Graphic file (type pdf)

<fig/64min_3team_nolim.pdf>
File: fig/64min_4team_nolim.pdf Graphic file (type pdf)
 <fig/64min_4team_nolim.pdf>
File: fig/64min_5team_nolim.pdf Graphic file (type pdf)

<fig/64min_5team_nolim.pdf>
File: fig/64min_6team_nolim.pdf Graphic file (type pdf)
 <fig/64min_6team_nolim.pdf> [22] [23] [24] [25]
[26]
Underfull \hbox (badness 10000) in paragraph at lines 1738--1739
[]\JY1/mc/m/n/10 株式会社オクト ーバ ー ・ スカイ， \OT1/cmr/m/n/10 Gurobi$\OMS
/cmsy/m/n/10 ^^@$ \JY1/mc/m/n/10 フ ォ ーカスシステムズ
 []


Overfull \hbox (25.65446pt too wide) in paragraph at lines 1740--1740
[]\OT1/cmtt/m/n/10 http://www.mlit.go.jp/river/basic_info/jigyo_keikaku/saigai/
tisiki/chika/pdf/honpen.pdf 
 []


Underfull \hbox (badness 10000) in paragraph at lines 1743--1744
[]\JY1/mc/m/n/10 東京海上日動リスクコンサルテ ィ ング株式会社 ， 集中豪雨の増加
傾向と水害への対応
 []


Underfull \hbox (badness 5161) in paragraph at lines 1743--1744
\OT1/cmtt/m/n/10 http://www.tokiorisk.co.jp/risk_info/up_file/201306171.pdf\OT1
/cmr/m/n/10 ($2018$ \JY1/mc/m/n/10 年 $\OT1/cmr/m/n/10 2$ \JY1/mc/m/n/10 月 $\O
T1/cmr/m/n/10 11$ \JY1/mc/m/n/10 日確
 []


Underfull \hbox (badness 6477) in paragraph at lines 1744--1745
[]\JY1/mc/m/n/10 東京大学社会情報研究所 ， \OT1/cmr/m/n/10 2000 \JY1/mc/m/n/10 
年東海豪雨災害における災害情報の伝達と住民の対応
 []

[27] [28] [29]
Overfull \hbox (38.75616pt too wide) in paragraph at lines 1822--1822
[]    \OT1/cmtt/m/n/12 == sum {l_ in L, (v1, v2) in E: l_ < l} y[v1, v2, l_, p]
 * w[v1, v2] / speed[] 
 []

[30] [31]
File: fig/43min_2team_nolim.pdf Graphic file (type pdf)
 <fig/43min_2team_nolim.pdf>
File: fig/43min_3team_nolim.pdf Graphic file (type pdf)
 <fig/43min_3team_nolim.pdf>
File: fig/43min_4team_nolim.pdf Graphic file (type pdf)

<fig/43min_4team_nolim.pdf>
File: fig/43min_5team_nolim.pdf Graphic file (type pdf)
 <fig/43min_5team_nolim.pdf>
File: fig/43min_6team_lim30min.pdf Graphic file (type pdf)

<fig/43min_6team_lim30min.pdf>
File: fig/43min_6team_nolim.pdf Graphic file (type pdf)
 <fig/43min_6team_nolim.pdf>
File: fig/57min_2team_nolim.pdf Graphic file (type pdf)

<fig/57min_2team_nolim.pdf>
File: fig/57min_3team_nolim.pdf Graphic file (type pdf)
 <fig/57min_3team_nolim.pdf>
File: fig/57min_4team_lim40min.pdf Graphic file (type pdf)

<fig/57min_4team_lim40min.pdf>
File: fig/57min_4team_nolim.pdf Graphic file (type pdf)
 <fig/57min_4team_nolim.pdf>
File: fig/57min_5team_lim40min.pdf Graphic file (type pdf)

<fig/57min_5team_lim40min.pdf>
File: fig/57min_5team_nolim.pdf Graphic file (type pdf)
 <fig/57min_5team_nolim.pdf>
File: fig/57min_6team_lim30min.pdf Graphic file (type pdf)

<fig/57min_6team_lim30min.pdf>
File: fig/57min_6team_nolim.pdf Graphic file (type pdf)
 <fig/57min_6team_nolim.pdf>
File: fig/64min_2team_nolim.pdf Graphic file (type pdf)

<fig/64min_2team_nolim.pdf>
File: fig/64min_3team_lim40min.pdf Graphic file (type pdf)
 <fig/64min_3team_lim40min.pdf>
File: fig/64min_3team_lim50min.pdf Graphic file (type pdf)

<fig/64min_3team_lim50min.pdf>
File: fig/64min_3team_nolim.pdf Graphic file (type pdf)
 <fig/64min_3team_nolim.pdf>
File: fig/64min_4team_lim40min.pdf Graphic file (type pdf)

<fig/64min_4team_lim40min.pdf>
File: fig/64min_4team_nolim.pdf Graphic file (type pdf)
 <fig/64min_4team_nolim.pdf>
File: fig/64min_5team_lim40min.pdf Graphic file (type pdf)

<fig/64min_5team_lim40min.pdf>
File: fig/64min_5team_nolim.pdf Graphic file (type pdf)
 <fig/64min_5team_nolim.pdf>
File: fig/64min_6team_lim30min.pdf Graphic file (type pdf)

<fig/64min_6team_lim30min.pdf>
File: fig/64min_6team_nolim.pdf Graphic file (type pdf)
 <fig/64min_6team_nolim.pdf>
Package atveryend Info: Empty hook `BeforeClearDocument' on input line 2151.
 [32] [33] [34]
[35] [36]
Package atveryend Info: Empty hook `AfterLastShipout' on input line 2151.
 (./soturon2018.aux)
Package atveryend Info: Empty hook `AtVeryEndDocument' on input line 2151.
Package atveryend Info: Executing hook `AtEndAfterFileList' on input line 2151.

Package rerunfilecheck Info: File `soturon2018.out' has not changed.
(rerunfilecheck)             Checksum: 99B852609FBCB86176C2E36EF4081195;1953.


LaTeX Warning: There were multiply-defined labels.

Package atveryend Info: Empty hook `AtVeryVeryEnd' on input line 2151.
 ) 
Here is how much of TeX's memory you used:
 6006 strings out of 493683
 87332 string characters out of 6152642
 203076 words of memory out of 5000000
 9467 multiletter control sequences out of 15000+600000
 18206 words of font info for 75 fonts, out of 8000000 for 9000
 929 hyphenation exceptions out of 8191
 28i,13n,28p,977b,500s stack positions out of 5000i,500n,10000p,200000b,80000s

Output written on soturon2018.dvi (38 pages, 119592 bytes).
