\BOOKMARK [1][-]{section.1}{はじめに}{}% 1
\BOOKMARK [1][-]{section.2}{準備}{}% 2
\BOOKMARK [2][-]{subsection.2.1}{数理計画問題}{section.2}% 3
\BOOKMARK [2][-]{subsection.2.2}{最適化ソルバ}{section.2}% 4
\BOOKMARK [2][-]{subsection.2.3}{ネットワーク上でのフロー保存則}{section.2}% 5
\BOOKMARK [1][-]{section.3}{研究の背景と目的}{}% 6
\BOOKMARK [2][-]{subsection.3.1}{背景}{section.3}% 7
\BOOKMARK [2][-]{subsection.3.2}{本研究の目的}{section.3}% 8
\BOOKMARK [1][-]{section.4}{止水板最適設置問題の定式化の改良}{}% 9
\BOOKMARK [2][-]{subsection.4.1}{最適性の基準}{section.4}% 10
\BOOKMARK [2][-]{subsection.4.2}{定式化に用いられるネットワーク}{section.4}% 11
\BOOKMARK [2][-]{subsection.4.3}{本研究で用いる最適化問題}{section.4}% 12
\BOOKMARK [3][-]{subsubsection.4.3.1}{集合・パラメータ・変数}{subsection.4.3}% 13
\BOOKMARK [3][-]{subsubsection.4.3.2}{制約条件}{subsection.4.3}% 14
\BOOKMARK [3][-]{subsubsection.4.3.3}{目的関数}{subsection.4.3}% 15
\BOOKMARK [1][-]{section.5}{数値実験}{}% 16
\BOOKMARK [2][-]{subsection.5.1}{実験条件と実験環境}{section.5}% 17
\BOOKMARK [2][-]{subsection.5.2}{実験内容}{section.5}% 18
\BOOKMARK [2][-]{subsection.5.3}{実験 1: 止水板の設置に必要な設置チーム数の算出}{section.5}% 19
\BOOKMARK [3][-]{subsubsection.5.3.1}{実験結果}{subsection.5.3}% 20
\BOOKMARK [3][-]{subsubsection.5.3.2}{考察}{subsection.5.3}% 21
\BOOKMARK [2][-]{subsection.5.4}{実験 2: 設置開始時刻と流入時間の合計の関係}{section.5}% 22
\BOOKMARK [3][-]{subsubsection.5.4.1}{実験結果}{subsection.5.4}% 23
\BOOKMARK [3][-]{subsubsection.5.4.2}{考察}{subsection.5.4}% 24
\BOOKMARK [2][-]{subsection.5.5}{実験 3: 設置チーム数と流入時間の合計の関係}{section.5}% 25
\BOOKMARK [3][-]{subsubsection.5.5.1}{実験結果}{subsection.5.5}% 26
\BOOKMARK [3][-]{subsubsection.5.5.2}{考察}{subsection.5.5}% 27
\BOOKMARK [1][-]{section.6}{おわりに}{}% 28
\BOOKMARK [1][-]{appendix.A}{本研究で使用したモデルファイル}{}% 29
\BOOKMARK [1][-]{appendix.B}{全実験結果}{}% 30
