
Gurobi 7.0.1 (win64) logging started 01/28/18 02:18:53

Set parameter TimeLimit to value 3600
Set parameter Threads to value 4

Gurobi Optimizer version 7.0.1 build v7.0.1rc0 (win64)
Copyright (c) 2016, Gurobi Optimization, Inc.

Read LP format model from file waterstop_5_180114_2.lp
Reading time = 0.14 seconds
Objective: 31898 rows, 11244 columns, 123940 nonzeros
Optimize a model with 31898 rows, 11244 columns and 123940 nonzeros
Variable types: 72 continuous, 11172 integer (0 binary)
Coefficient statistics:
  Matrix range     [3e-01, 1e+02]
  Objective range  [1e+00, 1e+00]
  Bounds range     [1e+00, 1e+00]
  RHS range        [1e+00, 1e+02]
Presolve removed 14572 rows and 2300 columns
Presolve time: 0.77s
Presolved: 17326 rows, 8944 columns, 69628 nonzeros
Variable types: 40 continuous, 8904 integer (8904 binary)

Root relaxation: objective 0.000000e+00, 3436 iterations, 0.70 seconds

    Nodes    |    Current Node    |     Objective Bounds      |     Work
 Expl Unexpl |  Obj  Depth IntInf | Incumbent    BestBd   Gap | It/Node Time

     0     0    0.00000    0   58          -    0.00000      -     -    2s
H    0     0                      40.2727273    0.00000   100%     -    4s
H    0     0                      36.8484848    0.00000   100%     -    4s
     0     0    0.00000    0  117   36.84848    0.00000   100%     -    5s
     0     0    0.00000    0  104   36.84848    0.00000   100%     -    6s
     0     0    0.00000    0  157   36.84848    0.00000   100%     -    6s
     0     0    0.00000    0  106   36.84848    0.00000   100%     -    7s
     0     0    0.00000    0   71   36.84848    0.00000   100%     -   10s
     0     0    0.00000    0   74   36.84848    0.00000   100%     -   10s
     0     0    0.00000    0   38   36.84848    0.00000   100%     -   14s
     0     0    0.00000    0   43   36.84848    0.00000   100%     -   17s
     0     0    0.00000    0   53   36.84848    0.00000   100%     -   18s
     0     0    0.00000    0   38   36.84848    0.00000   100%     -   19s
     0     0    0.00000    0  111   36.84848    0.00000   100%     -   20s
     0     0    0.00000    0   44   36.84848    0.00000   100%     -   23s
     0     0    0.00000    0   44   36.84848    0.00000   100%     -   23s
     0     2    0.00000    0   44   36.84848    0.00000   100%     -   23s
     1     4    0.00000    1   52   36.84848    0.00000   100%   976   25s
    28    27    0.00000    7   40   36.84848    0.00000   100%   825   30s
    58    54    0.00000   13   48   36.84848    0.00000   100%   662   35s
H   60    56                      35.1515152    0.00000   100%   650   35s
   151   143    6.03030   19   46   35.15152    0.00000   100%   404   40s
H  306   211                      30.9696970    0.00000   100%   312   44s
   325   222    6.03030   44   50   30.96970    0.00000   100%   323   45s
H  456   330                      29.5454545    0.00000   100%   303   48s
H  496   360                      27.7878788    0.00000   100%   304   48s
*  560   371             120      25.4242424    0.00000   100%   284   49s
   648   468    0.00000   10   46   25.42424    0.00000   100%   277   51s
H  651   457                      24.5757576    0.00000   100%   278   51s
H  657   345                      19.0000000    0.00000   100%   282   51s
H  762   394                      17.9393939    0.00000   100%   303   56s
H  786   352                      15.8484848    0.00000   100%   306   56s
   850   388    0.00000   21   77   15.84848    0.00000   100%   319   60s
   907   437 infeasible   26        15.84848    0.00000   100%   334   65s
  1060   545    6.03030   52   44   15.84848    0.00000   100%   345   77s
  1062   546    0.00000   23   61   15.84848    0.00000   100%   344   80s
  1065   548    0.00000   21   67   15.84848    0.00000   100%   343   89s
  1066   549    0.58235   41   91   15.84848    0.00000   100%   343   90s
  1069   551   10.65657   24   64   15.84848    0.00000   100%   342   95s
H 1072   525                      15.5757576    0.00000   100%   341  102s
  1076   528    0.00000   19   95   15.57576    0.00000   100%   340  105s
  1079   530   14.96226   52   97   15.57576    0.00000   100%   339  113s
  1081   531   14.62477   50   84   15.57576    0.00000   100%   338  118s
  1083   532    6.03030   80   83   15.57576    0.00000   100%   338  122s
  1084   536    0.00000   12   75   15.57576    0.00000   100%   459  127s
  1086   538    0.00000   13   74   15.57576    0.00000   100%   460  131s
  1090   539    0.00000   14  124   15.57576    0.00000   100%   464  135s
  1098   540    0.00000   15   79   15.57576    0.00000   100%   466  141s
  1102   541    0.00000   15   59   15.57576    0.00000   100%   469  146s
  1106   545    0.00000   16   65   15.57576    0.00000   100%   474  151s
  1111   545    0.00000   16   85   15.57576    0.00000   100%   478  159s
H 1114   518                      15.3939394    0.00000   100%   478  159s
  1115   519    0.00000   17   70   15.39394    0.00000   100%   479  162s
  1125   518    0.00000   18   89   15.39394    0.00000   100%   487  166s
H 1145   500                      13.1818182    0.00000   100%   490  175s
  1152   499    4.48485   21   85   13.18182    0.00000   100%   495  180s
  1213   515    0.00000   26  116   13.18182    0.00000   100%   515  190s
  1287   529    0.00000   31  103   13.18182    0.00000   100%   523  200s
  1418   557    4.90505   38  130   13.18182    0.00000   100%   543  209s
  1564   594    0.00000   56  114   13.18182    0.00000   100%   534  218s
H 1658   598                      12.6363636    0.00000   100%   531  218s
  1764   613    0.86042   79  148   12.63636    0.00000   100%   533  226s
H 1868   593                      12.5151515    0.00000   100%   518  226s
H 1986   577                      11.8181818    0.00000   100%   503  234s
  2190   644   10.45123   34  170   11.81818    0.00000   100%   497  241s
H 2242   633                      11.2727273    0.00000   100%   501  241s
  2278   638    6.03030   45   78   11.27273    0.00000   100%   518  252s
  2449   724    6.03030   27   52   11.27273    0.00000   100%   517  259s
H 2570   593                       9.4545455    0.00000   100%   512  267s
H 2639   611                       9.2121212    0.00000   100%   514  267s
  2698   637    6.03030   49  116    9.21212    0.00000   100%   520  276s
  2792   669    6.03030   34   56    9.21212    0.00000   100%   535  285s
H 2857   710                       9.1212121    0.00000   100%   533  285s
  2911   754    6.03030   79   54    9.12121    0.00000   100%   543  294s
  3093   857    6.03030   41   42    9.12121    0.00000   100%   548  303s
  3263   967    0.52438   26  120    9.12121    0.00000   100%   551  313s
H 3270   941                       8.5151515    0.00000   100%   551  313s
  3455  1019    6.59091   46   67    8.51515    0.00000   100%   553  323s
  3585  1087    6.63636   49   43    8.51515    0.00000   100%   558  336s
  3730  1184    7.57576   42   67    8.51515    0.00000   100%   566  346s
  3938  1320    6.03030   25   87    8.51515    0.00000   100%   563  356s
  4070  1398    6.03030   33   40    8.51515    0.00000   100%   570  366s
  4178  1450    6.03030   41   62    8.51515    0.00000   100%   582  377s
  4288  1512 infeasible   46         8.51515    0.00000   100%   599  391s
  4469  1608 infeasible   57         8.51515    0.00000   100%   609  402s
H 4583   284                       6.0303030    0.00000   100%   606  402s
  4639   239     cutoff   47         6.03030    0.00000   100%   609  411s
  4808   199 infeasible   23         6.03030    0.00000   100%   612  421s
  5232    78     cutoff   62         6.03030    1.12416  81.4%   592  426s

Cutting planes:
  Implied bound: 54
  Clique: 1
  MIR: 1
  Flow cover: 4
  Zero half: 4

Explored 5410 nodes (3217086 simplex iterations) in 427.98 seconds
Thread count was 4 (of 20 available processors)

Solution count 10: 6.0303 8.51515 9.12121 ... 13.1818
Pool objective bound 6.0303

Optimal solution found (tolerance 1.00e-04)
Best objective 6.030303030303e+00, best bound 6.030303030303e+00, gap 0.0000%

Wrote result file 'waterstop_5_180114_2.sol'

