
Gurobi 7.0.1 (win64) logging started 01/26/18 13:23:27

Set parameter TimeLimit to value 3600
Set parameter Threads to value 4

Gurobi Optimizer version 7.0.1 build v7.0.1rc0 (win64)
Copyright (c) 2016, Gurobi Optimization, Inc.

Read LP format model from file waterstop_5_180114.lp
Reading time = 0.18 seconds
Objective: 39867 rows, 14055 columns, 154900 nonzeros
Optimize a model with 39867 rows, 14055 columns and 154900 nonzeros
Variable types: 90 continuous, 13965 integer (0 binary)
Coefficient statistics:
  Matrix range     [3e-01, 1e+02]
  Objective range  [1e+00, 1e+00]
  Bounds range     [1e+00, 1e+00]
  RHS range        [1e+00, 1e+02]
Presolve removed 18224 rows and 2877 columns
Presolve time: 1.09s
Presolved: 21643 rows, 11178 columns, 86856 nonzeros
Variable types: 55 continuous, 11123 integer (11123 binary)

Root relaxation: objective 0.000000e+00, 4672 iterations, 1.36 seconds
Total elapsed time = 5.81s

    Nodes    |    Current Node    |     Objective Bounds      |     Work
 Expl Unexpl |  Obj  Depth IntInf | Incumbent    BestBd   Gap | It/Node Time

     0     0    0.00000    0  117          -    0.00000      -     -    7s
     0     0    0.00000    0  291          -    0.00000      -     -    9s
     0     0    0.00000    0  317          -    0.00000      -     -   10s
     0     0    0.00000    0  246          -    0.00000      -     -   11s
     0     0    0.00000    0  272          -    0.00000      -     -   12s
     0     0    0.00000    0  251          -    0.00000      -     -   13s
     0     0    0.00000    0  186          -    0.00000      -     -   26s
     0     0    0.00000    0  171          -    0.00000      -     -   33s
     0     0    0.00000    0  304          -    0.00000      -     -   42s
     0     0    0.00000    0  337          -    0.00000      -     -   43s
     0     0    0.00000    0  181          -    0.00000      -     -   55s
     0     0    0.00000    0  174          -    0.00000      -     -   56s
     0     2    0.00000    0  174          -    0.00000      -     -   67s
     3     8    0.00000    2  184          -    0.00000      -  1911   70s
    15    20    0.00000    4  219          -    0.00000      -  1617   76s
    19    18    0.00000    5  240          -    0.00000      -  1458   81s
    28    29   15.46061    6  305          -    0.00000      -  1707   85s
    74    74    1.25238   13  728          -    0.00000      -   978   90s
   164   167    1.32409   30  646          -    0.00000      -   672   95s
   291   275    1.45783   37  762          -    0.00000      -   506  100s
   437   389    5.13859   51  560          -    0.00000      -   438  105s
   566   498    3.31328   61  546          -    0.00000      -   407  110s
   648   570    8.39264   71  310          -    0.00000      -   411  115s
   734   658    5.16703   83  412          -    0.00000      -   422  121s
   845   765   16.51903   93  345          -    0.00000      -   418  125s
  1050   974 infeasible  122               -    0.00000      -   380  131s
  1184  1053   17.48833   30  174          -    1.20052      -   367  144s
  1186  1054   37.93384  116  131          -    1.20052      -   366  159s
  1187  1055    1.45541   23  215          -    1.20052      -   366  161s
  1189  1056   15.84752   56  244          -    1.20052      -   365  168s
  1190  1057    2.78417   58  144          -    1.20052      -   365  195s
  1191  1058   36.28887   45  144          -    1.20052      -   365  212s
  1192  1061    1.20052   12  182          -    1.20052      -  60.0  234s
  1194  1065    1.20052   13  288          -    1.20052      -  62.3  251s
  1198  1067    1.20052   14  212          -    1.20052      -  65.9  256s
  1202  1068   15.49554   14  215          -    1.20052      -  68.1  265s
  1206  1071    1.20052   15  181          -    1.20052      -  70.6  270s
  1210  1072    2.42424   15  270          -    1.20052      -  73.3  276s
  1214  1076    1.20052   16  149          -    1.20052      -  75.5  281s
  1218  1077   18.03030   16  192          -    1.20052      -  79.5  285s
  1229  1082    1.20052   17  258          -    1.20052      -  87.3  293s
  1235  1084    1.20052   18  123          -    1.20052      -  90.6  296s
  1242  1081    1.20052   19  114          -    1.20052      -  94.6  316s
  1251  1084    1.20052   20  107          -    1.20052      -   124  321s
  1256  1084    1.20052   21  105          -    1.20052      -   130  325s
  1265  1088    1.20052   22  133          -    1.20052      -   135  332s
  1272  1086    1.20052   23  188          -    1.20052      -   145  335s
  1282  1091   15.41667   23  188          -    1.20052      -   151  340s
  1299  1095    1.20052   25  191          -    1.20052      -   167  356s
  1305  1097    1.20052   25  168          -    1.20052      -   182  361s
  1320  1104    1.20052   27  145          -    1.20052      -   193  369s
  1343  1112    1.20052   30  101          -    1.20052      -   202  382s
  1373  1120    1.20052   32  174          -    1.20052      -   229  399s
  1394  1125    1.20052   36  115          -    1.20052      -   245  416s
  1425  1136    1.20052   40  137          -    1.20052      -   272  432s
  1474  1163    1.20052   45  159          -    1.20052      -   296  447s
  1535  1170    8.13131   49  177          -    1.20052      -   319  466s
  1739  1224    1.20052   71  184          -    1.20052      -   343  481s
  1803  1237    8.41147   80  163          -    1.20052      -   363  498s
  2149  1403 infeasible  127               -    1.20052      -   340  508s
  2260  1432    2.30433   40  263          -    1.20052      -   340  520s
  2526  1516   10.70695   44  206          -    1.20052      -   335  542s
  2538  1525   23.27470   48  230          -    1.20052      -   340  553s
  2930  1761   19.94449  117  171          -    1.20052      -   315  562s
  3472  1952 infeasible  209               -    1.20052      -   281  573s
  3497  1947    1.54840   28  448          -    1.20052      -   283  582s
  3617  1991   10.10244   40  405          -    1.20052      -   287  598s
  3630  1988   18.03030   38  222          -    1.20052      -   290  607s
  3929  2129   12.36024   98  381          -    1.20052      -   280  634s
  3954  2143   15.15620  106  295          -    1.20052      -   280  641s
  4178  2289   17.63762  158  318          -    1.20052      -   274  649s
  4485  2488   33.25437  193  314          -    1.20052      -   268  657s
  4738  2697   32.40216  229  246          -    1.20052      -   265  667s
  4772  2725   31.42349  236  320          -    1.20052      -   268  676s
  4978  2910   37.06145  289  215          -    1.20052      -   270  692s
  4999  2932 infeasible  298               -    1.20052      -   271  701s
  5437  3292   61.88299  365  237          -    1.20052      -   261  711s
  5477  3291   24.70202   47  125          -    1.20052      -   262  721s
  5953  3667   28.29145  129  215          -    1.20052      -   253  730s
  6273  3884   19.36928   63  257          -    1.20052      -   253  749s
  6290  3893 infeasible   64               -    1.20052      -   257  763s
  6343  3936   37.05943   68  226          -    1.20052      -   259  773s
  6671  4163   17.45887   82  201          -    1.20052      -   260  783s
  7035  4374   11.47387   46  177          -    1.20052      -   259  797s
  7070  4387   16.34235   50  171          -    1.20052      -   261  807s
  7599  4785   15.70505   28  151          -    1.20052      -   256  822s
  7625  4788 infeasible   32               -    1.20052      -   260  834s
  8089  5094   19.63598   68  234          -    1.20052      -   259  845s
  8143  5147   19.63598   86  209          -    1.20052      -   261  858s
  8690  5551   26.84290   29  244          -    1.20052      -   257  875s
  8733  5585   18.19394   33  205          -    1.20052      -   259  886s
  9204  5929   18.89239  115  327          -    1.20052      -   257  898s
  9751  6331   20.74584   59  257          -    1.20052      -   254  909s
  9816  6375   30.38394   64  199          -    1.20052      -   257  922s
 10349  6794   14.56141   47  257          -    1.20052      -   254  954s
 10398  6804   13.03030   58  116          -    1.20052      -   255  968s
 11001  7202 infeasible   65               -    1.20052      -   254  986s
 11058  7233    9.39634   35  180          -    1.20052      -   255 1000s
 11595  7607 infeasible   72               -    1.20052      -   255 1019s
 11617  7629   28.06626   78  201          -    1.20052      -   256 1033s
 11859  7806 infeasible   50               -    1.20052      -   259 1047s
 11879  7830 infeasible   49               -    1.20052      -   263 1063s
 11927  7856   15.89091   76  120          -    1.20052      -   266 1077s
 12188  8081 infeasible   52               -    1.20052      -   270 1098s
 12220  8087   29.96775   55  322          -    1.20052      -   272 1113s
 12546  8335   23.54545   48  135          -    1.20052      -   272 1129s
 12626  8378   19.38603   58  213          -    1.20052      -   273 1144s
 13159  8762   27.75771  124  368          -    1.20052      -   270 1158s
 13428  8942   30.42352   79  181          -    1.20052      -   274 1176s
 13458  8971    1.20052   22  382          -    1.20052      -   275 1191s
 13832  9294   13.03030   51  142          -    1.20052      -   276 1213s
 13888  9327   13.03030   52  186          -    1.20052      -   276 1228s
 14268  9570   28.55758   83  145          -    1.20052      -   277 1244s
 14319  9610   11.77791   49  310          -    1.20052      -   278 1260s
 14832 10042   13.26941   52  222          -    1.20052      -   276 1280s
 14852 10041   17.93939   54  149          -    1.20052      -   278 1295s
 15530 10534 infeasible   92               -    1.20052      -   275 1311s
 15743 10674   20.25661   43  177          -    1.20052      -   276 1325s
 16187 10978 infeasible   39               -    1.20052      -   277 1338s
 16244 11041   10.19768   53  391          -    1.20052      -   278 1353s
 16789 11503   36.57661  185  232          -    1.20052      -   276 1367s
 17201 11812   31.14071   97  178          -    1.20052      -   277 1379s
 17297 11862   15.97028   27  241          -    1.20052      -   277 1394s
 17783 12268   21.25545   81  326          -    1.20052      -   277 1410s
 17849 12303   22.30623   90  270          -    1.20052      -   279 1425s
 18467 12818   19.46429   62  348          -    1.20052      -   276 1439s
 19065 13219   17.03896   42  160          -    1.20052      -   276 1456s
 19107 13255   17.03896   43  214          -    1.20052      -   276 1470s
 19663 13658   17.21607   24  220          -    1.20052      -   274 1487s
 19698 13676   19.53085   41  349          -    1.20052      -   275 1501s
 20142 13955   18.71123   52  205          -    1.20052      -   275 1515s
 20697 14352   24.65066   46  174          -    1.20052      -   275 1826s
 20699 14353   18.66882  137  132          -    1.20052      -   275 1838s
 20700 14354   46.79670  213  229          -    1.20052      -   275 1844s
 20701 14355   22.40778   73  358          -    1.20052      -   275 1850s
 20702 14355   13.03030   66  387          -    1.20052      -   275 1855s
 20703 14356   24.11483   70  483          -    1.46446      -   275 1880s
 20704 14357    5.00000   43  503          -    5.00000      -   275 1894s
 20705 14357   26.31151  145  429          -    5.00000      -   275 1902s
 20706 14358   18.45532   54  383          -    5.00000      -   275 1905s
 20707 14359   24.89543   81  396          -    5.00000      -   275 1911s
 20709 14360   70.95071  388  401          -    5.00000      -   275 1918s
 20710 14361   19.79360  125  383          -    5.00000      -   275 1925s
 20712 14362   15.93503   52  403          -    5.00000      -   275 1933s
 20714 14363   43.14900   77  374          -    5.00000      -   274 1939s
 20715 14364   13.71825   74  351          -    5.00000      -   274 1944s
 20716 14365   27.62047   97  348          -    5.00000      -   274 1950s
 20718 14366   12.88312   44  331          -    5.00000      -   274 1957s
 20720 14367   46.79670  213  346          -    5.00000      -   274 1964s
 20722 14369   13.03030   66  252          -    5.00000      -   274 1973s
 20723 14369   24.11483   70  173          -    5.00000      -   274 1997s
 20724 14370    5.00000   43  173          -    5.00000      -   274 2023s
 20725 14374    5.00000   22  224          -    5.00000      -   278 2053s
 20727 14377    5.00000   23  193          -    5.00000      -   278 2076s
 20731 14380    5.00000   24  244          -    5.00000      -   279 2106s
 20735 14381    9.80606   24  233          -    5.00000      -   279 2147s
 20739 14384    5.00000   25  217          -    5.00000      -   279 2225s
 20743 14384    5.01921   25  474          -    5.00000      -   280 2248s
 20747 14383    5.00000   26  245          -    5.00000      -   281 2261s
 20752 14389    5.00000   26  397          -    5.00000      -   281 2276s
 20757 14385    5.14104   27  653          -    5.00000      -   282 2308s
 20762 14392   15.60931   27  182          -    5.00000      -   282 2322s
 20769 14395    5.14940   28  645          -    5.00000      -   282 2338s
 20777 14394    5.15364   29  678          -    5.00000      -   283 2369s
 20784 14402   15.62447   29  371          -    5.00000      -   283 2383s
 20791 14407    5.15364   30  676          -    5.00000      -   284 2407s
 20799 14410    5.15469   31  672          -    5.00000      -   284 2434s
 20808 14416    5.15550   32  658          -    5.00000      -   285 2446s
 20817 14420    5.15704   33  675          -    5.00000      -   285 2462s
 20826 14422    5.15791   34  646          -    5.00000      -   286 2479s
 20836 14431    5.15853   35  555          -    5.00000      -   286 2499s
 20847 14434    5.15980   36  629          -    5.00000      -   287 2512s
 20861 14442    5.22253   37  471          -    5.00000      -   288 2523s
 20877 14447 infeasible   38               -    5.00000      -   288 2548s
 20894 14460    5.22868   40  470          -    5.00000      -   288 2564s
 20914 14474    5.22944   42  477          -    5.00000      -   289 2580s
 20933 14478    5.23075   43  480          -    5.00000      -   289 2595s
 20955 14491   18.03030   45  211          -    5.00000      -   290 2609s
 20980 14505    5.24179   48  419          -    5.00000      -   290 2630s
 21008 14513    5.24905   50  368          -    5.00000      -   290 2646s
 21027 14523    5.24992   51  429          -    5.00000      -   291 2659s
 21045 14533    5.25354   52  424          -    5.00000      -   291 2680s
 21068 14545    5.25440   54  426          -    5.00000      -   292 2701s
 21085 14555    5.36696   56  329          -    5.00000      -   293 2721s
 21123 14579    5.26118   59  408          -    5.00000      -   294 2739s
 21158 14601    5.26262   61  434          -    5.00000      -   295 2760s
 21183 14613   10.97849   63  322          -    5.00000      -   297 2780s
 21208 14631    5.26923   66  412          -    5.00000      -   299 2799s
 21226 14641   16.32344   68  279          -    5.00000      -   301 2818s
 21281 14660    5.93314   74  335          -    5.00000      -   303 2840s
 21304 14670 infeasible   75               -    5.00000      -   307 2859s
 21333 14677 infeasible   74               -    5.00000      -   308 2884s
 21371 14699   17.16566   30  282          -    5.00000      -   310 2906s
 21490 14744   21.26970   55  230          -    5.00000      -   312 2925s
 21540 14763   21.53030   60  210          -    5.00000      -   313 2943s
 21613 14804   22.27441   68  288          -    5.00000      -   314 2962s
 21793 14899 infeasible  103               -    5.04495      -   315 2983s
 21820 14888    5.50358   30  458          -    5.04495      -   316 2997s
 22039 15038   20.58712   74  179          -    5.04495      -   314 3018s
 22138 15086   22.75000   83  184          -    5.05296      -   315 3036s
 22410 15191 infeasible   28               -    5.05757      -   313 3052s
 22518 15226    5.25590   28  351          -    5.05780      -   314 3080s
 22696 15312    5.27611   29  347          -    5.05780      -   312 3093s
 22959 15466 infeasible   91               -    5.05780      -   311 3122s
 23007 15488 infeasible  100               -    5.05780      -   313 3135s
 23467 15742 infeasible  200               -    5.15298      -   309 3162s
 23524 15766    5.50980   29  259          -    5.15298      -   310 3175s
 23925 16000   28.53705   96  150          -    5.15298      -   307 3192s
 23988 16014   34.96781  110  148          -    5.15376      -   307 3206s
 24435 16186    5.43291   76  359          -    5.15376      -   304 3232s
 24459 16197    8.07518   85  315          -    5.15376      -   305 3245s
 24625 16279 infeasible   96               -    5.15376      -   305 3264s
 24667 16298   17.92466  105  352          -    5.15376      -   306 3280s
 25028 16435 infeasible  144               -    5.15376      -   304 3304s
 25080 16457   20.95767  158  332          -    5.15376      -   305 3321s
 25396 16613   31.93229  228  327          -    5.15376      -   304 3345s
 25457 16643 infeasible  229               -    5.16388      -   305 3360s
 25799 16730   17.43311   38  235          -    5.16692      -   304 3384s
 25849 16761   20.04535   49  149          -    5.16692      -   306 3410s
 26069 16903   22.40132  146  291          -    5.16692      -   305 3427s
 26479 17101 infeasible  234               -    5.16769      -   305 3457s
 26521 17107   13.33653   43  512          -    5.16918      -   306 3480s
 26686 17188   20.99039   79  376          -    5.16918      -   308 3502s
 26755 17219   21.09848   81  277          -    5.17158      -   309 3524s
 27397 17463   22.72650   59  318          -    5.17232      -   306 3562s
 27425 17464   24.06688   62  243          -    5.17396      -   308 3582s
 28101 17811    5.25527   60  482          -    5.17396      -   304 3600s

Cutting planes:
  Implied bound: 107
  Projected Implied bound: 7
  MIR: 34
  Flow cover: 47
  Zero half: 10

Explored 28143 nodes (9136488 simplex iterations) in 3600.06 seconds
Thread count was 4 (of 20 available processors)

Solution count 0
Pool objective bound 5.17396

Time limit reached
Best objective -, best bound 5.173961861050e+00, gap -

Unable to retrieve attribute 'X'

