
Log started (V12.6.1.0) Mon Feb 05 23:51:35 2018

New value for time limit in seconds: 10800
New value for default parallel thread count: 1
Tried aggregator 3 times.
MIP Presolve eliminated 18314 rows and 1298 columns.
MIP Presolve modified 163 coefficients.
Aggregator did 31 substitutions.
Reduced MIP has 7881 rows, 17568 columns, and 135494 nonzeros.
Reduced MIP has 17370 binaries, 198 generals, 0 SOSs, and 0 indicators.
Presolve time = 0.14 sec. (137.68 ticks)
Probing time = 0.02 sec. (7.47 ticks)
Tried aggregator 1 time.
Reduced MIP has 7881 rows, 17568 columns, and 135494 nonzeros.
Reduced MIP has 17370 binaries, 198 generals, 0 SOSs, and 0 indicators.
Presolve time = 0.06 sec. (61.19 ticks)
Probing time = 0.02 sec. (6.65 ticks)
Clique table members: 37423.
MIP emphasis: balance optimality and feasibility.
MIP search method: dynamic search.
Parallel mode: none, using 1 thread.
Root relaxation solution time = 1.70 sec. (2000.30 ticks)

        Nodes                                         Cuts/
   Node  Left     Objective  IInf  Best Integer    Best Bound    ItCnt     Gap

      0     0       13.0000   744                     13.0000     6449         
      0     0       22.7778   144                    Cuts: 11     6474         
      0     0       30.7778   268                    Cuts: 61     7900         
      0     0       30.7778   261                     Cuts: 8     8546         
      0     0       30.7778   239                  Cliques: 2     8629         
      0     0       30.7778   226                    Cuts: 10     8832         
*     0+    0                           50.0000       30.7778            38.44%
*     0+    0                           48.0000       30.7778            35.88%
*     0+    0                           46.0000       30.7778            33.09%
      0     2       30.7778   226       46.0000       30.7778     8832   33.09%
Elapsed time = 10.78 sec. (12361.71 ticks, tree = 0.00 MB, solutions = 3)
      1     3       32.7778   249       46.0000       30.7778    10833   33.09%
      3     5       34.7778   259       46.0000       32.7778    12617   28.74%
      7     7       34.7778   236       46.0000       32.7778    16485   28.74%
      9     9       36.7778   182       46.0000       32.7778    17228   28.74%
     14    14       40.1111   124       46.0000       32.7778    19460   28.74%
     18    18       40.1111   138       46.0000       32.7778    23376   28.74%
     20    20       40.1111   159       46.0000       32.7778    25193   28.74%
     25    25       43.2222   225       46.0000       32.7778    28757   28.74%
     30    30       45.0000    79       46.0000       32.7778    30362   28.74%
     42    42       45.0000   111       46.0000       32.7778    38532   28.74%
Elapsed time = 14.84 sec. (17821.17 ticks, tree = 0.28 MB, solutions = 3)
     51    51       45.0000    78       46.0000       32.7778    45835   28.74%
     61    59       45.0000    83       46.0000       32.7778    51866   28.74%
     78    74       45.0000    38       46.0000       32.7778    61680   28.74%
     90    82       45.0000    45       46.0000       32.7778    71910   28.74%
    100    86        cutoff             46.0000       32.7778    85130   28.74%
    115    97       45.0000    76       46.0000       32.7778    95440   28.74%
    131   107        cutoff             46.0000       32.7778   108943   28.74%
    143   115        cutoff             46.0000       32.7778   122618   28.74%
    160   130       45.0000    81       46.0000       32.7778   132074   28.74%
    181   145       45.0000   148       46.0000       34.7778   146902   24.40%
Elapsed time = 24.50 sec. (27908.85 ticks, tree = 1.04 MB, solutions = 3)
    196   160       45.0000   216       46.0000       34.7778   159418   24.40%
    200   164       45.0000   184       46.0000       34.7778   161588   24.40%
    208   170        cutoff             46.0000       34.7778   165293   24.40%
    216   176        cutoff             46.0000       34.7778   172239   24.40%
    224   184       45.0000   170       46.0000       34.7778   176787   24.40%
    233   191        cutoff             46.0000       34.7778   191610   24.40%
    240   198       45.0000    46       46.0000       34.7778   195489   24.40%
    243   199       45.0000   147       46.0000       34.7778   205157   24.40%
    251   205        cutoff             46.0000       34.7778   220954   24.40%
    263   213        cutoff             46.0000       34.7778   224097   24.40%
Elapsed time = 34.83 sec. (40502.40 ticks, tree = 1.74 MB, solutions = 3)
    275   221       43.6667   335       46.0000       34.7778   227435   24.40%
    282   226        cutoff             46.0000       34.7778   229839   24.40%
    285   229       45.0000   170       46.0000       34.7778   233140   24.40%
    291   235       45.0000   139       46.0000       34.7778   240259   24.40%
    300   244       45.0000   136       46.0000       34.7778   245704   24.40%
    321   261       45.0000   123       46.0000       34.7778   262800   24.40%
    341   279       45.0000   136       46.0000       34.7778   277474   24.40%
    368   306       45.0000   132       46.0000       34.7778   291823   24.40%
    384   314       45.0000    86       46.0000       34.7778   308432   24.40%
    406   336       45.0000    92       46.0000       34.7778   324857   24.40%
Elapsed time = 49.63 sec. (54009.72 ticks, tree = 2.65 MB, solutions = 3)
    425   349    infeasible             46.0000       34.7778   342788   24.40%
    456   376        cutoff             46.0000       34.7778   355355   24.40%
    473   393       44.8406    88       46.0000       44.8686   385313    2.46%
    476   395       45.0000    95       46.0000       44.8686   386629    2.46%
    477   395       45.0000   420       46.0000       44.8686   389355    2.46%
    478   396       45.0000   445       46.0000       44.8686   389760    2.46%
    479   396       45.0000    89       46.0000       44.8686   394938    2.46%
    482   398       45.0000   449       46.0000       44.8686   405542    2.46%
    484   359       45.0000   501       46.0000       44.8686   406582    2.46%
    485   360       45.0000   519       46.0000       44.8686   416580    2.46%
Elapsed time = 138.23 sec. (104799.38 ticks, tree = 2.89 MB, solutions = 3)
    486   361       45.0000   563       46.0000       44.8686   416666    2.46%
    487   360       45.0000   619       46.0000       44.8686   427974    2.46%
    488   361       45.0000   667       46.0000       44.8686   428107    2.46%
    489   361       45.0000   754       46.0000       44.8686   428402    2.46%
    490   362       45.0000   621       46.0000       44.8686   433928    2.46%
    491   363       45.0000   679       46.0000       44.8686   436747    2.46%
    493   363       45.0000   705       46.0000       44.8686   437503    2.46%
    495   364       45.0000   699       46.0000       44.8686   438234    2.46%
    498   346       45.0000   687       46.0000       44.8686   439626    2.46%
    500   348       45.0000   659       46.0000       44.8686   440463    2.46%
Elapsed time = 192.25 sec. (126712.47 ticks, tree = 3.15 MB, solutions = 3)
    503   350       45.0000   644       46.0000       44.8686   441427    2.46%
    506   352       45.0000   641       46.0000       44.8686   442496    2.46%
    509   353       45.0000   614       46.0000       44.8686   443867    2.46%
    512   354       45.0000   605       46.0000       44.8686   445019    2.46%
    513   354       45.0000   612       46.0000       44.8686   445234    2.46%
    516   354       45.0000   616       46.0000       44.8686   446233    2.46%
    519   356       45.0000   604       46.0000       44.8686   447456    2.46%
    522   357       45.0000   581       46.0000       44.8686   448254    2.46%
    526   361       45.0000   553       46.0000       44.8686   448910    2.46%
    530   362       45.0000   546       46.0000       44.8686   450072    2.46%
Elapsed time = 231.30 sec. (142853.77 ticks, tree = 3.25 MB, solutions = 3)
    533   362       45.0000   568       46.0000       44.8686   451035    2.46%
    536   364       45.0000   538       46.0000       44.8686   452318    2.46%
    539   365       45.0000   535       46.0000       44.8686   453138    2.46%
    542   367       45.0000   502       46.0000       44.8686   454090    2.46%
    543   367       45.0000   492       46.0000       44.8686   454484    2.46%
    547   370       45.0000   485       46.0000       44.8686   455219    2.46%
    553   373       45.0000   431       46.0000       44.8686   456167    2.46%
    557   369    infeasible             46.0000       44.8686   457775    2.46%
    563   361    infeasible             46.0000       44.8686   459542    2.46%
    571   348       45.0000   313       46.0000       44.8686   461446    2.46%
Elapsed time = 265.33 sec. (156193.58 ticks, tree = 3.14 MB, solutions = 3)
    581   337       45.0000   263       46.0000       44.8686   462898    2.46%
    595   326       45.0000   281       46.0000       44.8686   464581    2.46%
    612   308       45.0000   291       46.0000       44.8686   466532    2.46%
    624   292       44.9241    95       46.0000       44.9246   471028    2.34%
    629   293       45.0000    87       46.0000       44.9246   476783    2.34%
    637   298       45.0000    42       46.0000       44.9246   485734    2.34%
    642   302       45.0000    34       46.0000       44.9246   493257    2.34%
    645   305       45.0000    89       46.0000       44.9246   502112    2.34%
    649   306       45.0000   109       46.0000       44.9246   508596    2.34%
    655   310       45.0000    58       46.0000       44.9246   513715    2.34%
Elapsed time = 290.38 sec. (166627.25 ticks, tree = 2.81 MB, solutions = 3)
    661   310        cutoff             46.0000       44.9246   520457    2.34%
    669   313       45.0000    82       46.0000       44.9246   526863    2.34%
    679   316       45.0000   113       46.0000       44.9246   532007    2.34%
    686   320       45.0000   124       46.0000       44.9246   536584    2.34%
    699   315       45.0000    59       46.0000       44.9246   540332    2.34%
    713   316       45.0000   111       46.0000       44.9246   543323    2.34%
    725   313       45.0000   172       46.0000       44.9356   552000    2.31%
    730   316       45.0000    91       46.0000       44.9356   559124    2.31%
    735   318       45.0000    86       46.0000       44.9356   561735    2.31%
    766   325       45.0000   120       46.0000       45.0000   581383    2.17%
Elapsed time = 320.91 sec. (180422.83 ticks, tree = 2.89 MB, solutions = 3)
    790   324       45.0000    78       46.0000       45.0000   603776    2.17%
    814   326       45.0000    91       46.0000       45.0000   630657    2.17%
    834   330       45.0000    79       46.0000       45.0000   653558    2.17%
    863   344       45.0000    55       46.0000       45.0000   675109    2.17%
    908   342       45.0000    35       46.0000       45.0000   697719    2.17%
    967   360       45.0000    30       46.0000       45.0000   709536    2.17%
   1066   394       45.0000    41       46.0000       45.0000   719531    2.17%
   1144   428    infeasible             46.0000       45.0000   735673    2.17%
   1242   467        cutoff             46.0000       45.0000   748991    2.17%
   1346   520       45.0000    41       46.0000       45.0000   761157    2.17%
Elapsed time = 404.41 sec. (219285.47 ticks, tree = 4.37 MB, solutions = 3)
   1457   578       45.0000    28       46.0000       45.0000   775304    2.17%
   1552   632        cutoff             46.0000       45.0000   792866    2.17%
   1657   686    infeasible             46.0000       45.0000   807726    2.17%
   1736   708       45.0000    30       46.0000       45.0000   828506    2.17%
   1849   752       45.0000    55       46.0000       45.0000   842349    2.17%
   1958   791        cutoff             46.0000       45.0000   859745    2.17%
   2062   842       45.0000    55       46.0000       45.0000   872600    2.17%
   2156   869       45.0000    53       46.0000       45.0000   893200    2.17%
   2271   896    infeasible             46.0000       45.0000   907730    2.17%
   2367   938       45.0000    44       46.0000       45.0000   919411    2.17%
Elapsed time = 486.11 sec. (257560.90 ticks, tree = 7.57 MB, solutions = 3)
   2473   994       45.0000    91       46.0000       45.0000   933266    2.17%
   2587  1057       45.0000    36       46.0000       45.0000   951635    2.17%
   2687  1119       45.0000    48       46.0000       45.0000   966470    2.17%
   2774  1169       45.0000    63       46.0000       45.0000   981946    2.17%
   2849  1220       45.0000    32       46.0000       45.0000   996918    2.17%
   2949  1274       45.0000    63       46.0000       45.0000  1011577    2.17%
   3029  1350       45.0000   121       46.0000       45.0000  1027153    2.17%
   3123  1405       45.0000    42       46.0000       45.0000  1040643    2.17%
   3223  1479       45.0000    44       46.0000       45.0000  1055003    2.17%
   3319  1551       45.0000    50       46.0000       45.0000  1069358    2.17%
Elapsed time = 561.94 sec. (296065.48 ticks, tree = 12.30 MB, solutions = 3)
   3421  1600        cutoff             46.0000       45.0000  1088010    2.17%
   3473  1628       45.0000    59       46.0000       45.0000  1096477    2.17%
   3570  1693        cutoff             46.0000       45.0000  1115472    2.17%
   3677  1737       45.0000    25       46.0000       45.0000  1128541    2.17%
   3783  1813       45.0000    46       46.0000       45.0000  1143465    2.17%
   3893  1871       45.0000    15       46.0000       45.0000  1159282    2.17%
   3995  1911        cutoff             46.0000       45.0000  1173839    2.17%
   4117  1980       45.0000    49       46.0000       45.0000  1187904    2.17%
   4223  2040       45.0000    39       46.0000       45.0000  1199444    2.17%
   4345  2134       45.0000    79       46.0000       45.0000  1217073    2.17%
Elapsed time = 639.72 sec. (338763.44 ticks, tree = 16.83 MB, solutions = 3)
   4464  2187       45.0000    22       46.0000       45.0000  1234869    2.17%
   4566  2247       45.0000    84       46.0000       45.0000  1247892    2.17%
   4686  2307       45.0000    78       46.0000       45.0000  1263081    2.17%
   4782  2356       45.0000    42       46.0000       45.0000  1279526    2.17%
   4874  2401       45.0000    39       46.0000       45.0000  1295057    2.17%
   4980  2454       45.0000    44       46.0000       45.0000  1308265    2.17%
   5089  2491       45.0000    29       46.0000       45.0000  1322757    2.17%
   5198  2557       45.0000    51       46.0000       45.0000  1334771    2.17%
   5289  2608       45.0000    31       46.0000       45.0000  1351743    2.17%
   5393  2681       45.0000    33       46.0000       45.0000  1367534    2.17%
Elapsed time = 712.20 sec. (377164.71 ticks, tree = 21.03 MB, solutions = 3)
   5500  2740       45.0000    19       46.0000       45.0000  1380360    2.17%
   5629  2781       45.0000    64       46.0000       45.0000  1396793    2.17%
   5718  2834       45.0000    38       46.0000       45.0000  1412260    2.17%
   5828  2920       45.0000    47       46.0000       45.0000  1425688    2.17%
   5928  2982       45.0000    59       46.0000       45.0000  1442029    2.17%
   6022  3049       45.0000    83       46.0000       45.0000  1455284    2.17%
   6108  3106       45.0000    34       46.0000       45.0000  1471569    2.17%
   6230  3179       45.0000    58       46.0000       45.0000  1487868    2.17%
   6320  3227       45.0000    19       46.0000       45.0000  1508066    2.17%
   6418  3300       45.0000    22       46.0000       45.0000  1527380    2.17%
Elapsed time = 787.53 sec. (415539.21 ticks, tree = 25.78 MB, solutions = 3)
   6536  3393       45.0000    48       46.0000       45.0000  1542722    2.17%
   6644  3461       45.0000    44       46.0000       45.0000  1554435    2.17%
   6762  3541       45.0000    17       46.0000       45.0000  1574185    2.17%
   6896  3607       45.0000    29       46.0000       45.0000  1590987    2.17%
   7007  3668        cutoff             46.0000       45.0000  1607235    2.17%
   7135  3742       45.0000    56       46.0000       45.0000  1621242    2.17%
   7256  3823    infeasible             46.0000       45.0000  1638909    2.17%
   7357  3892       45.0000    92       46.0000       45.0000  1654917    2.17%
   7463  3981       45.0000   103       46.0000       45.0000  1668181    2.17%
   7591  4071       45.0000    43       46.0000       45.0000  1684651    2.17%
Elapsed time = 865.05 sec. (453869.23 ticks, tree = 31.69 MB, solutions = 3)
   7696  4150       45.0000    87       46.0000       45.0000  1700778    2.17%
   7836  4254       45.0000    60       46.0000       45.0000  1716188    2.17%
   7951  4322        cutoff             46.0000       45.0000  1731042    2.17%
   8060  4397       45.0000    57       46.0000       45.0000  1754054    2.17%
   8179  4502       45.0000    54       46.0000       45.0000  1777512    2.17%
   8297  4592       45.0000    71       46.0000       45.0000  1801658    2.17%
   8435  4692       45.0000    31       46.0000       45.0000  1822336    2.17%
   8543  4762       45.0000    40       46.0000       45.0000  1851027    2.17%
   8671  4872       45.0000    75       46.0000       45.0000  1869909    2.17%
   8769  4940       45.0000    37       46.0000       45.0000  1891398    2.17%
Elapsed time = 940.41 sec. (492313.17 ticks, tree = 38.43 MB, solutions = 3)
   8870  5003       45.0000    40       46.0000       45.0000  1910888    2.17%
   8981  5083       45.0000    54       46.0000       45.0000  1924346    2.17%
   9087  5163       45.0000    77       46.0000       45.0000  1940750    2.17%
   9201  5248        cutoff             46.0000       45.0000  1961341    2.17%
   9294  5311       45.0000    41       46.0000       45.0000  1978415    2.17%
   9404  5389       45.0000    43       46.0000       45.0000  1997642    2.17%
   9515  5474       45.0000    29       46.0000       45.0000  2015484    2.17%
   9636  5555       45.0000    73       46.0000       45.0000  2034328    2.17%
   9717  5622       45.0000   103       46.0000       45.0000  2050734    2.17%
   9806  5670       45.0000    41       46.0000       45.0000  2067085    2.17%
Elapsed time = 1003.59 sec. (530776.88 ticks, tree = 44.01 MB, solutions = 3)
   9933  5758       45.0000    30       46.0000       45.0000  2086101    2.17%
   9934  5759       45.0000    61       46.0000       45.0000  2086432    2.17%
   9935  5760       44.8462    89       46.0000       45.0000  2093818    2.17%
   9942  5764       45.0000   239       46.0000       45.0000  2107605    2.17%
   9944  5766       45.0000   556       46.0000       45.0000  2112969    2.17%
   9947  5766       45.0000   369       46.0000       45.0000  2119574    2.17%
   9950  5767       45.0000   384       46.0000       45.0000  2124964    2.17%
   9965  5220       45.0000   237       46.0000       45.0000  2130942    2.17%
   9989  5232       45.0000   117       46.0000       45.0000  2144791    2.17%
  10023  5179       45.0000   110       46.0000       45.0000  2158294    2.17%
Elapsed time = 1137.44 sec. (603507.36 ticks, tree = 40.21 MB, solutions = 3)
  10064  5154       45.0000   116       46.0000       45.0000  2165503    2.17%
  10104  4795       45.0000    96       46.0000       45.0000  2177374    2.17%
  10130  4773       45.0000    52       46.0000       45.0000  2199644    2.17%
  10156  4791       45.0000    96       46.0000       45.0000  2223331    2.17%
  10187  4786       45.0000   122       46.0000       45.0000  2238663    2.17%
  10230  4707       45.0000    81       46.0000       45.0000  2250375    2.17%
  10256  4665       45.0000   108       46.0000       45.0000  2269679    2.17%
  10293  4637       45.0000    19       46.0000       45.0000  2285197    2.17%
  10326  4561       45.0000    72       46.0000       45.0000  2303522    2.17%
  10365  4527        cutoff             46.0000       45.0000  2318807    2.17%
Elapsed time = 1217.84 sec. (642100.56 ticks, tree = 35.01 MB, solutions = 3)
  10402  4412       45.0000    52       46.0000       45.0000  2338111    2.17%
  10427  4428       45.0000    16       46.0000       45.0000  2358608    2.17%
  10451  4441       45.0000    68       46.0000       45.0000  2389312    2.17%
  10480  4458       45.0000    52       46.0000       45.0000  2415781    2.17%
  10516  4459       45.0000   100       46.0000       45.0000  2432557    2.17%
  10571  4393       45.0000    59       46.0000       45.0000  2443587    2.17%
  10607  4333        cutoff             46.0000       45.0000  2462289    2.17%
  10637  4332       45.0000   180       46.0000       45.0000  2480561    2.17%
  10672  4346       45.0000    58       46.0000       45.0000  2492907    2.17%
  10722  4282       45.0000    19       46.0000       45.0000  2510808    2.17%
Elapsed time = 1301.67 sec. (680996.34 ticks, tree = 32.97 MB, solutions = 3)
  10755  4277       45.0000    41       46.0000       45.0000  2534600    2.17%
  10786  4257       45.0000   106       46.0000       45.0000  2562325    2.17%
  10833  4270       45.0000   150       46.0000       45.0000  2572239    2.17%
  10887  4217       45.0000   100       46.0000       45.0000  2588721    2.17%
  10918  4207       45.0000   214       46.0000       45.0000  2613383    2.17%
  10952  4229       45.0000   185       46.0000       45.0000  2622691    2.17%
  11010  4226       45.0000   113       46.0000       45.0000  2629666    2.17%
  11043  4221       45.0000    22       46.0000       45.0000  2649965    2.17%
  11083  4185    infeasible             46.0000       45.0000  2676735    2.17%
  11136  4152       45.0000   114       46.0000       45.0000  2694841    2.17%
Elapsed time = 1393.58 sec. (719525.55 ticks, tree = 31.83 MB, solutions = 3)
  11186  4135       45.0000    95       46.0000       45.0000  2709045    2.17%
  11229  4121       45.0000   182       46.0000       45.0000  2722644    2.17%
  11270  4124       45.0000    24       46.0000       45.0000  2736848    2.17%
  11295  4140       45.0000   143       46.0000       45.0000  2755330    2.17%
  11335  4151       45.0000   191       46.0000       45.0000  2770883    2.17%
  11365  4156       45.0000    30       46.0000       45.0000  2792083    2.17%
  11404  4159       45.0000    92       46.0000       45.0000  2813380    2.17%
  11444  4172       45.0000    64       46.0000       45.0000  2831105    2.17%
  11461  4182       45.0000    73       46.0000       45.0000  2853299    2.17%
  11497  4201       45.0000    59       46.0000       45.0000  2869579    2.17%
Elapsed time = 1487.22 sec. (758900.24 ticks, tree = 32.33 MB, solutions = 3)
  11553  4195       45.0000    83       46.0000       45.0000  2883357    2.17%
  11591  4209       45.0000    38       46.0000       45.0000  2903458    2.17%
  11635  4198       45.0000    38       46.0000       45.0000  2924997    2.17%
  11668  4210       45.0000   159       46.0000       45.0000  2942476    2.17%
  11711  4187       45.0000    68       46.0000       45.0000  2965454    2.17%
  11760  4183       45.0000    14       46.0000       45.0000  2980381    2.17%
  11775  4191       45.0000   124       46.0000       45.0000  2995899    2.17%
  11813  4210       45.0000   124       46.0000       45.0000  3009847    2.17%
  11857  4211       45.0000   122       46.0000       45.0000  3026500    2.17%
  11893  4221       45.0000   100       46.0000       45.0000  3048879    2.17%
Elapsed time = 1574.23 sec. (797444.45 ticks, tree = 32.35 MB, solutions = 3)
  11938  4212    infeasible             46.0000       45.0000  3065671    2.17%
  11976  4204       45.0000    41       46.0000       45.0000  3090863    2.17%
  12015  4206       45.0000    20       46.0000       45.0000  3118100    2.17%
  12047  4208       45.0000    56       46.0000       45.0000  3147891    2.17%
  12086  4204       45.0000    30       46.0000       45.0000  3169037    2.17%
  12122  4220       45.0000    72       46.0000       45.0000  3184448    2.17%
  12187  4214       45.0000    45       46.0000       45.0000  3190956    2.17%
  12226  4198       45.0000    91       46.0000       45.0000  3216863    2.17%
  12259  4204       45.0000   113       46.0000       45.0000  3243754    2.17%
  12300  4218       45.0000    55       46.0000       45.0000  3256958    2.17%
Elapsed time = 1656.17 sec. (836055.84 ticks, tree = 32.17 MB, solutions = 3)
  12338  4222       45.0000    46       46.0000       45.0000  3281653    2.17%
  12386  4220       45.0000    82       46.0000       45.0000  3301039    2.17%
  12421  4223       45.0000    66       46.0000       45.0000  3325027    2.17%
  12460  4220       45.0000    52       46.0000       45.0000  3354818    2.17%
  12500  4235       45.0000   128       46.0000       45.0000  3372872    2.17%
  12554  4241       45.0000   101       46.0000       45.0000  3385073    2.17%
  12616  4217       45.0000    30       46.0000       45.0000  3400240    2.17%
  12650  4236       45.0000   168       46.0000       45.0000  3421621    2.17%
  12700  4248       45.0000    30       46.0000       45.0000  3436271    2.17%
  12753  4254       45.0000    72       46.0000       45.0000  3451665    2.17%
Elapsed time = 1744.95 sec. (875339.71 ticks, tree = 32.35 MB, solutions = 3)
  12788  4263       45.0000    62       46.0000       45.0000  3472481    2.17%
  12830  4277       45.0000    45       46.0000       45.0000  3491497    2.17%
  12888  4272       45.0000    29       46.0000       45.0000  3508281    2.17%
  12925  4293       45.0000   132       46.0000       45.0000  3532197    2.17%
  12935  4299       45.0000   104       46.0000       45.0000  3533936    2.17%
  12987  4286       45.0000    24       46.0000       45.0000  3555361    2.17%
  13022  4303       45.0000   143       46.0000       45.0000  3575755    2.17%
  13069  4317       45.0000    39       46.0000       45.0000  3592256    2.17%
  13113  4333       45.0000    33       46.0000       45.0000  3611704    2.17%
  13147  4352       45.0000   170       46.0000       45.0000  3631389    2.17%
Elapsed time = 1840.05 sec. (916589.26 ticks, tree = 32.95 MB, solutions = 3)
  13189  4362       45.0000   270       46.0000       45.0000  3645904    2.17%
  13227  4378       45.0000   155       46.0000       45.0000  3655518    2.17%
  13280  4392       45.0000    40       46.0000       45.0000  3670608    2.17%
  13320  4405       45.0000    63       46.0000       45.0000  3688029    2.17%
  13380  4413       45.0000    53       46.0000       45.0000  3699280    2.17%
  13435  4413       45.0000   124       46.0000       45.0000  3716805    2.17%
  13473  4432       45.0000   173       46.0000       45.0000  3734864    2.17%
  13516  4454       45.0000   142       46.0000       45.0000  3744646    2.17%
  13566  4476       45.0000   130       46.0000       45.0000  3757395    2.17%
  13627  4472       45.0000    67       46.0000       45.0000  3772450    2.17%
Elapsed time = 1930.52 sec. (955574.05 ticks, tree = 33.72 MB, solutions = 3)
  13665  4490       45.0000   182       46.0000       45.0000  3793423    2.17%
  13709  4514       45.0000   227       46.0000       45.0000  3806843    2.17%
  13745  4535       45.0000   144       46.0000       45.0000  3836566    2.17%
  13784  4555       45.0000   109       46.0000       45.0000  3853971    2.17%
  13827  4566       45.0000   124       46.0000       45.0000  3875256    2.17%
  13867  4587       45.0000   193       46.0000       45.0000  3891026    2.17%
  13914  4604       45.0000    67       46.0000       45.0000  3906109    2.17%
  13950  4614       45.0000    86       46.0000       45.0000  3930342    2.17%
  13995  4637       45.0000    20       46.0000       45.0000  3946481    2.17%
  14043  4655       45.0000   131       46.0000       45.0000  3968682    2.17%
Elapsed time = 2022.00 sec. (995232.09 ticks, tree = 34.94 MB, solutions = 3)
  14093  4675       45.0000    73       46.0000       45.0000  3982387    2.17%
  14133  4698       45.0000   212       46.0000       45.0000  4000089    2.17%
  14165  4711       45.0000   212       46.0000       45.0000  4016006    2.17%
  14203  4735       45.0000   117       46.0000       45.0000  4029567    2.17%
  14243  4747       45.0000   186       46.0000       45.0000  4050788    2.17%
  14281  4763       45.0000   133       46.0000       45.0000  4064073    2.17%
  14326  4778       45.0000    78       46.0000       45.0000  4079815    2.17%
  14364  4803       45.0000   162       46.0000       45.0000  4105637    2.17%
  14402  4815       45.0000    50       46.0000       45.0000  4129773    2.17%
  14450  4842       45.0000    35       46.0000       45.0000  4141053    2.17%
Elapsed time = 2114.84 sec. (1034055.57 ticks, tree = 36.19 MB, solutions = 3)
  14492  4853       45.0000    68       46.0000       45.0000  4164355    2.17%
  14544  4870       45.0000    22       46.0000       45.0000  4181016    2.17%
  14585  4886       45.0000    57       46.0000       45.0000  4204887    2.17%
  14623  4906       45.0000    53       46.0000       45.0000  4227381    2.17%
  14656  4918        cutoff             46.0000       45.0000  4251638    2.17%
  14699  4939       45.0000    80       46.0000       45.0000  4269246    2.17%
  14744  4958       45.0000   150       46.0000       45.0000  4288488    2.17%
  14797  4973       45.0000    37       46.0000       45.0000  4304072    2.17%
  14847  5000       45.0000    72       46.0000       45.0000  4316844    2.17%
  14896  5009       45.0000    68       46.0000       45.0000  4332309    2.17%
Elapsed time = 2203.00 sec. (1072596.91 ticks, tree = 37.30 MB, solutions = 3)
  14939  5022        cutoff             46.0000       45.0000  4350866    2.17%
  14997  5012       45.0000    64       46.0000       45.0000  4371780    2.17%
  15028  5028       45.0000    92       46.0000       45.0000  4398523    2.17%
  15058  5038       45.0000    26       46.0000       45.0000  4422344    2.17%
  15092  5060       45.0000   154       46.0000       45.0000  4445826    2.17%
  15143  5066       45.0000    40       46.0000       45.0000  4458094    2.17%
  15187  5074        cutoff             46.0000       45.0000  4476481    2.17%
  15235  5095       45.0000   161       46.0000       45.0000  4489699    2.17%
  15302  5112       45.0000    36       46.0000       45.0000  4495250    2.17%
  15344  5123       45.0000    79       46.0000       45.0000  4519018    2.17%
Elapsed time = 2289.67 sec. (1111056.55 ticks, tree = 58.19 MB, solutions = 3)
  15389  5145       45.0000   166       46.0000       45.0000  4536458    2.17%
  15438  5156       45.0000   229       46.0000       45.0000  4553439    2.17%
  15481  5167       45.0000   190       46.0000       45.0000  4571820    2.17%
  15525  5186       45.0000   150       46.0000       45.0000  4589485    2.17%
  15587  5186       45.0000    53       46.0000       45.0000  4606240    2.17%
  15623  5191       45.0000    17       46.0000       45.0000  4635846    2.17%
  15659  5212       45.0000   179       46.0000       45.0000  4646071    2.17%
  15697  5228       45.0000   188       46.0000       45.0000  4663456    2.17%
  15735  5250       45.0000   188       46.0000       45.0000  4677297    2.17%
  15785  5266       45.0000    22       46.0000       45.0000  4689514    2.17%
Elapsed time = 2382.00 sec. (1149709.92 ticks, tree = 88.54 MB, solutions = 3)
  15813  5284       45.0000   143       46.0000       45.0000  4710664    2.17%
  15855  5293       45.0000    83       46.0000       45.0000  4729467    2.17%
  15904  5298       45.0000   154       46.0000       45.0000  4748360    2.17%
  15957  5299       45.0000   165       46.0000       45.0000  4760118    2.17%
  16010  5317       45.0000   131       46.0000       45.0000  4767930    2.17%
  16049  5324       45.0000   257       46.0000       45.0000  4780994    2.17%
  16088  5342       45.0000   160       46.0000       45.0000  4795442    2.17%
  16138  5364       45.0000   108       46.0000       45.0000  4805349    2.17%
  16179  5370       45.0000    96       46.0000       45.0000  4820652    2.17%
  16220  5398       45.0000    60       46.0000       45.0000  4836845    2.17%
Elapsed time = 2474.81 sec. (1188297.84 ticks, tree = 117.59 MB, solutions = 3)
  16274  5414       45.0000    54       46.0000       45.0000  4853152    2.17%
  16313  5430       45.0000    68       46.0000       45.0000  4880132    2.17%
  16360  5439       45.0000    97       46.0000       45.0000  4901902    2.17%
  16428  5454       45.0000    33       46.0000       45.0000  4913372    2.17%
  16468  5471       45.0000    68       46.0000       45.0000  4936449    2.17%
  16514  5489       45.0000    72       46.0000       45.0000  4956812    2.17%
  16551  5507       45.0000   209       46.0000       45.0000  4977838    2.17%
  16592  5500       45.0000   125       46.0000       45.0000  5000488    2.17%
  16640  5520       45.0000   109       46.0000       45.0000  5012158    2.17%
  16713  5516       45.0000    67       46.0000       45.0000  5017514    2.17%
Elapsed time = 2566.08 sec. (1227065.69 ticks, tree = 149.08 MB, solutions = 3)
  16762  5532       45.0000    55       46.0000       45.0000  5038706    2.17%
  16810  5549       45.0000   106       46.0000       45.0000  5053627    2.17%
  16857  5564       45.0000   114       46.0000       45.0000  5069223    2.17%
  16911  5583       45.0000   117       46.0000       45.0000  5077414    2.17%
  16941  5588       45.0000    59       46.0000       45.0000  5088732    2.17%
  16993  5601       45.0000    79       46.0000       45.0000  5107984    2.17%
  17040  5611       45.0000    48       46.0000       45.0000  5131050    2.17%
  17084  5626       45.0000   172       46.0000       45.0000  5157601    2.17%
  17131  5642       45.0000   118       46.0000       45.0000  5174467    2.17%
  17184  5655       45.0000    73       46.0000       45.0000  5197399    2.17%
Elapsed time = 2660.09 sec. (1265748.86 ticks, tree = 179.26 MB, solutions = 3)
  17234  5672       45.0000    96       46.0000       45.0000  5216202    2.17%
  17281  5696       45.0000   125       46.0000       45.0000  5232429    2.17%
  17349  5732    infeasible             46.0000       45.0000  5243080    2.17%
  17397  5760       45.0000   100       46.0000       45.0000  5266721    2.17%
  17453  5800       45.0000    45       46.0000       45.0000  5286719    2.17%
  17508  5837       45.0000    68       46.0000       45.0000  5308709    2.17%
  17556  5868       45.0000   191       46.0000       45.0000  5328918    2.17%
  17604  5907       45.0000   100       46.0000       45.0000  5348445    2.17%
  17661  5948       45.0000    45       46.0000       45.0000  5365499    2.17%
  17706  5991       45.0000   198       46.0000       45.0000  5384485    2.17%
Elapsed time = 2753.88 sec. (1304291.64 ticks, tree = 213.18 MB, solutions = 3)
  17763  6040       45.0000    58       46.0000       45.0000  5401985    2.17%
  17829  6081       45.0000   129       46.0000       45.0000  5418527    2.17%
  17879  6125       45.0000    52       46.0000       45.0000  5439779    2.17%
  17935  6167       45.0000    56       46.0000       45.0000  5451224    2.17%
  18012  6223       45.0000    44       46.0000       45.0000  5463349    2.17%
  18061  6264       45.0000    91       46.0000       45.0000  5477739    2.17%
  18119  6306       45.0000    64       46.0000       45.0000  5499704    2.17%
  18185  6354       45.0000   274       46.0000       45.0000  5518110    2.17%
  18235  6400       45.0000   178       46.0000       45.0000  5527390    2.17%
  18272  6422       45.0000   125       46.0000       45.0000  5562253    2.17%
Elapsed time = 2852.09 sec. (1347441.79 ticks, tree = 248.82 MB, solutions = 3)
  18316  6457       45.0000   106       46.0000       45.0000  5571831    2.17%
  18364  6491       45.0000   109       46.0000       45.0000  5587686    2.17%
  18404  6529       45.0000   206       46.0000       45.0000  5603768    2.17%
  18454  6571       45.0000   105       46.0000       45.0000  5613627    2.17%
  18498  6611       45.0000   100       46.0000       45.0000  5638380    2.17%
  18552  6650       45.0000   158       46.0000       45.0000  5662677    2.17%
  18590  6686       45.0000   105       46.0000       45.0000  5678675    2.17%
  18636  6726       45.0000    37       46.0000       45.0000  5701933    2.17%
  18669  6755       45.0000   220       46.0000       45.0000  5724253    2.17%
  18717  6791       45.0000    26       46.0000       45.0000  5740137    2.17%
Elapsed time = 2942.83 sec. (1386172.12 ticks, tree = 281.33 MB, solutions = 3)
  18757  6830       45.0000   218       46.0000       45.0000  5759860    2.17%
  18802  6867       45.0000    18       46.0000       45.0000  5775316    2.17%
  18839  6892       45.0000   111       46.0000       45.0000  5798323    2.17%
  18879  6920       45.0000    50       46.0000       45.0000  5821993    2.17%
  18923  6952       45.0000   118       46.0000       45.0000  5848871    2.17%
  18985  7004       45.0000    72       46.0000       45.0000  5863575    2.17%
  19060  7056       45.0000    39       46.0000       45.0000  5871596    2.17%
  19103  7099       45.0000   189       46.0000       45.0000  5887418    2.17%
  19158  7142       45.0000    64       46.0000       45.0000  5901908    2.17%
  19205  7180        cutoff             46.0000       45.0000  5919479    2.17%
Elapsed time = 3028.73 sec. (1424805.85 ticks, tree = 315.83 MB, solutions = 3)
  19254  7209       45.0000   137       46.0000       45.0000  5944208    2.17%
  19307  7250       45.0000    90       46.0000       45.0000  5962732    2.17%
  19358  7286       45.0000   144       46.0000       45.0000  5983708    2.17%
  19415  7330       45.0000    95       46.0000       45.0000  6000502    2.17%
  19467  7367       45.0000    41       46.0000       45.0000  6021015    2.17%
  19515  7413       45.0000    80       46.0000       45.0000  6037770    2.17%
  19574  7464       45.0000   127       46.0000       45.0000  6053906    2.17%
  19641  7512       45.0000    78       46.0000       45.0000  6068295    2.17%
  19695  7557       45.0000    51       46.0000       45.0000  6084234    2.17%
  19749  7599       45.0000    72       46.0000       45.0000  6105418    2.17%
Elapsed time = 3113.61 sec. (1463502.21 ticks, tree = 351.68 MB, solutions = 3)
  19820  7640       45.0000   101       46.0000       45.0000  6120728    2.17%
  19888  7691       45.0000   104       46.0000       45.0000  6130993    2.17%
  19955  7741       45.0000    63       46.0000       45.0000  6145323    2.17%
  20003  7775       45.0000    68       46.0000       45.0000  6165048    2.17%
  20055  7815        cutoff             46.0000       45.0000  6183850    2.17%
  20108  7857       45.0000    86       46.0000       45.0000  6206879    2.17%
  20156  7895        cutoff             46.0000       45.0000  6233824    2.17%
  20218  7950       45.0000    64       46.0000       45.0000  6249585    2.17%
  20287  8000       45.0000    73       46.0000       45.0000  6269809    2.17%
  20354  8055       45.0000    74       46.0000       45.0000  6283660    2.17%
Elapsed time = 3198.00 sec. (1502205.39 ticks, tree = 390.54 MB, solutions = 3)
  20416  8094       45.0000    54       46.0000       45.0000  6306910    2.17%
  20475  8141       45.0000   123       46.0000       45.0000  6319007    2.17%
  20542  8191       45.0000    23       46.0000       45.0000  6327920    2.17%
  20605  8232       45.0000    91       46.0000       45.0000  6350579    2.17%
  20667  8286       45.0000   115       46.0000       45.0000  6368248    2.17%
  20724  8321       45.0000    49       46.0000       45.0000  6391367    2.17%
  20783  8366       45.0000   139       46.0000       45.0000  6408350    2.17%
  20851  8400       45.0000    41       46.0000       45.0000  6428917    2.17%
  20944  8461       45.0000    91       46.0000       45.0000  6437792    2.17%
  21072  8537       45.0000    68       46.0000       45.0000  6446423    2.17%
Elapsed time = 3283.17 sec. (1540852.76 ticks, tree = 430.18 MB, solutions = 3)
  21168  8592       45.0000   183       46.0000       45.0000  6457475    2.17%
  21237  8644       45.0000    43       46.0000       45.0000  6471935    2.17%
  21334  8708       45.0000    32       46.0000       45.0000  6484777    2.17%
  21390  8738        cutoff             46.0000       45.0000  6503918    2.17%
  21494  8811       45.0000    58       46.0000       45.0000  6512578    2.17%
  21591  8867       45.0000    75       46.0000       45.0000  6523259    2.17%
  21646  8900       45.0000    51       46.0000       45.0000  6549342    2.17%
  21715  8953       45.0000    88       46.0000       45.0000  6567583    2.17%
  21785  9003       45.0000    82       46.0000       45.0000  6585434    2.17%
  21847  9049       45.0000    45       46.0000       45.0000  6604434    2.17%
Elapsed time = 3368.64 sec. (1579388.91 ticks, tree = 472.19 MB, solutions = 3)
  21910  9091       45.0000    43       46.0000       45.0000  6622565    2.17%
  21933  9114       45.0000    92       46.0000       45.0000  6647328    2.17%
  21974  9155       45.0000   168       46.0000       45.0000  6665130    2.17%
  22024  9205       45.0000    78       46.0000       45.0000  6678202    2.17%
  22096  9262       45.0000    47       46.0000       45.0000  6691707    2.17%
  22132  9296       45.0000    46       46.0000       45.0000  6714476    2.17%
  22176  9339       45.0000    96       46.0000       45.0000  6730229    2.17%
  22231  9379       45.0000    56       46.0000       45.0000  6750044    2.17%
  22283  9418       45.0000    28       46.0000       45.0000  6766245    2.17%
  22345  9463       45.0000    59       46.0000       45.0000  6780206    2.17%
Elapsed time = 3457.69 sec. (1618335.80 ticks, tree = 508.93 MB, solutions = 3)
  22402  9507       45.0000    91       46.0000       45.0000  6797878    2.17%
  22464  9553       45.0000   139       46.0000       45.0000  6812889    2.17%
  22517  9589       45.0000    74       46.0000       45.0000  6834249    2.17%
  22581  9630    infeasible             46.0000       45.0000  6849949    2.17%
  22668  9663       45.0000    44       46.0000       45.0000  6867000    2.17%
  22707  9702       45.0000    75       46.0000       45.0000  6893327    2.17%
  22775  9758       45.0000    41       46.0000       45.0000  6907708    2.17%
  22814  9787    infeasible             46.0000       45.0000  6934493    2.17%
  22864  9827       45.0000   206       46.0000       45.0000  6945314    2.17%
  22922  9864       45.0000    85       46.0000       45.0000  6962951    2.17%
Elapsed time = 3546.94 sec. (1657044.91 ticks, tree = 542.94 MB, solutions = 3)
  22992  9913       45.0000    65       46.0000       45.0000  6980927    2.17%
  23067  9981       45.0000    58       46.0000       45.0000  6997956    2.17%
  23150 10042       45.0000   136       46.0000       45.0000  7012408    2.17%
  23195 10079       45.0000    67       46.0000       45.0000  7026784    2.17%
  23262 10136       45.0000    22       46.0000       45.0000  7042066    2.17%
  23293 10165       45.0000   150       46.0000       45.0000  7067188    2.17%
  23348 10218       45.0000   104       46.0000       45.0000  7078445    2.17%
  23399 10255       45.0000    76       46.0000       45.0000  7102597    2.17%
  23448 10301       45.0000   171       46.0000       45.0000  7116109    2.17%
  23505 10341       45.0000    71       46.0000       45.0000  7134745    2.17%
Elapsed time = 3641.75 sec. (1695744.86 ticks, tree = 583.51 MB, solutions = 3)
  23554 10386       45.0000   116       46.0000       45.0000  7157036    2.17%
  23606 10426       45.0000   133       46.0000       45.0000  7179029    2.17%
  23655 10470       45.0000    35       46.0000       45.0000  7204102    2.17%
  23726 10536       45.0000    40       46.0000       45.0000  7218622    2.17%
  23821 10592       45.0000    48       46.0000       45.0000  7230136    2.17%
  23888 10625       45.0000    56       46.0000       45.0000  7253432    2.17%
  23975 10683       45.0000    39       46.0000       45.0000  7269679    2.17%
  24091 10742       45.0000    94       46.0000       45.0000  7280078    2.17%
  24202 10803       45.0000    79       46.0000       45.0000  7290170    2.17%
  24316 10868        cutoff             46.0000       45.0000  7302573    2.17%
Elapsed time = 3728.73 sec. (1734340.91 ticks, tree = 625.07 MB, solutions = 3)
  24431 10950       45.0000   118       46.0000       45.0000  7315493    2.17%
  24560 11037       45.0000    61       46.0000       45.0000  7326133    2.17%
  24696 11120       45.0000    63       46.0000       45.0000  7339989    2.17%
  24824 11188       45.0000    55       46.0000       45.0000  7352507    2.17%
  24955 11272       45.0000    88       46.0000       45.0000  7365273    2.17%
  25085 11344       45.0000    91       46.0000       45.0000  7380777    2.17%
  25203 11410       45.0000    63       46.0000       45.0000  7393140    2.17%
  25320 11474       45.0000    88       46.0000       45.0000  7407224    2.17%
  25445 11543       45.0000    76       46.0000       45.0000  7420788    2.17%
  25585 11618       45.0000    22       46.0000       45.0000  7433511    2.17%
Elapsed time = 3811.83 sec. (1772634.71 ticks, tree = 676.88 MB, solutions = 3)
  25722 11698       45.0000    99       46.0000       45.0000  7447185    2.17%
  25879 11787       45.0000    68       46.0000       45.0000  7460822    2.17%
  26014 11870       45.0000   109       46.0000       45.0000  7475412    2.17%
  26173 11948    infeasible             46.0000       45.0000  7489667    2.17%
  26333 12030       45.0000    93       46.0000       45.0000  7502479    2.17%
  26487 12113       45.0000    40       46.0000       45.0000  7515996    2.17%
  26645 12210       45.0000    28       46.0000       45.0000  7530578    2.17%
  26811 12313        cutoff             46.0000       45.0000  7546135    2.17%
  26967 12413       45.0000    58       46.0000       45.0000  7559454    2.17%
  27123 12503        cutoff             46.0000       45.0000  7576056    2.17%
Elapsed time = 3896.06 sec. (1810898.40 ticks, tree = 726.52 MB, solutions = 3)
  27281 12592       45.0000    47       46.0000       45.0000  7591508    2.17%
  27460 12674        cutoff             46.0000       45.0000  7608342    2.17%
  27616 12773    infeasible             46.0000       45.0000  7624532    2.17%
  27763 12868       45.0000    58       46.0000       45.0000  7641383    2.17%
  27928 12970       45.0000    72       46.0000       45.0000  7658275    2.17%
  27935 12975       45.0000    98       46.0000       45.0000  7658715    2.17%
  28123 13089       45.0000    56       46.0000       45.0000  7670988    2.17%
  28344 13191       45.0000    68       46.0000       45.0000  7685231    2.17%
  28587 13295       45.0000    21       46.0000       45.0000  7697575    2.17%
  28813 13367       45.0000    58       46.0000       45.0000  7709433    2.17%
Elapsed time = 3980.13 sec. (1852373.67 ticks, tree = 763.65 MB, solutions = 3)
  28981 13450       45.0000    98       46.0000       45.0000  7723269    2.17%
  29176 13552       45.0000   114       46.0000       45.0000  7738527    2.17%
  29335 13659       45.0000    53       46.0000       45.0000  7753852    2.17%
  29513 13787       45.0000   114       46.0000       45.0000  7770213    2.17%
  29671 13887       45.0000   117       46.0000       45.0000  7784984    2.17%
  29837 13996       45.0000    66       46.0000       45.0000  7799636    2.17%
  30010 14102    infeasible             46.0000       45.0000  7816599    2.17%
  30185 14210       45.0000    45       46.0000       45.0000  7832317    2.17%
  30399 14297       45.0000    21       46.0000       45.0000  7846615    2.17%
  30572 14413       45.0000   105       46.0000       45.0000  7863033    2.17%
Elapsed time = 4063.48 sec. (1890672.29 ticks, tree = 814.07 MB, solutions = 3)
  30745 14539       45.0000   105       46.0000       45.0000  7879743    2.17%
  30941 14669    infeasible             46.0000       45.0000  7895029    2.17%
  31073 14760       45.0000    87       46.0000       45.0000  7909896    2.17%
  31200 14837       45.0000    66       46.0000       45.0000  7921735    2.17%
  31342 14897       45.0000    25       46.0000       45.0000  7933384    2.17%
  31481 14988    infeasible             46.0000       45.0000  7943353    2.17%
  31623 15084       45.0000    85       46.0000       45.0000  7954469    2.17%
  31771 15181       45.0000    54       46.0000       45.0000  7967373    2.17%
  31928 15258       45.0000    46       46.0000       45.0000  7979428    2.17%
  32103 15341       45.0000    77       46.0000       45.0000  7991525    2.17%
Elapsed time = 4147.95 sec. (1928960.54 ticks, tree = 865.99 MB, solutions = 3)
  32303 15383       45.0000    34       46.0000       45.0000  8005507    2.17%
  32455 15479       45.0000   138       46.0000       45.0000  8021078    2.17%
  32699 15611       45.0000    56       46.0000       45.0000  8032864    2.17%
  32945 15742       45.0000    51       46.0000       45.0000  8043504    2.17%
  33185 15877       45.0000    41       46.0000       45.0000  8054390    2.17%
  33435 16015       45.0000    19       46.0000       45.0000  8066797    2.17%
  33681 16101       45.0000    45       46.0000       45.0000  8080412    2.17%
  33911 16202       45.0000    86       46.0000       45.0000  8093138    2.17%
  34088 16305       45.0000   119       46.0000       45.0000  8108071    2.17%
  34259 16421       45.0000    71       46.0000       45.0000  8124321    2.17%
Elapsed time = 4230.53 sec. (1967225.24 ticks, tree = 911.40 MB, solutions = 3)
  34441 16546       45.0000   110       46.0000       45.0000  8138033    2.17%
  34621 16653       45.0000    49       46.0000       45.0000  8152873    2.17%
  34814 16794       45.0000   116       46.0000       45.0000  8167495    2.17%
  34978 16898    infeasible             46.0000       45.0000  8181482    2.17%
  35153 16991       45.0000    95       46.0000       45.0000  8196978    2.17%
  35341 17106       45.0000    50       46.0000       45.0000  8214310    2.17%
  35525 17221       45.0000    89       46.0000       45.0000  8229092    2.17%
  35717 17343       45.0000    51       46.0000       45.0000  8244624    2.17%
  35909 17474       45.0000   104       46.0000       45.0000  8260476    2.17%
  35935 17490       45.0000    80       46.0000       45.0000  8262734    2.17%
Elapsed time = 4317.92 sec. (2006314.90 ticks, tree = 957.55 MB, solutions = 3)
  36119 17610    infeasible             46.0000       45.0000  8277651    2.17%
  36300 17722       45.0000   125       46.0000       45.0000  8294388    2.17%
  36485 17827       45.0000    27       46.0000       45.0000  8314797    2.17%
  36673 17957       45.0000    95       46.0000       45.0000  8332904    2.17%
  36867 18088       45.0000   107       46.0000       45.0000  8349245    2.17%
  37051 18207       45.0000    38       46.0000       45.0000  8363881    2.17%
  37263 18318       45.0000    43       46.0000       45.0000  8378913    2.17%
  37450 18426        cutoff             46.0000       45.0000  8393575    2.17%
  37640 18557       45.0000    70       46.0000       45.0000  8409217    2.17%
  37833 18673       45.0000    40       46.0000       45.0000  8426381    2.17%
Elapsed time = 4405.70 sec. (2044606.33 ticks, tree = 1006.61 MB, solutions = 3)
  38014 18798       45.0000   112       46.0000       45.0000  8443041    2.17%
  38195 18924        cutoff             46.0000       45.0000  8461000    2.17%
  38385 19060       45.0000    81       46.0000       45.0000  8479156    2.17%
  38591 19192       45.0000    87       46.0000       45.0000  8495004    2.17%
  38786 19316       45.0000    32       46.0000       45.0000  8508832    2.17%
  38927 19395       45.0000    35       46.0000       45.0000  8522024    2.17%
  39076 19492       45.0000   132       46.0000       45.0000  8534486    2.17%
  39171 19547       45.0000    28       46.0000       45.0000  8547812    2.17%
  39251 19592       45.0000    32       46.0000       45.0000  8563011    2.17%
  39366 19677       45.0000   125       46.0000       45.0000  8578548    2.17%
Elapsed time = 4491.22 sec. (2082936.49 ticks, tree = 1052.28 MB, solutions = 3)
  39495 19767       45.0000    67       46.0000       45.0000  8591965    2.17%
  39602 19839       45.0000   117       46.0000       45.0000  8605048    2.17%
  39762 19957       45.0000    99       46.0000       45.0000  8618958    2.17%
  39898 20055       45.0000   103       46.0000       45.0000  8632470    2.17%
  40064 20162       45.0000   109       46.0000       45.0000  8646262    2.17%
  40206 20234    infeasible             46.0000       45.0000  8660835    2.17%
  40370 20335    infeasible             46.0000       45.0000  8676766    2.17%
  40537 20439       45.0000   112       46.0000       45.0000  8693015    2.17%
  40714 20537       45.0000    51       46.0000       45.0000  8708435    2.17%
  40886 20640       45.0000    48       46.0000       45.0000  8724979    2.17%
Elapsed time = 4578.98 sec. (2121310.86 ticks, tree = 1105.03 MB, solutions = 3)
  41059 20738    infeasible             46.0000       45.0000  8742547    2.17%
  41248 20859       45.0000   110       46.0000       45.0000  8757268    2.17%
  41413 20957       45.0000   109       46.0000       45.0000  8775100    2.17%
  41591 21066       45.0000   111       46.0000       45.0000  8792181    2.17%
  41758 21172       45.0000    78       46.0000       45.0000  8807793    2.17%
  41945 21313       45.0000   104       46.0000       45.0000  8824102    2.17%
  42112 21420       45.0000    84       46.0000       45.0000  8842392    2.17%
  42274 21524    infeasible             46.0000       45.0000  8859555    2.17%
  42471 21665    infeasible             46.0000       45.0000  8877950    2.17%
  42646 21775       45.0000    90       46.0000       45.0000  8896375    2.17%
Elapsed time = 4667.59 sec. (2159590.02 ticks, tree = 1152.00 MB, solutions = 3)
  42843 21891       45.0000    80       46.0000       45.0000  8912333    2.17%
  43033 22015       45.0000    48       46.0000       45.0000  8927614    2.17%
  43217 22133    infeasible             46.0000       45.0000  8944966    2.17%
  43415 22270       45.0000    79       46.0000       45.0000  8962134    2.17%
  43598 22380       45.0000   125       46.0000       45.0000  8980798    2.17%
  43792 22510       45.0000    94       46.0000       45.0000  8996408    2.17%
  43935 22595       45.0000    37       46.0000       45.0000  9009726    2.17%
  44152 22701       45.0000   115       46.0000       45.0000  9024844    2.17%
  44343 22818       45.0000    48       46.0000       45.0000  9043626    2.17%
  44554 22921    infeasible             46.0000       45.0000  9058263    2.17%
Elapsed time = 4763.63 sec. (2202078.31 ticks, tree = 1193.15 MB, solutions = 3)
  44737 23041    infeasible             46.0000       45.0000  9075987    2.17%
  44920 23161        cutoff             46.0000       45.0000  9093496    2.17%
  45117 23280       45.0000    94       46.0000       45.0000  9111066    2.17%
  45305 23404       45.0000   107       46.0000       45.0000  9127652    2.17%
  45486 23511       45.0000    99       46.0000       45.0000  9144724    2.17%
  45636 23595       45.0000    31       46.0000       45.0000  9160294    2.17%
  45775 23691       45.0000    93       46.0000       45.0000  9174514    2.17%
  45904 23764       45.0000    56       46.0000       45.0000  9186320    2.17%
  46030 23842       45.0000   112       46.0000       45.0000  9199764    2.17%
  46165 23924       45.0000    99       46.0000       45.0000  9211445    2.17%
Elapsed time = 4851.72 sec. (2240452.95 ticks, tree = 1237.15 MB, solutions = 3)
  46309 24023       45.0000    49       46.0000       45.0000  9224494    2.17%
  46447 24115       45.0000    69       46.0000       45.0000  9237283    2.17%
  46591 24190       45.0000    40       46.0000       45.0000  9250667    2.17%
  46747 24301       45.0000    92       46.0000       45.0000  9265242    2.17%
  46897 24369       45.0000    44       46.0000       45.0000  9281556    2.17%
  47050 24470       45.0000    99       46.0000       45.0000  9298248    2.17%
  47188 24555       45.0000    29       46.0000       45.0000  9312068    2.17%
  47321 24656       45.0000   130       46.0000       45.0000  9325938    2.17%
  47498 24766       45.0000    99       46.0000       45.0000  9341865    2.17%
  47660 24870       45.0000    45       46.0000       45.0000  9360369    2.17%
Elapsed time = 4949.89 sec. (2278742.58 ticks, tree = 1290.85 MB, solutions = 3)
  47844 25002    infeasible             46.0000       45.0000  9377488    2.17%
  48018 25128    infeasible             46.0000       45.0000  9393105    2.17%
  48181 25245       45.0000   110       46.0000       45.0000  9411118    2.17%
  48339 25341       45.0000   130       46.0000       45.0000  9429158    2.17%
  48520 25464       45.0000   125       46.0000       45.0000  9448013    2.17%
  48705 25595       45.0000    42       46.0000       45.0000  9465088    2.17%
  48847 25679       45.0000    96       46.0000       45.0000  9483741    2.17%
  48909 25714       45.0000    67       46.0000       45.0000  9498210    2.17%
  48952 25746       45.0000    92       46.0000       45.0000  9519560    2.17%
  49001 25787       45.0000    72       46.0000       45.0000  9534351    2.17%
Elapsed time = 5041.78 sec. (2317149.77 ticks, tree = 1334.75 MB, solutions = 3)
  49045 25822       45.0000   105       46.0000       45.0000  9555904    2.17%
  49090 25863       45.0000    65       46.0000       45.0000  9573506    2.17%
  49138 25906       45.0000   107       46.0000       45.0000  9597520    2.17%
  49185 25947       45.0000   143       46.0000       45.0000  9614553    2.17%
  49225 25982       45.0000   130       46.0000       45.0000  9630774    2.17%
  49294 26037        cutoff             46.0000       45.0000  9644347    2.17%
  49481 26146       45.0000    64       46.0000       45.0000  9660596    2.17%
  49669 26261       45.0000    85       46.0000       45.0000  9677092    2.17%
  49856 26378       45.0000   111       46.0000       45.0000  9693147    2.17%
  50037 26499       45.0000   138       46.0000       45.0000  9711881    2.17%
Elapsed time = 5137.47 sec. (2355579.74 ticks, tree = 1373.74 MB, solutions = 3)
  50218 26610    infeasible             46.0000       45.0000  9728841    2.17%
  50400 26728       45.0000    61       46.0000       45.0000  9747817    2.17%
  50566 26822       45.0000   100       46.0000       45.0000  9763857    2.17%
  50755 26938    infeasible             46.0000       45.0000  9780975    2.17%
  50935 27044       45.0000    79       46.0000       45.0000  9796489    2.17%
  51045 27111       45.0000    54       46.0000       45.0000  9816970    2.17%
  51086 27142       45.0000    86       46.0000       45.0000  9841091    2.17%
  51139 27189       45.0000    82       46.0000       45.0000  9851447    2.17%
  51179 27217       45.0000   140       46.0000       45.0000  9882704    2.17%
  51232 27254       45.0000    54       46.0000       45.0000  9901113    2.17%
Elapsed time = 5241.45 sec. (2398345.40 ticks, tree = 1410.93 MB, solutions = 3)
  51269 27290       45.0000    93       46.0000       45.0000  9920844    2.17%
  51322 27333       45.0000    83       46.0000       45.0000  9936583    2.17%
  51360 27357       45.0000   261       46.0000       45.0000  9957920    2.17%
  51405 27402       45.0000    54       46.0000       45.0000  9969588    2.17%
  51454 27443       45.0000   104       46.0000       45.0000  9988740    2.17%
  51510 27491       45.0000    79       46.0000       45.0000 10008554    2.17%
  51553 27524       45.0000    44       46.0000       45.0000 10033305    2.17%
  51595 27556       45.0000   131       46.0000       45.0000 10068557    2.17%
  51639 27596       45.0000   146       46.0000       45.0000 10087815    2.17%
  51685 27636       45.0000    99       46.0000       45.0000 10108755    2.17%
Elapsed time = 5336.42 sec. (2437004.34 ticks, tree = 1443.80 MB, solutions = 3)
  51734 27679       45.0000    76       46.0000       45.0000 10134253    2.17%
  51786 27723       45.0000    64       46.0000       45.0000 10149357    2.17%
  51833 27759        cutoff             46.0000       45.0000 10175075    2.17%
  51894 27810       45.0000    90       46.0000       45.0000 10189840    2.17%
  51978 27858       45.0000    50       46.0000       45.0000 10205779    2.17%
  52101 27885    infeasible             46.0000       45.0000 10213922    2.17%
  52222 27937       45.0000    35       46.0000       45.0000 10222407    2.17%
  52340 27999       45.0000    45       46.0000       45.0000 10230500    2.17%
  52465 28061       45.0000    37       46.0000       45.0000 10238566    2.17%
  52596 28111       45.0000    42       46.0000       45.0000 10246666    2.17%
Elapsed time = 5434.48 sec. (2475353.10 ticks, tree = 1481.12 MB, solutions = 3)
  52724 28163       45.0000    45       46.0000       45.0000 10255238    2.17%
  52863 28225       45.0000    43       46.0000       45.0000 10263937    2.17%
  53030 28282    infeasible             46.0000       45.0000 10273874    2.17%
  53173 28351       45.0000    45       46.0000       45.0000 10281251    2.17%
  53340 28431       45.0000    33       46.0000       45.0000 10291358    2.17%
  53494 28482    infeasible             46.0000       45.0000 10301088    2.17%
  53671 28515       45.0000    49       46.0000       45.0000 10310927    2.17%
  53844 28578    infeasible             46.0000       45.0000 10322175    2.17%
  54020 28648       45.0000    47       46.0000       45.0000 10330684    2.17%
  54198 28727       45.0000    57       46.0000       45.0000 10341323    2.17%
Elapsed time = 5534.92 sec. (2513654.95 ticks, tree = 1517.89 MB, solutions = 3)
  54374 28814       45.0000    32       46.0000       45.0000 10351027    2.17%
  54562 28884       45.0000    19       46.0000       45.0000 10361312    2.17%
  54753 28959       45.0000    39       46.0000       45.0000 10371932    2.17%
  54936 29018       45.0000    17       46.0000       45.0000 10382549    2.17%
  55131 29109    infeasible             46.0000       45.0000 10393523    2.17%
  55308 29169       45.0000    26       46.0000       45.0000 10405048    2.17%
  55502 29252    infeasible             46.0000       45.0000 10415466    2.17%
  55693 29276       45.0000    34       46.0000       45.0000 10426502    2.17%
  55874 29345       45.0000    40       46.0000       45.0000 10436868    2.17%
  56046 29426       45.0000    22       46.0000       45.0000 10447760    2.17%
Elapsed time = 5632.89 sec. (2551877.36 ticks, tree = 1556.51 MB, solutions = 3)
  56233 29485    infeasible             46.0000       45.0000 10459000    2.17%
  56414 29527    infeasible             46.0000       45.0000 10471216    2.17%
  56608 29579    infeasible             46.0000       45.0000 10483614    2.17%
  56803 29597       45.0000    15       46.0000       45.0000 10496275    2.17%
  56996 29647    infeasible             46.0000       45.0000 10507779    2.17%
  57185 29714       45.0000    34       46.0000       45.0000 10524809    2.17%
  57394 29781       45.0000    17       46.0000       45.0000 10537031    2.17%
  57605 29807       45.0000    24       46.0000       45.0000 10551422    2.17%
  57825 29815    infeasible             46.0000       45.0000 10566225    2.17%
  58025 29852    infeasible             46.0000       45.0000 10578766    2.17%
Elapsed time = 5727.69 sec. (2590192.31 ticks, tree = 1576.74 MB, solutions = 3)
  58226 29892    infeasible             46.0000       45.0000 10590860    2.17%
  58426 29978       45.0000    37       46.0000       45.0000 10602307    2.17%
  58614 30052       45.0000    34       46.0000       45.0000 10614990    2.17%
  58768 30120       45.0000    77       46.0000       45.0000 10628841    2.17%
  58831 30181       45.0000   118       46.0000       45.0000 10646540    2.17%
  58889 30234       45.0000   154       46.0000       45.0000 10662142    2.17%
  58945 30274       45.0000   157       46.0000       45.0000 10675964    2.17%
  59027 30337    infeasible             46.0000       45.0000 10688080    2.17%
  59114 30399       45.0000   142       46.0000       45.0000 10713935    2.17%
  59162 30440        cutoff             46.0000       45.0000 10729422    2.17%
Elapsed time = 5823.92 sec. (2628640.17 ticks, tree = 1613.40 MB, solutions = 3)
  59200 30476       45.0000    48       46.0000       45.0000 10759843    2.17%
  59262 30526        cutoff             46.0000       45.0000 10778442    2.17%
  59305 30560       45.0000    50       46.0000       45.0000 10804950    2.17%
  59365 30612       45.0000   150       46.0000       45.0000 10823588    2.17%
  59408 30648       45.0000   113       46.0000       45.0000 10841676    2.17%
  59456 30692       45.0000    84       46.0000       45.0000 10864249    2.17%
  59502 30732       45.0000   133       46.0000       45.0000 10886174    2.17%
  59543 30767        cutoff             46.0000       45.0000 10906719    2.17%
  59593 30816       45.0000   147       46.0000       45.0000 10923625    2.17%
  59663 30867       45.0000    57       46.0000       45.0000 10942797    2.17%
Elapsed time = 5920.70 sec. (2667419.97 ticks, tree = 1649.62 MB, solutions = 3)
  59715 30913       45.0000    64       46.0000       45.0000 10962114    2.17%
  59860 31018       45.0000   104       46.0000       45.0000 10981694    2.17%
  60041 31132       45.0000    59       46.0000       45.0000 10999657    2.17%
  60140 31194       45.0000    77       46.0000       45.0000 11026916    2.17%
  60204 31253       45.0000    93       46.0000       45.0000 11052262    2.17%
  60268 31303       45.0000   134       46.0000       45.0000 11065058    2.17%
  60325 31354       45.0000    81       46.0000       45.0000 11088984    2.17%
  60371 31398       45.0000   118       46.0000       45.0000 11101801    2.17%
  60426 31445       45.0000    89       46.0000       45.0000 11134192    2.17%
  60490 31500       45.0000    51       46.0000       45.0000 11151762    2.17%
Elapsed time = 6025.72 sec. (2706098.94 ticks, tree = 1691.55 MB, solutions = 3)
  60549 31552       45.0000   152       46.0000       45.0000 11185004    2.17%
  60611 31594       45.0000    23       46.0000       45.0000 11207580    2.17%
  60648 31631       45.0000   113       46.0000       45.0000 11230954    2.17%
  60706 31669       45.0000    47       46.0000       45.0000 11256107    2.17%
  60761 31717       45.0000   390       46.0000       45.0000 11283500    2.17%
  60818 31760       45.0000   120       46.0000       45.0000 11292624    2.17%
  60882 31816       45.0000    98       46.0000       45.0000 11312484    2.17%
  60935 31851       45.0000   109       46.0000       45.0000 11326154    2.17%
  60988 31891       45.0000    57       46.0000       45.0000 11356194    2.17%
  61052 31930        cutoff             46.0000       45.0000 11372563    2.17%
Elapsed time = 6139.34 sec. (2750246.89 ticks, tree = 1727.34 MB, solutions = 3)
  61113 31981       45.0000   111       46.0000       45.0000 11392644    2.17%
  61180 32032       45.0000    36       46.0000       45.0000 11406616    2.17%
  61240 32086       45.0000   145       46.0000       45.0000 11424614    2.17%
  61308 32128       45.0000    63       46.0000       45.0000 11446474    2.17%
  61362 32172       45.0000    54       46.0000       45.0000 11464638    2.17%
  61433 32239       45.0000   136       46.0000       45.0000 11482982    2.17%
  61489 32273       45.0000   126       46.0000       45.0000 11512818    2.17%
  61544 32317       45.0000   116       46.0000       45.0000 11532917    2.17%
  61593 32350       45.0000   260       46.0000       45.0000 11553445    2.17%
  61651 32394       45.0000    63       46.0000       45.0000 11567946    2.17%
Elapsed time = 6242.75 sec. (2788739.63 ticks, tree = 1766.02 MB, solutions = 3)
  61710 32442       45.0000    24       46.0000       45.0000 11598397    2.17%
  61763 32479       45.0000   135       46.0000       45.0000 11624347    2.17%
  61812 32516       45.0000    81       46.0000       45.0000 11653711    2.17%
  61887 32584       45.0000    95       46.0000       45.0000 11678353    2.17%
  61965 32629       45.0000    51       46.0000       45.0000 11695289    2.17%
  62013 32675       45.0000   122       46.0000       45.0000 11727162    2.17%
  62096 32742       45.0000    83       46.0000       45.0000 11747585    2.17%
  62167 32793       45.0000    73       46.0000       45.0000 11773766    2.17%
  62236 32853    infeasible             46.0000       45.0000 11796727    2.17%
  62311 32916       45.0000    18       46.0000       45.0000 11826466    2.17%
Elapsed time = 6347.84 sec. (2827235.66 ticks, tree = 1808.43 MB, solutions = 3)
  62394 32978        cutoff             46.0000       45.0000 11852305    2.17%
  62479 33045       45.0000   164       46.0000       45.0000 11873959    2.17%
  62581 33117       45.0000   143       46.0000       45.0000 11894568    2.17%
  62652 33175       45.0000    62       46.0000       45.0000 11909571    2.17%
  62729 33243       45.0000    64       46.0000       45.0000 11934634    2.17%
  62811 33319       45.0000   109       46.0000       45.0000 11954526    2.17%
  62904 33396       45.0000    69       46.0000       45.0000 11980679    2.17%
  62958 33432       45.0000    56       46.0000       45.0000 12010252    2.17%
  63008 33470       45.0000    46       46.0000       45.0000 12031344    2.17%
  63062 33518       45.0000   100       46.0000       45.0000 12047847    2.17%
Elapsed time = 6452.80 sec. (2865867.45 ticks, tree = 1853.05 MB, solutions = 3)
  63150 33598       45.0000    50       46.0000       45.0000 12061600    2.17%
  63205 33633       45.0000   104       46.0000       45.0000 12093766    2.17%
  63279 33682        cutoff             46.0000       45.0000 12107081    2.17%
  63345 33721       45.0000    37       46.0000       45.0000 12133523    2.17%
  63410 33778       45.0000    40       46.0000       45.0000 12147967    2.17%
  63470 33830       45.0000   131       46.0000       45.0000 12169019    2.17%
  63541 33889       45.0000    94       46.0000       45.0000 12186694    2.17%
  63615 33947       45.0000    15       46.0000       45.0000 12202951    2.17%
  63685 34011       45.0000    76       46.0000       45.0000 12225439    2.17%
  63766 34074       45.0000    61       46.0000       45.0000 12241384    2.17%
Elapsed time = 6565.25 sec. (2904335.95 ticks, tree = 1897.60 MB, solutions = 3)
  63843 34124       45.0000    23       46.0000       45.0000 12268037    2.17%
  63914 34178       45.0000    59       46.0000       45.0000 12288723    2.17%
  63996 34238    infeasible             46.0000       45.0000 12304370    2.17%
  64098 34292       45.0000    78       46.0000       45.0000 12314033    2.17%
  64205 34348       45.0000    79       46.0000       45.0000 12329302    2.17%
  64312 34383       45.0000    94       46.0000       45.0000 12342416    2.17%
  64417 34418       45.0000    74       46.0000       45.0000 12352624    2.17%
  64533 34453       45.0000   112       46.0000       45.0000 12362399    2.17%
  64647 34483       45.0000    82       46.0000       45.0000 12373691    2.17%
  64798 34524       45.0000    26       46.0000       45.0000 12385614    2.17%
Elapsed time = 6675.88 sec. (2942710.62 ticks, tree = 1931.53 MB, solutions = 3)
  64960 34563       45.0000    38       46.0000       45.0000 12400857    2.17%
  65100 34612       45.0000    33       46.0000       45.0000 12413744    2.17%
  65240 34630       45.0000    23       46.0000       45.0000 12427791    2.17%
  65412 34644       45.0000    24       46.0000       45.0000 12439884    2.17%
  65505 34688       45.0000    89       46.0000       45.0000 12461302    2.17%
  65595 34715       45.0000    29       46.0000       45.0000 12483490    2.17%
  65692 34742       45.0000   168       46.0000       45.0000 12501955    2.17%
  65766 34804       45.0000    93       46.0000       45.0000 12521310    2.17%
  65845 34864       45.0000    54       46.0000       45.0000 12537429    2.17%
  65909 34920       45.0000    91       46.0000       45.0000 12562726    2.17%
Elapsed time = 6795.91 sec. (2981114.38 ticks, tree = 1962.83 MB, solutions = 3)
  65977 34978       45.0000   134       46.0000       45.0000 12588937    2.17%
  66041 35030       45.0000    72       46.0000       45.0000 12617671    2.17%
  66109 35086       45.0000    76       46.0000       45.0000 12642540    2.17%
  66175 35144       45.0000   117       46.0000       45.0000 12672823    2.17%
  66242 35197       45.0000   113       46.0000       45.0000 12696863    2.17%
  66305 35251       45.0000    80       46.0000       45.0000 12724205    2.17%
  66403 35327       45.0000    88       46.0000       45.0000 12739876    2.17%
  66521 35398       45.0000    71       46.0000       45.0000 12751684    2.17%
  66646 35434       45.0000    91       46.0000       45.0000 12764049    2.17%
  66775 35465       45.0000    82       46.0000       45.0000 12777173    2.17%
Elapsed time = 6916.58 sec. (3019823.68 ticks, tree = 2003.60 MB, solutions = 3)
  66926 35538    infeasible             46.0000       45.0000 12788477    2.17%
  66935 35543       45.0000    23       46.0000       45.0000 12789107    2.17%
  67076 35589    infeasible             46.0000       45.0000 12803349    2.17%
  67224 35629       45.0000    53       46.0000       45.0000 12817263    2.17%
  67364 35659       45.0000    75       46.0000       45.0000 12827792    2.17%
  67512 35687       45.0000    65       46.0000       45.0000 12840011    2.17%
  67671 35767       45.0000    37       46.0000       45.0000 12853768    2.17%
  67852 35821    infeasible             46.0000       45.0000 12867253    2.17%
  68038 35849    infeasible             46.0000       45.0000 12882642    2.17%
  68199 35894       45.0000    20       46.0000       45.0000 12895821    2.17%
Elapsed time = 7030.36 sec. (3059303.51 ticks, tree = 2030.66 MB, solutions = 3)
  68391 35924       45.0000    23       46.0000       45.0000 12911649    2.17%
  68589 35945       45.0000    74       46.0000       45.0000 12928423    2.17%
  68794 35952    infeasible             46.0000       45.0000 12946333    2.17%
  68991 35964       45.0000    73       46.0000       45.0000 12963498    2.17%
  69185 35970       45.0000   102       46.0000       45.0000 12983059    2.17%
  69397 35979       45.0000    27       46.0000       45.0000 13000928    2.17%
  69616 35997    infeasible             46.0000       45.0000 13018232    2.17%
  69801 36013       45.0000    75       46.0000       45.0000 13033737    2.17%
  69925 36049       45.0000    45       46.0000       45.0000 13048731    2.17%
  70002 36109       45.0000    70       46.0000       45.0000 13071405    2.17%
Elapsed time = 7143.52 sec. (3097730.78 ticks, tree = 2046.50 MB, solutions = 3)
  70075 36162       45.0000    52       46.0000       45.0000 13088519    2.17%
  70169 36218       45.0000    25       46.0000       45.0000 13106526    2.17%
  70248 36276    infeasible             46.0000       45.0000 13135632    2.17%
  70299 36319       45.0000    60       46.0000       45.0000 13162258    2.17%
  70346 36364    infeasible             46.0000       45.0000 13187315    2.17%
  70419 36411    infeasible             46.0000       45.0000 13205288    2.17%
  70511 36463       45.0000    14       46.0000       45.0000 13215756    2.17%
  70581 36521       45.0000    48       46.0000       45.0000 13243322    2.17%
  70659 36578       45.0000   110       46.0000       45.0000 13266947    2.17%
  70735 36638       45.0000   143       46.0000       45.0000 13286085    2.17%
Elapsed time = 7259.77 sec. (3136196.75 ticks, tree = 2086.68 MB, solutions = 3)
Nodefile size = 38.89 MB (18.03 MB after compression)
  70816 36696       45.0000   110       46.0000       45.0000 13311493    2.17%
  70900 36758       45.0000    59       46.0000       45.0000 13332734    2.17%
  70964 36808       45.0000    63       46.0000       45.0000 13359477    2.17%
  71033 36857        cutoff             46.0000       45.0000 13392433    2.17%
  71101 36903       45.0000    53       46.0000       45.0000 13420219    2.17%
  71180 36962       45.0000    40       46.0000       45.0000 13446719    2.17%
  71238 37010       45.0000    87       46.0000       45.0000 13473561    2.17%
  71310 37072       45.0000    74       46.0000       45.0000 13498376    2.17%
  71368 37130       45.0000    79       46.0000       45.0000 13518858    2.17%
  71445 37175       45.0000    27       46.0000       45.0000 13549584    2.17%
Elapsed time = 7385.34 sec. (3174531.74 ticks, tree = 2127.90 MB, solutions = 3)
Nodefile size = 80.02 MB (36.89 MB after compression)
  71531 37235       45.0000    79       46.0000       45.0000 13575739    2.17%
  71613 37289       45.0000   126       46.0000       45.0000 13601686    2.17%
  71693 37347       45.0000    29       46.0000       45.0000 13628932    2.17%
  71775 37404       45.0000    90       46.0000       45.0000 13658809    2.17%
  71848 37463       45.0000    58       46.0000       45.0000 13677033    2.17%
  71926 37525       45.0000   122       46.0000       45.0000 13710463    2.17%
  72031 37610       45.0000    92       46.0000       45.0000 13726507    2.17%
  72111 37664       45.0000   118       46.0000       45.0000 13761804    2.17%
  72201 37740       45.0000    58       46.0000       45.0000 13789217    2.17%
  72262 37788       45.0000   148       46.0000       45.0000 13816381    2.17%
Elapsed time = 7514.53 sec. (3212959.68 ticks, tree = 2171.91 MB, solutions = 3)
Nodefile size = 124.53 MB (57.25 MB after compression)
  72331 37847       45.0000   209       46.0000       45.0000 13831602    2.17%
  72404 37898       45.0000   121       46.0000       45.0000 13865873    2.17%
  72470 37958       45.0000   141       46.0000       45.0000 13883527    2.17%
  72635 37956    infeasible             46.0000       45.0000 13896577    2.17%
  72763 37973       45.0000   137       46.0000       45.0000 13915701    2.17%
  72867 38046       45.0000    43       46.0000       45.0000 13928646    2.17%
  72997 38123       45.0000    50       46.0000       45.0000 13941564    2.17%
  73121 38202       45.0000    95       46.0000       45.0000 13956665    2.17%
  73258 38277       45.0000    37       46.0000       45.0000 13970214    2.17%
  73381 38366       45.0000    21       46.0000       45.0000 13986871    2.17%
Elapsed time = 7640.81 sec. (3251438.98 ticks, tree = 2212.06 MB, solutions = 3)
Nodefile size = 164.56 MB (75.45 MB after compression)
  73503 38462       45.0000    49       46.0000       45.0000 14003133    2.17%
  73638 38545       45.0000    50       46.0000       45.0000 14016100    2.17%
  73777 38623    infeasible             46.0000       45.0000 14030282    2.17%
  73906 38697       45.0000    17       46.0000       45.0000 14045783    2.17%
  73935 38720       45.0000    72       46.0000       45.0000 14048639    2.17%
  74084 38805       45.0000    42       46.0000       45.0000 14062993    2.17%
  74230 38894       45.0000    42       46.0000       45.0000 14077283    2.17%
  74401 38993    infeasible             46.0000       45.0000 14093763    2.17%
  74531 39072       45.0000     7       46.0000       45.0000 14109392    2.17%
  74674 39174       45.0000    68       46.0000       45.0000 14124552    2.17%
Elapsed time = 7777.75 sec. (3291934.33 ticks, tree = 2258.64 MB, solutions = 3)
Nodefile size = 211.25 MB (96.62 MB after compression)
  74830 39271       45.0000    28       46.0000       45.0000 14138582    2.17%
  74996 39370       45.0000    20       46.0000       45.0000 14154165    2.17%
  75174 39443       45.0000   112       46.0000       45.0000 14170640    2.17%
  75318 39544       45.0000    46       46.0000       45.0000 14186523    2.17%
  75454 39642        cutoff             46.0000       45.0000 14199997    2.17%
  75611 39749    infeasible             46.0000       45.0000 14215045    2.17%
  75756 39846    infeasible             46.0000       45.0000 14230919    2.17%
  75915 39923       45.0000    63       46.0000       45.0000 14248208    2.17%
  76088 39973       45.0000    18       46.0000       45.0000 14263354    2.17%
  76268 39983    infeasible             46.0000       45.0000 14278585    2.17%
Elapsed time = 7903.08 sec. (3330259.51 ticks, tree = 2299.91 MB, solutions = 3)
Nodefile size = 252.19 MB (115.13 MB after compression)
  76430 40001    infeasible             46.0000       45.0000 14294685    2.17%
  76585 40054    infeasible             46.0000       45.0000 14311384    2.17%
  76779 40107    infeasible             46.0000       45.0000 14327292    2.17%
  76922 40125       45.0000    86       46.0000       45.0000 14341586    2.17%
  77044 40138    infeasible             46.0000       45.0000 14354949    2.17%
  77153 40191    infeasible             46.0000       45.0000 14369354    2.17%
  77290 40283       45.0000   103       46.0000       45.0000 14382708    2.17%
  77408 40278       45.0000    91       46.0000       45.0000 14397039    2.17%
  77521 40241       45.0000    50       46.0000       45.0000 14415094    2.17%
  77588 40254       45.0000    60       46.0000       45.0000 14433887    2.17%
Elapsed time = 8022.30 sec. (3368588.23 ticks, tree = 2319.25 MB, solutions = 3)
Nodefile size = 272.15 MB (124.17 MB after compression)
  77641 40285       45.0000   170       46.0000       45.0000 14457968    2.17%
  77676 40318       45.0000   155       46.0000       45.0000 14477453    2.17%
  77742 40366       45.0000   114       46.0000       45.0000 14496970    2.17%
  77787 40407       45.0000   100       46.0000       45.0000 14531166    2.17%
  77830 40434       45.0000    83       46.0000       45.0000 14560245    2.17%
  77926 40467       45.0000    10       46.0000       45.0000 14583693    2.17%
  78049 40496       45.0000    41       46.0000       45.0000 14598196    2.17%
  78206 40523       45.0000   117       46.0000       45.0000 14609282    2.17%
  78268 40562       45.0000   172       46.0000       45.0000 14625937    2.17%
  78329 40616       45.0000    54       46.0000       45.0000 14639868    2.17%
Elapsed time = 8135.05 sec. (3407035.81 ticks, tree = 2349.24 MB, solutions = 3)
Nodefile size = 302.23 MB (137.78 MB after compression)
  78392 40661       45.0000   121       46.0000       45.0000 14659246    2.17%
  78462 40709       45.0000    95       46.0000       45.0000 14670305    2.17%
  78524 40748       45.0000    28       46.0000       45.0000 14690769    2.17%
  78593 40783       45.0000   119       46.0000       45.0000 14710781    2.17%
  78651 40827       45.0000    53       46.0000       45.0000 14738112    2.17%
  78713 40877       45.0000    46       46.0000       45.0000 14765076    2.17%
  78775 40928       45.0000    81       46.0000       45.0000 14791099    2.17%
  78823 40961       45.0000    44       46.0000       45.0000 14815357    2.17%
  78899 41011       45.0000    57       46.0000       45.0000 14850243    2.17%
  78964 41068       45.0000   130       46.0000       45.0000 14868563    2.17%
Elapsed time = 8250.56 sec. (3445712.71 ticks, tree = 2386.88 MB, solutions = 3)
Nodefile size = 339.26 MB (154.53 MB after compression)
  79029 41120       45.0000   242       46.0000       45.0000 14893143    2.17%
  79097 41176       45.0000    79       46.0000       45.0000 14923919    2.17%
  79164 41219       45.0000   121       46.0000       45.0000 14946634    2.17%
  79249 41277       45.0000    45       46.0000       45.0000 14963512    2.17%
  79333 41343       45.0000   110       46.0000       45.0000 14996101    2.17%
  79384 41381       45.0000    80       46.0000       45.0000 15024342    2.17%
  79465 41433       45.0000    98       46.0000       45.0000 15050717    2.17%
  79520 41469       45.0000   176       46.0000       45.0000 15068467    2.17%
  79582 41519       45.0000    42       46.0000       45.0000 15091701    2.17%
  79647 41577       45.0000   104       46.0000       45.0000 15118476    2.17%
Elapsed time = 8372.33 sec. (3484547.84 ticks, tree = 2425.58 MB, solutions = 3)
Nodefile size = 378.12 MB (172.13 MB after compression)
  79735 41643    infeasible             46.0000       45.0000 15147826    2.17%
  79805 41702       45.0000   175       46.0000       45.0000 15170962    2.17%
  79880 41751       45.0000    96       46.0000       45.0000 15202715    2.17%
  79956 41813       45.0000   103       46.0000       45.0000 15229798    2.17%
  80023 41860       45.0000    93       46.0000       45.0000 15258671    2.17%
  80111 41936       45.0000    71       46.0000       45.0000 15285018    2.17%
  80210 42019       45.0000    39       46.0000       45.0000 15307486    2.17%
  80318 42093       45.0000   122       46.0000       45.0000 15331131    2.17%
  80413 42169       45.0000    94       46.0000       45.0000 15355184    2.17%
  80472 42210       45.0000   143       46.0000       45.0000 15387033    2.17%
Elapsed time = 8507.01 sec. (3523043.18 ticks, tree = 2470.55 MB, solutions = 3)
Nodefile size = 423.45 MB (192.55 MB after compression)
  80584 42285       45.0000   240       46.0000       45.0000 15417910    2.17%
  80626 42309       45.0000   147       46.0000       45.0000 15447860    2.17%
  80731 42390       45.0000    57       46.0000       45.0000 15470525    2.17%
  80819 42461       45.0000    45       46.0000       45.0000 15498982    2.17%
  80934 42526    infeasible             46.0000       45.0000 15531927    2.17%
  81021 42595       45.0000   100       46.0000       45.0000 15571134    2.17%
  81113 42652       45.0000    76       46.0000       45.0000 15613361    2.17%
  81212 42729       45.0000   156       46.0000       45.0000 15644700    2.17%
  81343 42818       45.0000   121       46.0000       45.0000 15669946    2.17%
  81453 42894       45.0000   124       46.0000       45.0000 15696414    2.17%
Elapsed time = 8640.09 sec. (3561444.85 ticks, tree = 2513.12 MB, solutions = 3)
Nodefile size = 465.51 MB (211.40 MB after compression)
  81559 42987       45.0000   146       46.0000       45.0000 15721233    2.17%
  81684 43090    infeasible             46.0000       45.0000 15742001    2.17%
  81813 43184    infeasible             46.0000       45.0000 15771322    2.17%
  81905 43254       45.0000    38       46.0000       45.0000 15801228    2.17%
  81935 43276       45.0000   105       46.0000       45.0000 15818493    2.17%
  82075 43384       45.0000    66       46.0000       45.0000 15840701    2.17%
  82169 43450       45.0000    88       46.0000       45.0000 15875764    2.17%
  82284 43542       45.0000   106       46.0000       45.0000 15896911    2.17%
  82406 43635       45.0000    66       46.0000       45.0000 15918458    2.17%
  82516 43717        cutoff             46.0000       45.0000 15953177    2.17%
Elapsed time = 8794.17 sec. (3603946.32 ticks, tree = 2561.73 MB, solutions = 3)
Nodefile size = 514.06 MB (233.14 MB after compression)
  82615 43788       45.0000    58       46.0000       45.0000 15987638    2.17%
  82723 43867       45.0000    98       46.0000       45.0000 16011931    2.17%
  82844 43957        cutoff             46.0000       45.0000 16036091    2.17%
  82957 44034       45.0000   133       46.0000       45.0000 16072041    2.17%
  83094 44159       45.0000   180       46.0000       45.0000 16093437    2.17%
  83228 44253        cutoff             46.0000       45.0000 16124470    2.17%
  83367 44325       45.0000    46       46.0000       45.0000 16142937    2.17%
  83493 44426        cutoff             46.0000       45.0000 16169380    2.17%
  83610 44515        cutoff             46.0000       45.0000 16203907    2.17%
  83678 44556       45.0000    69       46.0000       45.0000 16250653    2.17%
Elapsed time = 8943.50 sec. (3642542.24 ticks, tree = 2609.93 MB, solutions = 3)
Nodefile size = 562.34 MB (254.64 MB after compression)
  83743 44603       45.0000    45       46.0000       45.0000 16271880    2.17%
  83856 44679       45.0000   144       46.0000       45.0000 16293278    2.17%
  83927 44728       45.0000    24       46.0000       45.0000 16317974    2.17%
  83983 44738        cutoff             46.0000       45.0000 16348175    2.17%
  84053 44787       45.0000    54       46.0000       45.0000 16372439    2.17%
  84124 44848       45.0000   181       46.0000       45.0000 16394102    2.17%
  84192 44906       45.0000    74       46.0000       45.0000 16410423    2.17%
  84271 44967       45.0000   101       46.0000       45.0000 16437462    2.17%
  84334 45006       45.0000   191       46.0000       45.0000 16467780    2.17%
  84409 45061       45.0000    85       46.0000       45.0000 16489989    2.17%
Elapsed time = 9082.30 sec. (3681115.56 ticks, tree = 2648.22 MB, solutions = 3)
Nodefile size = 600.86 MB (271.95 MB after compression)
  84500 45132       45.0000    46       46.0000       45.0000 16513154    2.17%
  84591 45197       45.0000    97       46.0000       45.0000 16535324    2.17%
  84674 45250       45.0000    79       46.0000       45.0000 16571633    2.17%
  84760 45310       45.0000   121       46.0000       45.0000 16605175    2.17%
  84832 45370       45.0000   214       46.0000       45.0000 16633614    2.17%
  84893 45417       45.0000    99       46.0000       45.0000 16661520    2.17%
  84971 45472       45.0000    66       46.0000       45.0000 16697942    2.17%
  85061 45542       45.0000    44       46.0000       45.0000 16731711    2.17%
  85141 45594       45.0000    74       46.0000       45.0000 16771714    2.17%
  85585 45948       45.0000    67       46.0000       45.0000 16880326    2.17%
Elapsed time = 9282.08 sec. (3731249.40 ticks, tree = 2709.82 MB, solutions = 3)
Nodefile size = 662.16 MB (299.36 MB after compression)
  86029 46273       45.0000    64       46.0000       45.0000 16991564    2.17%
  86450 46552       45.0000    78       46.0000       45.0000 17127081    2.17%
  86899 46894       45.0000    48       46.0000       45.0000 17226314    2.17%
  87316 47177       45.0000    36       46.0000       45.0000 17357067    2.17%
  87789 47533       45.0000    56       46.0000       45.0000 17481499    2.17%
  88197 47807       45.0000    97       46.0000       45.0000 17613195    2.17%
  88706 48209       45.0000   161       46.0000       45.0000 17728745    2.17%
  89035 48453       45.0000    13       46.0000       45.0000 17795546    2.17%
  89258 48644       45.0000    77       46.0000       45.0000 17840735    2.17%
  89435 48782       45.0000   116       46.0000       45.0000 17867585    2.17%
Elapsed time = 9919.22 sec. (3888744.72 ticks, tree = 2872.25 MB, solutions = 3)
Nodefile size = 824.76 MB (371.74 MB after compression)
  89635 48933       45.0000   115       46.0000       45.0000 17894510    2.17%
  89935 49158       45.0000    66       46.0000       45.0000 17944682    2.17%
  90135 49312       45.0000    84       46.0000       45.0000 17975769    2.17%
  90359 49448    infeasible             46.0000       45.0000 18024777    2.17%
  90530 49584       45.0000    38       46.0000       45.0000 18058516    2.17%
  90635 49665       45.0000   104       46.0000       45.0000 18073746    2.17%
  90935 49876       45.0000    96       46.0000       45.0000 18181727    2.17%
  91336 50173       45.0000    77       46.0000       45.0000 18280137    2.17%
  91753 50491       45.0000    62       46.0000       45.0000 18393602    2.17%
  92028 50705       45.0000    53       46.0000       45.0000 18466518    2.17%
Elapsed time = 10522.44 sec. (4048747.74 ticks, tree = 2999.03 MB, solutions = 3)
Nodefile size = 951.04 MB (428.07 MB after compression)
  92408 50811       45.0000   112       46.0000       45.0000 18555403    2.17%
  92724 50890       45.0000   256       46.0000       45.0000 18646944    2.17%
  93088 51156       45.0000    91       46.0000       45.0000 18774947    2.17%
  93428 51389       45.0000    83       46.0000       45.0000 18879603    2.17%

Clique cuts applied:  3
Mixed integer rounding cuts applied:  1
Gomory fractional cuts applied:  28

Root node processing (before b&c):
  Real time             =   10.75 sec. (12212.60 ticks)
Sequential b&c:
  Real time             = 10789.44 sec. (4110620.51 ticks)
                          ------------
Total (root+branch&cut) = 10800.19 sec. (4122833.10 ticks)

Solution pool: 3 solutions saved.

MIP - Time limit exceeded, integer feasible:  Objective = 4.6000000000e+001
Current MIP best bound = 4.5000000000e+001 (gap = 1, 2.17%)
Solution time = 10800.23 sec.  Iterations = 18933704  Nodes = 93665 (51505)
Deterministic time = 4122833.16 ticks  (381.74 ticks/sec)


Incumbent solution written to file 'Casex-2.sol'.
Freeing branch-and-bound tree with 35967 nodes
7000 nodes freed
11000 nodes freed
15000 nodes freed
25000 nodes freed
